--------------------------------------------------------------------------------------------
gcc -c shared.c
seed: 27441
In file included from shared.c:11:0:
shared.h:1:24: error: /usr/include/x86_64-linux-gnu/sys/socket.h: Bad file descriptor
 #include <sys/socket.h>
                        ^
shared.h:2:24: error: /usr/include/netinet/in.h: Bad file descriptor
 #include <netinet/in.h>
                        ^
In file included from /usr/include/netinet/udp.h:50:0,
                 from shared.h:3,
                 from shared.c:11:
/usr/include/features.h:374:25: error: /usr/include/x86_64-linux-gnu/sys/cdefs.h: Bad file descriptor
 #  include <sys/cdefs.h>
                         ^
In file included from /usr/include/netinet/udp.h:51:0,
                 from shared.h:3,
                 from shared.c:11:
/usr/include/x86_64-linux-gnu/sys/types.h:29:24: error: /usr/include/x86_64-linux-gnu/bits/types.h: Bad file descriptor
 #include <bits/types.h>
                        ^
/usr/include/x86_64-linux-gnu/sys/types.h:33:1: error: expected ‘=’, ‘,’, ‘;’, ‘asm’ or ‘__attribute__’ before ‘typedef’
 typedef __u_char u_char;
 ^
/usr/include/x86_64-linux-gnu/sys/types.h:33:1: error: unknown type name ‘__u_char’
/usr/include/x86_64-linux-gnu/sys/types.h:34:1: error: unknown type name ‘__u_short’
 typedef __u_short u_short;
 ^
/usr/include/x86_64-linux-gnu/sys/types.h:35:1: error: unknown type name ‘__u_int’
 typedef __u_int u_int;
 ^
/usr/include/x86_64-linux-gnu/sys/types.h:36:1: error: unknown type name ‘__u_long’
 typedef __u_long u_long;
 ^
/usr/include/x86_64-linux-gnu/sys/types.h:37:1: error: unknown type name ‘__quad_t’
 typedef __quad_t quad_t;
 ^
/usr/include/x86_64-linux-gnu/sys/types.h:38:1: error: unknown type name ‘__u_quad_t’
 typedef __u_quad_t u_quad_t;
 ^
/usr/include/x86_64-linux-gnu/sys/types.h:39:1: error: unknown type name ‘__fsid_t’
 typedef __fsid_t fsid_t;
 ^
/usr/include/x86_64-linux-gnu/sys/types.h:44:1: error: unknown type name ‘__loff_t’
 typedef __loff_t loff_t;
 ^
/usr/include/x86_64-linux-gnu/sys/types.h:48:1: error: unknown type name ‘__ino_t’
 typedef __ino_t ino_t;
 ^
/usr/include/x86_64-linux-gnu/sys/types.h:60:1: error: unknown type name ‘__dev_t’
 typedef __dev_t dev_t;
 ^
/usr/include/x86_64-linux-gnu/sys/types.h:65:1: error: unknown type name ‘__gid_t’
 typedef __gid_t gid_t;
 ^
/usr/include/x86_64-linux-gnu/sys/types.h:70:1: error: unknown type name ‘__mode_t’
 typedef __mode_t mode_t;
 ^
/usr/include/x86_64-linux-gnu/sys/types.h:75:1: error: unknown type name ‘__nlink_t’
 typedef __nlink_t nlink_t;
 ^
/usr/include/x86_64-linux-gnu/sys/types.h:80:1: error: unknown type name ‘__uid_t’
 typedef __uid_t uid_t;
 ^
/usr/include/x86_64-linux-gnu/sys/types.h:86:1: error: unknown type name ‘__off_t’
 typedef __off_t off_t;
 ^
/usr/include/x86_64-linux-gnu/sys/types.h:98:1: error: unknown type name ‘__pid_t’
 typedef __pid_t pid_t;
 ^
/usr/include/x86_64-linux-gnu/sys/types.h:104:1: error: unknown type name ‘__id_t’
 typedef __id_t id_t;
 ^
/usr/include/x86_64-linux-gnu/sys/types.h:109:1: error: unknown type name ‘__ssize_t’
 typedef __ssize_t ssize_t;
 ^
/usr/include/x86_64-linux-gnu/sys/types.h:115:1: error: unknown type name ‘__daddr_t’
 typedef __daddr_t daddr_t;
 ^
/usr/include/x86_64-linux-gnu/sys/types.h:116:1: error: unknown type name ‘__caddr_t’
 typedef __caddr_t caddr_t;
 ^
/usr/include/x86_64-linux-gnu/sys/types.h:122:1: error: unknown type name ‘__key_t’
 typedef __key_t key_t;
 ^
/usr/include/x86_64-linux-gnu/sys/types.h:132:18: error: /usr/include/time.h: Bad file descriptor
 #include <time.h>
                  ^
In file included from /usr/include/netinet/udp.h:51:0,
                 from shared.h:3,
                 from shared.c:11:
/usr/include/x86_64-linux-gnu/sys/types.h:216:21: error: /usr/include/endian.h: Bad file descriptor
 # include <endian.h>
                     ^
/usr/include/x86_64-linux-gnu/sys/types.h:219:25: error: /usr/include/x86_64-linux-gnu/sys/select.h: Bad file descriptor
 # include <sys/select.h>
                         ^
/usr/include/x86_64-linux-gnu/sys/types.h:222:28: error: /usr/include/x86_64-linux-gnu/sys/sysmacros.h: Bad file descriptor
 # include <sys/sysmacros.h>
                            ^
/usr/include/x86_64-linux-gnu/sys/types.h:228:1: error: unknown type name ‘__blksize_t’
 typedef __blksize_t blksize_t;
 ^
/usr/include/x86_64-linux-gnu/sys/types.h:235:1: error: unknown type name ‘__blkcnt_t’
 typedef __blkcnt_t blkcnt_t;  /* Type to count number of disk blocks.  */
 ^
/usr/include/x86_64-linux-gnu/sys/types.h:239:1: error: unknown type name ‘__fsblkcnt_t’
 typedef __fsblkcnt_t fsblkcnt_t; /* Type to count file system blocks.  */
 ^
/usr/include/x86_64-linux-gnu/sys/types.h:243:1: error: unknown type name ‘__fsfilcnt_t’
 typedef __fsfilcnt_t fsfilcnt_t; /* Type to count file system inodes.  */
 ^
/usr/include/x86_64-linux-gnu/sys/types.h:270:32: error: /usr/include/x86_64-linux-gnu/bits/pthreadtypes.h: Bad file descriptor
 # include <bits/pthreadtypes.h>
                                ^
In file included from shared.h:3:0,
                 from shared.c:11:
/usr/include/netinet/udp.h:56:1: error: expected ‘=’, ‘,’, ‘;’, ‘asm’ or ‘__attribute__’ before ‘struct’
 struct udphdr
 ^
In file included from shared.c:11:0:
shared.h:4:19: error: /usr/include/stdio.h: Bad file descriptor
 #include <stdio.h>
                   ^
In file included from shared.h:6:0,
                 from shared.c:11:
/usr/include/unistd.h:206:32: error: /usr/include/x86_64-linux-gnu/bits/environments.h: Bad file descriptor
 # include <bits/environments.h>
                                ^
/usr/include/unistd.h:226:20: error: /usr/lib/gcc/x86_64-linux-gnu/4.8/include/stddef.h: Bad file descriptor
 #include <stddef.h>
                    ^
/usr/include/unistd.h:255:1: error: expected ‘=’, ‘,’, ‘;’, ‘asm’ or ‘__attribute__’ before ‘typedef’
 typedef __useconds_t useconds_t;
 ^
/usr/include/unistd.h:255:1: error: unknown type name ‘__useconds_t’
/usr/include/unistd.h:267:1: error: unknown type name ‘__intptr_t’
 typedef __intptr_t intptr_t;
 ^
/usr/include/unistd.h:274:1: error: unknown type name ‘__socklen_t’
 typedef __socklen_t socklen_t;
 ^
/usr/include/unistd.h: In function ‘access’:
/usr/include/unistd.h:287:52: error: unknown type name ‘__THROW’
 extern int access (const char *__name, int __type) __THROW __nonnull ((1));
                                                    ^
/usr/include/unistd.h:287:71: error: expected declaration specifiers or ‘...’ before ‘(’ token
 extern int access (const char *__name, int __type) __THROW __nonnull ((1));
                                                                       ^
/usr/include/unistd.h:305:6: error: expected ‘=’, ‘,’, ‘;’, ‘asm’ or ‘__attribute__’ before ‘__THROW’
      __THROW __nonnull ((2)) __wur;
      ^
/usr/include/unistd.h:334:1: error: unknown type name ‘__off_t’
 extern __off_t lseek (int __fd, __off_t __offset, int __whence) __THROW;
 ^
/usr/include/unistd.h:334:33: error: unknown type name ‘__off_t’
 extern __off_t lseek (int __fd, __off_t __offset, int __whence) __THROW;
                                 ^
/usr/include/unistd.h:353:12: error: storage class specified for parameter ‘close’
 extern int close (int __fd);
            ^
/usr/include/unistd.h:360:62: error: expected ‘=’, ‘,’, ‘;’, ‘asm’ or ‘__attribute__’ before ‘__wur’
 extern ssize_t read (int __fd, void *__buf, size_t __nbytes) __wur;
                                                              ^
/usr/include/unistd.h:366:64: error: expected ‘=’, ‘,’, ‘;’, ‘asm’ or ‘__attribute__’ before ‘__wur’
 extern ssize_t write (int __fd, const void *__buf, size_t __n) __wur;
                                                                ^
/usr/include/unistd.h:377:9: error: unknown type name ‘__off_t’
         __off_t __offset) __wur;
         ^
/usr/include/unistd.h:385:10: error: unknown type name ‘__off_t’
          __off_t __offset) __wur;
          ^
/usr/include/unistd.h:417:36: error: expected ‘=’, ‘,’, ‘;’, ‘asm’ or ‘__attribute__’ before ‘__THROW’
 extern int pipe (int __pipedes[2]) __THROW __wur;
                                    ^
/usr/include/unistd.h:432:52: error: expected ‘=’, ‘,’, ‘;’, ‘asm’ or ‘__attribute__’ before ‘__THROW’
 extern unsigned int alarm (unsigned int __seconds) __THROW;
                                                    ^
/usr/include/unistd.h:444:21: error: storage class specified for parameter ‘sleep’
 extern unsigned int sleep (unsigned int __seconds);
                     ^
/usr/include/unistd.h:452:1: error: unknown type name ‘__useconds_t’
 extern __useconds_t ualarm (__useconds_t __value, __useconds_t __interval)
 ^
/usr/include/unistd.h:452:29: error: unknown type name ‘__useconds_t’
 extern __useconds_t ualarm (__useconds_t __value, __useconds_t __interval)
                             ^
/usr/include/unistd.h:452:51: error: unknown type name ‘__useconds_t’
 extern __useconds_t ualarm (__useconds_t __value, __useconds_t __interval)
                                                   ^
/usr/include/unistd.h:460:20: error: unknown type name ‘__useconds_t’
 extern int usleep (__useconds_t __useconds);
                    ^
/usr/include/unistd.h:469:12: error: storage class specified for parameter ‘pause’
 extern int pause (void);
            ^
/usr/include/unistd.h:473:39: error: unknown type name ‘__uid_t’
 extern int chown (const char *__file, __uid_t __owner, __gid_t __group)
                                       ^
/usr/include/unistd.h:473:56: error: unknown type name ‘__gid_t’
 extern int chown (const char *__file, __uid_t __owner, __gid_t __group)
                                                        ^
/usr/include/unistd.h:478:30: error: unknown type name ‘__uid_t’
 extern int fchown (int __fd, __uid_t __owner, __gid_t __group) __THROW __wur;
                              ^
/usr/include/unistd.h:478:47: error: unknown type name ‘__gid_t’
 extern int fchown (int __fd, __uid_t __owner, __gid_t __group) __THROW __wur;
                                               ^
/usr/include/unistd.h:483:40: error: unknown type name ‘__uid_t’
 extern int lchown (const char *__file, __uid_t __owner, __gid_t __group)
                                        ^
/usr/include/unistd.h:483:57: error: unknown type name ‘__gid_t’
 extern int lchown (const char *__file, __uid_t __owner, __gid_t __group)
                                                         ^
/usr/include/unistd.h:491:52: error: unknown type name ‘__uid_t’
 extern int fchownat (int __fd, const char *__file, __uid_t __owner,
                                                    ^
/usr/include/unistd.h:492:8: error: unknown type name ‘__gid_t’
        __gid_t __group, int __flag)
        ^
/usr/include/unistd.h:497:39: error: expected ‘=’, ‘,’, ‘;’, ‘asm’ or ‘__attribute__’ before ‘__THROW’
 extern int chdir (const char *__path) __THROW __nonnull ((1)) __wur;
                                       ^
/usr/include/unistd.h:501:30: error: expected ‘=’, ‘,’, ‘;’, ‘asm’ or ‘__attribute__’ before ‘__THROW’
 extern int fchdir (int __fd) __THROW __wur;
                              ^
/usr/include/unistd.h:511:50: error: expected ‘=’, ‘,’, ‘;’, ‘asm’ or ‘__attribute__’ before ‘__THROW’
 extern char *getcwd (char *__buf, size_t __size) __THROW __wur;
                                                  ^
/usr/include/unistd.h:526:6: error: expected ‘=’, ‘,’, ‘;’, ‘asm’ or ‘__attribute__’ before ‘__THROW’
      __THROW __nonnull ((1)) __attribute_deprecated__ __wur;
      ^
/usr/include/unistd.h:531:27: error: expected ‘=’, ‘,’, ‘;’, ‘asm’ or ‘__attribute__’ before ‘__THROW’
 extern int dup (int __fd) __THROW __wur;
                           ^
/usr/include/unistd.h:534:39: error: expected ‘=’, ‘,’, ‘;’, ‘asm’ or ‘__attribute__’ before ‘__THROW’
 extern int dup2 (int __fd, int __fd2) __THROW;
                                       ^
/usr/include/unistd.h:543:15: error: storage class specified for parameter ‘__environ’
 extern char **__environ;
               ^
/usr/include/unistd.h:552:28: error: expected ‘=’, ‘,’, ‘;’, ‘asm’ or ‘__attribute__’ before ‘__THROW’
      char *const __envp[]) __THROW __nonnull ((1, 2));
                            ^
/usr/include/unistd.h:558:6: error: expected ‘=’, ‘,’, ‘;’, ‘asm’ or ‘__attribute__’ before ‘__THROW’
      __THROW __nonnull ((2));
      ^
/usr/include/unistd.h:564:6: error: expected ‘=’, ‘,’, ‘;’, ‘asm’ or ‘__attribute__’ before ‘__THROW’
      __THROW __nonnull ((1, 2));
      ^
/usr/include/unistd.h:569:6: error: expected ‘=’, ‘,’, ‘;’, ‘asm’ or ‘__attribute__’ before ‘__THROW’
      __THROW __nonnull ((1, 2));
      ^
/usr/include/unistd.h:574:6: error: expected ‘=’, ‘,’, ‘;’, ‘asm’ or ‘__attribute__’ before ‘__THROW’
      __THROW __nonnull ((1, 2));
      ^
/usr/include/unistd.h:579:6: error: expected ‘=’, ‘,’, ‘;’, ‘asm’ or ‘__attribute__’ before ‘__THROW’
      __THROW __nonnull ((1, 2));
      ^
/usr/include/unistd.h:585:6: error: expected ‘=’, ‘,’, ‘;’, ‘asm’ or ‘__attribute__’ before ‘__THROW’
      __THROW __nonnull ((1, 2));
      ^
/usr/include/unistd.h:598:29: error: expected ‘=’, ‘,’, ‘;’, ‘asm’ or ‘__attribute__’ before ‘__THROW’
 extern int nice (int __inc) __THROW __wur;
                             ^
/usr/include/unistd.h:603:13: error: storage class specified for parameter ‘_exit’
 extern void _exit (int __status) __attribute__ ((__noreturn__));
             ^
In file included from shared.h:6:0,
                 from shared.c:11:
/usr/include/unistd.h:613:6: error: expected ‘=’, ‘,’, ‘;’, ‘asm’ or ‘__attribute__’ before ‘__THROW’
      __THROW __nonnull ((1));
      ^
/usr/include/unistd.h:616:50: error: expected ‘=’, ‘,’, ‘;’, ‘asm’ or ‘__attribute__’ before ‘__THROW’
 extern long int fpathconf (int __fd, int __name) __THROW;
                                                  ^
/usr/include/unistd.h:619:38: error: expected ‘=’, ‘,’, ‘;’, ‘asm’ or ‘__attribute__’ before ‘__THROW’
 extern long int sysconf (int __name) __THROW;
                                      ^
/usr/include/unistd.h:623:63: error: expected ‘=’, ‘,’, ‘;’, ‘asm’ or ‘__attribute__’ before ‘__THROW’
 extern size_t confstr (int __name, char *__buf, size_t __len) __THROW;
                                                               ^
/usr/include/unistd.h:628:1: error: unknown type name ‘__pid_t’
 extern __pid_t getpid (void) __THROW;
 ^
/usr/include/unistd.h:628:30: error: expected ‘=’, ‘,’, ‘;’, ‘asm’ or ‘__attribute__’ before ‘__THROW’
 extern __pid_t getpid (void) __THROW;
                              ^
/usr/include/unistd.h:631:1: error: unknown type name ‘__pid_t’
 extern __pid_t getppid (void) __THROW;
 ^
/usr/include/unistd.h:631:31: error: expected ‘=’, ‘,’, ‘;’, ‘asm’ or ‘__attribute__’ before ‘__THROW’
 extern __pid_t getppid (void) __THROW;
                               ^
/usr/include/unistd.h:634:1: error: unknown type name ‘__pid_t’
 extern __pid_t getpgrp (void) __THROW;
 ^
/usr/include/unistd.h:634:31: error: expected ‘=’, ‘,’, ‘;’, ‘asm’ or ‘__attribute__’ before ‘__THROW’
 extern __pid_t getpgrp (void) __THROW;
                               ^
/usr/include/unistd.h:637:1: error: unknown type name ‘__pid_t’
 extern __pid_t __getpgid (__pid_t __pid) __THROW;
 ^
/usr/include/unistd.h:637:27: error: unknown type name ‘__pid_t’
 extern __pid_t __getpgid (__pid_t __pid) __THROW;
                           ^
/usr/include/unistd.h:639:1: error: unknown type name ‘__pid_t’
 extern __pid_t getpgid (__pid_t __pid) __THROW;
 ^
/usr/include/unistd.h:639:25: error: unknown type name ‘__pid_t’
 extern __pid_t getpgid (__pid_t __pid) __THROW;
                         ^
/usr/include/unistd.h:646:21: error: unknown type name ‘__pid_t’
 extern int setpgid (__pid_t __pid, __pid_t __pgid) __THROW;
                     ^
/usr/include/unistd.h:646:36: error: unknown type name ‘__pid_t’
 extern int setpgid (__pid_t __pid, __pid_t __pgid) __THROW;
                                    ^
/usr/include/unistd.h:660:27: error: expected ‘=’, ‘,’, ‘;’, ‘asm’ or ‘__attribute__’ before ‘__THROW’
 extern int setpgrp (void) __THROW;
                           ^
/usr/include/unistd.h:667:1: error: unknown type name ‘__pid_t’
 extern __pid_t setsid (void) __THROW;
 ^
/usr/include/unistd.h:667:30: error: expected ‘=’, ‘,’, ‘;’, ‘asm’ or ‘__attribute__’ before ‘__THROW’
 extern __pid_t setsid (void) __THROW;
                              ^
/usr/include/unistd.h:671:1: error: unknown type name ‘__pid_t’
 extern __pid_t getsid (__pid_t __pid) __THROW;
 ^
/usr/include/unistd.h:671:24: error: unknown type name ‘__pid_t’
 extern __pid_t getsid (__pid_t __pid) __THROW;
                        ^
/usr/include/unistd.h:675:1: error: unknown type name ‘__uid_t’
 extern __uid_t getuid (void) __THROW;
 ^
/usr/include/unistd.h:675:30: error: expected ‘=’, ‘,’, ‘;’, ‘asm’ or ‘__attribute__’ before ‘__THROW’
 extern __uid_t getuid (void) __THROW;
                              ^
/usr/include/unistd.h:678:1: error: unknown type name ‘__uid_t’
 extern __uid_t geteuid (void) __THROW;
 ^
/usr/include/unistd.h:678:31: error: expected ‘=’, ‘,’, ‘;’, ‘asm’ or ‘__attribute__’ before ‘__THROW’
 extern __uid_t geteuid (void) __THROW;
                               ^
/usr/include/unistd.h:681:1: error: unknown type name ‘__gid_t’
 extern __gid_t getgid (void) __THROW;
 ^
/usr/include/unistd.h:681:30: error: expected ‘=’, ‘,’, ‘;’, ‘asm’ or ‘__attribute__’ before ‘__THROW’
 extern __gid_t getgid (void) __THROW;
                              ^
/usr/include/unistd.h:684:1: error: unknown type name ‘__gid_t’
 extern __gid_t getegid (void) __THROW;
 ^
/usr/include/unistd.h:684:31: error: expected ‘=’, ‘,’, ‘;’, ‘asm’ or ‘__attribute__’ before ‘__THROW’
 extern __gid_t getegid (void) __THROW;
                               ^
/usr/include/unistd.h:689:35: error: unknown type name ‘__gid_t’
 extern int getgroups (int __size, __gid_t __list[]) __THROW __wur;
                                   ^
/usr/include/unistd.h:700:20: error: unknown type name ‘__uid_t’
 extern int setuid (__uid_t __uid) __THROW __wur;
                    ^
/usr/include/unistd.h:705:22: error: unknown type name ‘__uid_t’
 extern int setreuid (__uid_t __ruid, __uid_t __euid) __THROW __wur;
                      ^
/usr/include/unistd.h:705:38: error: unknown type name ‘__uid_t’
 extern int setreuid (__uid_t __ruid, __uid_t __euid) __THROW __wur;
                                      ^
/usr/include/unistd.h:710:21: error: unknown type name ‘__uid_t’
 extern int seteuid (__uid_t __uid) __THROW __wur;
                     ^
/usr/include/unistd.h:717:20: error: unknown type name ‘__gid_t’
 extern int setgid (__gid_t __gid) __THROW __wur;
                    ^
/usr/include/unistd.h:722:22: error: unknown type name ‘__gid_t’
 extern int setregid (__gid_t __rgid, __gid_t __egid) __THROW __wur;
                      ^
/usr/include/unistd.h:722:38: error: unknown type name ‘__gid_t’
 extern int setregid (__gid_t __rgid, __gid_t __egid) __THROW __wur;
                                      ^
/usr/include/unistd.h:727:21: error: unknown type name ‘__gid_t’
 extern int setegid (__gid_t __gid) __THROW __wur;
                     ^
/usr/include/unistd.h:756:1: error: unknown type name ‘__pid_t’
 extern __pid_t fork (void) __THROWNL;
 ^
/usr/include/unistd.h:756:28: error: expected ‘=’, ‘,’, ‘;’, ‘asm’ or ‘__attribute__’ before ‘__THROWNL’
 extern __pid_t fork (void) __THROWNL;
                            ^
/usr/include/unistd.h:764:1: error: unknown type name ‘__pid_t’
 extern __pid_t vfork (void) __THROW;
 ^
/usr/include/unistd.h:764:29: error: expected ‘=’, ‘,’, ‘;’, ‘asm’ or ‘__attribute__’ before ‘__THROW’
 extern __pid_t vfork (void) __THROW;
                             ^
/usr/include/unistd.h:770:33: error: expected ‘=’, ‘,’, ‘;’, ‘asm’ or ‘__attribute__’ before ‘__THROW’
 extern char *ttyname (int __fd) __THROW;
                                 ^
/usr/include/unistd.h:775:6: error: expected ‘=’, ‘,’, ‘;’, ‘asm’ or ‘__attribute__’ before ‘__THROW’
      __THROW __nonnull ((2)) __wur;
      ^
/usr/include/unistd.h:779:30: error: expected ‘=’, ‘,’, ‘;’, ‘asm’ or ‘__attribute__’ before ‘__THROW’
 extern int isatty (int __fd) __THROW;
                              ^
/usr/include/unistd.h:785:27: error: expected ‘=’, ‘,’, ‘;’, ‘asm’ or ‘__attribute__’ before ‘__THROW’
 extern int ttyslot (void) __THROW;
                           ^
/usr/include/unistd.h:791:6: error: expected ‘=’, ‘,’, ‘;’, ‘asm’ or ‘__attribute__’ before ‘__THROW’
      __THROW __nonnull ((1, 2)) __wur;
      ^
/usr/include/unistd.h:798:6: error: expected ‘=’, ‘,’, ‘;’, ‘asm’ or ‘__attribute__’ before ‘__THROW’
      __THROW __nonnull ((2, 4)) __wur;
      ^
/usr/include/unistd.h:804:6: error: expected ‘=’, ‘,’, ‘;’, ‘asm’ or ‘__attribute__’ before ‘__THROW’
      __THROW __nonnull ((1, 2)) __wur;
      ^
/usr/include/unistd.h:811:6: error: expected ‘=’, ‘,’, ‘;’, ‘asm’ or ‘__attribute__’ before ‘__THROW’
      __THROW __nonnull ((1, 2)) __wur;
      ^
/usr/include/unistd.h:817:27: error: expected ‘=’, ‘,’, ‘;’, ‘asm’ or ‘__attribute__’ before ‘__THROW’
         const char *__to) __THROW __nonnull ((1, 3)) __wur;
                           ^
/usr/include/unistd.h:822:6: error: expected ‘=’, ‘,’, ‘;’, ‘asm’ or ‘__attribute__’ before ‘__THROW’
      __THROW __nonnull ((2, 3)) __wur;
      ^
/usr/include/unistd.h:826:40: error: expected ‘=’, ‘,’, ‘;’, ‘asm’ or ‘__attribute__’ before ‘__THROW’
 extern int unlink (const char *__name) __THROW __nonnull ((1));
                                        ^
/usr/include/unistd.h:831:6: error: expected ‘=’, ‘,’, ‘;’, ‘asm’ or ‘__attribute__’ before ‘__THROW’
      __THROW __nonnull ((2));
      ^
/usr/include/unistd.h:835:39: error: expected ‘=’, ‘,’, ‘;’, ‘asm’ or ‘__attribute__’ before ‘__THROW’
 extern int rmdir (const char *__path) __THROW __nonnull ((1));
                                       ^
/usr/include/unistd.h:839:1: error: unknown type name ‘__pid_t’
 extern __pid_t tcgetpgrp (int __fd) __THROW;
 ^
/usr/include/unistd.h:839:37: error: expected ‘=’, ‘,’, ‘;’, ‘asm’ or ‘__attribute__’ before ‘__THROW’
 extern __pid_t tcgetpgrp (int __fd) __THROW;
                                     ^
/usr/include/unistd.h:842:33: error: unknown type name ‘__pid_t’
 extern int tcsetpgrp (int __fd, __pid_t __pgrp_id) __THROW;
                                 ^
/usr/include/unistd.h:849:14: error: storage class specified for parameter ‘getlogin’
 extern char *getlogin (void);
              ^
/usr/include/unistd.h:857:57: error: expected ‘=’, ‘,’, ‘;’, ‘asm’ or ‘__attribute__’ before ‘__nonnull’
 extern int getlogin_r (char *__name, size_t __name_len) __nonnull ((1));
                                                         ^
/usr/include/unistd.h:862:42: error: expected ‘=’, ‘,’, ‘;’, ‘asm’ or ‘__attribute__’ before ‘__THROW’
 extern int setlogin (const char *__name) __THROW __nonnull ((1));
                                          ^
In file included from /usr/include/unistd.h:871:0,
                 from shared.h:6,
                 from shared.c:11:
/usr/include/getopt.h:57:14: error: storage class specified for parameter ‘optarg’
 extern char *optarg;
              ^
/usr/include/getopt.h:71:12: error: storage class specified for parameter ‘optind’
 extern int optind;
            ^
/usr/include/getopt.h:76:12: error: storage class specified for parameter ‘opterr’
 extern int opterr;
            ^
/usr/include/getopt.h:80:12: error: storage class specified for parameter ‘optopt’
 extern int optopt;
            ^
/usr/include/getopt.h:150:12: error: storage class specified for parameter ‘getopt’
 extern int getopt (int ___argc, char *const *___argv, const char *__shortopts)
            ^
In file included from shared.h:6:0,
                 from shared.c:11:
/usr/include/unistd.h:879:61: error: expected ‘=’, ‘,’, ‘;’, ‘asm’ or ‘__attribute__’ before ‘__nonnull’
 extern int gethostname (char *__name, size_t __len) __THROW __nonnull ((1));
                                                             ^
/usr/include/unistd.h:887:14: error: expected ‘=’, ‘,’, ‘;’, ‘asm’ or ‘__attribute__’ before ‘__nonnull’
      __THROW __nonnull ((1)) __wur;
              ^
/usr/include/unistd.h:891:46: error: expected ‘=’, ‘,’, ‘;’, ‘asm’ or ‘__attribute__’ before ‘__wur’
 extern int sethostid (long int __id) __THROW __wur;
                                              ^
/usr/include/unistd.h:898:14: error: expected ‘=’, ‘,’, ‘;’, ‘asm’ or ‘__attribute__’ before ‘__nonnull’
      __THROW __nonnull ((1)) __wur;
              ^
/usr/include/unistd.h:900:14: error: expected ‘=’, ‘,’, ‘;’, ‘asm’ or ‘__attribute__’ before ‘__nonnull’
      __THROW __nonnull ((1)) __wur;
              ^
/usr/include/unistd.h:906:12: error: storage class specified for parameter ‘vhangup’
 extern int vhangup (void) __THROW;
            ^
/usr/include/unistd.h:909:48: error: expected ‘=’, ‘,’, ‘;’, ‘asm’ or ‘__attribute__’ before ‘__nonnull’
 extern int revoke (const char *__file) __THROW __nonnull ((1)) __wur;
                                                ^
/usr/include/unistd.h:919:14: error: expected ‘=’, ‘,’, ‘;’, ‘asm’ or ‘__attribute__’ before ‘__nonnull’
      __THROW __nonnull ((1));
              ^
/usr/include/unistd.h:925:12: error: storage class specified for parameter ‘acct’
 extern int acct (const char *__name) __THROW;
            ^
/usr/include/unistd.h:929:14: error: storage class specified for parameter ‘getusershell’
 extern char *getusershell (void) __THROW;
              ^
/usr/include/unistd.h:930:13: error: storage class specified for parameter ‘endusershell’
 extern void endusershell (void) __THROW; /* Discard cached info.  */
             ^
/usr/include/unistd.h:931:13: error: storage class specified for parameter ‘setusershell’
 extern void setusershell (void) __THROW; /* Rewind and re-read the file.  */
             ^
/usr/include/unistd.h:937:58: error: expected ‘=’, ‘,’, ‘;’, ‘asm’ or ‘__attribute__’ before ‘__wur’
 extern int daemon (int __nochdir, int __noclose) __THROW __wur;
                                                          ^
/usr/include/unistd.h:944:48: error: expected ‘=’, ‘,’, ‘;’, ‘asm’ or ‘__attribute__’ before ‘__nonnull’
 extern int chroot (const char *__path) __THROW __nonnull ((1)) __wur;
                                                ^
/usr/include/unistd.h:948:45: error: expected ‘=’, ‘,’, ‘;’, ‘asm’ or ‘__attribute__’ before ‘__nonnull’
 extern char *getpass (const char *__prompt) __nonnull ((1));
                                             ^
/usr/include/unistd.h:956:12: error: storage class specified for parameter ‘fsync’
 extern int fsync (int __fd);
            ^
/usr/include/unistd.h:969:17: error: storage class specified for parameter ‘gethostid’
 extern long int gethostid (void);
                 ^
/usr/include/unistd.h:972:13: error: storage class specified for parameter ‘sync’
 extern void sync (void) __THROW;
             ^
/usr/include/unistd.h:978:12: error: storage class specified for parameter ‘getpagesize’
 extern int getpagesize (void)  __THROW __attribute__ ((__const__));
            ^
/usr/include/unistd.h:983:12: error: storage class specified for parameter ‘getdtablesize’
 extern int getdtablesize (void) __THROW;
            ^
/usr/include/unistd.h:993:42: error: unknown type name ‘__off_t’
 extern int truncate (const char *__file, __off_t __length)
                                          ^
/usr/include/unistd.h:1016:33: error: unknown type name ‘__off_t’
 extern int ftruncate (int __fd, __off_t __length) __THROW __wur;
                                 ^
/usr/include/unistd.h:1037:39: error: expected ‘=’, ‘,’, ‘;’, ‘asm’ or ‘__attribute__’ before ‘__wur’
 extern int brk (void *__addr) __THROW __wur;
                                       ^
/usr/include/unistd.h:1043:14: error: storage class specified for parameter ‘sbrk’
 extern void *sbrk (intptr_t __delta) __THROW;
              ^
/usr/include/unistd.h:1058:17: error: storage class specified for parameter ‘syscall’
 extern long int syscall (long int __sysno, ...) __THROW;
                 ^
/usr/include/unistd.h:1081:40: error: unknown type name ‘__off_t’
 extern int lockf (int __fd, int __cmd, __off_t __len) __wur;
                                        ^
/usr/include/unistd.h:1112:12: error: storage class specified for parameter ‘fdatasync’
 extern int fdatasync (int __fildes);
            ^
In file included from shared.c:11:0:
shared.h:7:20: error: /usr/include/stdlib.h: Bad file descriptor
 #include <stdlib.h>
                    ^
In file included from /usr/lib/gcc/x86_64-linux-gnu/4.8/include/stdint.h:9:0,
                 from /usr/include/netdb.h:28,
                 from shared.h:8,
                 from shared.c:11:
/usr/include/stdint.h:26:24: error: /usr/include/x86_64-linux-gnu/bits/wchar.h: Bad file descriptor
 #include <bits/wchar.h>
                        ^
/usr/include/stdint.h:27:27: error: /usr/include/x86_64-linux-gnu/bits/wordsize.h: Bad file descriptor
 #include <bits/wordsize.h>
                           ^
In file included from shared.h:6:0,
                 from shared.c:11:
/usr/include/unistd.h:1151:1: error: expected declaration specifiers before ‘__END_DECLS’
 __END_DECLS
 ^
In file included from /usr/lib/gcc/x86_64-linux-gnu/4.8/include/stdint.h:9:0,
                 from /usr/include/netdb.h:28,
                 from shared.h:8,
                 from shared.c:11:
/usr/include/stdint.h:49:28: error: storage class specified for parameter ‘uint16_t’
 typedef unsigned short int uint16_t;
                            ^
/usr/include/stdint.h:51:23: error: storage class specified for parameter ‘uint32_t’
 typedef unsigned int  uint32_t;
                       ^
/usr/include/stdint.h:57:1: error: expected declaration specifiers before ‘__extension__’
 __extension__
 ^
/usr/include/stdint.h:65:22: error: storage class specified for parameter ‘int_least8_t’
 typedef signed char  int_least8_t;
                      ^
/usr/include/stdint.h:66:20: error: storage class specified for parameter ‘int_least16_t’
 typedef short int  int_least16_t;
                    ^
/usr/include/stdint.h:67:15: error: storage class specified for parameter ‘int_least32_t’
 typedef int   int_least32_t;
               ^
/usr/include/stdint.h:71:1: error: expected declaration specifiers before ‘__extension__’
 __extension__
 ^
/usr/include/stdint.h:76:24: error: storage class specified for parameter ‘uint_least8_t’
 typedef unsigned char  uint_least8_t;
                        ^
/usr/include/stdint.h:77:28: error: storage class specified for parameter ‘uint_least16_t’
 typedef unsigned short int uint_least16_t;
                            ^
/usr/include/stdint.h:78:23: error: storage class specified for parameter ‘uint_least32_t’
 typedef unsigned int  uint_least32_t;
                       ^
/usr/include/stdint.h:82:1: error: expected declaration specifiers before ‘__extension__’
 __extension__
 ^
/usr/include/stdint.h:90:22: error: storage class specified for parameter ‘int_fast8_t’
 typedef signed char  int_fast8_t;
                      ^
/usr/include/stdint.h:96:15: error: storage class specified for parameter ‘int_fast16_t’
 typedef int   int_fast16_t;
               ^
/usr/include/stdint.h:97:15: error: storage class specified for parameter ‘int_fast32_t’
 typedef int   int_fast32_t;
               ^
/usr/include/stdint.h:98:1: error: expected declaration specifiers before ‘__extension__’
 __extension__
 ^
/usr/include/stdint.h:103:24: error: storage class specified for parameter ‘uint_fast8_t’
 typedef unsigned char  uint_fast8_t;
                        ^
/usr/include/stdint.h:109:23: error: storage class specified for parameter ‘uint_fast16_t’
 typedef unsigned int  uint_fast16_t;
                       ^
/usr/include/stdint.h:110:23: error: storage class specified for parameter ‘uint_fast32_t’
 typedef unsigned int  uint_fast32_t;
                       ^
/usr/include/stdint.h:111:1: error: expected declaration specifiers before ‘__extension__’
 __extension__
 ^
/usr/include/stdint.h:128:23: error: storage class specified for parameter ‘uintptr_t’
 typedef unsigned int  uintptr_t;
                       ^
/usr/include/stdint.h:137:1: error: expected declaration specifiers before ‘__extension__’
 __extension__
 ^
/usr/include/stdint.h:139:1: error: expected declaration specifiers before ‘__extension__’
 __extension__
 ^
In file included from /usr/include/netdb.h:32:0,
                 from shared.h:8,
                 from shared.c:11:
/usr/include/rpc/netdb.h:44:1: error: expected declaration specifiers before ‘__BEGIN_DECLS’
 __BEGIN_DECLS
 ^
/usr/include/rpc/netdb.h:51:2: error: expected declaration specifiers before ‘;’ token
 };
  ^
/usr/include/rpc/netdb.h:53:13: error: storage class specified for parameter ‘setrpcent’
 extern void setrpcent (int __stayopen) __THROW;
             ^
/usr/include/rpc/netdb.h:54:13: error: storage class specified for parameter ‘endrpcent’
 extern void endrpcent (void) __THROW;
             ^
/usr/include/rpc/netdb.h:55:23: error: storage class specified for parameter ‘getrpcbyname’
 extern struct rpcent *getrpcbyname (const char *__name) __THROW;
                       ^
/usr/include/rpc/netdb.h:56:23: error: storage class specified for parameter ‘getrpcbynumber’
 extern struct rpcent *getrpcbynumber (int __number) __THROW;
                       ^
/usr/include/rpc/netdb.h:57:23: error: storage class specified for parameter ‘getrpcent’
 extern struct rpcent *getrpcent (void) __THROW;
                       ^
/usr/include/rpc/netdb.h:60:12: error: storage class specified for parameter ‘getrpcbyname_r’
 extern int getrpcbyname_r (const char *__name, struct rpcent *__result_buf,
            ^
/usr/include/rpc/netdb.h:64:12: error: storage class specified for parameter ‘getrpcbynumber_r’
 extern int getrpcbynumber_r (int __number, struct rpcent *__result_buf,
            ^
/usr/include/rpc/netdb.h:68:12: error: storage class specified for parameter ‘getrpcent_r’
 extern int getrpcent_r (struct rpcent *__result_buf, char *__buffer,
            ^
In file included from shared.h:8:0,
                 from shared.c:11:
/usr/include/netdb.h:42:24: error: /usr/include/x86_64-linux-gnu/bits/netdb.h: Bad file descriptor
 #include <bits/netdb.h>
                        ^
In file included from /usr/include/netdb.h:32:0,
                 from shared.h:8,
                 from shared.c:11:
/usr/include/rpc/netdb.h:72:1: error: unknown type name ‘__END_DECLS’
 __END_DECLS
 ^
In file included from shared.h:8:0,
                 from shared.c:11:
/usr/include/netdb.h:61:1: error: expected ‘=’, ‘,’, ‘;’, ‘asm’ or ‘__attribute__’ before ‘extern’
 extern int *__h_errno_location (void) __THROW __attribute__ ((__const__));
 ^
/usr/include/netdb.h:92:13: error: storage class specified for parameter ‘herror’
 extern void herror (const char *__str) __THROW;
             ^
/usr/include/netdb.h:95:20: error: storage class specified for parameter ‘hstrerror’
 extern const char *hstrerror (int __err_num) __THROW;
                    ^
/usr/include/netdb.h:117:13: error: storage class specified for parameter ‘sethostent’
 extern void sethostent (int __stay_open);
             ^
/usr/include/netdb.h:123:13: error: storage class specified for parameter ‘endhostent’
 extern void endhostent (void);
             ^
/usr/include/netdb.h:130:24: error: storage class specified for parameter ‘gethostent’
 extern struct hostent *gethostent (void);
                        ^
/usr/include/netdb.h:137:59: error: unknown type name ‘__socklen_t’
 extern struct hostent *gethostbyaddr (const void *__addr, __socklen_t __len,
                                                           ^
/usr/include/netdb.h:144:24: error: storage class specified for parameter ‘gethostbyname’
 extern struct hostent *gethostbyname (const char *__name);
                        ^
/usr/include/netdb.h:155:24: error: storage class specified for parameter ‘gethostbyname2’
 extern struct hostent *gethostbyname2 (const char *__name, int __af);
                        ^
/usr/include/netdb.h:167:12: error: storage class specified for parameter ‘gethostent_r’
 extern int gethostent_r (struct hostent *__restrict __result_buf,
            ^
/usr/include/netdb.h:172:60: error: unknown type name ‘__socklen_t’
 extern int gethostbyaddr_r (const void *__restrict __addr, __socklen_t __len,
                                                            ^
/usr/include/netdb.h:179:12: error: storage class specified for parameter ‘gethostbyname_r’
 extern int gethostbyname_r (const char *__restrict __name,
            ^
/usr/include/netdb.h:185:12: error: storage class specified for parameter ‘gethostbyname2_r’
 extern int gethostbyname2_r (const char *__restrict __name, int __af,
            ^
/usr/include/netdb.h:198:13: error: storage class specified for parameter ‘setnetent’
 extern void setnetent (int __stay_open);
             ^
/usr/include/netdb.h:204:13: error: storage class specified for parameter ‘endnetent’
 extern void endnetent (void);
             ^
/usr/include/netdb.h:211:23: error: storage class specified for parameter ‘getnetent’
 extern struct netent *getnetent (void);
                       ^
/usr/include/netdb.h:218:37: error: expected declaration specifiers or ‘...’ before ‘uint32_t’
 extern struct netent *getnetbyaddr (uint32_t __net, int __type);
                                     ^
/usr/include/netdb.h:224:23: error: storage class specified for parameter ‘getnetbyname’
 extern struct netent *getnetbyname (const char *__name);
                       ^
/usr/include/netdb.h:237:12: error: storage class specified for parameter ‘getnetent_r’
 extern int getnetent_r (struct netent *__restrict __result_buf,
            ^
/usr/include/netdb.h:242:28: error: expected declaration specifiers or ‘...’ before ‘uint32_t’
 extern int getnetbyaddr_r (uint32_t __net, int __type,
                            ^
/usr/include/netdb.h:248:12: error: storage class specified for parameter ‘getnetbyname_r’
 extern int getnetbyname_r (const char *__restrict __name,
            ^
/usr/include/netdb.h:270:13: error: storage class specified for parameter ‘setservent’
 extern void setservent (int __stay_open);
             ^
/usr/include/netdb.h:276:13: error: storage class specified for parameter ‘endservent’
 extern void endservent (void);
             ^
/usr/include/netdb.h:283:24: error: storage class specified for parameter ‘getservent’
 extern struct servent *getservent (void);
                        ^
/usr/include/netdb.h:290:24: error: storage class specified for parameter ‘getservbyname’
 extern struct servent *getservbyname (const char *__name, const char *__proto);
                        ^
/usr/include/netdb.h:297:24: error: storage class specified for parameter ‘getservbyport’
 extern struct servent *getservbyport (int __port, const char *__proto);
                        ^
/usr/include/netdb.h:308:12: error: storage class specified for parameter ‘getservent_r’
 extern int getservent_r (struct servent *__restrict __result_buf,
            ^
/usr/include/netdb.h:312:12: error: storage class specified for parameter ‘getservbyname_r’
 extern int getservbyname_r (const char *__restrict __name,
            ^
/usr/include/netdb.h:318:12: error: storage class specified for parameter ‘getservbyport_r’
 extern int getservbyport_r (int __port, const char *__restrict __proto,
            ^
/usr/include/netdb.h:338:13: error: storage class specified for parameter ‘setprotoent’
 extern void setprotoent (int __stay_open);
             ^
/usr/include/netdb.h:344:13: error: storage class specified for parameter ‘endprotoent’
 extern void endprotoent (void);
             ^
/usr/include/netdb.h:351:25: error: storage class specified for parameter ‘getprotoent’
 extern struct protoent *getprotoent (void);
                         ^
/usr/include/netdb.h:357:25: error: storage class specified for parameter ‘getprotobyname’
 extern struct protoent *getprotobyname (const char *__name);
                         ^
/usr/include/netdb.h:363:25: error: storage class specified for parameter ‘getprotobynumber’
 extern struct protoent *getprotobynumber (int __proto);
                         ^
/usr/include/netdb.h:374:12: error: storage class specified for parameter ‘getprotoent_r’
 extern int getprotoent_r (struct protoent *__restrict __result_buf,
            ^
/usr/include/netdb.h:378:12: error: storage class specified for parameter ‘getprotobyname_r’
 extern int getprotobyname_r (const char *__restrict __name,
            ^
/usr/include/netdb.h:383:12: error: storage class specified for parameter ‘getprotobynumber_r’
 extern int getprotobynumber_r (int __proto,
            ^
/usr/include/netdb.h:395:12: error: storage class specified for parameter ‘setnetgrent’
 extern int setnetgrent (const char *__netgroup);
            ^
/usr/include/netdb.h:403:13: error: storage class specified for parameter ‘endnetgrent’
 extern void endnetgrent (void);
             ^
/usr/include/netdb.h:412:12: error: storage class specified for parameter ‘getnetgrent’
 extern int getnetgrent (char **__restrict __hostp,
            ^
/usr/include/netdb.h:423:12: error: storage class specified for parameter ‘innetgr’
 extern int innetgr (const char *__netgroup, const char *__host,
            ^
/usr/include/netdb.h:432:12: error: storage class specified for parameter ‘getnetgrent_r’
 extern int getnetgrent_r (char **__restrict __hostp,
            ^
/usr/include/netdb.h:451:12: error: storage class specified for parameter ‘rcmd’
 extern int rcmd (char **__restrict __ahost, unsigned short int __rport,
            ^
/usr/include/netdb.h:467:7: error: unknown type name ‘sa_family_t’
       sa_family_t __af);
       ^
/usr/include/netdb.h:479:12: error: storage class specified for parameter ‘rexec’
 extern int rexec (char **__restrict __ahost, int __rport,
            ^
/usr/include/netdb.h:495:8: error: unknown type name ‘sa_family_t’
        sa_family_t __af);
        ^
/usr/include/netdb.h:505:12: error: storage class specified for parameter ‘ruserok’
 extern int ruserok (const char *__rhost, int __suser,
            ^
/usr/include/netdb.h:517:10: error: unknown type name ‘sa_family_t’
          sa_family_t __af);
          ^
/usr/include/netdb.h:528:22: error: expected declaration specifiers or ‘...’ before ‘uint32_t’
 extern int iruserok (uint32_t __raddr, int __suser,
                      ^
/usr/include/netdb.h:541:4: error: unknown type name ‘sa_family_t’
    sa_family_t __af);
    ^
/usr/include/netdb.h:551:12: error: storage class specified for parameter ‘rresvport’
 extern int rresvport (int *__alport);
            ^
/usr/include/netdb.h:560:41: error: unknown type name ‘sa_family_t’
 extern int rresvport_af (int *__alport, sa_family_t __af);
                                         ^
/usr/include/netdb.h:662:12: error: storage class specified for parameter ‘getaddrinfo’
 extern int getaddrinfo (const char *__restrict __name,
            ^
/usr/include/netdb.h:668:13: error: storage class specified for parameter ‘freeaddrinfo’
 extern void freeaddrinfo (struct addrinfo *__ai) __THROW;
             ^
/usr/include/netdb.h:671:20: error: storage class specified for parameter ‘gai_strerror’
 extern const char *gai_strerror (int __ecode) __THROW;
                    ^
/usr/include/netdb.h:677:12: error: storage class specified for parameter ‘getnameinfo’
 extern int getnameinfo (const struct sockaddr *__restrict __sa,
            ^
/usr/include/netdb.h:713:1: error: unknown type name ‘__END_DECLS’
 __END_DECLS
 ^
In file included from shared.h:9:0,
                 from shared.c:11:
/usr/include/string.h:44:1: error: expected ‘=’, ‘,’, ‘;’, ‘asm’ or ‘__attribute__’ before ‘__BEGIN_NAMESPACE_STD’
 __BEGIN_NAMESPACE_STD
 ^
/usr/include/string.h:51:14: error: expected ‘=’, ‘,’, ‘;’, ‘asm’ or ‘__attribute__’ before ‘__nonnull’
      __THROW __nonnull ((1, 2));
              ^
/usr/include/string.h:52:1: error: expected declaration specifiers before ‘__END_NAMESPACE_STD’
 __END_NAMESPACE_STD
 ^
/usr/include/string.h:64:1: error: expected declaration specifiers before ‘__BEGIN_NAMESPACE_STD’
 __BEGIN_NAMESPACE_STD
 ^
/usr/include/string.h:70:14: error: expected ‘=’, ‘,’, ‘;’, ‘asm’ or ‘__attribute__’ before ‘__attribute_pure__’
      __THROW __attribute_pure__ __nonnull ((1, 2));
              ^
/usr/include/string.h:97:15: error: expected ‘=’, ‘,’, ‘;’, ‘asm’ or ‘__attribute__’ before ‘__attribute_pure__’
       __THROW __attribute_pure__ __nonnull ((1));
               ^
/usr/include/string.h:99:1: error: unknown type name ‘__END_NAMESPACE_STD’
 __END_NAMESPACE_STD
 ^
/usr/include/string.h:129:1: error: expected ‘=’, ‘,’, ‘;’, ‘asm’ or ‘__attribute__’ before ‘extern’
 extern char *strcpy (char *__restrict __dest, const char *__restrict __src)
 ^
/usr/include/string.h:134:14: error: expected ‘=’, ‘,’, ‘;’, ‘asm’ or ‘__attribute__’ before ‘__nonnull’
      __THROW __nonnull ((1, 2));
              ^
/usr/include/string.h:138:14: error: expected ‘=’, ‘,’, ‘;’, ‘asm’ or ‘__attribute__’ before ‘__nonnull’
      __THROW __nonnull ((1, 2));
              ^
/usr/include/string.h:141:29: error: expected ‘=’, ‘,’, ‘;’, ‘asm’ or ‘__attribute__’ before ‘__nonnull’
         size_t __n) __THROW __nonnull ((1, 2));
                             ^
/usr/include/string.h:145:14: error: expected ‘=’, ‘,’, ‘;’, ‘asm’ or ‘__attribute__’ before ‘__attribute_pure__’
      __THROW __attribute_pure__ __nonnull ((1, 2));
              ^
/usr/include/string.h:148:14: error: expected ‘=’, ‘,’, ‘;’, ‘asm’ or ‘__attribute__’ before ‘__attribute_pure__’
      __THROW __attribute_pure__ __nonnull ((1, 2));
              ^
/usr/include/string.h:152:14: error: expected ‘=’, ‘,’, ‘;’, ‘asm’ or ‘__attribute__’ before ‘__attribute_pure__’
      __THROW __attribute_pure__ __nonnull ((1, 2));
              ^
/usr/include/string.h:156:14: error: expected ‘=’, ‘,’, ‘;’, ‘asm’ or ‘__attribute__’ before ‘__nonnull’
      __THROW __nonnull ((2));
              ^
/usr/include/string.h:157:1: error: expected declaration specifiers before ‘__END_NAMESPACE_STD’
 __END_NAMESPACE_STD
 ^
In file included from /usr/include/string.h:163:0,
                 from shared.h:9,
                 from shared.c:11:
/usr/include/xlocale.h:39:3: error: expected declaration specifiers before ‘*’ token
 } *__locale_t;
   ^
/usr/include/xlocale.h:42:1: error: unknown type name ‘__locale_t’
 typedef __locale_t locale_t;
 ^
/usr/include/xlocale.h:42:20: error: storage class specified for parameter ‘locale_t’
 typedef __locale_t locale_t;
                    ^
In file included from shared.h:9:0,
                 from shared.c:11:
/usr/include/string.h:166:59: error: unknown type name ‘__locale_t’
 extern int strcoll_l (const char *__s1, const char *__s2, __locale_t __l)
                                                           ^
/usr/include/string.h:170:5: error: unknown type name ‘__locale_t’
     __locale_t __l) __THROW __nonnull ((2, 4));
     ^
/usr/include/string.h:177:14: error: expected ‘=’, ‘,’, ‘;’, ‘asm’ or ‘__attribute__’ before ‘__attribute_malloc__’
      __THROW __attribute_malloc__ __nonnull ((1));
              ^
/usr/include/string.h:185:14: error: expected ‘=’, ‘,’, ‘;’, ‘asm’ or ‘__attribute__’ before ‘__attribute_malloc__’
      __THROW __attribute_malloc__ __nonnull ((1));
              ^
/usr/include/string.h:211:1: error: expected declaration specifiers before ‘__BEGIN_NAMESPACE_STD’
 __BEGIN_NAMESPACE_STD
 ^
/usr/include/string.h:264:14: error: expected ‘=’, ‘,’, ‘;’, ‘asm’ or ‘__attribute__’ before ‘__attribute_pure__’
      __THROW __attribute_pure__ __nonnull ((1));
              ^
/usr/include/string.h:266:1: error: unknown type name ‘__END_NAMESPACE_STD’
 __END_NAMESPACE_STD
 ^
/usr/include/string.h:285:1: error: expected ‘=’, ‘,’, ‘;’, ‘asm’ or ‘__attribute__’ before ‘extern’
 extern size_t strcspn (const char *__s, const char *__reject)
 ^
/usr/include/string.h:290:14: error: expected ‘=’, ‘,’, ‘;’, ‘asm’ or ‘__attribute__’ before ‘__attribute_pure__’
      __THROW __attribute_pure__ __nonnull ((1, 2));
              ^
/usr/include/string.h:316:14: error: expected ‘=’, ‘,’, ‘;’, ‘asm’ or ‘__attribute__’ before ‘__attribute_pure__’
      __THROW __attribute_pure__ __nonnull ((1, 2));
              ^
/usr/include/string.h:343:14: error: expected ‘=’, ‘,’, ‘;’, ‘asm’ or ‘__attribute__’ before ‘__attribute_pure__’
      __THROW __attribute_pure__ __nonnull ((1, 2));
              ^
/usr/include/string.h:349:14: error: expected ‘=’, ‘,’, ‘;’, ‘asm’ or ‘__attribute__’ before ‘__nonnull’
      __THROW __nonnull ((2));
              ^
/usr/include/string.h:350:1: error: expected declaration specifiers before ‘__END_NAMESPACE_STD’
 __END_NAMESPACE_STD
 ^
/usr/include/string.h:361:14: error: expected ‘=’, ‘,’, ‘;’, ‘asm’ or ‘__attribute__’ before ‘__nonnull’
      __THROW __nonnull ((2, 3));
              ^
/usr/include/string.h:397:1: error: expected declaration specifiers before ‘__BEGIN_NAMESPACE_STD’
 __BEGIN_NAMESPACE_STD
 ^
/usr/include/string.h:401:1: error: expected declaration specifiers before ‘__END_NAMESPACE_STD’
 __END_NAMESPACE_STD
 ^
/usr/include/string.h:411:1: error: expected declaration specifiers before ‘__BEGIN_NAMESPACE_STD’
 __BEGIN_NAMESPACE_STD
 ^
/usr/include/string.h:414:1: error: expected declaration specifiers before ‘__END_NAMESPACE_STD’
 __END_NAMESPACE_STD
 ^
/usr/include/string.h:445:40: error: unknown type name ‘__locale_t’
 extern char *strerror_l (int __errnum, __locale_t __l) __THROW;
                                        ^
/usr/include/string.h:451:53: error: expected ‘=’, ‘,’, ‘;’, ‘asm’ or ‘__attribute__’ before ‘__nonnull’
 extern void __bzero (void *__s, size_t __n) __THROW __nonnull ((1));
                                                     ^
/usr/include/string.h:456:14: error: expected ‘=’, ‘,’, ‘;’, ‘asm’ or ‘__attribute__’ before ‘__nonnull’
      __THROW __nonnull ((1, 2));
              ^
/usr/include/string.h:459:51: error: expected ‘=’, ‘,’, ‘;’, ‘asm’ or ‘__attribute__’ before ‘__nonnull’
 extern void bzero (void *__s, size_t __n) __THROW __nonnull ((1));
                                                   ^
/usr/include/string.h:463:14: error: expected ‘=’, ‘,’, ‘;’, ‘asm’ or ‘__attribute__’ before ‘__attribute_pure__’
      __THROW __attribute_pure__ __nonnull ((1, 2));
              ^
/usr/include/string.h:490:14: error: expected ‘=’, ‘,’, ‘;’, ‘asm’ or ‘__attribute__’ before ‘__attribute_pure__’
      __THROW __attribute_pure__ __nonnull ((1));
              ^
/usr/include/string.h:518:14: error: expected ‘=’, ‘,’, ‘;’, ‘asm’ or ‘__attribute__’ before ‘__attribute_pure__’
      __THROW __attribute_pure__ __nonnull ((1));
              ^
/usr/include/string.h:523:12: error: storage class specified for parameter ‘ffs’
 extern int ffs (int __i) __THROW __attribute__ ((__const__));
            ^
/usr/include/string.h:535:14: error: expected ‘=’, ‘,’, ‘;’, ‘asm’ or ‘__attribute__’ before ‘__attribute_pure__’
      __THROW __attribute_pure__ __nonnull ((1, 2));
              ^
/usr/include/string.h:539:14: error: expected ‘=’, ‘,’, ‘;’, ‘asm’ or ‘__attribute__’ before ‘__attribute_pure__’
      __THROW __attribute_pure__ __nonnull ((1, 2));
              ^
/usr/include/string.h:559:14: error: expected ‘=’, ‘,’, ‘;’, ‘asm’ or ‘__attribute__’ before ‘__nonnull’
      __THROW __nonnull ((1, 2));
              ^
/usr/include/string.h:564:14: error: storage class specified for parameter ‘strsignal’
 extern char *strsignal (int __sig) __THROW;
              ^
/usr/include/string.h:568:14: error: expected ‘=’, ‘,’, ‘;’, ‘asm’ or ‘__attribute__’ before ‘__nonnull’
      __THROW __nonnull ((1, 2));
              ^
/usr/include/string.h:570:14: error: expected ‘=’, ‘,’, ‘;’, ‘asm’ or ‘__attribute__’ before ‘__nonnull’
      __THROW __nonnull ((1, 2));
              ^
/usr/include/string.h:576:14: error: expected ‘=’, ‘,’, ‘;’, ‘asm’ or ‘__attribute__’ before ‘__nonnull’
      __THROW __nonnull ((1, 2));
              ^
/usr/include/string.h:579:14: error: expected ‘=’, ‘,’, ‘;’, ‘asm’ or ‘__attribute__’ before ‘__nonnull’
      __THROW __nonnull ((1, 2));
              ^
In file included from shared.c:11:0:
shared.h:10:20: error: /usr/include/x86_64-linux-gnu/sys/un.h: Bad file descriptor
 #include <sys/un.h>
                    ^
shared.h:13:23: error: /usr/include/arpa/inet.h: Bad file descriptor
 #include <arpa/inet.h>
                       ^
shared.h:15:22: error: /usr/include/x86_64-linux-gnu/sys/time.h: Bad file descriptor
 #include <sys/time.h>
                      ^
In file included from shared.h:9:0,
                 from shared.c:11:
/usr/include/string.h:644:1: error: expected declaration specifiers before ‘__END_DECLS’
 __END_DECLS
 ^
In file included from shared.c:11:0:
shared.h:28:1: error: expected declaration specifiers before ‘uint32_t’
 uint32_t get_seq_number(void *packet);
 ^
shared.h:32:1: error: expected declaration specifiers before ‘uint32_t’
 uint32_t convert_endian(uint32_t t);
 ^
shared.c:13:1: error: parameter ‘MAX_SEC’ is initialized
 const double MAX_SEC = 5.0;
 ^
shared.c:14:1: error: parameter ‘HEADER_BYTES’ is initialized
 const int HEADER_BYTES = 9;
 ^
shared.c:21:48: error: expected ‘=’, ‘,’, ‘;’, ‘asm’ or ‘__attribute__’ before ‘{’ token
 void print4bytes(char *str, int payload_length){
                                                ^
shared.c:39:44: error: expected ‘=’, ‘,’, ‘;’, ‘asm’ or ‘__attribute__’ before ‘{’ token
 void set_pkt_type(char *ptr,char pkt_type) {
                                            ^
shared.c:47:33: error: expected ‘=’, ‘,’, ‘;’, ‘asm’ or ‘__attribute__’ before ‘{’ token
 int is_echo_valid(int echo_val) {
                                 ^
shared.c:54:33: error: expected ‘=’, ‘,’, ‘;’, ‘asm’ or ‘__attribute__’ before ‘{’ token
 int is_port_valid(int port_num) {
                                 ^
shared.c:61:1: error: expected declaration specifiers before ‘uint32_t’
 uint32_t convert_endian(uint32_t t) {
 ^
shared.c:76:1: error: expected declaration specifiers before ‘uint32_t’
 uint32_t get_seq_number(void *packet) {
 ^
shared.c:86:20: error: expected ‘=’, ‘,’, ‘;’, ‘asm’ or ‘__attribute__’ before ‘{’ token
 int check_endian() {
                    ^
In file included from shared.h:6:0,
                 from shared.c:11:
/usr/include/unistd.h:287:12: error: old-style parameter declarations in prototyped function definition
 extern int access (const char *__name, int __type) __THROW __nonnull ((1));
            ^
shared.c:89:1: error: expected ‘{’ at end of input
 }
 ^
make: *** [shared.o] Error 1
--------------------------------------------------------------------------------------------
--------------------------------------------------------------------------------------------
gcc -c shared.c
seed: 25696
cc1: error: /usr/include/stdc-predef.h: Bad file descriptor
In file included from shared.c:11:0:
shared.h:1:24: error: /usr/include/x86_64-linux-gnu/sys/socket.h: Bad file descriptor
 #include <sys/socket.h>
                        ^
In file included from /usr/include/netinet/in.h:21:0,
                 from shared.h:2,
                 from shared.c:11:
/usr/include/features.h:374:25: error: /usr/include/x86_64-linux-gnu/sys/cdefs.h: Bad file descriptor
 #  include <sys/cdefs.h>
                         ^
In file included from /usr/include/features.h:398:0,
                 from /usr/include/netinet/in.h:21,
                 from shared.h:2,
                 from shared.c:11:
/usr/include/x86_64-linux-gnu/gnu/stubs.h:10:27: error: /usr/include/x86_64-linux-gnu/gnu/stubs-64.h: Bad file descriptor
 # include <gnu/stubs-64.h>
                           ^
In file included from /usr/lib/gcc/x86_64-linux-gnu/4.8/include/stdint.h:9:0,
                 from /usr/include/netinet/in.h:22,
                 from shared.h:2,
                 from shared.c:11:
/usr/include/stdint.h:27:27: error: /usr/include/x86_64-linux-gnu/bits/wordsize.h: Bad file descriptor
 #include <bits/wordsize.h>
                           ^
In file included from /usr/include/netinet/in.h:24:0,
                 from shared.h:2,
                 from shared.c:11:
/usr/include/x86_64-linux-gnu/bits/types.h:119:3: error: #error 
 # error
   ^
In file included from /usr/include/netinet/in.h:24:0,
                 from shared.h:2,
                 from shared.c:11:
/usr/include/x86_64-linux-gnu/bits/types.h:124:1: error: unknown type name ‘__STD_TYPE’
 __STD_TYPE __DEV_T_TYPE __dev_t; /* Type of device numbers.  */
 ^
/usr/include/x86_64-linux-gnu/bits/types.h:124:25: error: expected ‘=’, ‘,’, ‘;’, ‘asm’ or ‘__attribute__’ before ‘__dev_t’
 __STD_TYPE __DEV_T_TYPE __dev_t; /* Type of device numbers.  */
                         ^
In file included from /usr/include/netinet/in.h:24:0,
                 from shared.h:2,
                 from shared.c:11:
/usr/include/x86_64-linux-gnu/bits/types.h:125:12: error: expected ‘=’, ‘,’, ‘;’, ‘asm’ or ‘__attribute__’ before ‘unsigned’
 __STD_TYPE __UID_T_TYPE __uid_t; /* Type of user identifications.  */
            ^
/usr/include/x86_64-linux-gnu/bits/types.h:126:12: error: expected ‘=’, ‘,’, ‘;’, ‘asm’ or ‘__attribute__’ before ‘unsigned’
 __STD_TYPE __GID_T_TYPE __gid_t; /* Type of group identifications.  */
            ^
/usr/include/x86_64-linux-gnu/bits/types.h:127:12: error: expected ‘=’, ‘,’, ‘;’, ‘asm’ or ‘__attribute__’ before ‘unsigned’
 __STD_TYPE __INO_T_TYPE __ino_t; /* Type of file serial numbers.  */
            ^
In file included from /usr/include/netinet/in.h:24:0,
                 from shared.h:2,
                 from shared.c:11:
/usr/include/x86_64-linux-gnu/bits/types.h:128:1: error: unknown type name ‘__STD_TYPE’
 __STD_TYPE __INO64_T_TYPE __ino64_t; /* Type of file serial numbers (LFS).*/
 ^
/usr/include/x86_64-linux-gnu/bits/types.h:128:27: error: expected ‘=’, ‘,’, ‘;’, ‘asm’ or ‘__attribute__’ before ‘__ino64_t’
 __STD_TYPE __INO64_T_TYPE __ino64_t; /* Type of file serial numbers (LFS).*/
                           ^
In file included from /usr/include/netinet/in.h:24:0,
                 from shared.h:2,
                 from shared.c:11:
/usr/include/x86_64-linux-gnu/bits/types.h:129:12: error: expected ‘=’, ‘,’, ‘;’, ‘asm’ or ‘__attribute__’ before ‘unsigned’
 __STD_TYPE __MODE_T_TYPE __mode_t; /* Type of file attribute bitmasks.  */
            ^
/usr/include/x86_64-linux-gnu/bits/types.h:130:12: error: expected ‘=’, ‘,’, ‘;’, ‘asm’ or ‘__attribute__’ before ‘unsigned’
 __STD_TYPE __NLINK_T_TYPE __nlink_t; /* Type of file link counts.  */
            ^
/usr/include/x86_64-linux-gnu/bits/types.h:131:12: error: expected ‘=’, ‘,’, ‘;’, ‘asm’ or ‘__attribute__’ before ‘long’
 __STD_TYPE __OFF_T_TYPE __off_t; /* Type of file sizes and offsets.  */
            ^
In file included from /usr/include/netinet/in.h:24:0,
                 from shared.h:2,
                 from shared.c:11:
/usr/include/x86_64-linux-gnu/bits/types.h:132:1: error: unknown type name ‘__STD_TYPE’
 __STD_TYPE __OFF64_T_TYPE __off64_t; /* Type of file sizes and offsets (LFS).  */
 ^
/usr/include/x86_64-linux-gnu/bits/types.h:132:27: error: expected ‘=’, ‘,’, ‘;’, ‘asm’ or ‘__attribute__’ before ‘__off64_t’
 __STD_TYPE __OFF64_T_TYPE __off64_t; /* Type of file sizes and offsets (LFS).  */
                           ^
In file included from /usr/include/netinet/in.h:24:0,
                 from shared.h:2,
                 from shared.c:11:
/usr/include/x86_64-linux-gnu/bits/types.h:133:12: error: expected ‘=’, ‘,’, ‘;’, ‘asm’ or ‘__attribute__’ before ‘int’
 __STD_TYPE __PID_T_TYPE __pid_t; /* Type of process identifications.  */
            ^
In file included from /usr/include/x86_64-linux-gnu/bits/types.h:121:0,
                 from /usr/include/netinet/in.h:24,
                 from shared.h:2,
                 from shared.c:11:
/usr/include/x86_64-linux-gnu/bits/types.h:134:12: error: expected ‘=’, ‘,’, ‘;’, ‘asm’ or ‘__attribute__’ before ‘struct’
 __STD_TYPE __FSID_T_TYPE __fsid_t; /* Type of file system IDs.  */
            ^
In file included from /usr/include/netinet/in.h:24:0,
                 from shared.h:2,
                 from shared.c:11:
/usr/include/x86_64-linux-gnu/bits/types.h:135:12: error: expected ‘=’, ‘,’, ‘;’, ‘asm’ or ‘__attribute__’ before ‘long’
 __STD_TYPE __CLOCK_T_TYPE __clock_t; /* Type of CPU usage counts.  */
            ^
/usr/include/x86_64-linux-gnu/bits/types.h:136:12: error: expected ‘=’, ‘,’, ‘;’, ‘asm’ or ‘__attribute__’ before ‘unsigned’
 __STD_TYPE __RLIM_T_TYPE __rlim_t; /* Type for resource measurement.  */
            ^
In file included from /usr/include/netinet/in.h:24:0,
                 from shared.h:2,
                 from shared.c:11:
/usr/include/x86_64-linux-gnu/bits/types.h:137:1: error: unknown type name ‘__STD_TYPE’
 __STD_TYPE __RLIM64_T_TYPE __rlim64_t; /* Type for resource measurement (LFS).  */
 ^
/usr/include/x86_64-linux-gnu/bits/types.h:137:28: error: expected ‘=’, ‘,’, ‘;’, ‘asm’ or ‘__attribute__’ before ‘__rlim64_t’
 __STD_TYPE __RLIM64_T_TYPE __rlim64_t; /* Type for resource measurement (LFS).  */
                            ^
In file included from /usr/include/netinet/in.h:24:0,
                 from shared.h:2,
                 from shared.c:11:
/usr/include/x86_64-linux-gnu/bits/types.h:138:12: error: expected ‘=’, ‘,’, ‘;’, ‘asm’ or ‘__attribute__’ before ‘unsigned’
 __STD_TYPE __ID_T_TYPE __id_t;  /* General type for IDs.  */
            ^
/usr/include/x86_64-linux-gnu/bits/types.h:139:12: error: expected ‘=’, ‘,’, ‘;’, ‘asm’ or ‘__attribute__’ before ‘long’
 __STD_TYPE __TIME_T_TYPE __time_t; /* Seconds since the Epoch.  */
            ^
/usr/include/x86_64-linux-gnu/bits/types.h:140:12: error: expected ‘=’, ‘,’, ‘;’, ‘asm’ or ‘__attribute__’ before ‘unsigned’
 __STD_TYPE __USECONDS_T_TYPE __useconds_t; /* Count of microseconds.  */
            ^
/usr/include/x86_64-linux-gnu/bits/types.h:141:12: error: expected ‘=’, ‘,’, ‘;’, ‘asm’ or ‘__attribute__’ before ‘long’
 __STD_TYPE __SUSECONDS_T_TYPE __suseconds_t; /* Signed count of microseconds.  */
            ^
/usr/include/x86_64-linux-gnu/bits/types.h:143:12: error: expected ‘=’, ‘,’, ‘;’, ‘asm’ or ‘__attribute__’ before ‘int’
 __STD_TYPE __DADDR_T_TYPE __daddr_t; /* The type of a disk address.  */
            ^
/usr/include/x86_64-linux-gnu/bits/types.h:144:12: error: expected ‘=’, ‘,’, ‘;’, ‘asm’ or ‘__attribute__’ before ‘int’
 __STD_TYPE __KEY_T_TYPE __key_t; /* Type of an IPC key.  */
            ^
/usr/include/x86_64-linux-gnu/bits/types.h:147:12: error: expected ‘=’, ‘,’, ‘;’, ‘asm’ or ‘__attribute__’ before ‘int’
 __STD_TYPE __CLOCKID_T_TYPE __clockid_t;
            ^
In file included from /usr/include/x86_64-linux-gnu/bits/types.h:121:0,
                 from /usr/include/netinet/in.h:24,
                 from shared.h:2,
                 from shared.c:11:
/usr/include/x86_64-linux-gnu/bits/types.h:150:12: error: expected ‘=’, ‘,’, ‘;’, ‘asm’ or ‘__attribute__’ before ‘void’
 __STD_TYPE __TIMER_T_TYPE __timer_t;
            ^
In file included from /usr/include/netinet/in.h:24:0,
                 from shared.h:2,
                 from shared.c:11:
/usr/include/x86_64-linux-gnu/bits/types.h:153:12: error: expected ‘=’, ‘,’, ‘;’, ‘asm’ or ‘__attribute__’ before ‘long’
 __STD_TYPE __BLKSIZE_T_TYPE __blksize_t;
            ^
/usr/include/x86_64-linux-gnu/bits/types.h:158:12: error: expected ‘=’, ‘,’, ‘;’, ‘asm’ or ‘__attribute__’ before ‘long’
 __STD_TYPE __BLKCNT_T_TYPE __blkcnt_t;
            ^
In file included from /usr/include/netinet/in.h:24:0,
                 from shared.h:2,
                 from shared.c:11:
/usr/include/x86_64-linux-gnu/bits/types.h:159:1: error: unknown type name ‘__STD_TYPE’
 __STD_TYPE __BLKCNT64_T_TYPE __blkcnt64_t;
 ^
/usr/include/x86_64-linux-gnu/bits/types.h:159:30: error: expected ‘=’, ‘,’, ‘;’, ‘asm’ or ‘__attribute__’ before ‘__blkcnt64_t’
 __STD_TYPE __BLKCNT64_T_TYPE __blkcnt64_t;
                              ^
In file included from /usr/include/netinet/in.h:24:0,
                 from shared.h:2,
                 from shared.c:11:
/usr/include/x86_64-linux-gnu/bits/types.h:162:12: error: expected ‘=’, ‘,’, ‘;’, ‘asm’ or ‘__attribute__’ before ‘unsigned’
 __STD_TYPE __FSBLKCNT_T_TYPE __fsblkcnt_t;
            ^
In file included from /usr/include/netinet/in.h:24:0,
                 from shared.h:2,
                 from shared.c:11:
/usr/include/x86_64-linux-gnu/bits/types.h:163:1: error: unknown type name ‘__STD_TYPE’
 __STD_TYPE __FSBLKCNT64_T_TYPE __fsblkcnt64_t;
 ^
/usr/include/x86_64-linux-gnu/bits/types.h:163:32: error: expected ‘=’, ‘,’, ‘;’, ‘asm’ or ‘__attribute__’ before ‘__fsblkcnt64_t’
 __STD_TYPE __FSBLKCNT64_T_TYPE __fsblkcnt64_t;
                                ^
In file included from /usr/include/netinet/in.h:24:0,
                 from shared.h:2,
                 from shared.c:11:
/usr/include/x86_64-linux-gnu/bits/types.h:166:12: error: expected ‘=’, ‘,’, ‘;’, ‘asm’ or ‘__attribute__’ before ‘unsigned’
 __STD_TYPE __FSFILCNT_T_TYPE __fsfilcnt_t;
            ^
In file included from /usr/include/netinet/in.h:24:0,
                 from shared.h:2,
                 from shared.c:11:
/usr/include/x86_64-linux-gnu/bits/types.h:167:1: error: unknown type name ‘__STD_TYPE’
 __STD_TYPE __FSFILCNT64_T_TYPE __fsfilcnt64_t;
 ^
/usr/include/x86_64-linux-gnu/bits/types.h:167:32: error: expected ‘=’, ‘,’, ‘;’, ‘asm’ or ‘__attribute__’ before ‘__fsfilcnt64_t’
 __STD_TYPE __FSFILCNT64_T_TYPE __fsfilcnt64_t;
                                ^
In file included from /usr/include/netinet/in.h:24:0,
                 from shared.h:2,
                 from shared.c:11:
/usr/include/x86_64-linux-gnu/bits/types.h:170:12: error: expected ‘=’, ‘,’, ‘;’, ‘asm’ or ‘__attribute__’ before ‘long’
 __STD_TYPE __FSWORD_T_TYPE __fsword_t;
            ^
In file included from /usr/include/netinet/in.h:24:0,
                 from shared.h:2,
                 from shared.c:11:
/usr/include/x86_64-linux-gnu/bits/types.h:172:1: error: unknown type name ‘__STD_TYPE’
 __STD_TYPE __SSIZE_T_TYPE __ssize_t; /* Type of a byte count, or error.  */
 ^
/usr/include/x86_64-linux-gnu/bits/types.h:172:27: error: expected ‘=’, ‘,’, ‘;’, ‘asm’ or ‘__attribute__’ before ‘__ssize_t’
 __STD_TYPE __SSIZE_T_TYPE __ssize_t; /* Type of a byte count, or error.  */
                           ^
In file included from /usr/include/netinet/in.h:24:0,
                 from shared.h:2,
                 from shared.c:11:
/usr/include/x86_64-linux-gnu/bits/types.h:175:12: error: expected ‘=’, ‘,’, ‘;’, ‘asm’ or ‘__attribute__’ before ‘long’
 __STD_TYPE __SYSCALL_SLONG_TYPE __syscall_slong_t;
            ^
/usr/include/x86_64-linux-gnu/bits/types.h:177:12: error: expected ‘=’, ‘,’, ‘;’, ‘asm’ or ‘__attribute__’ before ‘unsigned’
 __STD_TYPE __SYSCALL_ULONG_TYPE __syscall_ulong_t;
            ^
In file included from /usr/include/netinet/in.h:24:0,
                 from shared.h:2,
                 from shared.c:11:
/usr/include/x86_64-linux-gnu/bits/types.h:181:1: error: unknown type name ‘__off64_t’
 typedef __off64_t __loff_t; /* Type of file sizes and offsets (LFS).  */
 ^
/usr/include/x86_64-linux-gnu/bits/types.h:186:1: error: unknown type name ‘__STD_TYPE’
 __STD_TYPE __SWORD_TYPE __intptr_t;
 ^
/usr/include/x86_64-linux-gnu/bits/types.h:186:25: error: expected ‘=’, ‘,’, ‘;’, ‘asm’ or ‘__attribute__’ before ‘__intptr_t’
 __STD_TYPE __SWORD_TYPE __intptr_t;
                         ^
In file included from /usr/include/netinet/in.h:24:0,
                 from shared.h:2,
                 from shared.c:11:
/usr/include/x86_64-linux-gnu/bits/types.h:189:12: error: expected ‘=’, ‘,’, ‘;’, ‘asm’ or ‘__attribute__’ before ‘unsigned’
 __STD_TYPE __U32_TYPE __socklen_t;
            ^
In file included from shared.h:2:0,
                 from shared.c:11:
/usr/include/netinet/in.h:30:1: error: expected ‘=’, ‘,’, ‘;’, ‘asm’ or ‘__attribute__’ before ‘typedef’
 typedef uint32_t in_addr_t;
 ^
/usr/include/netinet/in.h:33:5: error: unknown type name ‘in_addr_t’
     in_addr_t s_addr;
     ^
/usr/include/netinet/in.h:37:21: error: /usr/include/x86_64-linux-gnu/bits/in.h: Bad file descriptor
 #include <bits/in.h>
                     ^
/usr/include/netinet/in.h:239:5: error: expected specifier-qualifier-list before ‘__SOCKADDR_COMMON’
     __SOCKADDR_COMMON (sin_);
     ^
/usr/include/netinet/in.h:254:5: error: expected specifier-qualifier-list before ‘__SOCKADDR_COMMON’
     __SOCKADDR_COMMON (sin6_);
     ^
/usr/include/netinet/in.h:306:29: error: field ‘gr_group’ has incomplete type
     struct sockaddr_storage gr_group;
                             ^
/usr/include/netinet/in.h:315:29: error: field ‘gsr_group’ has incomplete type
     struct sockaddr_storage gsr_group;
                             ^
/usr/include/netinet/in.h:318:29: error: field ‘gsr_source’ has incomplete type
     struct sockaddr_storage gsr_source;
                             ^
/usr/include/netinet/in.h:350:29: error: field ‘gf_group’ has incomplete type
     struct sockaddr_storage gf_group;
                             ^
/usr/include/netinet/in.h:358:29: error: array type has incomplete element type
     struct sockaddr_storage gf_slist[1];
                             ^
/usr/include/netinet/in.h: In function ‘ntohl’:
/usr/include/netinet/in.h:374:44: error: expected declaration specifiers before ‘__THROW’
 extern uint32_t ntohl (uint32_t __netlong) __THROW __attribute__ ((__const__));
                                            ^
/usr/include/netinet/in.h:376:6: error: expected ‘=’, ‘,’, ‘;’, ‘asm’ or ‘__attribute__’ before ‘__THROW’
      __THROW __attribute__ ((__const__));
      ^
/usr/include/netinet/in.h:378:6: error: expected ‘=’, ‘,’, ‘;’, ‘asm’ or ‘__attribute__’ before ‘__THROW’
      __THROW __attribute__ ((__const__));
      ^
/usr/include/netinet/in.h:380:6: error: expected ‘=’, ‘,’, ‘;’, ‘asm’ or ‘__attribute__’ before ‘__THROW’
      __THROW __attribute__ ((__const__));
      ^
In file included from /usr/include/netinet/in.h:382:0,
                 from shared.h:2,
                 from shared.c:11:
/usr/include/endian.h:36:25: error: /usr/include/x86_64-linux-gnu/bits/endian.h: Bad file descriptor
 #include <bits/endian.h>
                         ^
/usr/include/endian.h:60:28: error: /usr/include/x86_64-linux-gnu/bits/byteswap.h: Bad file descriptor
 # include <bits/byteswap.h>
                            ^
In file included from shared.h:2:0,
                 from shared.c:11:
/usr/include/netinet/in.h:501:71: error: expected ‘=’, ‘,’, ‘;’, ‘asm’ or ‘__attribute__’ before ‘__THROW’
 extern int bindresvport (int __sockfd, struct sockaddr_in *__sock_in) __THROW;
                                                                       ^
/usr/include/netinet/in.h:505:6: error: expected ‘=’, ‘,’, ‘;’, ‘asm’ or ‘__attribute__’ before ‘__THROW’
      __THROW;
      ^
In file included from shared.h:3:0,
                 from shared.c:11:
/usr/include/netinet/udp.h:51:23: error: /usr/include/x86_64-linux-gnu/sys/types.h: Bad file descriptor
 #include <sys/types.h>
                       ^
In file included from shared.h:2:0,
                 from shared.c:11:
/usr/include/netinet/in.h:628:1: error: expected declaration specifiers before ‘__END_DECLS’
 __END_DECLS
 ^
In file included from shared.h:3:0,
                 from shared.c:11:
/usr/include/netinet/udp.h:75:2: error: expected declaration specifiers before ‘;’ token
 };
  ^
In file included from shared.h:4:0,
                 from shared.c:11:
/usr/include/stdio.h:33:21: error: /usr/lib/gcc/x86_64-linux-gnu/4.8/include/stddef.h: Bad file descriptor
 # include <stddef.h>
                     ^
/usr/include/stdio.h:29:1: error: expected declaration specifiers before ‘__BEGIN_DECLS’
 __BEGIN_DECLS
 ^
/usr/include/stdio.h:46:1: error: expected declaration specifiers before ‘__BEGIN_NAMESPACE_STD’
 __BEGIN_NAMESPACE_STD
 ^
/usr/include/stdio.h:49:1: error: unknown type name ‘__END_NAMESPACE_STD’
 __END_NAMESPACE_STD
 ^
/usr/include/stdio.h:64:1: error: expected ‘=’, ‘,’, ‘;’, ‘asm’ or ‘__attribute__’ before ‘typedef’
 typedef struct _IO_FILE __FILE;
 ^
In file included from /usr/include/libio.h:31:0,
                 from /usr/include/stdio.h:74,
                 from shared.h:4,
                 from shared.c:11:
/usr/include/_G_config.h:20:19: error: /usr/include/wchar.h: Bad file descriptor
 #include <wchar.h>
                   ^
/usr/include/_G_config.h:23:3: error: unknown type name ‘__off_t’
   __off_t __pos;
   ^
/usr/include/_G_config.h:24:3: error: unknown type name ‘__mbstate_t’
   __mbstate_t __state;
   ^
/usr/include/_G_config.h:25:3: error: storage class specified for parameter ‘_G_fpos_t’
 } _G_fpos_t;
   ^
/usr/include/_G_config.h:28:3: error: unknown type name ‘__off64_t’
   __off64_t __pos;
   ^
/usr/include/_G_config.h:29:3: error: unknown type name ‘__mbstate_t’
   __mbstate_t __state;
   ^
/usr/include/_G_config.h:30:3: error: storage class specified for parameter ‘_G_fpos64_t’
 } _G_fpos64_t;
   ^
In file included from /usr/include/stdio.h:74:0,
                 from shared.h:4,
                 from shared.c:11:
/usr/include/libio.h:49:20: error: /usr/lib/gcc/x86_64-linux-gnu/4.8/include/stdarg.h: Bad file descriptor
 #include <stdarg.h>
                    ^
/usr/include/libio.h:154:14: error: storage class specified for parameter ‘_IO_lock_t’
 typedef void _IO_lock_t;
              ^
/usr/include/libio.h:274:3: error: unknown type name ‘__off_t’
   _IO_off_t _old_offset; /* This used to be _offset but it's too small.  */
   ^
/usr/include/libio.h:284:3: error: expected specifier-qualifier-list before ‘_IO_lock_t’
   _IO_lock_t *_lock;
   ^
/usr/include/libio.h:315:25: error: storage class specified for parameter ‘_IO_FILE’
 typedef struct _IO_FILE _IO_FILE;
                         ^
/usr/include/libio.h:320:29: error: storage class specified for parameter ‘_IO_2_1_stdin_’
 extern struct _IO_FILE_plus _IO_2_1_stdin_;
                             ^
/usr/include/libio.h:321:29: error: storage class specified for parameter ‘_IO_2_1_stdout_’
 extern struct _IO_FILE_plus _IO_2_1_stdout_;
                             ^
/usr/include/libio.h:322:29: error: storage class specified for parameter ‘_IO_2_1_stderr_’
 extern struct _IO_FILE_plus _IO_2_1_stderr_;
                             ^
/usr/include/libio.h:338:1: error: unknown type name ‘__ssize_t’
 typedef __ssize_t __io_read_fn (void *__cookie, char *__buf, size_t __nbytes);
 ^
/usr/include/libio.h:338:62: error: unknown type name ‘size_t’
 typedef __ssize_t __io_read_fn (void *__cookie, char *__buf, size_t __nbytes);
                                                              ^
/usr/include/libio.h:346:1: error: unknown type name ‘__ssize_t’
 typedef __ssize_t __io_write_fn (void *__cookie, const char *__buf,
 ^
/usr/include/libio.h:347:6: error: unknown type name ‘size_t’
      size_t __n);
      ^
/usr/include/libio.h:355:43: error: unknown type name ‘__off64_t’
 typedef int __io_seek_fn (void *__cookie, _IO_off64_t *__pos, int __w);
                                           ^
/usr/include/libio.h:358:13: error: storage class specified for parameter ‘__io_close_fn’
 typedef int __io_close_fn (void *__cookie);
             ^
/usr/include/libio.h:390:25: error: expected declaration specifiers or ‘...’ before ‘_IO_FILE’
 extern int __underflow (_IO_FILE *);
                         ^
/usr/include/libio.h:391:21: error: expected declaration specifiers or ‘...’ before ‘_IO_FILE’
 extern int __uflow (_IO_FILE *);
                     ^
/usr/include/libio.h:392:24: error: expected declaration specifiers or ‘...’ before ‘_IO_FILE’
 extern int __overflow (_IO_FILE *, int);
                        ^
/usr/include/libio.h:434:22: error: expected declaration specifiers or ‘...’ before ‘_IO_FILE’
 extern int _IO_getc (_IO_FILE *__fp);
                      ^
/usr/include/libio.h:435:31: error: expected declaration specifiers or ‘...’ before ‘_IO_FILE’
 extern int _IO_putc (int __c, _IO_FILE *__fp);
                               ^
/usr/include/libio.h:436:22: error: expected declaration specifiers or ‘...’ before ‘_IO_FILE’
 extern int _IO_feof (_IO_FILE *__fp) __THROW;
                      ^
/usr/include/libio.h:437:24: error: expected declaration specifiers or ‘...’ before ‘_IO_FILE’
 extern int _IO_ferror (_IO_FILE *__fp) __THROW;
                        ^
/usr/include/libio.h:439:30: error: expected declaration specifiers or ‘...’ before ‘_IO_FILE’
 extern int _IO_peekc_locked (_IO_FILE *__fp);
                              ^
/usr/include/libio.h:445:28: error: expected declaration specifiers or ‘...’ before ‘_IO_FILE’
 extern void _IO_flockfile (_IO_FILE *) __THROW;
                            ^
/usr/include/libio.h:446:30: error: expected declaration specifiers or ‘...’ before ‘_IO_FILE’
 extern void _IO_funlockfile (_IO_FILE *) __THROW;
                              ^
/usr/include/libio.h:447:30: error: expected declaration specifiers or ‘...’ before ‘_IO_FILE’
 extern int _IO_ftrylockfile (_IO_FILE *) __THROW;
                              ^
/usr/include/libio.h:464:25: error: expected declaration specifiers or ‘...’ before ‘_IO_FILE’
 extern int _IO_vfscanf (_IO_FILE * __restrict, const char * __restrict,
                         ^
In file included from /usr/include/libio.h:31:0,
                 from /usr/include/stdio.h:74,
                 from shared.h:4,
                 from shared.c:11:
/usr/include/libio.h:465:4: error: unknown type name ‘__gnuc_va_list’
    _IO_va_list, int *__restrict);
    ^
In file included from /usr/include/stdio.h:74:0,
                 from shared.h:4,
                 from shared.c:11:
/usr/include/libio.h:466:26: error: expected declaration specifiers or ‘...’ before ‘_IO_FILE’
 extern int _IO_vfprintf (_IO_FILE *__restrict, const char *__restrict,
                          ^
In file included from /usr/include/libio.h:31:0,
                 from /usr/include/stdio.h:74,
                 from shared.h:4,
                 from shared.c:11:
/usr/include/libio.h:467:5: error: unknown type name ‘__gnuc_va_list’
     _IO_va_list);
     ^
In file included from /usr/include/stdio.h:74:0,
                 from shared.h:4,
                 from shared.c:11:
/usr/include/libio.h:468:1: error: unknown type name ‘__ssize_t’
 extern _IO_ssize_t _IO_padn (_IO_FILE *, int, _IO_ssize_t);
 ^
/usr/include/libio.h:468:30: error: expected declaration specifiers or ‘...’ before ‘_IO_FILE’
 extern _IO_ssize_t _IO_padn (_IO_FILE *, int, _IO_ssize_t);
                              ^
/usr/include/libio.h:468:47: error: unknown type name ‘__ssize_t’
 extern _IO_ssize_t _IO_padn (_IO_FILE *, int, _IO_ssize_t);
                                               ^
/usr/include/libio.h:469:1: error: unknown type name ‘size_t’
 extern _IO_size_t _IO_sgetn (_IO_FILE *, void *, _IO_size_t);
 ^
/usr/include/libio.h:469:30: error: expected declaration specifiers or ‘...’ before ‘_IO_FILE’
 extern _IO_size_t _IO_sgetn (_IO_FILE *, void *, _IO_size_t);
                              ^
/usr/include/libio.h:469:50: error: unknown type name ‘size_t’
 extern _IO_size_t _IO_sgetn (_IO_FILE *, void *, _IO_size_t);
                                                  ^
/usr/include/libio.h:471:1: error: unknown type name ‘__off64_t’
 extern _IO_off64_t _IO_seekoff (_IO_FILE *, _IO_off64_t, int, int);
 ^
/usr/include/libio.h:471:33: error: expected declaration specifiers or ‘...’ before ‘_IO_FILE’
 extern _IO_off64_t _IO_seekoff (_IO_FILE *, _IO_off64_t, int, int);
                                 ^
/usr/include/libio.h:471:45: error: unknown type name ‘__off64_t’
 extern _IO_off64_t _IO_seekoff (_IO_FILE *, _IO_off64_t, int, int);
                                             ^
/usr/include/libio.h:472:1: error: unknown type name ‘__off64_t’
 extern _IO_off64_t _IO_seekpos (_IO_FILE *, _IO_off64_t, int);
 ^
/usr/include/libio.h:472:33: error: expected declaration specifiers or ‘...’ before ‘_IO_FILE’
 extern _IO_off64_t _IO_seekpos (_IO_FILE *, _IO_off64_t, int);
                                 ^
/usr/include/libio.h:472:45: error: unknown type name ‘__off64_t’
 extern _IO_off64_t _IO_seekpos (_IO_FILE *, _IO_off64_t, int);
                                             ^
/usr/include/libio.h:474:35: error: expected declaration specifiers or ‘...’ before ‘_IO_FILE’
 extern void _IO_free_backup_area (_IO_FILE *) __THROW;
                                   ^
In file included from shared.h:4:0,
                 from shared.c:11:
/usr/include/stdio.h:79:1: error: unknown type name ‘__gnuc_va_list’
 typedef _G_va_list va_list;
 ^
/usr/include/stdio.h:79:20: error: storage class specified for parameter ‘va_list’
 typedef _G_va_list va_list;
                    ^
/usr/include/stdio.h:90:1: error: unknown type name ‘__off_t’
 typedef __off_t off_t;
 ^
/usr/include/stdio.h:90:17: error: storage class specified for parameter ‘off_t’
 typedef __off_t off_t;
                 ^
/usr/include/stdio.h:102:1: error: unknown type name ‘__ssize_t’
 typedef __ssize_t ssize_t;
 ^
/usr/include/stdio.h:102:19: error: storage class specified for parameter ‘ssize_t’
 typedef __ssize_t ssize_t;
                   ^
/usr/include/stdio.h:108:1: error: expected declaration specifiers before ‘__BEGIN_NAMESPACE_STD’
 __BEGIN_NAMESPACE_STD
 ^
/usr/include/stdio.h:164:28: error: /usr/include/x86_64-linux-gnu/bits/stdio_lim.h: Bad file descriptor
 #include <bits/stdio_lim.h>
                            ^
/usr/include/stdio.h:114:1: error: expected declaration specifiers before ‘__END_NAMESPACE_STD’
 __END_NAMESPACE_STD
 ^
/usr/include/stdio.h:169:25: error: storage class specified for parameter ‘stdout’
 extern struct _IO_FILE *stdout;  /* Standard output stream.  */
                         ^
/usr/include/stdio.h:170:25: error: storage class specified for parameter ‘stderr’
 extern struct _IO_FILE *stderr;  /* Standard error output stream.  */
                         ^
/usr/include/stdio.h:176:1: error: expected declaration specifiers before ‘__BEGIN_NAMESPACE_STD’
 __BEGIN_NAMESPACE_STD
 ^
/usr/include/stdio.h:180:58: error: expected ‘=’, ‘,’, ‘;’, ‘asm’ or ‘__attribute__’ before ‘__THROW’
 extern int rename (const char *__old, const char *__new) __THROW;
                                                          ^
/usr/include/stdio.h:181:1: error: expected declaration specifiers before ‘__END_NAMESPACE_STD’
 __END_NAMESPACE_STD
 ^
/usr/include/stdio.h:189:1: error: expected declaration specifiers before ‘__BEGIN_NAMESPACE_STD’
 __BEGIN_NAMESPACE_STD
 ^
/usr/include/stdio.h:209:33: error: expected ‘=’, ‘,’, ‘;’, ‘asm’ or ‘__attribute__’ before ‘__THROW’
 extern char *tmpnam (char *__s) __THROW __wur;
                                 ^
/usr/include/stdio.h:210:1: error: expected declaration specifiers before ‘__END_NAMESPACE_STD’
 __END_NAMESPACE_STD
 ^
/usr/include/stdio.h:228:6: error: expected ‘=’, ‘,’, ‘;’, ‘asm’ or ‘__attribute__’ before ‘__THROW’
      __THROW __attribute_malloc__ __wur;
      ^
/usr/include/stdio.h:232:1: error: expected declaration specifiers before ‘__BEGIN_NAMESPACE_STD’
 __BEGIN_NAMESPACE_STD
 ^
/usr/include/stdio.h:242:20: error: unknown type name ‘FILE’
 extern int fflush (FILE *__stream);
                    ^
/usr/include/stdio.h:243:1: error: expected declaration specifiers before ‘__END_NAMESPACE_STD’
 __END_NAMESPACE_STD
 ^
/usr/include/stdio.h:266:1: error: expected declaration specifiers before ‘__BEGIN_NAMESPACE_STD’
 __BEGIN_NAMESPACE_STD
 ^
/usr/include/stdio.h:278:1: error: unknown type name ‘FILE’
 extern FILE *freopen (const char *__restrict __filename,
 ^
/usr/include/stdio.h:280:9: error: unknown type name ‘FILE’
         FILE *__restrict __stream) __wur;
         ^
/usr/include/stdio.h:295:1: error: expected declaration specifiers before ‘__END_NAMESPACE_STD’
 __END_NAMESPACE_STD
 ^
/usr/include/stdio.h:319:1: error: unknown type name ‘FILE’
 extern FILE *fmemopen (void *__s, size_t __len, const char *__modes)
 ^
/usr/include/stdio.h:319:35: error: unknown type name ‘size_t’
 extern FILE *fmemopen (void *__s, size_t __len, const char *__modes)
                                   ^
/usr/include/stdio.h:325:1: error: unknown type name ‘FILE’
 extern FILE *open_memstream (char **__bufloc, size_t *__sizeloc) __THROW __wur;
 ^
/usr/include/stdio.h:325:47: error: unknown type name ‘size_t’
 extern FILE *open_memstream (char **__bufloc, size_t *__sizeloc) __THROW __wur;
                                               ^
/usr/include/stdio.h:329:1: error: expected declaration specifiers before ‘__BEGIN_NAMESPACE_STD’
 __BEGIN_NAMESPACE_STD
 ^
/usr/include/stdio.h:336:21: error: unknown type name ‘FILE’
 extern int setvbuf (FILE *__restrict __stream, char *__restrict __buf,
                     ^
/usr/include/stdio.h:337:20: error: unknown type name ‘size_t’
       int __modes, size_t __n) __THROW;
                    ^
/usr/include/stdio.h:338:1: error: expected declaration specifiers before ‘__END_NAMESPACE_STD’
 __END_NAMESPACE_STD
 ^
/usr/include/stdio.h:347:25: error: unknown type name ‘FILE’
 extern void setlinebuf (FILE *__stream) __THROW;
                         ^
/usr/include/stdio.h:351:1: error: expected declaration specifiers before ‘__BEGIN_NAMESPACE_STD’
 __BEGIN_NAMESPACE_STD
 ^
/usr/include/stdio.h:362:12: error: storage class specified for parameter ‘printf’
 extern int printf (const char *__restrict __format, ...);
            ^
/usr/include/stdio.h:365:45: error: expected ‘=’, ‘,’, ‘;’, ‘asm’ or ‘__attribute__’ before ‘__THROWNL’
       const char *__restrict __format, ...) __THROWNL;
                                             ^
/usr/include/stdio.h:371:22: error: unknown type name ‘FILE’
 extern int vfprintf (FILE *__restrict __s, const char *__restrict __format,
                      ^
In file included from /usr/include/libio.h:31:0,
                 from /usr/include/stdio.h:74,
                 from shared.h:4,
                 from shared.c:11:
/usr/include/stdio.h:372:8: error: unknown type name ‘__gnuc_va_list’
        _G_va_list __arg);
        ^
/usr/include/stdio.h:377:54: error: unknown type name ‘__gnuc_va_list’
 extern int vprintf (const char *__restrict __format, _G_va_list __arg);
                                                      ^
/usr/include/stdio.h:380:8: error: unknown type name ‘__gnuc_va_list’
        _G_va_list __arg) __THROWNL;
        ^
In file included from shared.h:4:0,
                 from shared.c:11:
/usr/include/stdio.h:381:1: error: unknown type name ‘__END_NAMESPACE_STD’
 __END_NAMESPACE_STD
 ^
/usr/include/stdio.h:386:1: error: expected ‘=’, ‘,’, ‘;’, ‘asm’ or ‘__attribute__’ before ‘extern’
 extern int snprintf (char *__restrict __s, size_t __maxlen,
 ^
/usr/include/stdio.h:390:45: error: unknown type name ‘size_t’
 extern int vsnprintf (char *__restrict __s, size_t __maxlen,
                                             ^
In file included from /usr/include/libio.h:31:0,
                 from /usr/include/stdio.h:74,
                 from shared.h:4,
                 from shared.c:11:
/usr/include/stdio.h:391:42: error: unknown type name ‘__gnuc_va_list’
         const char *__restrict __format, _G_va_list __arg)
                                          ^
In file included from shared.h:4:0,
                 from shared.c:11:
/usr/include/stdio.h:393:1: error: expected declaration specifiers before ‘__END_NAMESPACE_C99’
 __END_NAMESPACE_C99
 ^
/usr/include/stdio.h:415:12: error: storage class specified for parameter ‘dprintf’
 extern int dprintf (int __fd, const char *__restrict __fmt, ...)
            ^
/usr/include/stdio.h:420:1: error: expected declaration specifiers before ‘__BEGIN_NAMESPACE_STD’
 __BEGIN_NAMESPACE_STD
 ^
/usr/include/stdio.h:431:57: error: expected ‘=’, ‘,’, ‘;’, ‘asm’ or ‘__attribute__’ before ‘__wur’
 extern int scanf (const char *__restrict __format, ...) __wur;
                                                         ^
/usr/include/stdio.h:434:44: error: expected ‘=’, ‘,’, ‘;’, ‘asm’ or ‘__attribute__’ before ‘__THROW’
      const char *__restrict __format, ...) __THROW;
                                            ^
/usr/include/stdio.h:452:29: error: unknown type name ‘FILE’
 extern int __isoc99_fscanf (FILE *__restrict __stream,
                             ^
/usr/include/stdio.h:454:66: error: expected ‘=’, ‘,’, ‘;’, ‘asm’ or ‘__attribute__’ before ‘__wur’
 extern int __isoc99_scanf (const char *__restrict __format, ...) __wur;
                                                                  ^
/usr/include/stdio.h:456:46: error: expected ‘=’, ‘,’, ‘;’, ‘asm’ or ‘__attribute__’ before ‘__THROW’
        const char *__restrict __format, ...) __THROW;
                                              ^
/usr/include/stdio.h:463:1: error: unknown type name ‘__END_NAMESPACE_STD’
 __END_NAMESPACE_STD
 ^
/usr/include/stdio.h:471:1: error: expected ‘=’, ‘,’, ‘;’, ‘asm’ or ‘__attribute__’ before ‘extern’
 extern int vfscanf (FILE *__restrict __s, const char *__restrict __format,
 ^
In file included from /usr/include/libio.h:31:0,
                 from /usr/include/stdio.h:74,
                 from shared.h:4,
                 from shared.c:11:
/usr/include/stdio.h:479:53: error: unknown type name ‘__gnuc_va_list’
 extern int vscanf (const char *__restrict __format, _G_va_list __arg)
                                                     ^
/usr/include/stdio.h:484:40: error: unknown type name ‘__gnuc_va_list’
       const char *__restrict __format, _G_va_list __arg)
                                        ^
In file included from shared.h:4:0,
                 from shared.c:11:
/usr/include/stdio.h:508:30: error: unknown type name ‘FILE’
 extern int __isoc99_vfscanf (FILE *__restrict __s,
                              ^
In file included from /usr/include/libio.h:31:0,
                 from /usr/include/stdio.h:74,
                 from shared.h:4,
                 from shared.c:11:
/usr/include/stdio.h:510:9: error: unknown type name ‘__gnuc_va_list’
         _G_va_list __arg) __wur;
         ^
/usr/include/stdio.h:512:8: error: unknown type name ‘__gnuc_va_list’
        _G_va_list __arg) __wur;
        ^
/usr/include/stdio.h:515:9: error: unknown type name ‘__gnuc_va_list’
         _G_va_list __arg) __THROW;
         ^
In file included from shared.h:4:0,
                 from shared.c:11:
/usr/include/stdio.h:522:1: error: unknown type name ‘__END_NAMESPACE_C99’
 __END_NAMESPACE_C99
 ^
/usr/include/stdio.h:531:1: error: expected ‘=’, ‘,’, ‘;’, ‘asm’ or ‘__attribute__’ before ‘extern’
 extern int fgetc (FILE *__stream);
 ^
/usr/include/stdio.h:532:18: error: unknown type name ‘FILE’
 extern int getc (FILE *__stream);
                  ^
/usr/include/stdio.h:538:12: error: storage class specified for parameter ‘getchar’
 extern int getchar (void);
            ^
/usr/include/stdio.h:539:1: error: expected declaration specifiers before ‘__END_NAMESPACE_STD’
 __END_NAMESPACE_STD
 ^
/usr/include/stdio.h:551:12: error: storage class specified for parameter ‘getchar_unlocked’
 extern int getchar_unlocked (void);
            ^
/usr/include/stdio.h:561:28: error: unknown type name ‘FILE’
 extern int fgetc_unlocked (FILE *__stream);
                            ^
/usr/include/stdio.h:565:1: error: expected declaration specifiers before ‘__BEGIN_NAMESPACE_STD’
 __BEGIN_NAMESPACE_STD
 ^
/usr/include/stdio.h:574:27: error: unknown type name ‘FILE’
 extern int putc (int __c, FILE *__stream);
                           ^
/usr/include/stdio.h:580:12: error: storage class specified for parameter ‘putchar’
 extern int putchar (int __c);
            ^
/usr/include/stdio.h:581:1: error: expected declaration specifiers before ‘__END_NAMESPACE_STD’
 __END_NAMESPACE_STD
 ^
/usr/include/stdio.h:602:36: error: unknown type name ‘FILE’
 extern int putc_unlocked (int __c, FILE *__stream);
                                    ^
/usr/include/stdio.h:603:12: error: storage class specified for parameter ‘putchar_unlocked’
 extern int putchar_unlocked (int __c);
            ^
/usr/include/stdio.h:610:18: error: unknown type name ‘FILE’
 extern int getw (FILE *__stream);
                  ^
/usr/include/stdio.h:613:27: error: unknown type name ‘FILE’
 extern int putw (int __w, FILE *__stream);
                           ^
/usr/include/stdio.h:617:1: error: expected declaration specifiers before ‘__BEGIN_NAMESPACE_STD’
 __BEGIN_NAMESPACE_STD
 ^
/usr/include/stdio.h:638:31: error: expected ‘=’, ‘,’, ‘;’, ‘asm’ or ‘__attribute__’ before ‘__wur’
 extern char *gets (char *__s) __wur __attribute_deprecated__;
                               ^
/usr/include/stdio.h:640:1: error: expected declaration specifiers before ‘__END_NAMESPACE_STD’
 __END_NAMESPACE_STD
 ^
/usr/include/stdio.h:668:1: error: unknown type name ‘__ssize_t’
 extern _IO_ssize_t getdelim (char **__restrict __lineptr,
 ^
/usr/include/stdio.h:669:9: error: unknown type name ‘size_t’
         size_t *__restrict __n, int __delimiter,
         ^
/usr/include/stdio.h:670:9: error: unknown type name ‘FILE’
         FILE *__restrict __stream) __wur;
         ^
/usr/include/stdio.h:678:1: error: unknown type name ‘__ssize_t’
 extern _IO_ssize_t getline (char **__restrict __lineptr,
 ^
/usr/include/stdio.h:679:8: error: unknown type name ‘size_t’
        size_t *__restrict __n,
        ^
/usr/include/stdio.h:680:8: error: unknown type name ‘FILE’
        FILE *__restrict __stream) __wur;
        ^
/usr/include/stdio.h:684:1: error: expected declaration specifiers before ‘__BEGIN_NAMESPACE_STD’
 __BEGIN_NAMESPACE_STD
 ^
/usr/include/stdio.h:695:12: error: storage class specified for parameter ‘puts’
 extern int puts (const char *__s);
            ^
/usr/include/stdio.h:702:29: error: unknown type name ‘FILE’
 extern int ungetc (int __c, FILE *__stream);
                             ^
/usr/include/stdio.h:709:1: error: unknown type name ‘size_t’
 extern size_t fread (void *__restrict __ptr, size_t __size,
 ^
/usr/include/stdio.h:709:46: error: unknown type name ‘size_t’
 extern size_t fread (void *__restrict __ptr, size_t __size,
                                              ^
/usr/include/stdio.h:710:8: error: unknown type name ‘size_t’
        size_t __n, FILE *__restrict __stream) __wur;
        ^
/usr/include/stdio.h:710:20: error: unknown type name ‘FILE’
        size_t __n, FILE *__restrict __stream) __wur;
                    ^
/usr/include/stdio.h:715:1: error: unknown type name ‘size_t’
 extern size_t fwrite (const void *__restrict __ptr, size_t __size,
 ^
/usr/include/stdio.h:715:53: error: unknown type name ‘size_t’
 extern size_t fwrite (const void *__restrict __ptr, size_t __size,
                                                     ^
/usr/include/stdio.h:716:9: error: unknown type name ‘size_t’
         size_t __n, FILE *__restrict __s);
         ^
/usr/include/stdio.h:716:21: error: unknown type name ‘FILE’
         size_t __n, FILE *__restrict __s);
                     ^
/usr/include/stdio.h:717:1: error: expected declaration specifiers before ‘__END_NAMESPACE_STD’
 __END_NAMESPACE_STD
 ^
/usr/include/stdio.h:739:1: error: unknown type name ‘size_t’
 extern size_t fwrite_unlocked (const void *__restrict __ptr, size_t __size,
 ^
/usr/include/stdio.h:739:62: error: unknown type name ‘size_t’
 extern size_t fwrite_unlocked (const void *__restrict __ptr, size_t __size,
                                                              ^
/usr/include/stdio.h:740:11: error: unknown type name ‘size_t’
           size_t __n, FILE *__restrict __stream);
           ^
/usr/include/stdio.h:740:23: error: unknown type name ‘FILE’
           size_t __n, FILE *__restrict __stream);
                       ^
/usr/include/stdio.h:744:1: error: expected declaration specifiers before ‘__BEGIN_NAMESPACE_STD’
 __BEGIN_NAMESPACE_STD
 ^
/usr/include/stdio.h:754:24: error: unknown type name ‘FILE’
 extern long int ftell (FILE *__stream) __wur;
                        ^
/usr/include/stdio.h:759:21: error: unknown type name ‘FILE’
 extern void rewind (FILE *__stream);
                     ^
/usr/include/stdio.h:760:1: error: expected declaration specifiers before ‘__END_NAMESPACE_STD’
 __END_NAMESPACE_STD
 ^
/usr/include/stdio.h:778:1: error: unknown type name ‘__off_t’
 extern __off_t ftello (FILE *__stream) __wur;
 ^
/usr/include/stdio.h:778:24: error: unknown type name ‘FILE’
 extern __off_t ftello (FILE *__stream) __wur;
                        ^
/usr/include/stdio.h:792:1: error: expected declaration specifiers before ‘__BEGIN_NAMESPACE_STD’
 __BEGIN_NAMESPACE_STD
 ^
/usr/include/stdio.h:803:21: error: unknown type name ‘FILE’
 extern int fsetpos (FILE *__stream, const fpos_t *__pos);
                     ^
/usr/include/stdio.h:803:21: error: unknown type name ‘fpos_t’
/usr/include/stdio.h:815:1: error: unknown type name ‘__END_NAMESPACE_STD’
 __END_NAMESPACE_STD
 ^
/usr/include/stdio.h:826:1: error: expected ‘=’, ‘,’, ‘;’, ‘asm’ or ‘__attribute__’ before ‘extern’
 extern void clearerr (FILE *__stream) __THROW;
 ^
/usr/include/stdio.h:828:18: error: unknown type name ‘FILE’
 extern int feof (FILE *__stream) __THROW __wur;
                  ^
/usr/include/stdio.h:830:20: error: unknown type name ‘FILE’
 extern int ferror (FILE *__stream) __THROW __wur;
                    ^
/usr/include/stdio.h:831:1: error: expected declaration specifiers before ‘__END_NAMESPACE_STD’
 __END_NAMESPACE_STD
 ^
/usr/include/stdio.h:836:27: error: unknown type name ‘FILE’
 extern int feof_unlocked (FILE *__stream) __THROW __wur;
                           ^
/usr/include/stdio.h:837:29: error: unknown type name ‘FILE’
 extern int ferror_unlocked (FILE *__stream) __THROW __wur;
                             ^
/usr/include/stdio.h:841:1: error: expected declaration specifiers before ‘__BEGIN_NAMESPACE_STD’
 __BEGIN_NAMESPACE_STD
 ^
/usr/include/stdio.h:853:30: error: /usr/include/x86_64-linux-gnu/bits/sys_errlist.h: Bad file descriptor
 #include <bits/sys_errlist.h>
                              ^
/usr/include/stdio.h:847:1: error: expected declaration specifiers before ‘__END_NAMESPACE_STD’
 __END_NAMESPACE_STD
 ^
/usr/include/stdio.h:863:29: error: unknown type name ‘FILE’
 extern int fileno_unlocked (FILE *__stream) __THROW __wur;
                             ^
/usr/include/stdio.h:873:1: error: unknown type name ‘FILE’
 extern FILE *popen (const char *__command, const char *__modes) __wur;
 ^
/usr/include/stdio.h:873:65: error: expected ‘=’, ‘,’, ‘;’, ‘asm’ or ‘__attribute__’ before ‘__wur’
 extern FILE *popen (const char *__command, const char *__modes) __wur;
                                                                 ^
/usr/include/stdio.h:879:20: error: unknown type name ‘FILE’
 extern int pclose (FILE *__stream);
                    ^
/usr/include/stdio.h:885:34: error: expected ‘=’, ‘,’, ‘;’, ‘asm’ or ‘__attribute__’ before ‘__THROW’
 extern char *ctermid (char *__s) __THROW;
                                  ^
/usr/include/stdio.h:913:24: error: unknown type name ‘FILE’
 extern void flockfile (FILE *__stream) __THROW;
                        ^
/usr/include/stdio.h:917:26: error: unknown type name ‘FILE’
 extern int ftrylockfile (FILE *__stream) __THROW __wur;
                          ^
/usr/include/stdio.h:920:26: error: unknown type name ‘FILE’
 extern void funlockfile (FILE *__stream) __THROW;
                          ^
/usr/include/stdio.h:943:1: error: unknown type name ‘__END_DECLS’
 __END_DECLS
 ^
In file included from shared.h:6:0,
                 from shared.c:11:
/usr/include/unistd.h:202:28: error: /usr/include/x86_64-linux-gnu/bits/posix_opt.h: Bad file descriptor
 #include <bits/posix_opt.h>
                            ^
In file included from shared.h:6:0,
                 from shared.c:11:
/usr/include/unistd.h:232:1: error: expected ‘=’, ‘,’, ‘;’, ‘asm’ or ‘__attribute__’ before ‘typedef’
 typedef __gid_t gid_t;
 ^
/usr/include/unistd.h:237:1: error: unknown type name ‘__uid_t’
 typedef __uid_t uid_t;
 ^
/usr/include/unistd.h:237:17: error: storage class specified for parameter ‘uid_t’
 typedef __uid_t uid_t;
                 ^
/usr/include/unistd.h:255:1: error: unknown type name ‘__useconds_t’
 typedef __useconds_t useconds_t;
 ^
/usr/include/unistd.h:255:22: error: storage class specified for parameter ‘useconds_t’
 typedef __useconds_t useconds_t;
                      ^
/usr/include/unistd.h:260:1: error: unknown type name ‘__pid_t’
 typedef __pid_t pid_t;
 ^
/usr/include/unistd.h:260:17: error: storage class specified for parameter ‘pid_t’
 typedef __pid_t pid_t;
                 ^
/usr/include/unistd.h:274:1: error: unknown type name ‘__socklen_t’
 typedef __socklen_t socklen_t;
 ^
/usr/include/unistd.h:274:21: error: storage class specified for parameter ‘socklen_t’
 typedef __socklen_t socklen_t;
                     ^
/usr/include/unistd.h:287:52: error: expected ‘=’, ‘,’, ‘;’, ‘asm’ or ‘__attribute__’ before ‘__THROW’
 extern int access (const char *__name, int __type) __THROW __nonnull ((1));
                                                    ^
/usr/include/unistd.h:305:6: error: expected ‘=’, ‘,’, ‘;’, ‘asm’ or ‘__attribute__’ before ‘__THROW’
      __THROW __nonnull ((2)) __wur;
      ^
/usr/include/unistd.h:334:1: error: unknown type name ‘__off_t’
 extern __off_t lseek (int __fd, __off_t __offset, int __whence) __THROW;
 ^
/usr/include/unistd.h:334:33: error: unknown type name ‘__off_t’
 extern __off_t lseek (int __fd, __off_t __offset, int __whence) __THROW;
                                 ^
/usr/include/unistd.h:353:12: error: storage class specified for parameter ‘close’
 extern int close (int __fd);
            ^
/usr/include/unistd.h:360:16: error: expected ‘=’, ‘,’, ‘;’, ‘asm’ or ‘__attribute__’ before ‘read’
 extern ssize_t read (int __fd, void *__buf, size_t __nbytes) __wur;
                ^
/usr/include/unistd.h:366:16: error: expected ‘=’, ‘,’, ‘;’, ‘asm’ or ‘__attribute__’ before ‘write’
 extern ssize_t write (int __fd, const void *__buf, size_t __n) __wur;
                ^
/usr/include/unistd.h:376:16: error: expected ‘=’, ‘,’, ‘;’, ‘asm’ or ‘__attribute__’ before ‘pread’
 extern ssize_t pread (int __fd, void *__buf, size_t __nbytes,
                ^
/usr/include/unistd.h:384:16: error: expected ‘=’, ‘,’, ‘;’, ‘asm’ or ‘__attribute__’ before ‘pwrite’
 extern ssize_t pwrite (int __fd, const void *__buf, size_t __n,
                ^
/usr/include/unistd.h:417:36: error: expected ‘=’, ‘,’, ‘;’, ‘asm’ or ‘__attribute__’ before ‘__THROW’
 extern int pipe (int __pipedes[2]) __THROW __wur;
                                    ^
/usr/include/unistd.h:432:52: error: expected ‘=’, ‘,’, ‘;’, ‘asm’ or ‘__attribute__’ before ‘__THROW’
 extern unsigned int alarm (unsigned int __seconds) __THROW;
                                                    ^
/usr/include/unistd.h:444:21: error: storage class specified for parameter ‘sleep’
 extern unsigned int sleep (unsigned int __seconds);
                     ^
/usr/include/unistd.h:452:1: error: unknown type name ‘__useconds_t’
 extern __useconds_t ualarm (__useconds_t __value, __useconds_t __interval)
 ^
/usr/include/unistd.h:452:29: error: unknown type name ‘__useconds_t’
 extern __useconds_t ualarm (__useconds_t __value, __useconds_t __interval)
                             ^
/usr/include/unistd.h:452:51: error: unknown type name ‘__useconds_t’
 extern __useconds_t ualarm (__useconds_t __value, __useconds_t __interval)
                                                   ^
/usr/include/unistd.h:460:20: error: unknown type name ‘__useconds_t’
 extern int usleep (__useconds_t __useconds);
                    ^
/usr/include/unistd.h:469:12: error: storage class specified for parameter ‘pause’
 extern int pause (void);
            ^
/usr/include/unistd.h:473:39: error: unknown type name ‘__uid_t’
 extern int chown (const char *__file, __uid_t __owner, __gid_t __group)
                                       ^
/usr/include/unistd.h:473:56: error: unknown type name ‘__gid_t’
 extern int chown (const char *__file, __uid_t __owner, __gid_t __group)
                                                        ^
/usr/include/unistd.h:478:30: error: unknown type name ‘__uid_t’
 extern int fchown (int __fd, __uid_t __owner, __gid_t __group) __THROW __wur;
                              ^
/usr/include/unistd.h:478:47: error: unknown type name ‘__gid_t’
 extern int fchown (int __fd, __uid_t __owner, __gid_t __group) __THROW __wur;
                                               ^
/usr/include/unistd.h:483:40: error: unknown type name ‘__uid_t’
 extern int lchown (const char *__file, __uid_t __owner, __gid_t __group)
                                        ^
/usr/include/unistd.h:483:57: error: unknown type name ‘__gid_t’
 extern int lchown (const char *__file, __uid_t __owner, __gid_t __group)
                                                         ^
/usr/include/unistd.h:491:52: error: unknown type name ‘__uid_t’
 extern int fchownat (int __fd, const char *__file, __uid_t __owner,
                                                    ^
/usr/include/unistd.h:492:8: error: unknown type name ‘__gid_t’
        __gid_t __group, int __flag)
        ^
/usr/include/unistd.h:497:39: error: expected ‘=’, ‘,’, ‘;’, ‘asm’ or ‘__attribute__’ before ‘__THROW’
 extern int chdir (const char *__path) __THROW __nonnull ((1)) __wur;
                                       ^
/usr/include/unistd.h:501:30: error: expected ‘=’, ‘,’, ‘;’, ‘asm’ or ‘__attribute__’ before ‘__THROW’
 extern int fchdir (int __fd) __THROW __wur;
                              ^
/usr/include/unistd.h:511:35: error: unknown type name ‘size_t’
 extern char *getcwd (char *__buf, size_t __size) __THROW __wur;
                                   ^
/usr/include/unistd.h:526:6: error: expected ‘=’, ‘,’, ‘;’, ‘asm’ or ‘__attribute__’ before ‘__THROW’
      __THROW __nonnull ((1)) __attribute_deprecated__ __wur;
      ^
/usr/include/unistd.h:531:27: error: expected ‘=’, ‘,’, ‘;’, ‘asm’ or ‘__attribute__’ before ‘__THROW’
 extern int dup (int __fd) __THROW __wur;
                           ^
/usr/include/unistd.h:534:39: error: expected ‘=’, ‘,’, ‘;’, ‘asm’ or ‘__attribute__’ before ‘__THROW’
 extern int dup2 (int __fd, int __fd2) __THROW;
                                       ^
/usr/include/unistd.h:543:15: error: storage class specified for parameter ‘__environ’
 extern char **__environ;
               ^
/usr/include/unistd.h:552:28: error: expected ‘=’, ‘,’, ‘;’, ‘asm’ or ‘__attribute__’ before ‘__THROW’
      char *const __envp[]) __THROW __nonnull ((1, 2));
                            ^
/usr/include/unistd.h:558:6: error: expected ‘=’, ‘,’, ‘;’, ‘asm’ or ‘__attribute__’ before ‘__THROW’
      __THROW __nonnull ((2));
      ^
/usr/include/unistd.h:564:6: error: expected ‘=’, ‘,’, ‘;’, ‘asm’ or ‘__attribute__’ before ‘__THROW’
      __THROW __nonnull ((1, 2));
      ^
/usr/include/unistd.h:569:6: error: expected ‘=’, ‘,’, ‘;’, ‘asm’ or ‘__attribute__’ before ‘__THROW’
      __THROW __nonnull ((1, 2));
      ^
/usr/include/unistd.h:574:6: error: expected ‘=’, ‘,’, ‘;’, ‘asm’ or ‘__attribute__’ before ‘__THROW’
      __THROW __nonnull ((1, 2));
      ^
/usr/include/unistd.h:579:6: error: expected ‘=’, ‘,’, ‘;’, ‘asm’ or ‘__attribute__’ before ‘__THROW’
      __THROW __nonnull ((1, 2));
      ^
/usr/include/unistd.h:585:6: error: expected ‘=’, ‘,’, ‘;’, ‘asm’ or ‘__attribute__’ before ‘__THROW’
      __THROW __nonnull ((1, 2));
      ^
/usr/include/unistd.h:598:29: error: expected ‘=’, ‘,’, ‘;’, ‘asm’ or ‘__attribute__’ before ‘__THROW’
 extern int nice (int __inc) __THROW __wur;
                             ^
/usr/include/unistd.h:603:13: error: storage class specified for parameter ‘_exit’
 extern void _exit (int __status) __attribute__ ((__noreturn__));
             ^
/usr/include/unistd.h:609:27: error: /usr/include/x86_64-linux-gnu/bits/confname.h: Bad file descriptor
 #include <bits/confname.h>
                           ^
/usr/include/unistd.h:613:6: error: expected ‘=’, ‘,’, ‘;’, ‘asm’ or ‘__attribute__’ before ‘__THROW’
      __THROW __nonnull ((1));
      ^
/usr/include/unistd.h:616:50: error: expected ‘=’, ‘,’, ‘;’, ‘asm’ or ‘__attribute__’ before ‘__THROW’
 extern long int fpathconf (int __fd, int __name) __THROW;
                                                  ^
/usr/include/unistd.h:619:38: error: expected ‘=’, ‘,’, ‘;’, ‘asm’ or ‘__attribute__’ before ‘__THROW’
 extern long int sysconf (int __name) __THROW;
                                      ^
/usr/include/unistd.h:623:1: error: unknown type name ‘size_t’
 extern size_t confstr (int __name, char *__buf, size_t __len) __THROW;
 ^
/usr/include/unistd.h:623:49: error: unknown type name ‘size_t’
 extern size_t confstr (int __name, char *__buf, size_t __len) __THROW;
                                                 ^
/usr/include/unistd.h:628:1: error: unknown type name ‘__pid_t’
 extern __pid_t getpid (void) __THROW;
 ^
/usr/include/unistd.h:628:30: error: expected ‘=’, ‘,’, ‘;’, ‘asm’ or ‘__attribute__’ before ‘__THROW’
 extern __pid_t getpid (void) __THROW;
                              ^
/usr/include/unistd.h:631:1: error: unknown type name ‘__pid_t’
 extern __pid_t getppid (void) __THROW;
 ^
/usr/include/unistd.h:631:31: error: expected ‘=’, ‘,’, ‘;’, ‘asm’ or ‘__attribute__’ before ‘__THROW’
 extern __pid_t getppid (void) __THROW;
                               ^
/usr/include/unistd.h:634:1: error: unknown type name ‘__pid_t’
 extern __pid_t getpgrp (void) __THROW;
 ^
/usr/include/unistd.h:634:31: error: expected ‘=’, ‘,’, ‘;’, ‘asm’ or ‘__attribute__’ before ‘__THROW’
 extern __pid_t getpgrp (void) __THROW;
                               ^
/usr/include/unistd.h:637:1: error: unknown type name ‘__pid_t’
 extern __pid_t __getpgid (__pid_t __pid) __THROW;
 ^
/usr/include/unistd.h:637:27: error: unknown type name ‘__pid_t’
 extern __pid_t __getpgid (__pid_t __pid) __THROW;
                           ^
/usr/include/unistd.h:639:1: error: unknown type name ‘__pid_t’
 extern __pid_t getpgid (__pid_t __pid) __THROW;
 ^
/usr/include/unistd.h:639:25: error: unknown type name ‘__pid_t’
 extern __pid_t getpgid (__pid_t __pid) __THROW;
                         ^
/usr/include/unistd.h:646:21: error: unknown type name ‘__pid_t’
 extern int setpgid (__pid_t __pid, __pid_t __pgid) __THROW;
                     ^
/usr/include/unistd.h:646:36: error: unknown type name ‘__pid_t’
 extern int setpgid (__pid_t __pid, __pid_t __pgid) __THROW;
                                    ^
/usr/include/unistd.h:660:27: error: expected ‘=’, ‘,’, ‘;’, ‘asm’ or ‘__attribute__’ before ‘__THROW’
 extern int setpgrp (void) __THROW;
                           ^
/usr/include/unistd.h:667:1: error: unknown type name ‘__pid_t’
 extern __pid_t setsid (void) __THROW;
 ^
/usr/include/unistd.h:667:30: error: expected ‘=’, ‘,’, ‘;’, ‘asm’ or ‘__attribute__’ before ‘__THROW’
 extern __pid_t setsid (void) __THROW;
                              ^
/usr/include/unistd.h:671:1: error: unknown type name ‘__pid_t’
 extern __pid_t getsid (__pid_t __pid) __THROW;
 ^
/usr/include/unistd.h:671:24: error: unknown type name ‘__pid_t’
 extern __pid_t getsid (__pid_t __pid) __THROW;
                        ^
/usr/include/unistd.h:675:1: error: unknown type name ‘__uid_t’
 extern __uid_t getuid (void) __THROW;
 ^
/usr/include/unistd.h:675:30: error: expected ‘=’, ‘,’, ‘;’, ‘asm’ or ‘__attribute__’ before ‘__THROW’
 extern __uid_t getuid (void) __THROW;
                              ^
/usr/include/unistd.h:678:1: error: unknown type name ‘__uid_t’
 extern __uid_t geteuid (void) __THROW;
 ^
/usr/include/unistd.h:678:31: error: expected ‘=’, ‘,’, ‘;’, ‘asm’ or ‘__attribute__’ before ‘__THROW’
 extern __uid_t geteuid (void) __THROW;
                               ^
/usr/include/unistd.h:681:1: error: unknown type name ‘__gid_t’
 extern __gid_t getgid (void) __THROW;
 ^
/usr/include/unistd.h:681:30: error: expected ‘=’, ‘,’, ‘;’, ‘asm’ or ‘__attribute__’ before ‘__THROW’
 extern __gid_t getgid (void) __THROW;
                              ^
/usr/include/unistd.h:684:1: error: unknown type name ‘__gid_t’
 extern __gid_t getegid (void) __THROW;
 ^
/usr/include/unistd.h:684:31: error: expected ‘=’, ‘,’, ‘;’, ‘asm’ or ‘__attribute__’ before ‘__THROW’
 extern __gid_t getegid (void) __THROW;
                               ^
/usr/include/unistd.h:689:35: error: unknown type name ‘__gid_t’
 extern int getgroups (int __size, __gid_t __list[]) __THROW __wur;
                                   ^
/usr/include/unistd.h:700:20: error: unknown type name ‘__uid_t’
 extern int setuid (__uid_t __uid) __THROW __wur;
                    ^
/usr/include/unistd.h:705:22: error: unknown type name ‘__uid_t’
 extern int setreuid (__uid_t __ruid, __uid_t __euid) __THROW __wur;
                      ^
/usr/include/unistd.h:705:38: error: unknown type name ‘__uid_t’
 extern int setreuid (__uid_t __ruid, __uid_t __euid) __THROW __wur;
                                      ^
/usr/include/unistd.h:710:21: error: unknown type name ‘__uid_t’
 extern int seteuid (__uid_t __uid) __THROW __wur;
                     ^
/usr/include/unistd.h:717:20: error: unknown type name ‘__gid_t’
 extern int setgid (__gid_t __gid) __THROW __wur;
                    ^
/usr/include/unistd.h:722:22: error: unknown type name ‘__gid_t’
 extern int setregid (__gid_t __rgid, __gid_t __egid) __THROW __wur;
                      ^
/usr/include/unistd.h:722:38: error: unknown type name ‘__gid_t’
 extern int setregid (__gid_t __rgid, __gid_t __egid) __THROW __wur;
                                      ^
/usr/include/unistd.h:727:21: error: unknown type name ‘__gid_t’
 extern int setegid (__gid_t __gid) __THROW __wur;
                     ^
/usr/include/unistd.h:756:1: error: unknown type name ‘__pid_t’
 extern __pid_t fork (void) __THROWNL;
 ^
/usr/include/unistd.h:756:28: error: expected ‘=’, ‘,’, ‘;’, ‘asm’ or ‘__attribute__’ before ‘__THROWNL’
 extern __pid_t fork (void) __THROWNL;
                            ^
/usr/include/unistd.h:764:1: error: unknown type name ‘__pid_t’
 extern __pid_t vfork (void) __THROW;
 ^
/usr/include/unistd.h:764:29: error: expected ‘=’, ‘,’, ‘;’, ‘asm’ or ‘__attribute__’ before ‘__THROW’
 extern __pid_t vfork (void) __THROW;
                             ^
/usr/include/unistd.h:770:33: error: expected ‘=’, ‘,’, ‘;’, ‘asm’ or ‘__attribute__’ before ‘__THROW’
 extern char *ttyname (int __fd) __THROW;
                                 ^
/usr/include/unistd.h:774:46: error: unknown type name ‘size_t’
 extern int ttyname_r (int __fd, char *__buf, size_t __buflen)
                                              ^
/usr/include/unistd.h:779:30: error: expected ‘=’, ‘,’, ‘;’, ‘asm’ or ‘__attribute__’ before ‘__THROW’
 extern int isatty (int __fd) __THROW;
                              ^
/usr/include/unistd.h:785:27: error: expected ‘=’, ‘,’, ‘;’, ‘asm’ or ‘__attribute__’ before ‘__THROW’
 extern int ttyslot (void) __THROW;
                           ^
/usr/include/unistd.h:791:6: error: expected ‘=’, ‘,’, ‘;’, ‘asm’ or ‘__attribute__’ before ‘__THROW’
      __THROW __nonnull ((1, 2)) __wur;
      ^
/usr/include/unistd.h:798:6: error: expected ‘=’, ‘,’, ‘;’, ‘asm’ or ‘__attribute__’ before ‘__THROW’
      __THROW __nonnull ((2, 4)) __wur;
      ^
/usr/include/unistd.h:804:6: error: expected ‘=’, ‘,’, ‘;’, ‘asm’ or ‘__attribute__’ before ‘__THROW’
      __THROW __nonnull ((1, 2)) __wur;
      ^
/usr/include/unistd.h:809:16: error: expected ‘=’, ‘,’, ‘;’, ‘asm’ or ‘__attribute__’ before ‘readlink’
 extern ssize_t readlink (const char *__restrict __path,
                ^
/usr/include/unistd.h:817:27: error: expected ‘=’, ‘,’, ‘;’, ‘asm’ or ‘__attribute__’ before ‘__THROW’
         const char *__to) __THROW __nonnull ((1, 3)) __wur;
                           ^
/usr/include/unistd.h:820:16: error: expected ‘=’, ‘,’, ‘;’, ‘asm’ or ‘__attribute__’ before ‘readlinkat’
 extern ssize_t readlinkat (int __fd, const char *__restrict __path,
                ^
/usr/include/unistd.h:826:40: error: expected ‘=’, ‘,’, ‘;’, ‘asm’ or ‘__attribute__’ before ‘__THROW’
 extern int unlink (const char *__name) __THROW __nonnull ((1));
                                        ^
/usr/include/unistd.h:831:6: error: expected ‘=’, ‘,’, ‘;’, ‘asm’ or ‘__attribute__’ before ‘__THROW’
      __THROW __nonnull ((2));
      ^
/usr/include/unistd.h:835:39: error: expected ‘=’, ‘,’, ‘;’, ‘asm’ or ‘__attribute__’ before ‘__THROW’
 extern int rmdir (const char *__path) __THROW __nonnull ((1));
                                       ^
/usr/include/unistd.h:839:1: error: unknown type name ‘__pid_t’
 extern __pid_t tcgetpgrp (int __fd) __THROW;
 ^
/usr/include/unistd.h:839:37: error: expected ‘=’, ‘,’, ‘;’, ‘asm’ or ‘__attribute__’ before ‘__THROW’
 extern __pid_t tcgetpgrp (int __fd) __THROW;
                                     ^
/usr/include/unistd.h:842:33: error: unknown type name ‘__pid_t’
 extern int tcsetpgrp (int __fd, __pid_t __pgrp_id) __THROW;
                                 ^
/usr/include/unistd.h:849:14: error: storage class specified for parameter ‘getlogin’
 extern char *getlogin (void);
              ^
/usr/include/unistd.h:857:38: error: unknown type name ‘size_t’
 extern int getlogin_r (char *__name, size_t __name_len) __nonnull ((1));
                                      ^
/usr/include/unistd.h:862:42: error: expected ‘=’, ‘,’, ‘;’, ‘asm’ or ‘__attribute__’ before ‘__THROW’
 extern int setlogin (const char *__name) __THROW __nonnull ((1));
                                          ^
/usr/include/unistd.h:871:21: error: /usr/include/getopt.h: Bad file descriptor
 # include <getopt.h>
                     ^
/usr/include/unistd.h:879:39: error: unknown type name ‘size_t’
 extern int gethostname (char *__name, size_t __len) __THROW __nonnull ((1));
                                       ^
/usr/include/unistd.h:886:45: error: unknown type name ‘size_t’
 extern int sethostname (const char *__name, size_t __len)
                                             ^
/usr/include/unistd.h:891:38: error: expected ‘=’, ‘,’, ‘;’, ‘asm’ or ‘__attribute__’ before ‘__THROW’
 extern int sethostid (long int __id) __THROW __wur;
                                      ^
/usr/include/unistd.h:897:41: error: unknown type name ‘size_t’
 extern int getdomainname (char *__name, size_t __len)
                                         ^
/usr/include/unistd.h:899:47: error: unknown type name ‘size_t’
 extern int setdomainname (const char *__name, size_t __len)
                                               ^
/usr/include/unistd.h:906:27: error: expected ‘=’, ‘,’, ‘;’, ‘asm’ or ‘__attribute__’ before ‘__THROW’
 extern int vhangup (void) __THROW;
                           ^
/usr/include/unistd.h:909:40: error: expected ‘=’, ‘,’, ‘;’, ‘asm’ or ‘__attribute__’ before ‘__THROW’
 extern int revoke (const char *__file) __THROW __nonnull ((1)) __wur;
                                        ^
/usr/include/unistd.h:917:57: error: unknown type name ‘size_t’
 extern int profil (unsigned short int *__sample_buffer, size_t __size,
                                                         ^
/usr/include/unistd.h:918:6: error: unknown type name ‘size_t’
      size_t __offset, unsigned int __scale)
      ^
/usr/include/unistd.h:925:38: error: expected ‘=’, ‘,’, ‘;’, ‘asm’ or ‘__attribute__’ before ‘__THROW’
 extern int acct (const char *__name) __THROW;
                                      ^
/usr/include/unistd.h:929:34: error: expected ‘=’, ‘,’, ‘;’, ‘asm’ or ‘__attribute__’ before ‘__THROW’
 extern char *getusershell (void) __THROW;
                                  ^
/usr/include/unistd.h:930:33: error: expected ‘=’, ‘,’, ‘;’, ‘asm’ or ‘__attribute__’ before ‘__THROW’
 extern void endusershell (void) __THROW; /* Discard cached info.  */
                                 ^
/usr/include/unistd.h:931:33: error: expected ‘=’, ‘,’, ‘;’, ‘asm’ or ‘__attribute__’ before ‘__THROW’
 extern void setusershell (void) __THROW; /* Rewind and re-read the file.  */
                                 ^
/usr/include/unistd.h:937:50: error: expected ‘=’, ‘,’, ‘;’, ‘asm’ or ‘__attribute__’ before ‘__THROW’
 extern int daemon (int __nochdir, int __noclose) __THROW __wur;
                                                  ^
/usr/include/unistd.h:944:40: error: expected ‘=’, ‘,’, ‘;’, ‘asm’ or ‘__attribute__’ before ‘__THROW’
 extern int chroot (const char *__path) __THROW __nonnull ((1)) __wur;
                                        ^
/usr/include/unistd.h:948:45: error: expected ‘=’, ‘,’, ‘;’, ‘asm’ or ‘__attribute__’ before ‘__nonnull’
 extern char *getpass (const char *__prompt) __nonnull ((1));
                                             ^
/usr/include/unistd.h:956:12: error: storage class specified for parameter ‘fsync’
 extern int fsync (int __fd);
            ^
/usr/include/unistd.h:969:17: error: storage class specified for parameter ‘gethostid’
 extern long int gethostid (void);
                 ^
/usr/include/unistd.h:972:25: error: expected ‘=’, ‘,’, ‘;’, ‘asm’ or ‘__attribute__’ before ‘__THROW’
 extern void sync (void) __THROW;
                         ^
/usr/include/unistd.h:978:32: error: expected ‘=’, ‘,’, ‘;’, ‘asm’ or ‘__attribute__’ before ‘__THROW’
 extern int getpagesize (void)  __THROW __attribute__ ((__const__));
                                ^
/usr/include/unistd.h:983:33: error: expected ‘=’, ‘,’, ‘;’, ‘asm’ or ‘__attribute__’ before ‘__THROW’
 extern int getdtablesize (void) __THROW;
                                 ^
/usr/include/unistd.h:993:42: error: unknown type name ‘__off_t’
 extern int truncate (const char *__file, __off_t __length)
                                          ^
/usr/include/unistd.h:1016:33: error: unknown type name ‘__off_t’
 extern int ftruncate (int __fd, __off_t __length) __THROW __wur;
                                 ^
/usr/include/unistd.h:1037:31: error: expected ‘=’, ‘,’, ‘;’, ‘asm’ or ‘__attribute__’ before ‘__THROW’
 extern int brk (void *__addr) __THROW __wur;
                               ^
/usr/include/unistd.h:1043:38: error: expected ‘=’, ‘,’, ‘;’, ‘asm’ or ‘__attribute__’ before ‘__THROW’
 extern void *sbrk (intptr_t __delta) __THROW;
                                      ^
/usr/include/unistd.h:1058:49: error: expected ‘=’, ‘,’, ‘;’, ‘asm’ or ‘__attribute__’ before ‘__THROW’
 extern long int syscall (long int __sysno, ...) __THROW;
                                                 ^
/usr/include/unistd.h:1081:40: error: unknown type name ‘__off_t’
 extern int lockf (int __fd, int __cmd, __off_t __len) __wur;
                                        ^
/usr/include/unistd.h:1112:12: error: storage class specified for parameter ‘fdatasync’
 extern int fdatasync (int __fildes);
            ^
In file included from shared.c:11:0:
shared.h:7:20: error: /usr/include/stdlib.h: Bad file descriptor
 #include <stdlib.h>
                    ^
In file included from shared.h:8:0,
                 from shared.c:11:
/usr/include/netdb.h:32:24: error: /usr/include/rpc/netdb.h: Bad file descriptor
 # include <rpc/netdb.h>
                        ^
In file included from shared.h:6:0,
                 from shared.c:11:
/usr/include/unistd.h:1151:1: error: expected declaration specifiers before ‘__END_DECLS’
 __END_DECLS
 ^
In file included from /usr/include/netdb.h:42:0,
                 from shared.h:8,
                 from shared.c:11:
/usr/include/x86_64-linux-gnu/bits/netdb.h:32:2: error: expected declaration specifiers before ‘;’ token
 };
  ^
In file included from shared.h:8:0,
                 from shared.c:11:
/usr/include/netdb.h:53:1: error: expected declaration specifiers before ‘__BEGIN_DECLS’
 __BEGIN_DECLS
 ^
/usr/include/netdb.h:92:40: error: expected ‘=’, ‘,’, ‘;’, ‘asm’ or ‘__attribute__’ before ‘__THROW’
 extern void herror (const char *__str) __THROW;
                                        ^
/usr/include/netdb.h:95:46: error: expected ‘=’, ‘,’, ‘;’, ‘asm’ or ‘__attribute__’ before ‘__THROW’
 extern const char *hstrerror (int __err_num) __THROW;
                                              ^
/usr/include/netdb.h:117:13: error: storage class specified for parameter ‘sethostent’
 extern void sethostent (int __stay_open);
             ^
/usr/include/netdb.h:123:13: error: storage class specified for parameter ‘endhostent’
 extern void endhostent (void);
             ^
/usr/include/netdb.h:130:24: error: storage class specified for parameter ‘gethostent’
 extern struct hostent *gethostent (void);
                        ^
/usr/include/netdb.h:137:59: error: unknown type name ‘__socklen_t’
 extern struct hostent *gethostbyaddr (const void *__addr, __socklen_t __len,
                                                           ^
/usr/include/netdb.h:144:24: error: storage class specified for parameter ‘gethostbyname’
 extern struct hostent *gethostbyname (const char *__name);
                        ^
/usr/include/netdb.h:155:24: error: storage class specified for parameter ‘gethostbyname2’
 extern struct hostent *gethostbyname2 (const char *__name, int __af);
                        ^
/usr/include/netdb.h:168:29: error: unknown type name ‘size_t’
     char *__restrict __buf, size_t __buflen,
                             ^
/usr/include/netdb.h:172:60: error: unknown type name ‘__socklen_t’
 extern int gethostbyaddr_r (const void *__restrict __addr, __socklen_t __len,
                                                            ^
/usr/include/netdb.h:175:32: error: unknown type name ‘size_t’
        char *__restrict __buf, size_t __buflen,
                                ^
/usr/include/netdb.h:181:32: error: unknown type name ‘size_t’
        char *__restrict __buf, size_t __buflen,
                                ^
/usr/include/netdb.h:187:33: error: unknown type name ‘size_t’
         char *__restrict __buf, size_t __buflen,
                                 ^
/usr/include/netdb.h:198:13: error: storage class specified for parameter ‘setnetent’
 extern void setnetent (int __stay_open);
             ^
/usr/include/netdb.h:204:13: error: storage class specified for parameter ‘endnetent’
 extern void endnetent (void);
             ^
/usr/include/netdb.h:211:23: error: storage class specified for parameter ‘getnetent’
 extern struct netent *getnetent (void);
                       ^
/usr/include/netdb.h:218:23: error: storage class specified for parameter ‘getnetbyaddr’
 extern struct netent *getnetbyaddr (uint32_t __net, int __type);
                       ^
/usr/include/netdb.h:224:23: error: storage class specified for parameter ‘getnetbyname’
 extern struct netent *getnetbyname (const char *__name);
                       ^
/usr/include/netdb.h:238:28: error: unknown type name ‘size_t’
    char *__restrict __buf, size_t __buflen,
                            ^
/usr/include/netdb.h:244:31: error: unknown type name ‘size_t’
       char *__restrict __buf, size_t __buflen,
                               ^
/usr/include/netdb.h:250:31: error: unknown type name ‘size_t’
       char *__restrict __buf, size_t __buflen,
                               ^
/usr/include/netdb.h:270:13: error: storage class specified for parameter ‘setservent’
 extern void setservent (int __stay_open);
             ^
/usr/include/netdb.h:276:13: error: storage class specified for parameter ‘endservent’
 extern void endservent (void);
             ^
/usr/include/netdb.h:283:24: error: storage class specified for parameter ‘getservent’
 extern struct servent *getservent (void);
                        ^
/usr/include/netdb.h:290:24: error: storage class specified for parameter ‘getservbyname’
 extern struct servent *getservbyname (const char *__name, const char *__proto);
                        ^
/usr/include/netdb.h:297:24: error: storage class specified for parameter ‘getservbyport’
 extern struct servent *getservbyport (int __port, const char *__proto);
                        ^
/usr/include/netdb.h:309:29: error: unknown type name ‘size_t’
     char *__restrict __buf, size_t __buflen,
                             ^
/usr/include/netdb.h:315:32: error: unknown type name ‘size_t’
        char *__restrict __buf, size_t __buflen,
                                ^
/usr/include/netdb.h:320:32: error: unknown type name ‘size_t’
        char *__restrict __buf, size_t __buflen,
                                ^
/usr/include/netdb.h:338:13: error: storage class specified for parameter ‘setprotoent’
 extern void setprotoent (int __stay_open);
             ^
/usr/include/netdb.h:344:13: error: storage class specified for parameter ‘endprotoent’
 extern void endprotoent (void);
             ^
/usr/include/netdb.h:351:25: error: storage class specified for parameter ‘getprotoent’
 extern struct protoent *getprotoent (void);
                         ^
/usr/include/netdb.h:357:25: error: storage class specified for parameter ‘getprotobyname’
 extern struct protoent *getprotobyname (const char *__name);
                         ^
/usr/include/netdb.h:363:25: error: storage class specified for parameter ‘getprotobynumber’
 extern struct protoent *getprotobynumber (int __proto);
                         ^
/usr/include/netdb.h:375:30: error: unknown type name ‘size_t’
      char *__restrict __buf, size_t __buflen,
                              ^
/usr/include/netdb.h:380:33: error: unknown type name ‘size_t’
         char *__restrict __buf, size_t __buflen,
                                 ^
/usr/include/netdb.h:385:35: error: unknown type name ‘size_t’
           char *__restrict __buf, size_t __buflen,
                                   ^
/usr/include/netdb.h:395:12: error: storage class specified for parameter ‘setnetgrent’
 extern int setnetgrent (const char *__netgroup);
            ^
/usr/include/netdb.h:403:13: error: storage class specified for parameter ‘endnetgrent’
 extern void endnetgrent (void);
             ^
/usr/include/netdb.h:412:12: error: storage class specified for parameter ‘getnetgrent’
 extern int getnetgrent (char **__restrict __hostp,
            ^
/usr/include/netdb.h:423:12: error: storage class specified for parameter ‘innetgr’
 extern int innetgr (const char *__netgroup, const char *__host,
            ^
/usr/include/netdb.h:435:33: error: unknown type name ‘size_t’
      char *__restrict __buffer, size_t __buflen);
                                 ^
/usr/include/netdb.h:451:12: error: storage class specified for parameter ‘rcmd’
 extern int rcmd (char **__restrict __ahost, unsigned short int __rport,
            ^
/usr/include/netdb.h:467:7: error: unknown type name ‘sa_family_t’
       sa_family_t __af);
       ^
/usr/include/netdb.h:479:12: error: storage class specified for parameter ‘rexec’
 extern int rexec (char **__restrict __ahost, int __rport,
            ^
/usr/include/netdb.h:495:8: error: unknown type name ‘sa_family_t’
        sa_family_t __af);
        ^
/usr/include/netdb.h:505:12: error: storage class specified for parameter ‘ruserok’
 extern int ruserok (const char *__rhost, int __suser,
            ^
/usr/include/netdb.h:517:10: error: unknown type name ‘sa_family_t’
          sa_family_t __af);
          ^
/usr/include/netdb.h:528:12: error: storage class specified for parameter ‘iruserok’
 extern int iruserok (uint32_t __raddr, int __suser,
            ^
/usr/include/netdb.h:541:4: error: unknown type name ‘sa_family_t’
    sa_family_t __af);
    ^
/usr/include/netdb.h:551:12: error: storage class specified for parameter ‘rresvport’
 extern int rresvport (int *__alport);
            ^
/usr/include/netdb.h:560:41: error: unknown type name ‘sa_family_t’
 extern int rresvport_af (int *__alport, sa_family_t __af);
                                         ^
/usr/include/netdb.h:573:3: error: expected specifier-qualifier-list before ‘socklen_t’
   socklen_t ai_addrlen;  /* Length of socket address.  */
   ^
/usr/include/netdb.h:662:12: error: storage class specified for parameter ‘getaddrinfo’
 extern int getaddrinfo (const char *__restrict __name,
            ^
/usr/include/netdb.h:668:50: error: expected ‘=’, ‘,’, ‘;’, ‘asm’ or ‘__attribute__’ before ‘__THROW’
 extern void freeaddrinfo (struct addrinfo *__ai) __THROW;
                                                  ^
/usr/include/netdb.h:671:47: error: expected ‘=’, ‘,’, ‘;’, ‘asm’ or ‘__attribute__’ before ‘__THROW’
 extern const char *gai_strerror (int __ecode) __THROW;
                                               ^
/usr/include/netdb.h:678:4: error: expected declaration specifiers or ‘...’ before ‘socklen_t’
    socklen_t __salen, char *__restrict __host,
    ^
/usr/include/netdb.h:679:4: error: expected declaration specifiers or ‘...’ before ‘socklen_t’
    socklen_t __hostlen, char *__restrict __serv,
    ^
/usr/include/netdb.h:680:4: error: expected declaration specifiers or ‘...’ before ‘socklen_t’
    socklen_t __servlen, int __flags);
    ^
/usr/include/netdb.h:713:1: error: unknown type name ‘__END_DECLS’
 __END_DECLS
 ^
In file included from shared.h:9:0,
                 from shared.c:11:
/usr/include/string.h:44:1: error: expected ‘=’, ‘,’, ‘;’, ‘asm’ or ‘__attribute__’ before ‘__BEGIN_NAMESPACE_STD’
 __BEGIN_NAMESPACE_STD
 ^
/usr/include/string.h:50:56: error: unknown type name ‘size_t’
 extern void *memmove (void *__dest, const void *__src, size_t __n)
                                                        ^
/usr/include/string.h:52:1: error: expected declaration specifiers before ‘__END_NAMESPACE_STD’
 __END_NAMESPACE_STD
 ^
/usr/include/string.h:64:1: error: expected declaration specifiers before ‘__BEGIN_NAMESPACE_STD’
 __BEGIN_NAMESPACE_STD
 ^
/usr/include/string.h:69:56: error: unknown type name ‘size_t’
 extern int memcmp (const void *__s1, const void *__s2, size_t __n)
                                                        ^
/usr/include/string.h:96:48: error: unknown type name ‘size_t’
 extern void *memchr (const void *__s, int __c, size_t __n)
                                                ^
/usr/include/string.h:99:1: error: unknown type name ‘__END_NAMESPACE_STD’
 __END_NAMESPACE_STD
 ^
/usr/include/string.h:129:1: error: expected ‘=’, ‘,’, ‘;’, ‘asm’ or ‘__attribute__’ before ‘extern’
 extern char *strcpy (char *__restrict __dest, const char *__restrict __src)
 ^
/usr/include/string.h:133:39: error: unknown type name ‘size_t’
         const char *__restrict __src, size_t __n)
                                       ^
/usr/include/string.h:138:6: error: expected ‘=’, ‘,’, ‘;’, ‘asm’ or ‘__attribute__’ before ‘__THROW’
      __THROW __nonnull ((1, 2));
      ^
/usr/include/string.h:141:9: error: unknown type name ‘size_t’
         size_t __n) __THROW __nonnull ((1, 2));
         ^
/usr/include/string.h:145:6: error: expected ‘=’, ‘,’, ‘;’, ‘asm’ or ‘__attribute__’ before ‘__THROW’
      __THROW __attribute_pure__ __nonnull ((1, 2));
      ^
/usr/include/string.h:147:57: error: unknown type name ‘size_t’
 extern int strncmp (const char *__s1, const char *__s2, size_t __n)
                                                         ^
/usr/include/string.h:152:6: error: expected ‘=’, ‘,’, ‘;’, ‘asm’ or ‘__attribute__’ before ‘__THROW’
      __THROW __attribute_pure__ __nonnull ((1, 2));
      ^
/usr/include/string.h:154:1: error: unknown type name ‘size_t’
 extern size_t strxfrm (char *__restrict __dest,
 ^
/usr/include/string.h:155:40: error: unknown type name ‘size_t’
          const char *__restrict __src, size_t __n)
                                        ^
/usr/include/string.h:163:22: error: /usr/include/xlocale.h: Bad file descriptor
 # include <xlocale.h>
                      ^
/usr/include/string.h:157:1: error: expected declaration specifiers before ‘__END_NAMESPACE_STD’
 __END_NAMESPACE_STD
 ^
/usr/include/string.h:169:1: error: unknown type name ‘size_t’
 extern size_t strxfrm_l (char *__dest, const char *__src, size_t __n,
 ^
/usr/include/string.h:169:59: error: unknown type name ‘size_t’
 extern size_t strxfrm_l (char *__dest, const char *__src, size_t __n,
                                                           ^
/usr/include/string.h:170:5: error: unknown type name ‘__locale_t’
     __locale_t __l) __THROW __nonnull ((2, 4));
     ^
/usr/include/string.h:177:6: error: expected ‘=’, ‘,’, ‘;’, ‘asm’ or ‘__attribute__’ before ‘__THROW’
      __THROW __attribute_malloc__ __nonnull ((1));
      ^
/usr/include/string.h:184:45: error: unknown type name ‘size_t’
 extern char *strndup (const char *__string, size_t __n)
                                             ^
/usr/include/string.h:211:1: error: expected declaration specifiers before ‘__BEGIN_NAMESPACE_STD’
 __BEGIN_NAMESPACE_STD
 ^
/usr/include/string.h:264:6: error: expected ‘=’, ‘,’, ‘;’, ‘asm’ or ‘__attribute__’ before ‘__THROW’
      __THROW __attribute_pure__ __nonnull ((1));
      ^
/usr/include/string.h:266:1: error: unknown type name ‘__END_NAMESPACE_STD’
 __END_NAMESPACE_STD
 ^
/usr/include/string.h:285:1: error: expected ‘=’, ‘,’, ‘;’, ‘asm’ or ‘__attribute__’ before ‘extern’
 extern size_t strcspn (const char *__s, const char *__reject)
 ^
/usr/include/string.h:289:1: error: unknown type name ‘size_t’
 extern size_t strspn (const char *__s, const char *__accept)
 ^
/usr/include/string.h:290:6: error: expected ‘=’, ‘,’, ‘;’, ‘asm’ or ‘__attribute__’ before ‘__THROW’
      __THROW __attribute_pure__ __nonnull ((1, 2));
      ^
/usr/include/string.h:316:6: error: expected ‘=’, ‘,’, ‘;’, ‘asm’ or ‘__attribute__’ before ‘__THROW’
      __THROW __attribute_pure__ __nonnull ((1, 2));
      ^
/usr/include/string.h:343:6: error: expected ‘=’, ‘,’, ‘;’, ‘asm’ or ‘__attribute__’ before ‘__THROW’
      __THROW __attribute_pure__ __nonnull ((1, 2));
      ^
/usr/include/string.h:349:6: error: expected ‘=’, ‘,’, ‘;’, ‘asm’ or ‘__attribute__’ before ‘__THROW’
      __THROW __nonnull ((2));
      ^
/usr/include/string.h:350:1: error: expected declaration specifiers before ‘__END_NAMESPACE_STD’
 __END_NAMESPACE_STD
 ^
/usr/include/string.h:361:6: error: expected ‘=’, ‘,’, ‘;’, ‘asm’ or ‘__attribute__’ before ‘__THROW’
      __THROW __nonnull ((2, 3));
      ^
/usr/include/string.h:397:1: error: expected declaration specifiers before ‘__BEGIN_NAMESPACE_STD’
 __BEGIN_NAMESPACE_STD
 ^
/usr/include/string.h:401:1: error: expected declaration specifiers before ‘__END_NAMESPACE_STD’
 __END_NAMESPACE_STD
 ^
/usr/include/string.h:411:1: error: expected declaration specifiers before ‘__BEGIN_NAMESPACE_STD’
 __BEGIN_NAMESPACE_STD
 ^
/usr/include/string.h:414:1: error: expected declaration specifiers before ‘__END_NAMESPACE_STD’
 __END_NAMESPACE_STD
 ^
/usr/include/string.h:445:40: error: unknown type name ‘__locale_t’
 extern char *strerror_l (int __errnum, __locale_t __l) __THROW;
                                        ^
/usr/include/string.h:451:33: error: unknown type name ‘size_t’
 extern void __bzero (void *__s, size_t __n) __THROW __nonnull ((1));
                                 ^
/usr/include/string.h:455:53: error: unknown type name ‘size_t’
 extern void bcopy (const void *__src, void *__dest, size_t __n)
                                                     ^
/usr/include/string.h:459:31: error: unknown type name ‘size_t’
 extern void bzero (void *__s, size_t __n) __THROW __nonnull ((1));
                               ^
/usr/include/string.h:462:54: error: unknown type name ‘size_t’
 extern int bcmp (const void *__s1, const void *__s2, size_t __n)
                                                      ^
/usr/include/string.h:490:6: error: expected ‘=’, ‘,’, ‘;’, ‘asm’ or ‘__attribute__’ before ‘__THROW’
      __THROW __attribute_pure__ __nonnull ((1));
      ^
/usr/include/string.h:518:6: error: expected ‘=’, ‘,’, ‘;’, ‘asm’ or ‘__attribute__’ before ‘__THROW’
      __THROW __attribute_pure__ __nonnull ((1));
      ^
/usr/include/string.h:523:26: error: expected ‘=’, ‘,’, ‘;’, ‘asm’ or ‘__attribute__’ before ‘__THROW’
 extern int ffs (int __i) __THROW __attribute__ ((__const__));
                          ^
/usr/include/string.h:535:6: error: expected ‘=’, ‘,’, ‘;’, ‘asm’ or ‘__attribute__’ before ‘__THROW’
      __THROW __attribute_pure__ __nonnull ((1, 2));
      ^
/usr/include/string.h:538:61: error: unknown type name ‘size_t’
 extern int strncasecmp (const char *__s1, const char *__s2, size_t __n)
                                                             ^
/usr/include/string.h:559:6: error: expected ‘=’, ‘,’, ‘;’, ‘asm’ or ‘__attribute__’ before ‘__THROW’
      __THROW __nonnull ((1, 2));
      ^
/usr/include/string.h:564:36: error: expected ‘=’, ‘,’, ‘;’, ‘asm’ or ‘__attribute__’ before ‘__THROW’
 extern char *strsignal (int __sig) __THROW;
                                    ^
/usr/include/string.h:568:6: error: expected ‘=’, ‘,’, ‘;’, ‘asm’ or ‘__attribute__’ before ‘__THROW’
      __THROW __nonnull ((1, 2));
      ^
/usr/include/string.h:570:6: error: expected ‘=’, ‘,’, ‘;’, ‘asm’ or ‘__attribute__’ before ‘__THROW’
      __THROW __nonnull ((1, 2));
      ^
/usr/include/string.h:575:34: error: unknown type name ‘size_t’
    const char *__restrict __src, size_t __n)
                                  ^
/usr/include/string.h:578:39: error: unknown type name ‘size_t’
         const char *__restrict __src, size_t __n)
                                       ^
In file included from shared.c:11:0:
shared.h:10:20: error: /usr/include/x86_64-linux-gnu/sys/un.h: Bad file descriptor
 #include <sys/un.h>
                    ^
In file included from shared.h:9:0,
                 from shared.c:11:
/usr/include/string.h:644:1: error: unknown type name ‘__END_DECLS’
 __END_DECLS
 ^
In file included from shared.h:12:0,
                 from shared.c:11:
/usr/include/time.h:41:24: error: /usr/include/x86_64-linux-gnu/bits/time.h: Bad file descriptor
 # include <bits/time.h>
                        ^
/usr/include/time.h:57:1: error: expected ‘=’, ‘,’, ‘;’, ‘asm’ or ‘__attribute__’ before ‘__BEGIN_NAMESPACE_STD’
 __BEGIN_NAMESPACE_STD
 ^
/usr/include/time.h:60:1: error: unknown type name ‘__END_NAMESPACE_STD’
 __END_NAMESPACE_STD
 ^
/usr/include/time.h:73:1: error: expected ‘=’, ‘,’, ‘;’, ‘asm’ or ‘__attribute__’ before ‘__BEGIN_NAMESPACE_STD’
 __BEGIN_NAMESPACE_STD
 ^
/usr/include/time.h:76:1: error: unknown type name ‘__END_NAMESPACE_STD’
 __END_NAMESPACE_STD
 ^
/usr/include/time.h:91:1: error: expected ‘=’, ‘,’, ‘;’, ‘asm’ or ‘__attribute__’ before ‘typedef’
 typedef __clockid_t clockid_t;
 ^
/usr/include/time.h:103:1: error: unknown type name ‘__timer_t’
 typedef __timer_t timer_t;
 ^
/usr/include/time.h:103:19: error: storage class specified for parameter ‘timer_t’
 typedef __timer_t timer_t;
                   ^
/usr/include/time.h:122:5: error: unknown type name ‘__time_t’
     __time_t tv_sec;  /* Seconds.  */
     ^
/usr/include/time.h:123:5: error: unknown type name ‘__syscall_slong_t’
     __syscall_slong_t tv_nsec; /* Nanoseconds.  */
     ^
/usr/include/time.h:131:1: error: expected declaration specifiers before ‘__BEGIN_NAMESPACE_STD’
 __BEGIN_NAMESPACE_STD
 ^
/usr/include/time.h:152:2: error: expected declaration specifiers before ‘;’ token
 };
  ^
/usr/include/time.h:153:1: error: unknown type name ‘__END_NAMESPACE_STD’
 __END_NAMESPACE_STD
 ^
/usr/include/time.h:161:1: error: expected ‘=’, ‘,’, ‘;’, ‘asm’ or ‘__attribute__’ before ‘struct’
 struct itimerspec
 ^
/usr/include/time.h:165:4: error: expected declaration specifiers before ‘;’ token
   };
    ^
/usr/include/time.h:186:1: error: expected declaration specifiers before ‘__BEGIN_NAMESPACE_STD’
 __BEGIN_NAMESPACE_STD
 ^
/usr/include/time.h:192:1: error: unknown type name ‘time_t’
 extern time_t time (time_t *__timer) __THROW;
 ^
/usr/include/time.h:192:21: error: unknown type name ‘time_t’
 extern time_t time (time_t *__timer) __THROW;
                     ^
/usr/include/time.h:195:25: error: unknown type name ‘time_t’
 extern double difftime (time_t __time1, time_t __time0)
                         ^
/usr/include/time.h:195:41: error: unknown type name ‘time_t’
 extern double difftime (time_t __time1, time_t __time0)
                                         ^
/usr/include/time.h:199:1: error: unknown type name ‘time_t’
 extern time_t mktime (struct tm *__tp) __THROW;
 ^
/usr/include/time.h:199:40: error: expected ‘=’, ‘,’, ‘;’, ‘asm’ or ‘__attribute__’ before ‘__THROW’
 extern time_t mktime (struct tm *__tp) __THROW;
                                        ^
/usr/include/time.h:205:1: error: unknown type name ‘size_t’
 extern size_t strftime (char *__restrict __s, size_t __maxsize,
 ^
/usr/include/time.h:205:47: error: unknown type name ‘size_t’
 extern size_t strftime (char *__restrict __s, size_t __maxsize,
                                               ^
/usr/include/time.h:208:1: error: expected declaration specifiers before ‘__END_NAMESPACE_STD’
 __END_NAMESPACE_STD
 ^
/usr/include/time.h:236:1: error: expected declaration specifiers before ‘__BEGIN_NAMESPACE_STD’
 __BEGIN_NAMESPACE_STD
 ^
/usr/include/time.h:243:15: error: unknown type name ‘time_t’
 extern struct tm *localtime (const time_t *__timer) __THROW;
               ^
/usr/include/time.h:243:53: error: expected ‘=’, ‘,’, ‘;’, ‘asm’ or ‘__attribute__’ before ‘__THROW’
 extern struct tm *localtime (const time_t *__timer) __THROW;
                                                     ^
/usr/include/time.h:244:1: error: expected declaration specifiers before ‘__END_NAMESPACE_STD’
 __END_NAMESPACE_STD
 ^
/usr/include/time.h:254:15: error: unknown type name ‘time_t’
 extern struct tm *localtime_r (const time_t *__restrict __timer,
               ^
/usr/include/time.h:255:39: error: expected ‘=’, ‘,’, ‘;’, ‘asm’ or ‘__attribute__’ before ‘__THROW’
           struct tm *__restrict __tp) __THROW;
                                       ^
/usr/include/time.h:258:1: error: expected declaration specifiers before ‘__BEGIN_NAMESPACE_STD’
 __BEGIN_NAMESPACE_STD
 ^
/usr/include/time.h:264:1: error: unknown type name ‘time_t’
 extern char *ctime (const time_t *__timer) __THROW;
 ^
/usr/include/time.h:264:44: error: expected ‘=’, ‘,’, ‘;’, ‘asm’ or ‘__attribute__’ before ‘__THROW’
 extern char *ctime (const time_t *__timer) __THROW;
                                            ^
/usr/include/time.h:265:1: error: expected declaration specifiers before ‘__END_NAMESPACE_STD’
 __END_NAMESPACE_STD
 ^
/usr/include/time.h:276:1: error: unknown type name ‘time_t’
 extern char *ctime_r (const time_t *__restrict __timer,
 ^
/usr/include/time.h:277:33: error: expected ‘=’, ‘,’, ‘;’, ‘asm’ or ‘__attribute__’ before ‘__THROW’
         char *__restrict __buf) __THROW;
                                 ^
/usr/include/time.h:282:14: error: storage class specified for parameter ‘__tzname’
 extern char *__tzname[2]; /* Current timezone names.  */
              ^
/usr/include/time.h:283:12: error: storage class specified for parameter ‘__daylight’
 extern int __daylight;  /* If daylight-saving time is ever in use.  */
            ^
/usr/include/time.h:284:17: error: storage class specified for parameter ‘__timezone’
 extern long int __timezone; /* Seconds west of UTC.  */
                 ^
/usr/include/time.h:289:14: error: storage class specified for parameter ‘tzname’
 extern char *tzname[2];
              ^
/usr/include/time.h:293:26: error: expected ‘=’, ‘,’, ‘;’, ‘asm’ or ‘__attribute__’ before ‘__THROW’
 extern void tzset (void) __THROW;
                          ^
/usr/include/time.h:297:12: error: storage class specified for parameter ‘daylight’
 extern int daylight;
            ^
/usr/include/time.h:298:17: error: storage class specified for parameter ‘timezone’
 extern long int timezone;
                 ^
/usr/include/time.h:304:1: error: unknown type name ‘time_t’
 extern int stime (const time_t *__when) __THROW;
 ^
/usr/include/time.h:304:41: error: expected ‘=’, ‘,’, ‘;’, ‘asm’ or ‘__attribute__’ before ‘__THROW’
 extern int stime (const time_t *__when) __THROW;
                                         ^
/usr/include/time.h:319:1: error: unknown type name ‘time_t’
 extern time_t timegm (struct tm *__tp) __THROW;
 ^
/usr/include/time.h:319:40: error: expected ‘=’, ‘,’, ‘;’, ‘asm’ or ‘__attribute__’ before ‘__THROW’
 extern time_t timegm (struct tm *__tp) __THROW;
                                        ^
/usr/include/time.h:322:1: error: unknown type name ‘time_t’
 extern time_t timelocal (struct tm *__tp) __THROW;
 ^
/usr/include/time.h:322:43: error: expected ‘=’, ‘,’, ‘;’, ‘asm’ or ‘__attribute__’ before ‘__THROW’
 extern time_t timelocal (struct tm *__tp) __THROW;
                                           ^
/usr/include/time.h:325:32: error: expected ‘=’, ‘,’, ‘;’, ‘asm’ or ‘__attribute__’ before ‘__THROW’
 extern int dysize (int __year) __THROW  __attribute__ ((__const__));
                                ^
/usr/include/time.h:334:12: error: storage class specified for parameter ‘nanosleep’
 extern int nanosleep (const struct timespec *__requested_time,
            ^
/usr/include/time.h:339:26: error: unknown type name ‘clockid_t’
 extern int clock_getres (clockid_t __clock_id, struct timespec *__res) __THROW;
                          ^
/usr/include/time.h:342:27: error: unknown type name ‘clockid_t’
 extern int clock_gettime (clockid_t __clock_id, struct timespec *__tp) __THROW;
                           ^
/usr/include/time.h:345:27: error: unknown type name ‘clockid_t’
 extern int clock_settime (clockid_t __clock_id, const struct timespec *__tp)
                           ^
/usr/include/time.h:353:29: error: unknown type name ‘clockid_t’
 extern int clock_nanosleep (clockid_t __clock_id, int __flags,
                             ^
/usr/include/time.h:358:33: error: expected declaration specifiers or ‘...’ before ‘pid_t’
 extern int clock_getcpuclockid (pid_t __pid, clockid_t *__clock_id) __THROW;
                                 ^
/usr/include/time.h:358:46: error: unknown type name ‘clockid_t’
 extern int clock_getcpuclockid (pid_t __pid, clockid_t *__clock_id) __THROW;
                                              ^
/usr/include/time.h:363:26: error: unknown type name ‘clockid_t’
 extern int timer_create (clockid_t __clock_id,
                          ^
/usr/include/time.h:365:5: error: expected declaration specifiers or ‘...’ before ‘timer_t’
     timer_t *__restrict __timerid) __THROW;
     ^
/usr/include/time.h:368:26: error: expected declaration specifiers or ‘...’ before ‘timer_t’
 extern int timer_delete (timer_t __timerid) __THROW;
                          ^
/usr/include/time.h:371:27: error: expected declaration specifiers or ‘...’ before ‘timer_t’
 extern int timer_settime (timer_t __timerid, int __flags,
                           ^
/usr/include/time.h:376:27: error: expected declaration specifiers or ‘...’ before ‘timer_t’
 extern int timer_gettime (timer_t __timerid, struct itimerspec *__value)
                           ^
/usr/include/time.h:380:30: error: expected declaration specifiers or ‘...’ before ‘timer_t’
 extern int timer_getoverrun (timer_t __timerid) __THROW;
                              ^
/usr/include/time.h:430:1: error: unknown type name ‘__END_DECLS’
 __END_DECLS
 ^
In file included from shared.h:13:0,
                 from shared.c:11:
/usr/include/arpa/inet.h:34:1: error: expected ‘=’, ‘,’, ‘;’, ‘asm’ or ‘__attribute__’ before ‘extern’
 extern in_addr_t inet_addr (const char *__cp) __THROW;
 ^
/usr/include/arpa/inet.h:37:1: error: unknown type name ‘in_addr_t’
 extern in_addr_t inet_lnaof (struct in_addr __in) __THROW;
 ^
/usr/include/arpa/inet.h:37:51: error: expected ‘=’, ‘,’, ‘;’, ‘asm’ or ‘__attribute__’ before ‘__THROW’
 extern in_addr_t inet_lnaof (struct in_addr __in) __THROW;
                                                   ^
/usr/include/arpa/inet.h:41:38: error: unknown type name ‘in_addr_t’
 extern struct in_addr inet_makeaddr (in_addr_t __net, in_addr_t __host)
                                      ^
/usr/include/arpa/inet.h:41:55: error: unknown type name ‘in_addr_t’
 extern struct in_addr inet_makeaddr (in_addr_t __net, in_addr_t __host)
                                                       ^
/usr/include/arpa/inet.h:45:1: error: unknown type name ‘in_addr_t’
 extern in_addr_t inet_netof (struct in_addr __in) __THROW;
 ^
/usr/include/arpa/inet.h:45:51: error: expected ‘=’, ‘,’, ‘;’, ‘asm’ or ‘__attribute__’ before ‘__THROW’
 extern in_addr_t inet_netof (struct in_addr __in) __THROW;
                                                   ^
/usr/include/arpa/inet.h:49:1: error: unknown type name ‘in_addr_t’
 extern in_addr_t inet_network (const char *__cp) __THROW;
 ^
/usr/include/arpa/inet.h:49:50: error: expected ‘=’, ‘,’, ‘;’, ‘asm’ or ‘__attribute__’ before ‘__THROW’
 extern in_addr_t inet_network (const char *__cp) __THROW;
                                                  ^
/usr/include/arpa/inet.h:53:46: error: expected ‘=’, ‘,’, ‘;’, ‘asm’ or ‘__attribute__’ before ‘__THROW’
 extern char *inet_ntoa (struct in_addr __in) __THROW;
                                              ^
/usr/include/arpa/inet.h:59:33: error: expected ‘=’, ‘,’, ‘;’, ‘asm’ or ‘__attribute__’ before ‘__THROW’
         void *__restrict __buf) __THROW;
                                 ^
/usr/include/arpa/inet.h:65:34: error: expected declaration specifiers or ‘...’ before ‘socklen_t’
          char *__restrict __buf, socklen_t __len)
                                  ^
/usr/include/arpa/inet.h:73:64: error: expected ‘=’, ‘,’, ‘;’, ‘asm’ or ‘__attribute__’ before ‘__THROW’
 extern int inet_aton (const char *__cp, struct in_addr *__inp) __THROW;
                                                                ^
/usr/include/arpa/inet.h:77:25: error: unknown type name ‘in_addr_t’
 extern char *inet_neta (in_addr_t __net, char *__buf, size_t __len) __THROW;
                         ^
/usr/include/arpa/inet.h:77:55: error: unknown type name ‘size_t’
 extern char *inet_neta (in_addr_t __net, char *__buf, size_t __len) __THROW;
                                                       ^
/usr/include/arpa/inet.h:83:21: error: unknown type name ‘size_t’
        char *__buf, size_t __len) __THROW;
                     ^
/usr/include/arpa/inet.h:89:19: error: unknown type name ‘size_t’
      void *__buf, size_t __len) __THROW;
                   ^
/usr/include/arpa/inet.h:95:42: error: expected ‘=’, ‘,’, ‘;’, ‘asm’ or ‘__attribute__’ before ‘__THROW’
         unsigned char *__buf, int __len) __THROW;
                                          ^
/usr/include/arpa/inet.h:100:22: error: expected ‘=’, ‘,’, ‘;’, ‘asm’ or ‘__attribute__’ before ‘__THROW’
         char *__buf) __THROW;
                      ^
In file included from /usr/include/x86_64-linux-gnu/sys/time.h:29:0,
                 from shared.h:15,
                 from shared.c:11:
/usr/include/x86_64-linux-gnu/sys/select.h:33:25: error: /usr/include/x86_64-linux-gnu/bits/sigset.h: Bad file descriptor
 #include <bits/sigset.h>
                         ^
In file included from shared.h:13:0,
                 from shared.c:11:
/usr/include/arpa/inet.h:103:1: error: expected declaration specifiers before ‘__END_DECLS’
 __END_DECLS
 ^
In file included from /usr/include/x86_64-linux-gnu/sys/time.h:29:0,
                 from shared.h:15,
                 from shared.c:11:
/usr/include/x86_64-linux-gnu/sys/select.h:48:1: error: unknown type name ‘__suseconds_t’
 typedef __suseconds_t suseconds_t;
 ^
/usr/include/x86_64-linux-gnu/sys/select.h:48:23: error: storage class specified for parameter ‘suseconds_t’
 typedef __suseconds_t suseconds_t;
                       ^
/usr/include/x86_64-linux-gnu/sys/select.h:54:18: error: storage class specified for parameter ‘__fd_mask’
 typedef long int __fd_mask;
                  ^
/usr/include/x86_64-linux-gnu/sys/select.h:72:5: error: expected specifier-qualifier-list before ‘__fd_mask’
     __fd_mask __fds_bits[__FD_SETSIZE / __NFDBITS];
     ^
/usr/include/x86_64-linux-gnu/sys/select.h:75:5: error: storage class specified for parameter ‘fd_set’
   } fd_set;
     ^
/usr/include/x86_64-linux-gnu/sys/select.h:82:19: error: expected ‘=’, ‘,’, ‘;’, ‘asm’ or ‘__attribute__’ before ‘fd_mask’
 typedef __fd_mask fd_mask;
                   ^
/usr/include/x86_64-linux-gnu/sys/select.h:96:1: error: expected declaration specifiers before ‘__BEGIN_DECLS’
 __BEGIN_DECLS
 ^
/usr/include/x86_64-linux-gnu/sys/select.h:118:33: error: expected declaration specifiers or ‘...’ before ‘fd_set’
 extern int pselect (int __nfds, fd_set *__restrict __readfds,
                                 ^
/usr/include/x86_64-linux-gnu/sys/select.h:119:7: error: expected declaration specifiers or ‘...’ before ‘fd_set’
       fd_set *__restrict __writefds,
       ^
/usr/include/x86_64-linux-gnu/sys/select.h:120:7: error: expected declaration specifiers or ‘...’ before ‘fd_set’
       fd_set *__restrict __exceptfds,
       ^
/usr/include/x86_64-linux-gnu/sys/select.h:122:7: error: unknown type name ‘__sigset_t’
       const __sigset_t *__restrict __sigmask);
       ^
/usr/include/x86_64-linux-gnu/sys/select.h:131:1: error: unknown type name ‘__END_DECLS’
 __END_DECLS
 ^
In file included from shared.h:15:0,
                 from shared.c:11:
/usr/include/x86_64-linux-gnu/sys/time.h:55:1: error: expected ‘=’, ‘,’, ‘;’, ‘asm’ or ‘__attribute__’ before ‘struct’
 struct timezone
 ^
/usr/include/x86_64-linux-gnu/sys/time.h:59:4: error: expected declaration specifiers before ‘;’ token
   };
    ^
/usr/include/x86_64-linux-gnu/sys/time.h:61:37: error: storage class specified for parameter ‘__timezone_ptr_t’
 typedef struct timezone *__restrict __timezone_ptr_t;
                                     ^
/usr/include/x86_64-linux-gnu/sys/time.h:72:5: error: expected declaration specifiers or ‘...’ before ‘__timezone_ptr_t’
     __timezone_ptr_t __tz) __THROW __nonnull ((1));
     ^
/usr/include/x86_64-linux-gnu/sys/time.h:79:6: error: expected ‘=’, ‘,’, ‘;’, ‘asm’ or ‘__attribute__’ before ‘__THROW’
      __THROW;
      ^
/usr/include/x86_64-linux-gnu/sys/time.h:86:35: error: expected ‘=’, ‘,’, ‘;’, ‘asm’ or ‘__attribute__’ before ‘__THROW’
       struct timeval *__olddelta) __THROW;
                                   ^
/usr/include/x86_64-linux-gnu/sys/time.h:110:20: error: field ‘it_interval’ has incomplete type
     struct timeval it_interval;
                    ^
/usr/include/x86_64-linux-gnu/sys/time.h:112:20: error: field ‘it_value’ has incomplete type
     struct timeval it_value;
                    ^
/usr/include/x86_64-linux-gnu/sys/time.h:120:13: error: storage class specified for parameter ‘__itimer_which_t’
 typedef int __itimer_which_t;
             ^
/usr/include/x86_64-linux-gnu/sys/time.h:125:23: error: expected declaration specifiers or ‘...’ before ‘__itimer_which_t’
 extern int getitimer (__itimer_which_t __which,
                       ^
/usr/include/x86_64-linux-gnu/sys/time.h:131:23: error: expected declaration specifiers or ‘...’ before ‘__itimer_which_t’
 extern int setitimer (__itimer_which_t __which,
                       ^
/usr/include/x86_64-linux-gnu/sys/time.h:138:61: error: array type has incomplete element type
 extern int utimes (const char *__file, const struct timeval __tvp[2])
                                                             ^
/usr/include/x86_64-linux-gnu/sys/time.h:139:6: error: expected ‘=’, ‘,’, ‘;’, ‘asm’ or ‘__attribute__’ before ‘__THROW’
      __THROW __nonnull ((1));
      ^
/usr/include/x86_64-linux-gnu/sys/time.h:143:62: error: array type has incomplete element type
 extern int lutimes (const char *__file, const struct timeval __tvp[2])
                                                              ^
/usr/include/x86_64-linux-gnu/sys/time.h:144:6: error: expected ‘=’, ‘,’, ‘;’, ‘asm’ or ‘__attribute__’ before ‘__THROW’
      __THROW __nonnull ((1));
      ^
/usr/include/x86_64-linux-gnu/sys/time.h:147:52: error: array type has incomplete element type
 extern int futimes (int __fd, const struct timeval __tvp[2]) __THROW;
                                                    ^
/usr/include/x86_64-linux-gnu/sys/time.h:147:62: error: expected ‘=’, ‘,’, ‘;’, ‘asm’ or ‘__attribute__’ before ‘__THROW’
 extern int futimes (int __fd, const struct timeval __tvp[2]) __THROW;
                                                              ^
/usr/include/x86_64-linux-gnu/sys/time.h:189:1: error: expected declaration specifiers before ‘__END_DECLS’
 __END_DECLS
 ^
shared.c:13:1: error: parameter ‘MAX_SEC’ is initialized
 const double MAX_SEC = 5.0;
 ^
shared.c:14:1: error: parameter ‘HEADER_BYTES’ is initialized
 const int HEADER_BYTES = 9;
 ^
shared.c:21:48: error: expected ‘=’, ‘,’, ‘;’, ‘asm’ or ‘__attribute__’ before ‘{’ token
 void print4bytes(char *str, int payload_length){
                                                ^
shared.c:39:44: error: expected ‘=’, ‘,’, ‘;’, ‘asm’ or ‘__attribute__’ before ‘{’ token
 void set_pkt_type(char *ptr,char pkt_type) {
                                            ^
shared.c:47:33: error: expected ‘=’, ‘,’, ‘;’, ‘asm’ or ‘__attribute__’ before ‘{’ token
 int is_echo_valid(int echo_val) {
                                 ^
shared.c:54:33: error: expected ‘=’, ‘,’, ‘;’, ‘asm’ or ‘__attribute__’ before ‘{’ token
 int is_port_valid(int port_num) {
                                 ^
shared.c:61:37: error: expected ‘=’, ‘,’, ‘;’, ‘asm’ or ‘__attribute__’ before ‘{’ token
 uint32_t convert_endian(uint32_t t) {
                                     ^
shared.c:76:39: error: expected ‘=’, ‘,’, ‘;’, ‘asm’ or ‘__attribute__’ before ‘{’ token
 uint32_t get_seq_number(void *packet) {
                                       ^
shared.c:86:20: error: expected ‘=’, ‘,’, ‘;’, ‘asm’ or ‘__attribute__’ before ‘{’ token
 int check_endian() {
                    ^
In file included from shared.h:2:0,
                 from shared.c:11:
/usr/include/netinet/in.h:374:17: error: old-style parameter declarations in prototyped function definition
 extern uint32_t ntohl (uint32_t __netlong) __THROW __attribute__ ((__const__));
                 ^
shared.c:89:1: error: expected ‘{’ at end of input
 }
 ^
make: *** [shared.o] Error 1
--------------------------------------------------------------------------------------------
--------------------------------------------------------------------------------------------
gcc -c shared.c
seed: 31996
cc1: error: shared.c: Bad file descriptor
make: *** [shared.o] Error 1
--------------------------------------------------------------------------------------------
--------------------------------------------------------------------------------------------
gcc -c shared.c
seed: 2408
cc1: error: shared.c: Bad file descriptor
make: *** [shared.o] Error 1
--------------------------------------------------------------------------------------------
--------------------------------------------------------------------------------------------
gcc -c shared.c
seed: 16739
In file included from shared.c:11:0:
shared.h:1:24: error: /usr/include/x86_64-linux-gnu/sys/socket.h: Bad file descriptor
 #include <sys/socket.h>
                        ^
shared.h:2:24: error: /usr/include/netinet/in.h: Bad file descriptor
 #include <netinet/in.h>
                        ^
In file included from shared.h:3:0,
                 from shared.c:11:
/usr/include/netinet/udp.h:51:23: error: /usr/include/x86_64-linux-gnu/sys/types.h: Bad file descriptor
 #include <sys/types.h>
                       ^
/usr/include/netinet/udp.h:62:7: error: unknown type name ‘u_int16_t’
       u_int16_t uh_sport;  /* source port */
       ^
/usr/include/netinet/udp.h:63:7: error: unknown type name ‘u_int16_t’
       u_int16_t uh_dport;  /* destination port */
       ^
/usr/include/netinet/udp.h:64:7: error: unknown type name ‘u_int16_t’
       u_int16_t uh_ulen;  /* udp length */
       ^
/usr/include/netinet/udp.h:65:7: error: unknown type name ‘u_int16_t’
       u_int16_t uh_sum;  /* udp checksum */
       ^
/usr/include/netinet/udp.h:69:7: error: unknown type name ‘u_int16_t’
       u_int16_t source;
       ^
/usr/include/netinet/udp.h:70:7: error: unknown type name ‘u_int16_t’
       u_int16_t dest;
       ^
/usr/include/netinet/udp.h:71:7: error: unknown type name ‘u_int16_t’
       u_int16_t len;
       ^
/usr/include/netinet/udp.h:72:7: error: unknown type name ‘u_int16_t’
       u_int16_t check;
       ^
In file included from shared.h:4:0,
                 from shared.c:11:
/usr/include/stdio.h:35:25: error: /usr/include/x86_64-linux-gnu/bits/types.h: Bad file descriptor
 # include <bits/types.h>
                         ^
In file included from /usr/include/libio.h:31:0,
                 from /usr/include/stdio.h:74,
                 from shared.h:4,
                 from shared.c:11:
/usr/include/_G_config.h:15:20: error: /usr/lib/gcc/x86_64-linux-gnu/4.8/include/stddef.h: Bad file descriptor
 #include <stddef.h>
                    ^
/usr/include/_G_config.h:20:19: error: /usr/include/wchar.h: Bad file descriptor
 #include <wchar.h>
                   ^
/usr/include/_G_config.h:23:3: error: unknown type name ‘__off_t’
   __off_t __pos;
   ^
/usr/include/_G_config.h:24:3: error: unknown type name ‘__mbstate_t’
   __mbstate_t __state;
   ^
/usr/include/_G_config.h:28:3: error: unknown type name ‘__off64_t’
   __off64_t __pos;
   ^
/usr/include/_G_config.h:29:3: error: unknown type name ‘__mbstate_t’
   __mbstate_t __state;
   ^
In file included from /usr/include/stdio.h:74:0,
                 from shared.h:4,
                 from shared.c:11:
/usr/include/libio.h:274:3: error: unknown type name ‘__off_t’
   _IO_off_t _old_offset; /* This used to be _offset but it's too small.  */
   ^
/usr/include/libio.h:293:3: error: unknown type name ‘__off64_t’
   _IO_off64_t _offset;
   ^
/usr/include/libio.h:338:1: error: unknown type name ‘__ssize_t’
 typedef __ssize_t __io_read_fn (void *__cookie, char *__buf, size_t __nbytes);
 ^
/usr/include/libio.h:346:1: error: unknown type name ‘__ssize_t’
 typedef __ssize_t __io_write_fn (void *__cookie, const char *__buf,
 ^
In file included from /usr/include/stdio.h:74:0,
                 from shared.h:4,
                 from shared.c:11:
/usr/include/libio.h:355:43: error: unknown type name ‘__off64_t’
 typedef int __io_seek_fn (void *__cookie, _IO_off64_t *__pos, int __w);
                                           ^
In file included from /usr/include/stdio.h:74:0,
                 from shared.h:4,
                 from shared.c:11:
/usr/include/libio.h:468:1: error: unknown type name ‘__ssize_t’
 extern _IO_ssize_t _IO_padn (_IO_FILE *, int, _IO_ssize_t);
 ^
In file included from /usr/include/stdio.h:74:0,
                 from shared.h:4,
                 from shared.c:11:
/usr/include/libio.h:468:47: error: unknown type name ‘__ssize_t’
 extern _IO_ssize_t _IO_padn (_IO_FILE *, int, _IO_ssize_t);
                                               ^
In file included from /usr/include/stdio.h:74:0,
                 from shared.h:4,
                 from shared.c:11:
/usr/include/libio.h:471:1: error: unknown type name ‘__off64_t’
 extern _IO_off64_t _IO_seekoff (_IO_FILE *, _IO_off64_t, int, int);
 ^
In file included from /usr/include/stdio.h:74:0,
                 from shared.h:4,
                 from shared.c:11:
/usr/include/libio.h:471:45: error: unknown type name ‘__off64_t’
 extern _IO_off64_t _IO_seekoff (_IO_FILE *, _IO_off64_t, int, int);
                                             ^
In file included from /usr/include/stdio.h:74:0,
                 from shared.h:4,
                 from shared.c:11:
/usr/include/libio.h:472:1: error: unknown type name ‘__off64_t’
 extern _IO_off64_t _IO_seekpos (_IO_FILE *, _IO_off64_t, int);
 ^
In file included from /usr/include/stdio.h:74:0,
                 from shared.h:4,
                 from shared.c:11:
/usr/include/libio.h:472:45: error: unknown type name ‘__off64_t’
 extern _IO_off64_t _IO_seekpos (_IO_FILE *, _IO_off64_t, int);
                                             ^
In file included from shared.h:4:0,
                 from shared.c:11:
/usr/include/stdio.h:90:1: error: unknown type name ‘__off_t’
 typedef __off_t off_t;
 ^
/usr/include/stdio.h:102:1: error: unknown type name ‘__ssize_t’
 typedef __ssize_t ssize_t;
 ^
/usr/include/stdio.h:164:28: error: /usr/include/x86_64-linux-gnu/bits/stdio_lim.h: Bad file descriptor
 #include <bits/stdio_lim.h>
                            ^
/usr/include/stdio.h:665:1: error: unknown type name ‘__ssize_t’
 extern _IO_ssize_t __getdelim (char **__restrict __lineptr,
 ^
/usr/include/stdio.h:668:1: error: unknown type name ‘__ssize_t’
 extern _IO_ssize_t getdelim (char **__restrict __lineptr,
 ^
/usr/include/stdio.h:678:1: error: unknown type name ‘__ssize_t’
 extern _IO_ssize_t getline (char **__restrict __lineptr,
 ^
/usr/include/stdio.h:773:36: error: unknown type name ‘__off_t’
 extern int fseeko (FILE *__stream, __off_t __off, int __whence);
                                    ^
/usr/include/stdio.h:778:1: error: unknown type name ‘__off_t’
 extern __off_t ftello (FILE *__stream) __wur;
 ^
/usr/include/stdio.h:853:30: error: /usr/include/x86_64-linux-gnu/bits/sys_errlist.h: Bad file descriptor
 #include <bits/sys_errlist.h>
                              ^
In file included from shared.c:11:0:
shared.h:6:20: error: /usr/include/unistd.h: Bad file descriptor
 #include <unistd.h>
                    ^
In file included from shared.h:7:0,
                 from shared.c:11:
/usr/include/stdlib.h:41:29: error: /usr/include/x86_64-linux-gnu/bits/waitflags.h: Bad file descriptor
 # include <bits/waitflags.h>
                             ^
In file included from /usr/include/x86_64-linux-gnu/bits/waitstatus.h:64:0,
                 from /usr/include/stdlib.h:42,
                 from shared.h:7,
                 from shared.c:11:
/usr/include/endian.h:60:28: error: /usr/include/x86_64-linux-gnu/bits/byteswap.h: Bad file descriptor
 # include <bits/byteswap.h>
                            ^
In file included from shared.h:7:0,
                 from shared.c:11:
/usr/include/stdlib.h:345:5: error: unknown type name ‘int32_t’
     int32_t *fptr;  /* Front pointer.  */
     ^
/usr/include/stdlib.h:346:5: error: unknown type name ‘int32_t’
     int32_t *rptr;  /* Rear pointer.  */
     ^
/usr/include/stdlib.h:347:5: error: unknown type name ‘int32_t’
     int32_t *state;  /* Array of state values.  */
     ^
/usr/include/stdlib.h:351:5: error: unknown type name ‘int32_t’
     int32_t *end_ptr;  /* Pointer behind state table.  */
     ^
/usr/include/stdlib.h:355:8: error: unknown type name ‘int32_t’
        int32_t *__restrict __result) __THROW __nonnull ((1, 2));
        ^
In file included from shared.h:7:0,
                 from shared.c:11:
/usr/include/stdlib.h:866:20: error: unknown type name ‘wchar_t’
 extern int mbtowc (wchar_t *__restrict __pwc,
                    ^
/usr/include/stdlib.h:870:31: error: unknown type name ‘wchar_t’
 extern int wctomb (char *__s, wchar_t __wchar) __THROW;
                               ^
/usr/include/stdlib.h:874:25: error: unknown type name ‘wchar_t’
 extern size_t mbstowcs (wchar_t *__restrict  __pwcs,
                         ^
/usr/include/stdlib.h:878:4: error: unknown type name ‘wchar_t’
    const wchar_t *__restrict __pwcs, size_t __n)
    ^
/usr/include/stdlib.h:955:31: error: /usr/include/x86_64-linux-gnu/bits/stdlib-float.h: Bad file descriptor
 #include <bits/stdlib-float.h>
                               ^
In file included from shared.c:11:0:
shared.h:8:19: error: /usr/include/netdb.h: Bad file descriptor
 #include <netdb.h>
                   ^
In file included from shared.c:11:0:
shared.h:10:20: error: /usr/include/x86_64-linux-gnu/sys/un.h: Bad file descriptor
 #include <sys/un.h>
                    ^
shared.h:12:18: error: /usr/include/time.h: Bad file descriptor
 #include <time.h>
                  ^
shared.h:13:23: error: /usr/include/arpa/inet.h: Bad file descriptor
 #include <arpa/inet.h>
                       ^
shared.h:14:20: error: /usr/lib/gcc/x86_64-linux-gnu/4.8/include/stdint.h: Bad file descriptor
 #include <stdint.h>
                    ^
In file included from shared.h:15:0,
                 from shared.c:11:
/usr/include/x86_64-linux-gnu/sys/time.h:27:23: error: /usr/include/x86_64-linux-gnu/bits/time.h: Bad file descriptor
 #include <bits/time.h>
                       ^
/usr/include/x86_64-linux-gnu/sys/time.h:29:24: error: /usr/include/x86_64-linux-gnu/sys/select.h: Bad file descriptor
 #include <sys/select.h>
                        ^
/usr/include/x86_64-linux-gnu/sys/time.h:32:1: error: unknown type name ‘__suseconds_t’
 typedef __suseconds_t suseconds_t;
 ^
/usr/include/x86_64-linux-gnu/sys/time.h:110:20: error: field ‘it_interval’ has incomplete type
     struct timeval it_interval;
                    ^
/usr/include/x86_64-linux-gnu/sys/time.h:112:20: error: field ‘it_value’ has incomplete type
     struct timeval it_value;
                    ^
/usr/include/x86_64-linux-gnu/sys/time.h:138:61: error: array type has incomplete element type
 extern int utimes (const char *__file, const struct timeval __tvp[2])
                                                             ^
/usr/include/x86_64-linux-gnu/sys/time.h:143:62: error: array type has incomplete element type
 extern int lutimes (const char *__file, const struct timeval __tvp[2])
                                                              ^
/usr/include/x86_64-linux-gnu/sys/time.h:147:52: error: array type has incomplete element type
 extern int futimes (int __fd, const struct timeval __tvp[2]) __THROW;
                                                    ^
In file included from shared.c:11:0:
shared.h:28:1: error: unknown type name ‘uint32_t’
 uint32_t get_seq_number(void *packet);
 ^
shared.h:32:1: error: unknown type name ‘uint32_t’
 uint32_t convert_endian(uint32_t t);
 ^
shared.h:32:25: error: unknown type name ‘uint32_t’
 uint32_t convert_endian(uint32_t t);
                         ^
shared.c:61:1: error: unknown type name ‘uint32_t’
 uint32_t convert_endian(uint32_t t) {
 ^
shared.c:61:25: error: unknown type name ‘uint32_t’
 uint32_t convert_endian(uint32_t t) {
                         ^
shared.c:76:1: error: unknown type name ‘uint32_t’
 uint32_t get_seq_number(void *packet) {
 ^
shared.c: In function ‘get_seq_number’:
shared.c:81:34: error: ‘uint32_t’ undeclared (first use in this function)
   if (!check_endian()) return *((uint32_t *)echo_seq_number_ptr);
                                  ^
shared.c:81:34: note: each undeclared identifier is reported only once for each function it appears in
shared.c:81:44: error: expected expression before ‘)’ token
   if (!check_endian()) return *((uint32_t *)echo_seq_number_ptr);
                                            ^
shared.c:82:37: error: expected expression before ‘)’ token
   return convert_endian(*((uint32_t*)echo_seq_number_ptr));
                                     ^
make: *** [shared.o] Error 1
--------------------------------------------------------------------------------------------
--------------------------------------------------------------------------------------------
gcc -c shared.c
seed: 2537
cc1: error: shared.c: Bad file descriptor
make: *** [shared.o] Error 1
--------------------------------------------------------------------------------------------
--------------------------------------------------------------------------------------------
gcc -c shared.c
seed: 15134
cc1: error: shared.c: Bad file descriptor
make: *** [shared.o] Error 1
--------------------------------------------------------------------------------------------
--------------------------------------------------------------------------------------------
gcc -c shared.c
seed: 12118
cc1: error: /usr/include/stdc-predef.h: Bad file descriptor
shared.c:11:20: error: shared.h: Bad file descriptor
 #include "shared.h"
                    ^
shared.c: In function ‘print4bytes’:
shared.c:30:5: warning: incompatible implicit declaration of built-in function ‘printf’ [enabled by default]
     printf("%c",*temp);  //use %d instead of %c to get the ASCII????
     ^
shared.c: At top level:
shared.c:61:1: error: unknown type name ‘uint32_t’
 uint32_t convert_endian(uint32_t t) {
 ^
shared.c:61:25: error: unknown type name ‘uint32_t’
 uint32_t convert_endian(uint32_t t) {
                         ^
shared.c:76:1: error: unknown type name ‘uint32_t’
 uint32_t get_seq_number(void *packet) {
 ^
shared.c: In function ‘get_seq_number’:
shared.c:81:34: error: ‘uint32_t’ undeclared (first use in this function)
   if (!check_endian()) return *((uint32_t *)echo_seq_number_ptr);
                                  ^
shared.c:81:34: note: each undeclared identifier is reported only once for each function it appears in
shared.c:81:44: error: expected expression before ‘)’ token
   if (!check_endian()) return *((uint32_t *)echo_seq_number_ptr);
                                            ^
shared.c:82:37: error: expected expression before ‘)’ token
   return convert_endian(*((uint32_t*)echo_seq_number_ptr));
                                     ^
make: *** [shared.o] Error 1
--------------------------------------------------------------------------------------------
--------------------------------------------------------------------------------------------
gcc -c shared.c
seed: 14940
In file included from shared.c:11:0:
shared.h:1:24: error: /usr/include/x86_64-linux-gnu/sys/socket.h: Bad file descriptor
 #include <sys/socket.h>
                        ^
In file included from /usr/include/netinet/in.h:21:0,
                 from shared.h:2,
                 from shared.c:11:
/usr/include/features.h:374:25: error: /usr/include/x86_64-linux-gnu/sys/cdefs.h: Bad file descriptor
 #  include <sys/cdefs.h>
                         ^
In file included from /usr/include/features.h:398:0,
                 from /usr/include/netinet/in.h:21,
                 from shared.h:2,
                 from shared.c:11:
/usr/include/x86_64-linux-gnu/gnu/stubs.h:10:27: error: /usr/include/x86_64-linux-gnu/gnu/stubs-64.h: Bad file descriptor
 # include <gnu/stubs-64.h>
                           ^
In file included from /usr/include/netinet/in.h:22:0,
                 from shared.h:2,
                 from shared.c:11:
/usr/lib/gcc/x86_64-linux-gnu/4.8/include/stdint.h:9:26: error: /usr/include/stdint.h: Bad file descriptor
 # include_next <stdint.h>
                          ^
In file included from shared.h:2:0,
                 from shared.c:11:
/usr/include/netinet/in.h:24:24: error: /usr/include/x86_64-linux-gnu/bits/types.h: Bad file descriptor
 #include <bits/types.h>
                        ^
/usr/include/netinet/in.h:30:1: error: expected ‘=’, ‘,’, ‘;’, ‘asm’ or ‘__attribute__’ before ‘typedef’
 typedef uint32_t in_addr_t;
 ^
/usr/include/netinet/in.h:30:1: error: unknown type name ‘uint32_t’
/usr/include/netinet/in.h:33:5: error: unknown type name ‘in_addr_t’
     in_addr_t s_addr;
     ^
/usr/include/netinet/in.h:37:21: error: /usr/include/x86_64-linux-gnu/bits/in.h: Bad file descriptor
 #include <bits/in.h>
                     ^
/usr/include/netinet/in.h:117:1: error: unknown type name ‘uint16_t’
 typedef uint16_t in_port_t;
 ^
/usr/include/netinet/in.h:213:2: error: unknown type name ‘uint8_t’
  uint8_t __u6_addr8[16];
  ^
/usr/include/netinet/in.h:215:2: error: unknown type name ‘uint16_t’
  uint16_t __u6_addr16[8];
  ^
/usr/include/netinet/in.h:216:2: error: unknown type name ‘uint32_t’
  uint32_t __u6_addr32[4];
  ^
/usr/include/netinet/in.h:239:5: error: expected specifier-qualifier-list before ‘__SOCKADDR_COMMON’
     __SOCKADDR_COMMON (sin_);
     ^
/usr/include/netinet/in.h:254:5: error: expected specifier-qualifier-list before ‘__SOCKADDR_COMMON’
     __SOCKADDR_COMMON (sin6_);
     ^
/usr/include/netinet/in.h:303:5: error: unknown type name ‘uint32_t’
     uint32_t gr_interface;
     ^
/usr/include/netinet/in.h:306:29: error: field ‘gr_group’ has incomplete type
     struct sockaddr_storage gr_group;
                             ^
/usr/include/netinet/in.h:312:5: error: unknown type name ‘uint32_t’
     uint32_t gsr_interface;
     ^
/usr/include/netinet/in.h:315:29: error: field ‘gsr_group’ has incomplete type
     struct sockaddr_storage gsr_group;
                             ^
/usr/include/netinet/in.h:318:29: error: field ‘gsr_source’ has incomplete type
     struct sockaddr_storage gsr_source;
                             ^
/usr/include/netinet/in.h:332:5: error: unknown type name ‘uint32_t’
     uint32_t imsf_fmode;
     ^
/usr/include/netinet/in.h:335:5: error: unknown type name ‘uint32_t’
     uint32_t imsf_numsrc;
     ^
/usr/include/netinet/in.h:347:5: error: unknown type name ‘uint32_t’
     uint32_t gf_interface;
     ^
/usr/include/netinet/in.h:350:29: error: field ‘gf_group’ has incomplete type
     struct sockaddr_storage gf_group;
                             ^
/usr/include/netinet/in.h:353:5: error: unknown type name ‘uint32_t’
     uint32_t gf_fmode;
     ^
/usr/include/netinet/in.h:356:5: error: unknown type name ‘uint32_t’
     uint32_t gf_numsrc;
     ^
/usr/include/netinet/in.h:358:29: error: array type has incomplete element type
     struct sockaddr_storage gf_slist[1];
                             ^
/usr/include/netinet/in.h:374:1: error: unknown type name ‘uint32_t’
 extern uint32_t ntohl (uint32_t __netlong) __THROW __attribute__ ((__const__));
 ^
/usr/include/netinet/in.h:374:24: error: unknown type name ‘uint32_t’
 extern uint32_t ntohl (uint32_t __netlong) __THROW __attribute__ ((__const__));
                        ^
/usr/include/netinet/in.h:375:1: error: unknown type name ‘uint16_t’
 extern uint16_t ntohs (uint16_t __netshort)
 ^
/usr/include/netinet/in.h:375:24: error: unknown type name ‘uint16_t’
 extern uint16_t ntohs (uint16_t __netshort)
                        ^
/usr/include/netinet/in.h:377:1: error: unknown type name ‘uint32_t’
 extern uint32_t htonl (uint32_t __hostlong)
 ^
/usr/include/netinet/in.h:377:24: error: unknown type name ‘uint32_t’
 extern uint32_t htonl (uint32_t __hostlong)
                        ^
/usr/include/netinet/in.h:379:1: error: unknown type name ‘uint16_t’
 extern uint16_t htons (uint16_t __hostshort)
 ^
/usr/include/netinet/in.h:379:24: error: unknown type name ‘uint16_t’
 extern uint16_t htons (uint16_t __hostshort)
                        ^
/usr/include/netinet/in.h:382:20: error: /usr/include/endian.h: Bad file descriptor
 #include <endian.h>
                    ^
In file included from /usr/include/netinet/in.h:385:0,
                 from shared.h:2,
                 from shared.c:11:
/usr/include/x86_64-linux-gnu/bits/byteswap.h:35:30: error: /usr/include/x86_64-linux-gnu/bits/byteswap-16.h: Bad file descriptor
 #include <bits/byteswap-16.h>
                              ^
/usr/include/x86_64-linux-gnu/bits/byteswap.h:109:1: error: unknown type name ‘__uint64_t’
 __bswap_64 (__uint64_t __bsx)
 ^
/usr/include/x86_64-linux-gnu/bits/byteswap.h:109:13: error: unknown type name ‘__uint64_t’
 __bswap_64 (__uint64_t __bsx)
             ^
In file included from shared.h:2:0,
                 from shared.c:11:
/usr/include/netinet/in.h: In function ‘bindresvport’:
/usr/include/netinet/in.h:501:71: error: expected declaration specifiers before ‘__THROW’
 extern int bindresvport (int __sockfd, struct sockaddr_in *__sock_in) __THROW;
                                                                       ^
/usr/include/netinet/in.h:505:6: error: expected ‘=’, ‘,’, ‘;’, ‘asm’ or ‘__attribute__’ before ‘__THROW’
      __THROW;
      ^
In file included from shared.c:11:0:
shared.h:3:25: error: /usr/include/netinet/udp.h: Bad file descriptor
 #include <netinet/udp.h>
                         ^
In file included from shared.h:2:0,
                 from shared.c:11:
/usr/include/netinet/in.h:628:1: error: unknown type name ‘__END_DECLS’
 __END_DECLS
 ^
In file included from shared.h:4:0,
                 from shared.c:11:
/usr/include/stdio.h:33:21: error: /usr/lib/gcc/x86_64-linux-gnu/4.8/include/stddef.h: Bad file descriptor
 # include <stddef.h>
                     ^
/usr/include/stdio.h:44:1: error: expected ‘=’, ‘,’, ‘;’, ‘asm’ or ‘__attribute__’ before ‘struct’
 struct _IO_FILE;
 ^
/usr/include/stdio.h:46:1: error: expected declaration specifiers before ‘__BEGIN_NAMESPACE_STD’
 __BEGIN_NAMESPACE_STD
 ^
/usr/include/stdio.h:49:1: error: unknown type name ‘__END_NAMESPACE_STD’
 __END_NAMESPACE_STD
 ^
/usr/include/stdio.h:64:1: error: expected ‘=’, ‘,’, ‘;’, ‘asm’ or ‘__attribute__’ before ‘typedef’
 typedef struct _IO_FILE __FILE;
 ^
In file included from /usr/include/_G_config.h:20:0,
                 from /usr/include/libio.h:31,
                 from /usr/include/stdio.h:74,
                 from shared.h:4,
                 from shared.c:11:
/usr/include/wchar.h:94:3: error: storage class specified for parameter ‘__mbstate_t’
 } __mbstate_t;
   ^
In file included from /usr/include/libio.h:31:0,
                 from /usr/include/stdio.h:74,
                 from shared.h:4,
                 from shared.c:11:
/usr/include/_G_config.h:23:3: error: unknown type name ‘__off_t’
   __off_t __pos;
   ^
/usr/include/_G_config.h:24:3: error: expected specifier-qualifier-list before ‘__mbstate_t’
   __mbstate_t __state;
   ^
/usr/include/_G_config.h:25:3: error: storage class specified for parameter ‘_G_fpos_t’
 } _G_fpos_t;
   ^
/usr/include/_G_config.h:28:3: error: unknown type name ‘__off64_t’
   __off64_t __pos;
   ^
/usr/include/_G_config.h:29:3: error: expected specifier-qualifier-list before ‘__mbstate_t’
   __mbstate_t __state;
   ^
/usr/include/_G_config.h:30:3: error: storage class specified for parameter ‘_G_fpos64_t’
 } _G_fpos64_t;
   ^
In file included from /usr/include/stdio.h:74:0,
                 from shared.h:4,
                 from shared.c:11:
/usr/include/libio.h:49:20: error: /usr/lib/gcc/x86_64-linux-gnu/4.8/include/stdarg.h: Bad file descriptor
 #include <stdarg.h>
                    ^
/usr/include/libio.h:154:14: error: storage class specified for parameter ‘_IO_lock_t’
 typedef void _IO_lock_t;
              ^
/usr/include/libio.h:274:3: error: unknown type name ‘__off_t’
   _IO_off_t _old_offset; /* This used to be _offset but it's too small.  */
   ^
/usr/include/libio.h:284:3: error: expected specifier-qualifier-list before ‘_IO_lock_t’
   _IO_lock_t *_lock;
   ^
/usr/include/libio.h:315:25: error: storage class specified for parameter ‘_IO_FILE’
 typedef struct _IO_FILE _IO_FILE;
                         ^
/usr/include/libio.h:320:29: error: storage class specified for parameter ‘_IO_2_1_stdin_’
 extern struct _IO_FILE_plus _IO_2_1_stdin_;
                             ^
/usr/include/libio.h:321:29: error: storage class specified for parameter ‘_IO_2_1_stdout_’
 extern struct _IO_FILE_plus _IO_2_1_stdout_;
                             ^
/usr/include/libio.h:322:29: error: storage class specified for parameter ‘_IO_2_1_stderr_’
 extern struct _IO_FILE_plus _IO_2_1_stderr_;
                             ^
/usr/include/libio.h:338:1: error: unknown type name ‘__ssize_t’
 typedef __ssize_t __io_read_fn (void *__cookie, char *__buf, size_t __nbytes);
 ^
/usr/include/libio.h:338:62: error: unknown type name ‘size_t’
 typedef __ssize_t __io_read_fn (void *__cookie, char *__buf, size_t __nbytes);
                                                              ^
/usr/include/libio.h:346:1: error: unknown type name ‘__ssize_t’
 typedef __ssize_t __io_write_fn (void *__cookie, const char *__buf,
 ^
/usr/include/libio.h:347:6: error: unknown type name ‘size_t’
      size_t __n);
      ^
/usr/include/libio.h:355:43: error: unknown type name ‘__off64_t’
 typedef int __io_seek_fn (void *__cookie, _IO_off64_t *__pos, int __w);
                                           ^
/usr/include/libio.h:358:13: error: storage class specified for parameter ‘__io_close_fn’
 typedef int __io_close_fn (void *__cookie);
             ^
/usr/include/libio.h:390:25: error: expected declaration specifiers or ‘...’ before ‘_IO_FILE’
 extern int __underflow (_IO_FILE *);
                         ^
/usr/include/libio.h:391:21: error: expected declaration specifiers or ‘...’ before ‘_IO_FILE’
 extern int __uflow (_IO_FILE *);
                     ^
/usr/include/libio.h:392:24: error: expected declaration specifiers or ‘...’ before ‘_IO_FILE’
 extern int __overflow (_IO_FILE *, int);
                        ^
/usr/include/libio.h:434:22: error: expected declaration specifiers or ‘...’ before ‘_IO_FILE’
 extern int _IO_getc (_IO_FILE *__fp);
                      ^
/usr/include/libio.h:435:31: error: expected declaration specifiers or ‘...’ before ‘_IO_FILE’
 extern int _IO_putc (int __c, _IO_FILE *__fp);
                               ^
/usr/include/libio.h:436:22: error: expected declaration specifiers or ‘...’ before ‘_IO_FILE’
 extern int _IO_feof (_IO_FILE *__fp) __THROW;
                      ^
/usr/include/libio.h:437:24: error: expected declaration specifiers or ‘...’ before ‘_IO_FILE’
 extern int _IO_ferror (_IO_FILE *__fp) __THROW;
                        ^
/usr/include/libio.h:439:30: error: expected declaration specifiers or ‘...’ before ‘_IO_FILE’
 extern int _IO_peekc_locked (_IO_FILE *__fp);
                              ^
/usr/include/libio.h:445:28: error: expected declaration specifiers or ‘...’ before ‘_IO_FILE’
 extern void _IO_flockfile (_IO_FILE *) __THROW;
                            ^
/usr/include/libio.h:446:30: error: expected declaration specifiers or ‘...’ before ‘_IO_FILE’
 extern void _IO_funlockfile (_IO_FILE *) __THROW;
                              ^
/usr/include/libio.h:447:30: error: expected declaration specifiers or ‘...’ before ‘_IO_FILE’
 extern int _IO_ftrylockfile (_IO_FILE *) __THROW;
                              ^
/usr/include/libio.h:464:25: error: expected declaration specifiers or ‘...’ before ‘_IO_FILE’
 extern int _IO_vfscanf (_IO_FILE * __restrict, const char * __restrict,
                         ^
In file included from /usr/include/libio.h:31:0,
                 from /usr/include/stdio.h:74,
                 from shared.h:4,
                 from shared.c:11:
/usr/include/libio.h:465:4: error: unknown type name ‘__gnuc_va_list’
    _IO_va_list, int *__restrict);
    ^
In file included from /usr/include/stdio.h:74:0,
                 from shared.h:4,
                 from shared.c:11:
/usr/include/libio.h:466:26: error: expected declaration specifiers or ‘...’ before ‘_IO_FILE’
 extern int _IO_vfprintf (_IO_FILE *__restrict, const char *__restrict,
                          ^
In file included from /usr/include/libio.h:31:0,
                 from /usr/include/stdio.h:74,
                 from shared.h:4,
                 from shared.c:11:
/usr/include/libio.h:467:5: error: unknown type name ‘__gnuc_va_list’
     _IO_va_list);
     ^
In file included from /usr/include/stdio.h:74:0,
                 from shared.h:4,
                 from shared.c:11:
/usr/include/libio.h:468:1: error: unknown type name ‘__ssize_t’
 extern _IO_ssize_t _IO_padn (_IO_FILE *, int, _IO_ssize_t);
 ^
/usr/include/libio.h:468:30: error: expected declaration specifiers or ‘...’ before ‘_IO_FILE’
 extern _IO_ssize_t _IO_padn (_IO_FILE *, int, _IO_ssize_t);
                              ^
/usr/include/libio.h:468:47: error: unknown type name ‘__ssize_t’
 extern _IO_ssize_t _IO_padn (_IO_FILE *, int, _IO_ssize_t);
                                               ^
/usr/include/libio.h:469:1: error: unknown type name ‘size_t’
 extern _IO_size_t _IO_sgetn (_IO_FILE *, void *, _IO_size_t);
 ^
/usr/include/libio.h:469:30: error: expected declaration specifiers or ‘...’ before ‘_IO_FILE’
 extern _IO_size_t _IO_sgetn (_IO_FILE *, void *, _IO_size_t);
                              ^
/usr/include/libio.h:469:50: error: unknown type name ‘size_t’
 extern _IO_size_t _IO_sgetn (_IO_FILE *, void *, _IO_size_t);
                                                  ^
/usr/include/libio.h:471:1: error: unknown type name ‘__off64_t’
 extern _IO_off64_t _IO_seekoff (_IO_FILE *, _IO_off64_t, int, int);
 ^
/usr/include/libio.h:471:33: error: expected declaration specifiers or ‘...’ before ‘_IO_FILE’
 extern _IO_off64_t _IO_seekoff (_IO_FILE *, _IO_off64_t, int, int);
                                 ^
/usr/include/libio.h:471:45: error: unknown type name ‘__off64_t’
 extern _IO_off64_t _IO_seekoff (_IO_FILE *, _IO_off64_t, int, int);
                                             ^
/usr/include/libio.h:472:1: error: unknown type name ‘__off64_t’
 extern _IO_off64_t _IO_seekpos (_IO_FILE *, _IO_off64_t, int);
 ^
/usr/include/libio.h:472:33: error: expected declaration specifiers or ‘...’ before ‘_IO_FILE’
 extern _IO_off64_t _IO_seekpos (_IO_FILE *, _IO_off64_t, int);
                                 ^
/usr/include/libio.h:472:45: error: unknown type name ‘__off64_t’
 extern _IO_off64_t _IO_seekpos (_IO_FILE *, _IO_off64_t, int);
                                             ^
/usr/include/libio.h:474:35: error: expected declaration specifiers or ‘...’ before ‘_IO_FILE’
 extern void _IO_free_backup_area (_IO_FILE *) __THROW;
                                   ^
In file included from shared.h:4:0,
                 from shared.c:11:
/usr/include/stdio.h:79:1: error: unknown type name ‘__gnuc_va_list’
 typedef _G_va_list va_list;
 ^
/usr/include/stdio.h:79:20: error: storage class specified for parameter ‘va_list’
 typedef _G_va_list va_list;
                    ^
/usr/include/stdio.h:90:1: error: unknown type name ‘__off_t’
 typedef __off_t off_t;
 ^
/usr/include/stdio.h:90:17: error: storage class specified for parameter ‘off_t’
 typedef __off_t off_t;
                 ^
/usr/include/stdio.h:102:1: error: unknown type name ‘__ssize_t’
 typedef __ssize_t ssize_t;
 ^
/usr/include/stdio.h:102:19: error: storage class specified for parameter ‘ssize_t’
 typedef __ssize_t ssize_t;
                   ^
/usr/include/stdio.h:108:1: error: expected declaration specifiers before ‘__BEGIN_NAMESPACE_STD’
 __BEGIN_NAMESPACE_STD
 ^
/usr/include/stdio.h:114:1: error: expected declaration specifiers before ‘__END_NAMESPACE_STD’
 __END_NAMESPACE_STD
 ^
In file included from shared.h:4:0,
                 from shared.c:11:
/usr/include/stdio.h:169:25: error: storage class specified for parameter ‘stdout’
 extern struct _IO_FILE *stdout;  /* Standard output stream.  */
                         ^
/usr/include/stdio.h:170:25: error: storage class specified for parameter ‘stderr’
 extern struct _IO_FILE *stderr;  /* Standard error output stream.  */
                         ^
/usr/include/stdio.h:176:1: error: expected declaration specifiers before ‘__BEGIN_NAMESPACE_STD’
 __BEGIN_NAMESPACE_STD
 ^
/usr/include/stdio.h:180:58: error: expected ‘=’, ‘,’, ‘;’, ‘asm’ or ‘__attribute__’ before ‘__THROW’
 extern int rename (const char *__old, const char *__new) __THROW;
                                                          ^
/usr/include/stdio.h:181:1: error: expected declaration specifiers before ‘__END_NAMESPACE_STD’
 __END_NAMESPACE_STD
 ^
/usr/include/stdio.h:189:1: error: expected declaration specifiers before ‘__BEGIN_NAMESPACE_STD’
 __BEGIN_NAMESPACE_STD
 ^
/usr/include/stdio.h:209:33: error: expected ‘=’, ‘,’, ‘;’, ‘asm’ or ‘__attribute__’ before ‘__THROW’
 extern char *tmpnam (char *__s) __THROW __wur;
                                 ^
/usr/include/stdio.h:210:1: error: expected declaration specifiers before ‘__END_NAMESPACE_STD’
 __END_NAMESPACE_STD
 ^
/usr/include/stdio.h:228:6: error: expected ‘=’, ‘,’, ‘;’, ‘asm’ or ‘__attribute__’ before ‘__THROW’
      __THROW __attribute_malloc__ __wur;
      ^
/usr/include/stdio.h:232:1: error: expected declaration specifiers before ‘__BEGIN_NAMESPACE_STD’
 __BEGIN_NAMESPACE_STD
 ^
/usr/include/stdio.h:242:20: error: unknown type name ‘FILE’
 extern int fflush (FILE *__stream);
                    ^
/usr/include/stdio.h:243:1: error: expected declaration specifiers before ‘__END_NAMESPACE_STD’
 __END_NAMESPACE_STD
 ^
/usr/include/stdio.h:266:1: error: expected declaration specifiers before ‘__BEGIN_NAMESPACE_STD’
 __BEGIN_NAMESPACE_STD
 ^
/usr/include/stdio.h:278:1: error: unknown type name ‘FILE’
 extern FILE *freopen (const char *__restrict __filename,
 ^
/usr/include/stdio.h:280:9: error: unknown type name ‘FILE’
         FILE *__restrict __stream) __wur;
         ^
/usr/include/stdio.h:295:1: error: expected declaration specifiers before ‘__END_NAMESPACE_STD’
 __END_NAMESPACE_STD
 ^
/usr/include/stdio.h:319:1: error: unknown type name ‘FILE’
 extern FILE *fmemopen (void *__s, size_t __len, const char *__modes)
 ^
/usr/include/stdio.h:319:35: error: unknown type name ‘size_t’
 extern FILE *fmemopen (void *__s, size_t __len, const char *__modes)
                                   ^
/usr/include/stdio.h:325:1: error: unknown type name ‘FILE’
 extern FILE *open_memstream (char **__bufloc, size_t *__sizeloc) __THROW __wur;
 ^
/usr/include/stdio.h:325:47: error: unknown type name ‘size_t’
 extern FILE *open_memstream (char **__bufloc, size_t *__sizeloc) __THROW __wur;
                                               ^
/usr/include/stdio.h:329:1: error: expected declaration specifiers before ‘__BEGIN_NAMESPACE_STD’
 __BEGIN_NAMESPACE_STD
 ^
/usr/include/stdio.h:336:21: error: unknown type name ‘FILE’
 extern int setvbuf (FILE *__restrict __stream, char *__restrict __buf,
                     ^
/usr/include/stdio.h:337:20: error: unknown type name ‘size_t’
       int __modes, size_t __n) __THROW;
                    ^
/usr/include/stdio.h:338:1: error: expected declaration specifiers before ‘__END_NAMESPACE_STD’
 __END_NAMESPACE_STD
 ^
/usr/include/stdio.h:347:25: error: unknown type name ‘FILE’
 extern void setlinebuf (FILE *__stream) __THROW;
                         ^
/usr/include/stdio.h:351:1: error: expected declaration specifiers before ‘__BEGIN_NAMESPACE_STD’
 __BEGIN_NAMESPACE_STD
 ^
/usr/include/stdio.h:362:12: error: storage class specified for parameter ‘printf’
 extern int printf (const char *__restrict __format, ...);
            ^
/usr/include/stdio.h:365:45: error: expected ‘=’, ‘,’, ‘;’, ‘asm’ or ‘__attribute__’ before ‘__THROWNL’
       const char *__restrict __format, ...) __THROWNL;
                                             ^
/usr/include/stdio.h:371:22: error: unknown type name ‘FILE’
 extern int vfprintf (FILE *__restrict __s, const char *__restrict __format,
                      ^
In file included from /usr/include/libio.h:31:0,
                 from /usr/include/stdio.h:74,
                 from shared.h:4,
                 from shared.c:11:
/usr/include/stdio.h:372:8: error: unknown type name ‘__gnuc_va_list’
        _G_va_list __arg);
        ^
/usr/include/stdio.h:377:54: error: unknown type name ‘__gnuc_va_list’
 extern int vprintf (const char *__restrict __format, _G_va_list __arg);
                                                      ^
/usr/include/stdio.h:380:8: error: unknown type name ‘__gnuc_va_list’
        _G_va_list __arg) __THROWNL;
        ^
In file included from shared.h:4:0,
                 from shared.c:11:
/usr/include/stdio.h:381:1: error: unknown type name ‘__END_NAMESPACE_STD’
 __END_NAMESPACE_STD
 ^
/usr/include/stdio.h:386:1: error: expected ‘=’, ‘,’, ‘;’, ‘asm’ or ‘__attribute__’ before ‘extern’
 extern int snprintf (char *__restrict __s, size_t __maxlen,
 ^
/usr/include/stdio.h:390:45: error: unknown type name ‘size_t’
 extern int vsnprintf (char *__restrict __s, size_t __maxlen,
                                             ^
In file included from /usr/include/libio.h:31:0,
                 from /usr/include/stdio.h:74,
                 from shared.h:4,
                 from shared.c:11:
/usr/include/stdio.h:391:42: error: unknown type name ‘__gnuc_va_list’
         const char *__restrict __format, _G_va_list __arg)
                                          ^
In file included from shared.h:4:0,
                 from shared.c:11:
/usr/include/stdio.h:393:1: error: expected declaration specifiers before ‘__END_NAMESPACE_C99’
 __END_NAMESPACE_C99
 ^
/usr/include/stdio.h:415:12: error: storage class specified for parameter ‘dprintf’
 extern int dprintf (int __fd, const char *__restrict __fmt, ...)
            ^
/usr/include/stdio.h:420:1: error: expected declaration specifiers before ‘__BEGIN_NAMESPACE_STD’
 __BEGIN_NAMESPACE_STD
 ^
/usr/include/stdio.h:431:57: error: expected ‘=’, ‘,’, ‘;’, ‘asm’ or ‘__attribute__’ before ‘__wur’
 extern int scanf (const char *__restrict __format, ...) __wur;
                                                         ^
/usr/include/stdio.h:434:44: error: expected ‘=’, ‘,’, ‘;’, ‘asm’ or ‘__attribute__’ before ‘__THROW’
      const char *__restrict __format, ...) __THROW;
                                            ^
/usr/include/stdio.h:452:29: error: unknown type name ‘FILE’
 extern int __isoc99_fscanf (FILE *__restrict __stream,
                             ^
/usr/include/stdio.h:454:66: error: expected ‘=’, ‘,’, ‘;’, ‘asm’ or ‘__attribute__’ before ‘__wur’
 extern int __isoc99_scanf (const char *__restrict __format, ...) __wur;
                                                                  ^
/usr/include/stdio.h:456:46: error: expected ‘=’, ‘,’, ‘;’, ‘asm’ or ‘__attribute__’ before ‘__THROW’
        const char *__restrict __format, ...) __THROW;
                                              ^
/usr/include/stdio.h:463:1: error: unknown type name ‘__END_NAMESPACE_STD’
 __END_NAMESPACE_STD
 ^
/usr/include/stdio.h:471:1: error: expected ‘=’, ‘,’, ‘;’, ‘asm’ or ‘__attribute__’ before ‘extern’
 extern int vfscanf (FILE *__restrict __s, const char *__restrict __format,
 ^
In file included from /usr/include/libio.h:31:0,
                 from /usr/include/stdio.h:74,
                 from shared.h:4,
                 from shared.c:11:
/usr/include/stdio.h:479:53: error: unknown type name ‘__gnuc_va_list’
 extern int vscanf (const char *__restrict __format, _G_va_list __arg)
                                                     ^
/usr/include/stdio.h:484:40: error: unknown type name ‘__gnuc_va_list’
       const char *__restrict __format, _G_va_list __arg)
                                        ^
In file included from shared.h:4:0,
                 from shared.c:11:
/usr/include/stdio.h:508:30: error: unknown type name ‘FILE’
 extern int __isoc99_vfscanf (FILE *__restrict __s,
                              ^
In file included from /usr/include/libio.h:31:0,
                 from /usr/include/stdio.h:74,
                 from shared.h:4,
                 from shared.c:11:
/usr/include/stdio.h:510:9: error: unknown type name ‘__gnuc_va_list’
         _G_va_list __arg) __wur;
         ^
/usr/include/stdio.h:512:8: error: unknown type name ‘__gnuc_va_list’
        _G_va_list __arg) __wur;
        ^
/usr/include/stdio.h:515:9: error: unknown type name ‘__gnuc_va_list’
         _G_va_list __arg) __THROW;
         ^
In file included from shared.h:4:0,
                 from shared.c:11:
/usr/include/stdio.h:522:1: error: unknown type name ‘__END_NAMESPACE_C99’
 __END_NAMESPACE_C99
 ^
/usr/include/stdio.h:531:1: error: expected ‘=’, ‘,’, ‘;’, ‘asm’ or ‘__attribute__’ before ‘extern’
 extern int fgetc (FILE *__stream);
 ^
/usr/include/stdio.h:532:18: error: unknown type name ‘FILE’
 extern int getc (FILE *__stream);
                  ^
/usr/include/stdio.h:538:12: error: storage class specified for parameter ‘getchar’
 extern int getchar (void);
            ^
/usr/include/stdio.h:539:1: error: expected declaration specifiers before ‘__END_NAMESPACE_STD’
 __END_NAMESPACE_STD
 ^
/usr/include/stdio.h:551:12: error: storage class specified for parameter ‘getchar_unlocked’
 extern int getchar_unlocked (void);
            ^
/usr/include/stdio.h:561:28: error: unknown type name ‘FILE’
 extern int fgetc_unlocked (FILE *__stream);
                            ^
/usr/include/stdio.h:565:1: error: expected declaration specifiers before ‘__BEGIN_NAMESPACE_STD’
 __BEGIN_NAMESPACE_STD
 ^
/usr/include/stdio.h:574:27: error: unknown type name ‘FILE’
 extern int putc (int __c, FILE *__stream);
                           ^
/usr/include/stdio.h:580:12: error: storage class specified for parameter ‘putchar’
 extern int putchar (int __c);
            ^
/usr/include/stdio.h:581:1: error: expected declaration specifiers before ‘__END_NAMESPACE_STD’
 __END_NAMESPACE_STD
 ^
/usr/include/stdio.h:602:36: error: unknown type name ‘FILE’
 extern int putc_unlocked (int __c, FILE *__stream);
                                    ^
/usr/include/stdio.h:603:12: error: storage class specified for parameter ‘putchar_unlocked’
 extern int putchar_unlocked (int __c);
            ^
/usr/include/stdio.h:610:18: error: unknown type name ‘FILE’
 extern int getw (FILE *__stream);
                  ^
/usr/include/stdio.h:613:27: error: unknown type name ‘FILE’
 extern int putw (int __w, FILE *__stream);
                           ^
/usr/include/stdio.h:617:1: error: expected declaration specifiers before ‘__BEGIN_NAMESPACE_STD’
 __BEGIN_NAMESPACE_STD
 ^
/usr/include/stdio.h:638:31: error: expected ‘=’, ‘,’, ‘;’, ‘asm’ or ‘__attribute__’ before ‘__wur’
 extern char *gets (char *__s) __wur __attribute_deprecated__;
                               ^
/usr/include/stdio.h:640:1: error: expected declaration specifiers before ‘__END_NAMESPACE_STD’
 __END_NAMESPACE_STD
 ^
/usr/include/stdio.h:668:1: error: unknown type name ‘__ssize_t’
 extern _IO_ssize_t getdelim (char **__restrict __lineptr,
 ^
/usr/include/stdio.h:669:9: error: unknown type name ‘size_t’
         size_t *__restrict __n, int __delimiter,
         ^
/usr/include/stdio.h:670:9: error: unknown type name ‘FILE’
         FILE *__restrict __stream) __wur;
         ^
/usr/include/stdio.h:678:1: error: unknown type name ‘__ssize_t’
 extern _IO_ssize_t getline (char **__restrict __lineptr,
 ^
/usr/include/stdio.h:679:8: error: unknown type name ‘size_t’
        size_t *__restrict __n,
        ^
/usr/include/stdio.h:680:8: error: unknown type name ‘FILE’
        FILE *__restrict __stream) __wur;
        ^
/usr/include/stdio.h:684:1: error: expected declaration specifiers before ‘__BEGIN_NAMESPACE_STD’
 __BEGIN_NAMESPACE_STD
 ^
/usr/include/stdio.h:695:12: error: storage class specified for parameter ‘puts’
 extern int puts (const char *__s);
            ^
/usr/include/stdio.h:702:29: error: unknown type name ‘FILE’
 extern int ungetc (int __c, FILE *__stream);
                             ^
/usr/include/stdio.h:709:1: error: unknown type name ‘size_t’
 extern size_t fread (void *__restrict __ptr, size_t __size,
 ^
/usr/include/stdio.h:709:46: error: unknown type name ‘size_t’
 extern size_t fread (void *__restrict __ptr, size_t __size,
                                              ^
/usr/include/stdio.h:710:8: error: unknown type name ‘size_t’
        size_t __n, FILE *__restrict __stream) __wur;
        ^
/usr/include/stdio.h:710:20: error: unknown type name ‘FILE’
        size_t __n, FILE *__restrict __stream) __wur;
                    ^
/usr/include/stdio.h:715:1: error: unknown type name ‘size_t’
 extern size_t fwrite (const void *__restrict __ptr, size_t __size,
 ^
/usr/include/stdio.h:715:53: error: unknown type name ‘size_t’
 extern size_t fwrite (const void *__restrict __ptr, size_t __size,
                                                     ^
/usr/include/stdio.h:716:9: error: unknown type name ‘size_t’
         size_t __n, FILE *__restrict __s);
         ^
/usr/include/stdio.h:716:21: error: unknown type name ‘FILE’
         size_t __n, FILE *__restrict __s);
                     ^
/usr/include/stdio.h:717:1: error: expected declaration specifiers before ‘__END_NAMESPACE_STD’
 __END_NAMESPACE_STD
 ^
/usr/include/stdio.h:739:1: error: unknown type name ‘size_t’
 extern size_t fwrite_unlocked (const void *__restrict __ptr, size_t __size,
 ^
/usr/include/stdio.h:739:62: error: unknown type name ‘size_t’
 extern size_t fwrite_unlocked (const void *__restrict __ptr, size_t __size,
                                                              ^
/usr/include/stdio.h:740:11: error: unknown type name ‘size_t’
           size_t __n, FILE *__restrict __stream);
           ^
/usr/include/stdio.h:740:23: error: unknown type name ‘FILE’
           size_t __n, FILE *__restrict __stream);
                       ^
/usr/include/stdio.h:744:1: error: expected declaration specifiers before ‘__BEGIN_NAMESPACE_STD’
 __BEGIN_NAMESPACE_STD
 ^
/usr/include/stdio.h:754:24: error: unknown type name ‘FILE’
 extern long int ftell (FILE *__stream) __wur;
                        ^
/usr/include/stdio.h:759:21: error: unknown type name ‘FILE’
 extern void rewind (FILE *__stream);
                     ^
/usr/include/stdio.h:760:1: error: expected declaration specifiers before ‘__END_NAMESPACE_STD’
 __END_NAMESPACE_STD
 ^
/usr/include/stdio.h:778:1: error: unknown type name ‘__off_t’
 extern __off_t ftello (FILE *__stream) __wur;
 ^
/usr/include/stdio.h:778:24: error: unknown type name ‘FILE’
 extern __off_t ftello (FILE *__stream) __wur;
                        ^
/usr/include/stdio.h:792:1: error: expected declaration specifiers before ‘__BEGIN_NAMESPACE_STD’
 __BEGIN_NAMESPACE_STD
 ^
/usr/include/stdio.h:803:21: error: unknown type name ‘FILE’
 extern int fsetpos (FILE *__stream, const fpos_t *__pos);
                     ^
/usr/include/stdio.h:803:21: error: unknown type name ‘fpos_t’
/usr/include/stdio.h:815:1: error: unknown type name ‘__END_NAMESPACE_STD’
 __END_NAMESPACE_STD
 ^
/usr/include/stdio.h:826:1: error: expected ‘=’, ‘,’, ‘;’, ‘asm’ or ‘__attribute__’ before ‘extern’
 extern void clearerr (FILE *__stream) __THROW;
 ^
/usr/include/stdio.h:828:18: error: unknown type name ‘FILE’
 extern int feof (FILE *__stream) __THROW __wur;
                  ^
/usr/include/stdio.h:830:20: error: unknown type name ‘FILE’
 extern int ferror (FILE *__stream) __THROW __wur;
                    ^
/usr/include/stdio.h:831:1: error: expected declaration specifiers before ‘__END_NAMESPACE_STD’
 __END_NAMESPACE_STD
 ^
/usr/include/stdio.h:836:27: error: unknown type name ‘FILE’
 extern int feof_unlocked (FILE *__stream) __THROW __wur;
                           ^
/usr/include/stdio.h:837:29: error: unknown type name ‘FILE’
 extern int ferror_unlocked (FILE *__stream) __THROW __wur;
                             ^
/usr/include/stdio.h:841:1: error: expected declaration specifiers before ‘__BEGIN_NAMESPACE_STD’
 __BEGIN_NAMESPACE_STD
 ^
/usr/include/stdio.h:853:30: error: /usr/include/x86_64-linux-gnu/bits/sys_errlist.h: Bad file descriptor
 #include <bits/sys_errlist.h>
                              ^
/usr/include/stdio.h:847:1: error: expected declaration specifiers before ‘__END_NAMESPACE_STD’
 __END_NAMESPACE_STD
 ^
/usr/include/stdio.h:863:29: error: unknown type name ‘FILE’
 extern int fileno_unlocked (FILE *__stream) __THROW __wur;
                             ^
/usr/include/stdio.h:873:1: error: unknown type name ‘FILE’
 extern FILE *popen (const char *__command, const char *__modes) __wur;
 ^
/usr/include/stdio.h:873:65: error: expected ‘=’, ‘,’, ‘;’, ‘asm’ or ‘__attribute__’ before ‘__wur’
 extern FILE *popen (const char *__command, const char *__modes) __wur;
                                                                 ^
/usr/include/stdio.h:879:20: error: unknown type name ‘FILE’
 extern int pclose (FILE *__stream);
                    ^
/usr/include/stdio.h:885:34: error: expected ‘=’, ‘,’, ‘;’, ‘asm’ or ‘__attribute__’ before ‘__THROW’
 extern char *ctermid (char *__s) __THROW;
                                  ^
/usr/include/stdio.h:913:24: error: unknown type name ‘FILE’
 extern void flockfile (FILE *__stream) __THROW;
                        ^
/usr/include/stdio.h:917:26: error: unknown type name ‘FILE’
 extern int ftrylockfile (FILE *__stream) __THROW __wur;
                          ^
/usr/include/stdio.h:920:26: error: unknown type name ‘FILE’
 extern void funlockfile (FILE *__stream) __THROW;
                          ^
In file included from shared.c:11:0:
shared.h:5:23: error: /usr/include/x86_64-linux-gnu/sys/types.h: Bad file descriptor
 #include <sys/types.h>
                       ^
shared.h:6:20: error: /usr/include/unistd.h: Bad file descriptor
 #include <unistd.h>
                    ^
shared.h:7:20: error: /usr/include/stdlib.h: Bad file descriptor
 #include <stdlib.h>
                    ^
In file included from shared.h:8:0,
                 from shared.c:11:
/usr/include/netdb.h:32:24: error: /usr/include/rpc/netdb.h: Bad file descriptor
 # include <rpc/netdb.h>
                        ^
/usr/include/netdb.h:42:24: error: /usr/include/x86_64-linux-gnu/bits/netdb.h: Bad file descriptor
 #include <bits/netdb.h>
                        ^
In file included from shared.h:4:0,
                 from shared.c:11:
/usr/include/stdio.h:943:1: error: unknown type name ‘__END_DECLS’
 __END_DECLS
 ^
In file included from shared.h:8:0,
                 from shared.c:11:
/usr/include/netdb.h:61:1: error: expected ‘=’, ‘,’, ‘;’, ‘asm’ or ‘__attribute__’ before ‘extern’
 extern int *__h_errno_location (void) __THROW __attribute__ ((__const__));
 ^
/usr/include/netdb.h:92:40: error: expected ‘=’, ‘,’, ‘;’, ‘asm’ or ‘__attribute__’ before ‘__THROW’
 extern void herror (const char *__str) __THROW;
                                        ^
/usr/include/netdb.h:95:46: error: expected ‘=’, ‘,’, ‘;’, ‘asm’ or ‘__attribute__’ before ‘__THROW’
 extern const char *hstrerror (int __err_num) __THROW;
                                              ^
/usr/include/netdb.h:117:13: error: storage class specified for parameter ‘sethostent’
 extern void sethostent (int __stay_open);
             ^
/usr/include/netdb.h:123:13: error: storage class specified for parameter ‘endhostent’
 extern void endhostent (void);
             ^
/usr/include/netdb.h:130:24: error: storage class specified for parameter ‘gethostent’
 extern struct hostent *gethostent (void);
                        ^
/usr/include/netdb.h:137:59: error: unknown type name ‘__socklen_t’
 extern struct hostent *gethostbyaddr (const void *__addr, __socklen_t __len,
                                                           ^
/usr/include/netdb.h:144:24: error: storage class specified for parameter ‘gethostbyname’
 extern struct hostent *gethostbyname (const char *__name);
                        ^
/usr/include/netdb.h:155:24: error: storage class specified for parameter ‘gethostbyname2’
 extern struct hostent *gethostbyname2 (const char *__name, int __af);
                        ^
/usr/include/netdb.h:168:29: error: unknown type name ‘size_t’
     char *__restrict __buf, size_t __buflen,
                             ^
/usr/include/netdb.h:172:60: error: unknown type name ‘__socklen_t’
 extern int gethostbyaddr_r (const void *__restrict __addr, __socklen_t __len,
                                                            ^
/usr/include/netdb.h:175:32: error: unknown type name ‘size_t’
        char *__restrict __buf, size_t __buflen,
                                ^
/usr/include/netdb.h:181:32: error: unknown type name ‘size_t’
        char *__restrict __buf, size_t __buflen,
                                ^
/usr/include/netdb.h:187:33: error: unknown type name ‘size_t’
         char *__restrict __buf, size_t __buflen,
                                 ^
/usr/include/netdb.h:198:13: error: storage class specified for parameter ‘setnetent’
 extern void setnetent (int __stay_open);
             ^
/usr/include/netdb.h:204:13: error: storage class specified for parameter ‘endnetent’
 extern void endnetent (void);
             ^
/usr/include/netdb.h:211:23: error: storage class specified for parameter ‘getnetent’
 extern struct netent *getnetent (void);
                       ^
/usr/include/netdb.h:218:37: error: unknown type name ‘uint32_t’
 extern struct netent *getnetbyaddr (uint32_t __net, int __type);
                                     ^
/usr/include/netdb.h:224:23: error: storage class specified for parameter ‘getnetbyname’
 extern struct netent *getnetbyname (const char *__name);
                       ^
/usr/include/netdb.h:238:28: error: unknown type name ‘size_t’
    char *__restrict __buf, size_t __buflen,
                            ^
/usr/include/netdb.h:242:28: error: unknown type name ‘uint32_t’
 extern int getnetbyaddr_r (uint32_t __net, int __type,
                            ^
/usr/include/netdb.h:244:31: error: unknown type name ‘size_t’
       char *__restrict __buf, size_t __buflen,
                               ^
/usr/include/netdb.h:250:31: error: unknown type name ‘size_t’
       char *__restrict __buf, size_t __buflen,
                               ^
/usr/include/netdb.h:270:13: error: storage class specified for parameter ‘setservent’
 extern void setservent (int __stay_open);
             ^
/usr/include/netdb.h:276:13: error: storage class specified for parameter ‘endservent’
 extern void endservent (void);
             ^
/usr/include/netdb.h:283:24: error: storage class specified for parameter ‘getservent’
 extern struct servent *getservent (void);
                        ^
/usr/include/netdb.h:290:24: error: storage class specified for parameter ‘getservbyname’
 extern struct servent *getservbyname (const char *__name, const char *__proto);
                        ^
/usr/include/netdb.h:297:24: error: storage class specified for parameter ‘getservbyport’
 extern struct servent *getservbyport (int __port, const char *__proto);
                        ^
/usr/include/netdb.h:309:29: error: unknown type name ‘size_t’
     char *__restrict __buf, size_t __buflen,
                             ^
/usr/include/netdb.h:315:32: error: unknown type name ‘size_t’
        char *__restrict __buf, size_t __buflen,
                                ^
/usr/include/netdb.h:320:32: error: unknown type name ‘size_t’
        char *__restrict __buf, size_t __buflen,
                                ^
/usr/include/netdb.h:338:13: error: storage class specified for parameter ‘setprotoent’
 extern void setprotoent (int __stay_open);
             ^
/usr/include/netdb.h:344:13: error: storage class specified for parameter ‘endprotoent’
 extern void endprotoent (void);
             ^
/usr/include/netdb.h:351:25: error: storage class specified for parameter ‘getprotoent’
 extern struct protoent *getprotoent (void);
                         ^
/usr/include/netdb.h:357:25: error: storage class specified for parameter ‘getprotobyname’
 extern struct protoent *getprotobyname (const char *__name);
                         ^
/usr/include/netdb.h:363:25: error: storage class specified for parameter ‘getprotobynumber’
 extern struct protoent *getprotobynumber (int __proto);
                         ^
/usr/include/netdb.h:375:30: error: unknown type name ‘size_t’
      char *__restrict __buf, size_t __buflen,
                              ^
/usr/include/netdb.h:380:33: error: unknown type name ‘size_t’
         char *__restrict __buf, size_t __buflen,
                                 ^
/usr/include/netdb.h:385:35: error: unknown type name ‘size_t’
           char *__restrict __buf, size_t __buflen,
                                   ^
/usr/include/netdb.h:395:12: error: storage class specified for parameter ‘setnetgrent’
 extern int setnetgrent (const char *__netgroup);
            ^
/usr/include/netdb.h:403:13: error: storage class specified for parameter ‘endnetgrent’
 extern void endnetgrent (void);
             ^
/usr/include/netdb.h:412:12: error: storage class specified for parameter ‘getnetgrent’
 extern int getnetgrent (char **__restrict __hostp,
            ^
/usr/include/netdb.h:423:12: error: storage class specified for parameter ‘innetgr’
 extern int innetgr (const char *__netgroup, const char *__host,
            ^
/usr/include/netdb.h:435:33: error: unknown type name ‘size_t’
      char *__restrict __buffer, size_t __buflen);
                                 ^
/usr/include/netdb.h:451:12: error: storage class specified for parameter ‘rcmd’
 extern int rcmd (char **__restrict __ahost, unsigned short int __rport,
            ^
/usr/include/netdb.h:467:7: error: unknown type name ‘sa_family_t’
       sa_family_t __af);
       ^
/usr/include/netdb.h:479:12: error: storage class specified for parameter ‘rexec’
 extern int rexec (char **__restrict __ahost, int __rport,
            ^
/usr/include/netdb.h:495:8: error: unknown type name ‘sa_family_t’
        sa_family_t __af);
        ^
/usr/include/netdb.h:505:12: error: storage class specified for parameter ‘ruserok’
 extern int ruserok (const char *__rhost, int __suser,
            ^
/usr/include/netdb.h:517:10: error: unknown type name ‘sa_family_t’
          sa_family_t __af);
          ^
/usr/include/netdb.h:528:22: error: unknown type name ‘uint32_t’
 extern int iruserok (uint32_t __raddr, int __suser,
                      ^
/usr/include/netdb.h:541:4: error: unknown type name ‘sa_family_t’
    sa_family_t __af);
    ^
/usr/include/netdb.h:551:12: error: storage class specified for parameter ‘rresvport’
 extern int rresvport (int *__alport);
            ^
/usr/include/netdb.h:560:41: error: unknown type name ‘sa_family_t’
 extern int rresvport_af (int *__alport, sa_family_t __af);
                                         ^
/usr/include/netdb.h:573:3: error: unknown type name ‘socklen_t’
   socklen_t ai_addrlen;  /* Length of socket address.  */
   ^
/usr/include/netdb.h:662:12: error: storage class specified for parameter ‘getaddrinfo’
 extern int getaddrinfo (const char *__restrict __name,
            ^
/usr/include/netdb.h:668:50: error: expected ‘=’, ‘,’, ‘;’, ‘asm’ or ‘__attribute__’ before ‘__THROW’
 extern void freeaddrinfo (struct addrinfo *__ai) __THROW;
                                                  ^
/usr/include/netdb.h:671:47: error: expected ‘=’, ‘,’, ‘;’, ‘asm’ or ‘__attribute__’ before ‘__THROW’
 extern const char *gai_strerror (int __ecode) __THROW;
                                               ^
/usr/include/netdb.h:678:4: error: unknown type name ‘socklen_t’
    socklen_t __salen, char *__restrict __host,
    ^
/usr/include/netdb.h:679:4: error: unknown type name ‘socklen_t’
    socklen_t __hostlen, char *__restrict __serv,
    ^
/usr/include/netdb.h:680:4: error: unknown type name ‘socklen_t’
    socklen_t __servlen, int __flags);
    ^
In file included from shared.c:11:0:
shared.h:9:20: error: /usr/include/string.h: Bad file descriptor
 #include <string.h>
                    ^
shared.h:10:20: error: /usr/include/x86_64-linux-gnu/sys/un.h: Bad file descriptor
 #include <sys/un.h>
                    ^
In file included from shared.h:8:0,
                 from shared.c:11:
/usr/include/netdb.h:713:1: error: unknown type name ‘__END_DECLS’
 __END_DECLS
 ^
In file included from shared.h:12:0,
                 from shared.c:11:
/usr/include/time.h:57:1: error: expected ‘=’, ‘,’, ‘;’, ‘asm’ or ‘__attribute__’ before ‘__BEGIN_NAMESPACE_STD’
 __BEGIN_NAMESPACE_STD
 ^
/usr/include/time.h:60:1: error: unknown type name ‘__END_NAMESPACE_STD’
 __END_NAMESPACE_STD
 ^
/usr/include/time.h:73:1: error: expected ‘=’, ‘,’, ‘;’, ‘asm’ or ‘__attribute__’ before ‘__BEGIN_NAMESPACE_STD’
 __BEGIN_NAMESPACE_STD
 ^
/usr/include/time.h:76:1: error: unknown type name ‘__END_NAMESPACE_STD’
 __END_NAMESPACE_STD
 ^
/usr/include/time.h:91:1: error: expected ‘=’, ‘,’, ‘;’, ‘asm’ or ‘__attribute__’ before ‘typedef’
 typedef __clockid_t clockid_t;
 ^
/usr/include/time.h:103:1: error: unknown type name ‘__timer_t’
 typedef __timer_t timer_t;
 ^
/usr/include/time.h:103:19: error: storage class specified for parameter ‘timer_t’
 typedef __timer_t timer_t;
                   ^
/usr/include/time.h:122:5: error: unknown type name ‘__time_t’
     __time_t tv_sec;  /* Seconds.  */
     ^
/usr/include/time.h:123:5: error: unknown type name ‘__syscall_slong_t’
     __syscall_slong_t tv_nsec; /* Nanoseconds.  */
     ^
/usr/include/time.h:131:1: error: expected declaration specifiers before ‘__BEGIN_NAMESPACE_STD’
 __BEGIN_NAMESPACE_STD
 ^
/usr/include/time.h:152:2: error: expected declaration specifiers before ‘;’ token
 };
  ^
/usr/include/time.h:153:1: error: unknown type name ‘__END_NAMESPACE_STD’
 __END_NAMESPACE_STD
 ^
/usr/include/time.h:161:1: error: expected ‘=’, ‘,’, ‘;’, ‘asm’ or ‘__attribute__’ before ‘struct’
 struct itimerspec
 ^
/usr/include/time.h:165:4: error: expected declaration specifiers before ‘;’ token
   };
    ^
/usr/include/time.h:174:1: error: unknown type name ‘__pid_t’
 typedef __pid_t pid_t;
 ^
/usr/include/time.h:174:17: error: storage class specified for parameter ‘pid_t’
 typedef __pid_t pid_t;
                 ^
/usr/include/time.h:186:1: error: expected declaration specifiers before ‘__BEGIN_NAMESPACE_STD’
 __BEGIN_NAMESPACE_STD
 ^
/usr/include/time.h:192:1: error: unknown type name ‘time_t’
 extern time_t time (time_t *__timer) __THROW;
 ^
/usr/include/time.h:192:21: error: unknown type name ‘time_t’
 extern time_t time (time_t *__timer) __THROW;
                     ^
/usr/include/time.h:195:25: error: unknown type name ‘time_t’
 extern double difftime (time_t __time1, time_t __time0)
                         ^
/usr/include/time.h:195:41: error: unknown type name ‘time_t’
 extern double difftime (time_t __time1, time_t __time0)
                                         ^
/usr/include/time.h:199:1: error: unknown type name ‘time_t’
 extern time_t mktime (struct tm *__tp) __THROW;
 ^
/usr/include/time.h:199:40: error: expected ‘=’, ‘,’, ‘;’, ‘asm’ or ‘__attribute__’ before ‘__THROW’
 extern time_t mktime (struct tm *__tp) __THROW;
                                        ^
/usr/include/time.h:205:1: error: unknown type name ‘size_t’
 extern size_t strftime (char *__restrict __s, size_t __maxsize,
 ^
/usr/include/time.h:205:47: error: unknown type name ‘size_t’
 extern size_t strftime (char *__restrict __s, size_t __maxsize,
                                               ^
/usr/include/time.h:208:1: error: expected declaration specifiers before ‘__END_NAMESPACE_STD’
 __END_NAMESPACE_STD
 ^
In file included from /usr/include/time.h:221:0,
                 from shared.h:12,
                 from shared.c:11:
/usr/include/xlocale.h:39:3: error: expected declaration specifiers before ‘*’ token
 } *__locale_t;
   ^
/usr/include/xlocale.h:42:1: error: unknown type name ‘__locale_t’
 typedef __locale_t locale_t;
 ^
/usr/include/xlocale.h:42:20: error: storage class specified for parameter ‘locale_t’
 typedef __locale_t locale_t;
                    ^
In file included from shared.h:12:0,
                 from shared.c:11:
/usr/include/time.h:223:1: error: unknown type name ‘size_t’
 extern size_t strftime_l (char *__restrict __s, size_t __maxsize,
 ^
/usr/include/time.h:223:49: error: unknown type name ‘size_t’
 extern size_t strftime_l (char *__restrict __s, size_t __maxsize,
                                                 ^
/usr/include/time.h:226:6: error: unknown type name ‘__locale_t’
      __locale_t __loc) __THROW;
      ^
/usr/include/time.h:236:1: error: expected declaration specifiers before ‘__BEGIN_NAMESPACE_STD’
 __BEGIN_NAMESPACE_STD
 ^
/usr/include/time.h:243:15: error: unknown type name ‘time_t’
 extern struct tm *localtime (const time_t *__timer) __THROW;
               ^
/usr/include/time.h:243:53: error: expected ‘=’, ‘,’, ‘;’, ‘asm’ or ‘__attribute__’ before ‘__THROW’
 extern struct tm *localtime (const time_t *__timer) __THROW;
                                                     ^
/usr/include/time.h:244:1: error: expected declaration specifiers before ‘__END_NAMESPACE_STD’
 __END_NAMESPACE_STD
 ^
/usr/include/time.h:254:15: error: unknown type name ‘time_t’
 extern struct tm *localtime_r (const time_t *__restrict __timer,
               ^
/usr/include/time.h:255:39: error: expected ‘=’, ‘,’, ‘;’, ‘asm’ or ‘__attribute__’ before ‘__THROW’
           struct tm *__restrict __tp) __THROW;
                                       ^
/usr/include/time.h:258:1: error: expected declaration specifiers before ‘__BEGIN_NAMESPACE_STD’
 __BEGIN_NAMESPACE_STD
 ^
/usr/include/time.h:264:1: error: unknown type name ‘time_t’
 extern char *ctime (const time_t *__timer) __THROW;
 ^
/usr/include/time.h:264:44: error: expected ‘=’, ‘,’, ‘;’, ‘asm’ or ‘__attribute__’ before ‘__THROW’
 extern char *ctime (const time_t *__timer) __THROW;
                                            ^
/usr/include/time.h:265:1: error: expected declaration specifiers before ‘__END_NAMESPACE_STD’
 __END_NAMESPACE_STD
 ^
/usr/include/time.h:276:1: error: unknown type name ‘time_t’
 extern char *ctime_r (const time_t *__restrict __timer,
 ^
/usr/include/time.h:277:33: error: expected ‘=’, ‘,’, ‘;’, ‘asm’ or ‘__attribute__’ before ‘__THROW’
         char *__restrict __buf) __THROW;
                                 ^
/usr/include/time.h:282:14: error: storage class specified for parameter ‘__tzname’
 extern char *__tzname[2]; /* Current timezone names.  */
              ^
/usr/include/time.h:283:12: error: storage class specified for parameter ‘__daylight’
 extern int __daylight;  /* If daylight-saving time is ever in use.  */
            ^
/usr/include/time.h:284:17: error: storage class specified for parameter ‘__timezone’
 extern long int __timezone; /* Seconds west of UTC.  */
                 ^
/usr/include/time.h:289:14: error: storage class specified for parameter ‘tzname’
 extern char *tzname[2];
              ^
/usr/include/time.h:293:26: error: expected ‘=’, ‘,’, ‘;’, ‘asm’ or ‘__attribute__’ before ‘__THROW’
 extern void tzset (void) __THROW;
                          ^
/usr/include/time.h:297:12: error: storage class specified for parameter ‘daylight’
 extern int daylight;
            ^
/usr/include/time.h:298:17: error: storage class specified for parameter ‘timezone’
 extern long int timezone;
                 ^
/usr/include/time.h:304:1: error: unknown type name ‘time_t’
 extern int stime (const time_t *__when) __THROW;
 ^
/usr/include/time.h:304:41: error: expected ‘=’, ‘,’, ‘;’, ‘asm’ or ‘__attribute__’ before ‘__THROW’
 extern int stime (const time_t *__when) __THROW;
                                         ^
/usr/include/time.h:319:1: error: unknown type name ‘time_t’
 extern time_t timegm (struct tm *__tp) __THROW;
 ^
/usr/include/time.h:319:40: error: expected ‘=’, ‘,’, ‘;’, ‘asm’ or ‘__attribute__’ before ‘__THROW’
 extern time_t timegm (struct tm *__tp) __THROW;
                                        ^
/usr/include/time.h:322:1: error: unknown type name ‘time_t’
 extern time_t timelocal (struct tm *__tp) __THROW;
 ^
/usr/include/time.h:322:43: error: expected ‘=’, ‘,’, ‘;’, ‘asm’ or ‘__attribute__’ before ‘__THROW’
 extern time_t timelocal (struct tm *__tp) __THROW;
                                           ^
/usr/include/time.h:325:32: error: expected ‘=’, ‘,’, ‘;’, ‘asm’ or ‘__attribute__’ before ‘__THROW’
 extern int dysize (int __year) __THROW  __attribute__ ((__const__));
                                ^
/usr/include/time.h:334:12: error: storage class specified for parameter ‘nanosleep’
 extern int nanosleep (const struct timespec *__requested_time,
            ^
/usr/include/time.h:339:26: error: unknown type name ‘clockid_t’
 extern int clock_getres (clockid_t __clock_id, struct timespec *__res) __THROW;
                          ^
/usr/include/time.h:342:27: error: unknown type name ‘clockid_t’
 extern int clock_gettime (clockid_t __clock_id, struct timespec *__tp) __THROW;
                           ^
/usr/include/time.h:345:27: error: unknown type name ‘clockid_t’
 extern int clock_settime (clockid_t __clock_id, const struct timespec *__tp)
                           ^
/usr/include/time.h:353:29: error: unknown type name ‘clockid_t’
 extern int clock_nanosleep (clockid_t __clock_id, int __flags,
                             ^
/usr/include/time.h:358:33: error: expected declaration specifiers or ‘...’ before ‘pid_t’
 extern int clock_getcpuclockid (pid_t __pid, clockid_t *__clock_id) __THROW;
                                 ^
/usr/include/time.h:358:46: error: unknown type name ‘clockid_t’
 extern int clock_getcpuclockid (pid_t __pid, clockid_t *__clock_id) __THROW;
                                              ^
/usr/include/time.h:363:26: error: unknown type name ‘clockid_t’
 extern int timer_create (clockid_t __clock_id,
                          ^
/usr/include/time.h:365:5: error: expected declaration specifiers or ‘...’ before ‘timer_t’
     timer_t *__restrict __timerid) __THROW;
     ^
/usr/include/time.h:368:26: error: expected declaration specifiers or ‘...’ before ‘timer_t’
 extern int timer_delete (timer_t __timerid) __THROW;
                          ^
/usr/include/time.h:371:27: error: expected declaration specifiers or ‘...’ before ‘timer_t’
 extern int timer_settime (timer_t __timerid, int __flags,
                           ^
/usr/include/time.h:376:27: error: expected declaration specifiers or ‘...’ before ‘timer_t’
 extern int timer_gettime (timer_t __timerid, struct itimerspec *__value)
                           ^
/usr/include/time.h:380:30: error: expected declaration specifiers or ‘...’ before ‘timer_t’
 extern int timer_getoverrun (timer_t __timerid) __THROW;
                              ^
/usr/include/time.h:430:1: error: expected declaration specifiers before ‘__END_DECLS’
 __END_DECLS
 ^
In file included from shared.h:13:0,
                 from shared.c:11:
/usr/include/arpa/inet.h:30:1: error: expected declaration specifiers before ‘__BEGIN_DECLS’
 __BEGIN_DECLS
 ^
/usr/include/arpa/inet.h:37:1: error: unknown type name ‘in_addr_t’
 extern in_addr_t inet_lnaof (struct in_addr __in) __THROW;
 ^
/usr/include/arpa/inet.h:37:51: error: expected ‘=’, ‘,’, ‘;’, ‘asm’ or ‘__attribute__’ before ‘__THROW’
 extern in_addr_t inet_lnaof (struct in_addr __in) __THROW;
                                                   ^
/usr/include/arpa/inet.h:41:38: error: unknown type name ‘in_addr_t’
 extern struct in_addr inet_makeaddr (in_addr_t __net, in_addr_t __host)
                                      ^
/usr/include/arpa/inet.h:41:55: error: unknown type name ‘in_addr_t’
 extern struct in_addr inet_makeaddr (in_addr_t __net, in_addr_t __host)
                                                       ^
/usr/include/arpa/inet.h:45:1: error: unknown type name ‘in_addr_t’
 extern in_addr_t inet_netof (struct in_addr __in) __THROW;
 ^
/usr/include/arpa/inet.h:45:51: error: expected ‘=’, ‘,’, ‘;’, ‘asm’ or ‘__attribute__’ before ‘__THROW’
 extern in_addr_t inet_netof (struct in_addr __in) __THROW;
                                                   ^
/usr/include/arpa/inet.h:49:1: error: unknown type name ‘in_addr_t’
 extern in_addr_t inet_network (const char *__cp) __THROW;
 ^
/usr/include/arpa/inet.h:49:50: error: expected ‘=’, ‘,’, ‘;’, ‘asm’ or ‘__attribute__’ before ‘__THROW’
 extern in_addr_t inet_network (const char *__cp) __THROW;
                                                  ^
/usr/include/arpa/inet.h:53:46: error: expected ‘=’, ‘,’, ‘;’, ‘asm’ or ‘__attribute__’ before ‘__THROW’
 extern char *inet_ntoa (struct in_addr __in) __THROW;
                                              ^
/usr/include/arpa/inet.h:59:33: error: expected ‘=’, ‘,’, ‘;’, ‘asm’ or ‘__attribute__’ before ‘__THROW’
         void *__restrict __buf) __THROW;
                                 ^
/usr/include/arpa/inet.h:65:34: error: unknown type name ‘socklen_t’
          char *__restrict __buf, socklen_t __len)
                                  ^
/usr/include/arpa/inet.h:73:64: error: expected ‘=’, ‘,’, ‘;’, ‘asm’ or ‘__attribute__’ before ‘__THROW’
 extern int inet_aton (const char *__cp, struct in_addr *__inp) __THROW;
                                                                ^
/usr/include/arpa/inet.h:77:25: error: unknown type name ‘in_addr_t’
 extern char *inet_neta (in_addr_t __net, char *__buf, size_t __len) __THROW;
                         ^
/usr/include/arpa/inet.h:77:55: error: unknown type name ‘size_t’
 extern char *inet_neta (in_addr_t __net, char *__buf, size_t __len) __THROW;
                                                       ^
/usr/include/arpa/inet.h:83:21: error: unknown type name ‘size_t’
        char *__buf, size_t __len) __THROW;
                     ^
/usr/include/arpa/inet.h:89:19: error: unknown type name ‘size_t’
      void *__buf, size_t __len) __THROW;
                   ^
/usr/include/arpa/inet.h:95:42: error: expected ‘=’, ‘,’, ‘;’, ‘asm’ or ‘__attribute__’ before ‘__THROW’
         unsigned char *__buf, int __len) __THROW;
                                          ^
/usr/include/arpa/inet.h:100:22: error: expected ‘=’, ‘,’, ‘;’, ‘asm’ or ‘__attribute__’ before ‘__THROW’
         char *__buf) __THROW;
                      ^
In file included from shared.c:11:0:
shared.h:15:22: error: /usr/include/x86_64-linux-gnu/sys/time.h: Bad file descriptor
 #include <sys/time.h>
                      ^
In file included from shared.h:13:0,
                 from shared.c:11:
/usr/include/arpa/inet.h:103:1: error: expected declaration specifiers before ‘__END_DECLS’
 __END_DECLS
 ^
In file included from shared.c:11:0:
shared.h:28:1: error: unknown type name ‘uint32_t’
 uint32_t get_seq_number(void *packet);
 ^
shared.h:32:1: error: unknown type name ‘uint32_t’
 uint32_t convert_endian(uint32_t t);
 ^
shared.h:32:25: error: unknown type name ‘uint32_t’
 uint32_t convert_endian(uint32_t t);
                         ^
shared.c:13:1: error: parameter ‘MAX_SEC’ is initialized
 const double MAX_SEC = 5.0;
 ^
shared.c:14:1: error: parameter ‘HEADER_BYTES’ is initialized
 const int HEADER_BYTES = 9;
 ^
shared.c:21:48: error: expected ‘=’, ‘,’, ‘;’, ‘asm’ or ‘__attribute__’ before ‘{’ token
 void print4bytes(char *str, int payload_length){
                                                ^
shared.c:39:44: error: expected ‘=’, ‘,’, ‘;’, ‘asm’ or ‘__attribute__’ before ‘{’ token
 void set_pkt_type(char *ptr,char pkt_type) {
                                            ^
shared.c:47:33: error: expected ‘=’, ‘,’, ‘;’, ‘asm’ or ‘__attribute__’ before ‘{’ token
 int is_echo_valid(int echo_val) {
                                 ^
shared.c:54:33: error: expected ‘=’, ‘,’, ‘;’, ‘asm’ or ‘__attribute__’ before ‘{’ token
 int is_port_valid(int port_num) {
                                 ^
shared.c:61:1: error: unknown type name ‘uint32_t’
 uint32_t convert_endian(uint32_t t) {
 ^
shared.c:61:25: error: unknown type name ‘uint32_t’
 uint32_t convert_endian(uint32_t t) {
                         ^
shared.c:76:1: error: unknown type name ‘uint32_t’
 uint32_t get_seq_number(void *packet) {
 ^
shared.c:76:39: error: expected ‘=’, ‘,’, ‘;’, ‘asm’ or ‘__attribute__’ before ‘{’ token
 uint32_t get_seq_number(void *packet) {
                                       ^
shared.c:86:20: error: expected ‘=’, ‘,’, ‘;’, ‘asm’ or ‘__attribute__’ before ‘{’ token
 int check_endian() {
                    ^
In file included from shared.h:2:0,
                 from shared.c:11:
/usr/include/netinet/in.h:501:12: error: old-style parameter declarations in prototyped function definition
 extern int bindresvport (int __sockfd, struct sockaddr_in *__sock_in) __THROW;
            ^
shared.c:89:1: error: expected ‘{’ at end of input
 }
 ^
make: *** [shared.o] Error 1
--------------------------------------------------------------------------------------------
--------------------------------------------------------------------------------------------
gcc -c shared.c
seed: 5441
shared.c:11:20: error: shared.h: Bad file descriptor
 #include "shared.h"
                    ^
shared.c: In function ‘print4bytes’:
shared.c:30:5: warning: incompatible implicit declaration of built-in function ‘printf’ [enabled by default]
     printf("%c",*temp);  //use %d instead of %c to get the ASCII????
     ^
shared.c: At top level:
shared.c:61:1: error: unknown type name ‘uint32_t’
 uint32_t convert_endian(uint32_t t) {
 ^
shared.c:61:25: error: unknown type name ‘uint32_t’
 uint32_t convert_endian(uint32_t t) {
                         ^
shared.c:76:1: error: unknown type name ‘uint32_t’
 uint32_t get_seq_number(void *packet) {
 ^
shared.c: In function ‘get_seq_number’:
shared.c:81:34: error: ‘uint32_t’ undeclared (first use in this function)
   if (!check_endian()) return *((uint32_t *)echo_seq_number_ptr);
                                  ^
shared.c:81:34: note: each undeclared identifier is reported only once for each function it appears in
shared.c:81:44: error: expected expression before ‘)’ token
   if (!check_endian()) return *((uint32_t *)echo_seq_number_ptr);
                                            ^
shared.c:82:37: error: expected expression before ‘)’ token
   return convert_endian(*((uint32_t*)echo_seq_number_ptr));
                                     ^
make: *** [shared.o] Error 1
--------------------------------------------------------------------------------------------
--------------------------------------------------------------------------------------------
gcc -c shared.c
seed: 27225
cc1: error: shared.c: Bad file descriptor
make: *** [shared.o] Error 1
--------------------------------------------------------------------------------------------
--------------------------------------------------------------------------------------------
gcc -c shared.c
seed: 6938
cc1: error: shared.c: Bad file descriptor
make: *** [shared.o] Error 1
--------------------------------------------------------------------------------------------
--------------------------------------------------------------------------------------------
gcc -c shared.c
seed: 27862
cc1: error: /usr/include/stdc-predef.h: Bad file descriptor
shared.c:11:20: error: shared.h: Bad file descriptor
 #include "shared.h"
                    ^
shared.c: In function ‘print4bytes’:
shared.c:30:5: warning: incompatible implicit declaration of built-in function ‘printf’ [enabled by default]
     printf("%c",*temp);  //use %d instead of %c to get the ASCII????
     ^
shared.c: At top level:
shared.c:61:1: error: unknown type name ‘uint32_t’
 uint32_t convert_endian(uint32_t t) {
 ^
shared.c:61:25: error: unknown type name ‘uint32_t’
 uint32_t convert_endian(uint32_t t) {
                         ^
shared.c:76:1: error: unknown type name ‘uint32_t’
 uint32_t get_seq_number(void *packet) {
 ^
shared.c: In function ‘get_seq_number’:
shared.c:81:34: error: ‘uint32_t’ undeclared (first use in this function)
   if (!check_endian()) return *((uint32_t *)echo_seq_number_ptr);
                                  ^
shared.c:81:34: note: each undeclared identifier is reported only once for each function it appears in
shared.c:81:44: error: expected expression before ‘)’ token
   if (!check_endian()) return *((uint32_t *)echo_seq_number_ptr);
                                            ^
shared.c:82:37: error: expected expression before ‘)’ token
   return convert_endian(*((uint32_t*)echo_seq_number_ptr));
                                     ^
make: *** [shared.o] Error 1
--------------------------------------------------------------------------------------------
--------------------------------------------------------------------------------------------
gcc -c shared.c
seed: 174
cc1: error: shared.c: Bad file descriptor
make: *** [shared.o] Error 1
--------------------------------------------------------------------------------------------
--------------------------------------------------------------------------------------------
gcc -c shared.c
seed: 12655
shared.c:11:20: error: shared.h: Bad file descriptor
 #include "shared.h"
                    ^
shared.c: In function ‘print4bytes’:
shared.c:30:5: warning: incompatible implicit declaration of built-in function ‘printf’ [enabled by default]
     printf("%c",*temp);  //use %d instead of %c to get the ASCII????
     ^
shared.c: At top level:
shared.c:61:1: error: unknown type name ‘uint32_t’
 uint32_t convert_endian(uint32_t t) {
 ^
shared.c:61:25: error: unknown type name ‘uint32_t’
 uint32_t convert_endian(uint32_t t) {
                         ^
shared.c:76:1: error: unknown type name ‘uint32_t’
 uint32_t get_seq_number(void *packet) {
 ^
shared.c: In function ‘get_seq_number’:
shared.c:81:34: error: ‘uint32_t’ undeclared (first use in this function)
   if (!check_endian()) return *((uint32_t *)echo_seq_number_ptr);
                                  ^
shared.c:81:34: note: each undeclared identifier is reported only once for each function it appears in
shared.c:81:44: error: expected expression before ‘)’ token
   if (!check_endian()) return *((uint32_t *)echo_seq_number_ptr);
                                            ^
shared.c:82:37: error: expected expression before ‘)’ token
   return convert_endian(*((uint32_t*)echo_seq_number_ptr));
                                     ^
make: *** [shared.o] Error 1
--------------------------------------------------------------------------------------------
--------------------------------------------------------------------------------------------
gcc -c shared.c
seed: 8387
cc1: error: shared.c: Bad file descriptor
make: *** [shared.o] Error 1
--------------------------------------------------------------------------------------------
--------------------------------------------------------------------------------------------
gcc -c shared.c
seed: 1220
cc1: error: shared.c: Bad file descriptor
make: *** [shared.o] Error 1
--------------------------------------------------------------------------------------------
--------------------------------------------------------------------------------------------
gcc -c shared.c
seed: 32747
cc1: error: shared.c: Bad file descriptor
make: *** [shared.o] Error 1
--------------------------------------------------------------------------------------------
--------------------------------------------------------------------------------------------
gcc -c shared.c
seed: 12910
cc1: error: shared.c: Bad file descriptor
make: *** [shared.o] Error 1
--------------------------------------------------------------------------------------------
--------------------------------------------------------------------------------------------
gcc -c shared.c
seed: 3915
cc1: error: /usr/include/stdc-predef.h: Bad file descriptor
shared.c:11:20: error: shared.h: Bad file descriptor
 #include "shared.h"
                    ^
shared.c: In function ‘print4bytes’:
shared.c:30:5: warning: incompatible implicit declaration of built-in function ‘printf’ [enabled by default]
     printf("%c",*temp);  //use %d instead of %c to get the ASCII????
     ^
shared.c: At top level:
shared.c:61:1: error: unknown type name ‘uint32_t’
 uint32_t convert_endian(uint32_t t) {
 ^
shared.c:61:25: error: unknown type name ‘uint32_t’
 uint32_t convert_endian(uint32_t t) {
                         ^
shared.c:76:1: error: unknown type name ‘uint32_t’
 uint32_t get_seq_number(void *packet) {
 ^
shared.c: In function ‘get_seq_number’:
shared.c:81:34: error: ‘uint32_t’ undeclared (first use in this function)
   if (!check_endian()) return *((uint32_t *)echo_seq_number_ptr);
                                  ^
shared.c:81:34: note: each undeclared identifier is reported only once for each function it appears in
shared.c:81:44: error: expected expression before ‘)’ token
   if (!check_endian()) return *((uint32_t *)echo_seq_number_ptr);
                                            ^
shared.c:82:37: error: expected expression before ‘)’ token
   return convert_endian(*((uint32_t*)echo_seq_number_ptr));
                                     ^
make: *** [shared.o] Error 1
--------------------------------------------------------------------------------------------
