--------------------------------------------------------------------------------------------
gcc -c shared.c
seed: 5732
In file included from shared.h:1:0,
                 from shared.c:11:
/usr/include/x86_64-linux-gnu/sys/socket.h:22:22: error: /usr/include/features.h: Bad file descriptor
 #include <features.h>
                      ^
/usr/include/x86_64-linux-gnu/sys/socket.h:26:21: error: /usr/include/x86_64-linux-gnu/sys/uio.h: Bad file descriptor
 #include <sys/uio.h>
                     ^
In file included from /usr/include/x86_64-linux-gnu/sys/socket.h:28:0,
                 from shared.h:1,
                 from shared.c:11:
/usr/lib/gcc/x86_64-linux-gnu/4.8/include/stddef.h:212:1: error: expected ‘=’, ‘,’, ‘;’, ‘asm’ or ‘__attribute__’ before ‘typedef’
 typedef __SIZE_TYPE__ size_t;
 ^
In file included from /usr/include/x86_64-linux-gnu/sys/socket.h:38:0,
                 from shared.h:1,
                 from shared.c:11:
/usr/include/x86_64-linux-gnu/bits/socket.h:27:20: error: /usr/lib/gcc/x86_64-linux-gnu/4.8/include/stddef.h: Bad file descriptor
 #include <stddef.h>
                    ^
In file included from /usr/include/x86_64-linux-gnu/sys/types.h:29:0,
                 from /usr/include/x86_64-linux-gnu/bits/socket.h:29,
                 from /usr/include/x86_64-linux-gnu/sys/socket.h:38,
                 from shared.h:1,
                 from shared.c:11:
/usr/include/x86_64-linux-gnu/bits/types.h:30:1: error: expected ‘=’, ‘,’, ‘;’, ‘asm’ or ‘__attribute__’ before ‘typedef’
 typedef unsigned char __u_char;
 ^
/usr/include/x86_64-linux-gnu/bits/types.h:121:62: error: /usr/include/x86_64-linux-gnu/bits/typesizes.h: Bad file descriptor
 #include <bits/typesizes.h> /* Defines __*_T_TYPE macros.  */
                                                              ^
/usr/include/x86_64-linux-gnu/bits/types.h:124:1: error: unknown type name ‘__DEV_T_TYPE’
 __STD_TYPE __DEV_T_TYPE __dev_t; /* Type of device numbers.  */
 ^
/usr/include/x86_64-linux-gnu/bits/types.h:125:1: error: unknown type name ‘__UID_T_TYPE’
 __STD_TYPE __UID_T_TYPE __uid_t; /* Type of user identifications.  */
 ^
/usr/include/x86_64-linux-gnu/bits/types.h:126:1: error: unknown type name ‘__GID_T_TYPE’
 __STD_TYPE __GID_T_TYPE __gid_t; /* Type of group identifications.  */
 ^
/usr/include/x86_64-linux-gnu/bits/types.h:127:1: error: unknown type name ‘__INO_T_TYPE’
 __STD_TYPE __INO_T_TYPE __ino_t; /* Type of file serial numbers.  */
 ^
/usr/include/x86_64-linux-gnu/bits/types.h:128:1: error: unknown type name ‘__INO64_T_TYPE’
 __STD_TYPE __INO64_T_TYPE __ino64_t; /* Type of file serial numbers (LFS).*/
 ^
/usr/include/x86_64-linux-gnu/bits/types.h:129:1: error: unknown type name ‘__MODE_T_TYPE’
 __STD_TYPE __MODE_T_TYPE __mode_t; /* Type of file attribute bitmasks.  */
 ^
/usr/include/x86_64-linux-gnu/bits/types.h:130:1: error: unknown type name ‘__NLINK_T_TYPE’
 __STD_TYPE __NLINK_T_TYPE __nlink_t; /* Type of file link counts.  */
 ^
/usr/include/x86_64-linux-gnu/bits/types.h:131:1: error: unknown type name ‘__OFF_T_TYPE’
 __STD_TYPE __OFF_T_TYPE __off_t; /* Type of file sizes and offsets.  */
 ^
/usr/include/x86_64-linux-gnu/bits/types.h:132:1: error: unknown type name ‘__OFF64_T_TYPE’
 __STD_TYPE __OFF64_T_TYPE __off64_t; /* Type of file sizes and offsets (LFS).  */
 ^
/usr/include/x86_64-linux-gnu/bits/types.h:133:1: error: unknown type name ‘__PID_T_TYPE’
 __STD_TYPE __PID_T_TYPE __pid_t; /* Type of process identifications.  */
 ^
/usr/include/x86_64-linux-gnu/bits/types.h:134:1: error: unknown type name ‘__FSID_T_TYPE’
 __STD_TYPE __FSID_T_TYPE __fsid_t; /* Type of file system IDs.  */
 ^
/usr/include/x86_64-linux-gnu/bits/types.h:135:1: error: unknown type name ‘__CLOCK_T_TYPE’
 __STD_TYPE __CLOCK_T_TYPE __clock_t; /* Type of CPU usage counts.  */
 ^
/usr/include/x86_64-linux-gnu/bits/types.h:136:1: error: unknown type name ‘__RLIM_T_TYPE’
 __STD_TYPE __RLIM_T_TYPE __rlim_t; /* Type for resource measurement.  */
 ^
/usr/include/x86_64-linux-gnu/bits/types.h:137:1: error: unknown type name ‘__RLIM64_T_TYPE’
 __STD_TYPE __RLIM64_T_TYPE __rlim64_t; /* Type for resource measurement (LFS).  */
 ^
/usr/include/x86_64-linux-gnu/bits/types.h:138:1: error: unknown type name ‘__ID_T_TYPE’
 __STD_TYPE __ID_T_TYPE __id_t;  /* General type for IDs.  */
 ^
/usr/include/x86_64-linux-gnu/bits/types.h:139:1: error: unknown type name ‘__TIME_T_TYPE’
 __STD_TYPE __TIME_T_TYPE __time_t; /* Seconds since the Epoch.  */
 ^
/usr/include/x86_64-linux-gnu/bits/types.h:140:1: error: unknown type name ‘__USECONDS_T_TYPE’
 __STD_TYPE __USECONDS_T_TYPE __useconds_t; /* Count of microseconds.  */
 ^
/usr/include/x86_64-linux-gnu/bits/types.h:141:1: error: unknown type name ‘__SUSECONDS_T_TYPE’
 __STD_TYPE __SUSECONDS_T_TYPE __suseconds_t; /* Signed count of microseconds.  */
 ^
/usr/include/x86_64-linux-gnu/bits/types.h:143:1: error: unknown type name ‘__DADDR_T_TYPE’
 __STD_TYPE __DADDR_T_TYPE __daddr_t; /* The type of a disk address.  */
 ^
/usr/include/x86_64-linux-gnu/bits/types.h:144:1: error: unknown type name ‘__KEY_T_TYPE’
 __STD_TYPE __KEY_T_TYPE __key_t; /* Type of an IPC key.  */
 ^
/usr/include/x86_64-linux-gnu/bits/types.h:147:1: error: unknown type name ‘__CLOCKID_T_TYPE’
 __STD_TYPE __CLOCKID_T_TYPE __clockid_t;
 ^
/usr/include/x86_64-linux-gnu/bits/types.h:150:1: error: unknown type name ‘__TIMER_T_TYPE’
 __STD_TYPE __TIMER_T_TYPE __timer_t;
 ^
/usr/include/x86_64-linux-gnu/bits/types.h:153:1: error: unknown type name ‘__BLKSIZE_T_TYPE’
 __STD_TYPE __BLKSIZE_T_TYPE __blksize_t;
 ^
/usr/include/x86_64-linux-gnu/bits/types.h:158:1: error: unknown type name ‘__BLKCNT_T_TYPE’
 __STD_TYPE __BLKCNT_T_TYPE __blkcnt_t;
 ^
/usr/include/x86_64-linux-gnu/bits/types.h:159:1: error: unknown type name ‘__BLKCNT64_T_TYPE’
 __STD_TYPE __BLKCNT64_T_TYPE __blkcnt64_t;
 ^
/usr/include/x86_64-linux-gnu/bits/types.h:162:1: error: unknown type name ‘__FSBLKCNT_T_TYPE’
 __STD_TYPE __FSBLKCNT_T_TYPE __fsblkcnt_t;
 ^
/usr/include/x86_64-linux-gnu/bits/types.h:163:1: error: unknown type name ‘__FSBLKCNT64_T_TYPE’
 __STD_TYPE __FSBLKCNT64_T_TYPE __fsblkcnt64_t;
 ^
/usr/include/x86_64-linux-gnu/bits/types.h:166:1: error: unknown type name ‘__FSFILCNT_T_TYPE’
 __STD_TYPE __FSFILCNT_T_TYPE __fsfilcnt_t;
 ^
/usr/include/x86_64-linux-gnu/bits/types.h:167:1: error: unknown type name ‘__FSFILCNT64_T_TYPE’
 __STD_TYPE __FSFILCNT64_T_TYPE __fsfilcnt64_t;
 ^
/usr/include/x86_64-linux-gnu/bits/types.h:170:1: error: unknown type name ‘__FSWORD_T_TYPE’
 __STD_TYPE __FSWORD_T_TYPE __fsword_t;
 ^
/usr/include/x86_64-linux-gnu/bits/types.h:172:1: error: unknown type name ‘__SSIZE_T_TYPE’
 __STD_TYPE __SSIZE_T_TYPE __ssize_t; /* Type of a byte count, or error.  */
 ^
/usr/include/x86_64-linux-gnu/bits/types.h:175:1: error: unknown type name ‘__SYSCALL_SLONG_TYPE’
 __STD_TYPE __SYSCALL_SLONG_TYPE __syscall_slong_t;
 ^
/usr/include/x86_64-linux-gnu/bits/types.h:177:1: error: unknown type name ‘__SYSCALL_ULONG_TYPE’
 __STD_TYPE __SYSCALL_ULONG_TYPE __syscall_ulong_t;
 ^
In file included from /usr/include/x86_64-linux-gnu/sys/types.h:132:0,
                 from /usr/include/x86_64-linux-gnu/bits/socket.h:29,
                 from /usr/include/x86_64-linux-gnu/sys/socket.h:38,
                 from shared.h:1,
                 from shared.c:11:
/usr/include/time.h:75:1: error: expected ‘=’, ‘,’, ‘;’, ‘asm’ or ‘__attribute__’ before ‘typedef’
 typedef __time_t time_t;
 ^
/usr/include/time.h:91:1: error: expected ‘=’, ‘,’, ‘;’, ‘asm’ or ‘__attribute__’ before ‘typedef’
 typedef __clockid_t clockid_t;
 ^
In file included from /usr/include/x86_64-linux-gnu/bits/socket.h:29:0,
                 from /usr/include/x86_64-linux-gnu/sys/socket.h:38,
                 from shared.h:1,
                 from shared.c:11:
/usr/include/x86_64-linux-gnu/sys/types.h:157:20: error: missing binary operator before token "("
 #if !__GNUC_PREREQ (2, 7)
                    ^
In file included from /usr/include/x86_64-linux-gnu/sys/socket.h:38:0,
                 from shared.h:1,
                 from shared.c:11:
/usr/include/x86_64-linux-gnu/bits/socket.h:33:1: error: expected ‘=’, ‘,’, ‘;’, ‘asm’ or ‘__attribute__’ before ‘typedef’
 typedef __socklen_t socklen_t;
 ^
/usr/include/x86_64-linux-gnu/bits/socket.h:38:30: error: /usr/include/x86_64-linux-gnu/bits/socket_type.h: Bad file descriptor
 #include <bits/socket_type.h>
                              ^
In file included from /usr/include/x86_64-linux-gnu/sys/socket.h:38:0,
                 from shared.h:1,
                 from shared.c:11:
/usr/include/x86_64-linux-gnu/bits/socket.h:227:5: error: unknown type name ‘socklen_t’
     socklen_t msg_namelen; /* Length of address data.  */
     ^
/usr/include/x86_64-linux-gnu/bits/socket.h:230:5: error: unknown type name ‘size_t’
     size_t msg_iovlen;  /* Number of elements in the vector.  */
     ^
/usr/include/x86_64-linux-gnu/bits/socket.h:233:5: error: unknown type name ‘size_t’
     size_t msg_controllen; /* Ancillary data buffer length.
     ^
/usr/include/x86_64-linux-gnu/bits/socket.h:244:5: error: unknown type name ‘size_t’
     size_t cmsg_len;  /* Length of data in cmsg_data plus length
     ^
/usr/include/x86_64-linux-gnu/bits/socket.h:252:45: error: expected ‘:’, ‘,’, ‘;’, ‘}’ or ‘__attribute__’ before ‘__flexarr’
     __extension__ unsigned char __cmsg_data __flexarr; /* Ancillary data.  */
                                             ^
/usr/include/x86_64-linux-gnu/bits/socket.h: In function ‘__cmsg_nxthdr’:
/usr/include/x86_64-linux-gnu/bits/socket.h:273:35: error: expected declaration specifiers before ‘__THROW’
           struct cmsghdr *__cmsg) __THROW;
                                   ^
In file included from shared.c:1:0:

/usr/include/x86_64-linux-gnu/asm/socket.h:1: confused by earlier errors, bailing out
The bug is not reproducible, so it is likely a hardware or OS problem.
make: *** [shared.o] Error 1
--------------------------------------------------------------------------------------------
--------------------------------------------------------------------------------------------
gcc -c shared.c
seed: 14496
cc1: error: /usr/include/stdc-predef.h: Bad file descriptor
In file included from /usr/include/x86_64-linux-gnu/sys/socket.h:22:0,
                 from shared.h:1,
                 from shared.c:11:
/usr/include/features.h:374:25: error: /usr/include/x86_64-linux-gnu/sys/cdefs.h: Bad file descriptor
 #  include <sys/cdefs.h>
                         ^
/usr/include/features.h:398:23: error: /usr/include/x86_64-linux-gnu/gnu/stubs.h: Bad file descriptor
 #include <gnu/stubs.h>
                       ^
In file included from shared.h:1:0,
                 from shared.c:11:
/usr/include/x86_64-linux-gnu/sys/socket.h:24:1: error: unknown type name ‘__BEGIN_DECLS’
 __BEGIN_DECLS
 ^
In file included from /usr/include/x86_64-linux-gnu/sys/types.h:29:0,
                 from /usr/include/x86_64-linux-gnu/sys/uio.h:23,
                 from /usr/include/x86_64-linux-gnu/sys/socket.h:26,
                 from shared.h:1,
                 from shared.c:11:
/usr/include/x86_64-linux-gnu/bits/types.h:30:1: error: expected ‘=’, ‘,’, ‘;’, ‘asm’ or ‘__attribute__’ before ‘typedef’
 typedef unsigned char __u_char;
 ^
In file included from /usr/include/x86_64-linux-gnu/sys/uio.h:23:0,
                 from /usr/include/x86_64-linux-gnu/sys/socket.h:26,
                 from shared.h:1,
                 from shared.c:11:
/usr/include/x86_64-linux-gnu/sys/types.h:33:1: error: unknown type name ‘__u_char’
 typedef __u_char u_char;
 ^
In file included from /usr/include/x86_64-linux-gnu/sys/types.h:132:0,
                 from /usr/include/x86_64-linux-gnu/sys/uio.h:23,
                 from /usr/include/x86_64-linux-gnu/sys/socket.h:26,
                 from shared.h:1,
                 from shared.c:11:
/usr/include/time.h:59:1: error: expected ‘=’, ‘,’, ‘;’, ‘asm’ or ‘__attribute__’ before ‘typedef’
 typedef __clock_t clock_t;
 ^
/usr/include/time.h:60:1: error: unknown type name ‘__END_NAMESPACE_STD’
 __END_NAMESPACE_STD
 ^
/usr/include/time.h: In function ‘__USING_NAMESPACE_STD’:
/usr/include/time.h:73:1: error: expected declaration specifiers before ‘__BEGIN_NAMESPACE_STD’
 __BEGIN_NAMESPACE_STD
 ^
/usr/include/time.h:76:1: error: unknown type name ‘__END_NAMESPACE_STD’
 __END_NAMESPACE_STD
 ^
/usr/include/time.h:91:1: error: expected ‘=’, ‘,’, ‘;’, ‘asm’ or ‘__attribute__’ before ‘typedef’
 typedef __clockid_t clockid_t;
 ^
/usr/include/time.h:103:19: error: storage class specified for parameter ‘timer_t’
 typedef __timer_t timer_t;
                   ^
In file included from /usr/include/x86_64-linux-gnu/sys/types.h:146:0,
                 from /usr/include/x86_64-linux-gnu/sys/uio.h:23,
                 from /usr/include/x86_64-linux-gnu/sys/socket.h:26,
                 from shared.h:1,
                 from shared.c:11:
/usr/lib/gcc/x86_64-linux-gnu/4.8/include/stddef.h:212:23: error: storage class specified for parameter ‘size_t’
 typedef __SIZE_TYPE__ size_t;
                       ^
In file included from /usr/include/x86_64-linux-gnu/sys/uio.h:23:0,
                 from /usr/include/x86_64-linux-gnu/sys/socket.h:26,
                 from shared.h:1,
                 from shared.c:11:
/usr/include/x86_64-linux-gnu/sys/types.h:150:27: error: storage class specified for parameter ‘ulong’
 typedef unsigned long int ulong;
                           ^
/usr/include/x86_64-linux-gnu/sys/types.h:151:28: error: storage class specified for parameter ‘ushort’
 typedef unsigned short int ushort;
                            ^
/usr/include/x86_64-linux-gnu/sys/types.h:152:22: error: storage class specified for parameter ‘uint’
 typedef unsigned int uint;
                      ^
/usr/include/x86_64-linux-gnu/sys/types.h:194:1: error: storage class specified for parameter ‘int8_t’
 __intN_t (8, __QI__);
 ^
/usr/include/x86_64-linux-gnu/sys/types.h:195:1: error: storage class specified for parameter ‘int16_t’
 __intN_t (16, __HI__);
 ^
/usr/include/x86_64-linux-gnu/sys/types.h:196:1: error: storage class specified for parameter ‘int32_t’
 __intN_t (32, __SI__);
 ^
/usr/include/x86_64-linux-gnu/sys/types.h:197:1: error: storage class specified for parameter ‘int64_t’
 __intN_t (64, __DI__);
 ^
/usr/include/x86_64-linux-gnu/sys/types.h:200:1: error: storage class specified for parameter ‘u_int8_t’
 __u_intN_t (8, __QI__);
 ^
/usr/include/x86_64-linux-gnu/sys/types.h:201:1: error: storage class specified for parameter ‘u_int16_t’
 __u_intN_t (16, __HI__);
 ^
/usr/include/x86_64-linux-gnu/sys/types.h:202:1: error: storage class specified for parameter ‘u_int32_t’
 __u_intN_t (32, __SI__);
 ^
/usr/include/x86_64-linux-gnu/sys/types.h:203:1: error: storage class specified for parameter ‘u_int64_t’
 __u_intN_t (64, __DI__);
 ^
/usr/include/x86_64-linux-gnu/sys/types.h:205:13: error: storage class specified for parameter ‘register_t’
 typedef int register_t __attribute__ ((__mode__ (__word__)));
             ^
In file included from /usr/include/x86_64-linux-gnu/sys/types.h:216:0,
                 from /usr/include/x86_64-linux-gnu/sys/uio.h:23,
                 from /usr/include/x86_64-linux-gnu/sys/socket.h:26,
                 from shared.h:1,
                 from shared.c:11:
/usr/include/endian.h:36:25: error: /usr/include/x86_64-linux-gnu/bits/endian.h: Bad file descriptor
 #include <bits/endian.h>
                         ^
In file included from /usr/include/endian.h:60:0,
                 from /usr/include/x86_64-linux-gnu/sys/types.h:216,
                 from /usr/include/x86_64-linux-gnu/sys/uio.h:23,
                 from /usr/include/x86_64-linux-gnu/sys/socket.h:26,
                 from shared.h:1,
                 from shared.c:11:
/usr/include/x86_64-linux-gnu/bits/byteswap.h:28:27: error: /usr/include/x86_64-linux-gnu/bits/wordsize.h: Bad file descriptor
 #include <bits/wordsize.h>
                           ^
/usr/include/x86_64-linux-gnu/bits/byteswap.h:35:30: error: /usr/include/x86_64-linux-gnu/bits/byteswap-16.h: Bad file descriptor
 #include <bits/byteswap-16.h>
                              ^
/usr/include/x86_64-linux-gnu/bits/byteswap.h:46:1: error: expected ‘=’, ‘,’, ‘;’, ‘asm’ or ‘__attribute__’ before ‘{’ token
 {
 ^
/usr/include/x86_64-linux-gnu/bits/byteswap.h:110:1: error: expected ‘=’, ‘,’, ‘;’, ‘asm’ or ‘__attribute__’ before ‘{’ token
 {
 ^
In file included from /usr/include/x86_64-linux-gnu/sys/types.h:219:0,
                 from /usr/include/x86_64-linux-gnu/sys/uio.h:23,
                 from /usr/include/x86_64-linux-gnu/sys/socket.h:26,
                 from shared.h:1,
                 from shared.c:11:
/usr/include/x86_64-linux-gnu/sys/select.h:30:25: error: /usr/include/x86_64-linux-gnu/bits/select.h: Bad file descriptor
 #include <bits/select.h>
                         ^
In file included from /usr/include/x86_64-linux-gnu/sys/select.h:33:0,
                 from /usr/include/x86_64-linux-gnu/sys/types.h:219,
                 from /usr/include/x86_64-linux-gnu/sys/uio.h:23,
                 from /usr/include/x86_64-linux-gnu/sys/socket.h:26,
                 from shared.h:1,
                 from shared.c:11:
/usr/include/x86_64-linux-gnu/bits/sigset.h:22:13: error: storage class specified for parameter ‘__sig_atomic_t’
 typedef int __sig_atomic_t;
             ^
/usr/include/x86_64-linux-gnu/bits/sigset.h:30:5: error: storage class specified for parameter ‘__sigset_t’
   } __sigset_t;
     ^
In file included from /usr/include/x86_64-linux-gnu/sys/types.h:219:0,
                 from /usr/include/x86_64-linux-gnu/sys/uio.h:23,
                 from /usr/include/x86_64-linux-gnu/sys/socket.h:26,
                 from shared.h:1,
                 from shared.c:11:
/usr/include/x86_64-linux-gnu/sys/select.h:37:20: error: expected ‘=’, ‘,’, ‘;’, ‘asm’ or ‘__attribute__’ before ‘sigset_t’
 typedef __sigset_t sigset_t;
                    ^
/usr/include/x86_64-linux-gnu/sys/select.h:43:18: error: /usr/include/time.h: Bad file descriptor
 #include <time.h>
                  ^
/usr/include/x86_64-linux-gnu/sys/select.h:45:23: error: /usr/include/x86_64-linux-gnu/bits/time.h: Bad file descriptor
 #include <bits/time.h>
                       ^
/usr/include/x86_64-linux-gnu/sys/select.h:48:23: error: storage class specified for parameter ‘suseconds_t’
 typedef __suseconds_t suseconds_t;
                       ^
/usr/include/x86_64-linux-gnu/sys/select.h:54:18: error: storage class specified for parameter ‘__fd_mask’
 typedef long int __fd_mask;
                  ^
/usr/include/x86_64-linux-gnu/sys/select.h:72:5: error: expected specifier-qualifier-list before ‘__fd_mask’
     __fd_mask __fds_bits[__FD_SETSIZE / __NFDBITS];
     ^
/usr/include/x86_64-linux-gnu/sys/select.h:75:5: error: storage class specified for parameter ‘fd_set’
   } fd_set;
     ^
/usr/include/x86_64-linux-gnu/sys/select.h:82:19: error: expected ‘=’, ‘,’, ‘;’, ‘asm’ or ‘__attribute__’ before ‘fd_mask’
 typedef __fd_mask fd_mask;
                   ^
/usr/include/x86_64-linux-gnu/sys/select.h:96:1: error: expected declaration specifiers before ‘__BEGIN_DECLS’
 __BEGIN_DECLS
 ^
/usr/include/x86_64-linux-gnu/sys/select.h:118:33: error: expected declaration specifiers or ‘...’ before ‘fd_set’
 extern int pselect (int __nfds, fd_set *__restrict __readfds,
                                 ^
/usr/include/x86_64-linux-gnu/sys/select.h:119:7: error: expected declaration specifiers or ‘...’ before ‘fd_set’
       fd_set *__restrict __writefds,
       ^
/usr/include/x86_64-linux-gnu/sys/select.h:120:7: error: expected declaration specifiers or ‘...’ before ‘fd_set’
       fd_set *__restrict __exceptfds,
       ^
/usr/include/x86_64-linux-gnu/sys/select.h:122:24: error: expected ‘;’, ‘,’ or ‘)’ before ‘*’ token
       const __sigset_t *__restrict __sigmask);
                        ^
In file included from /usr/include/x86_64-linux-gnu/sys/uio.h:23:0,
                 from /usr/include/x86_64-linux-gnu/sys/socket.h:26,
                 from shared.h:1,
                 from shared.c:11:
/usr/include/x86_64-linux-gnu/sys/types.h:222:28: error: /usr/include/x86_64-linux-gnu/sys/sysmacros.h: Bad file descriptor
 # include <sys/sysmacros.h>
                            ^
In file included from /usr/include/x86_64-linux-gnu/sys/types.h:219:0,
                 from /usr/include/x86_64-linux-gnu/sys/uio.h:23,
                 from /usr/include/x86_64-linux-gnu/sys/socket.h:26,
                 from shared.h:1,
                 from shared.c:11:
/usr/include/x86_64-linux-gnu/sys/select.h:131:1: error: expected declaration specifiers before ‘__END_DECLS’
 __END_DECLS
 ^
In file included from /usr/include/x86_64-linux-gnu/sys/uio.h:23:0,
                 from /usr/include/x86_64-linux-gnu/sys/socket.h:26,
                 from shared.h:1,
                 from shared.c:11:
/usr/include/x86_64-linux-gnu/sys/types.h:235:20: error: storage class specified for parameter ‘blkcnt_t’
 typedef __blkcnt_t blkcnt_t;  /* Type to count number of disk blocks.  */
                    ^
/usr/include/x86_64-linux-gnu/sys/types.h:239:22: error: storage class specified for parameter ‘fsblkcnt_t’
 typedef __fsblkcnt_t fsblkcnt_t; /* Type to count file system blocks.  */
                      ^
/usr/include/x86_64-linux-gnu/sys/types.h:243:22: error: storage class specified for parameter ‘fsfilcnt_t’
 typedef __fsfilcnt_t fsfilcnt_t; /* Type to count file system inodes.  */
                      ^
/usr/include/x86_64-linux-gnu/sys/types.h:270:32: error: /usr/include/x86_64-linux-gnu/bits/pthreadtypes.h: Bad file descriptor
 # include <bits/pthreadtypes.h>
                                ^
/usr/include/x86_64-linux-gnu/sys/types.h:273:1: error: unknown type name ‘__END_DECLS’
 __END_DECLS
 ^
In file included from /usr/include/x86_64-linux-gnu/sys/uio.h:28:0,
                 from /usr/include/x86_64-linux-gnu/sys/socket.h:26,
                 from shared.h:1,
                 from shared.c:11:
/usr/include/x86_64-linux-gnu/bits/uio.h:43:1: error: expected ‘=’, ‘,’, ‘;’, ‘asm’ or ‘__attribute__’ before ‘struct’
 struct iovec
 ^
/usr/include/x86_64-linux-gnu/bits/uio.h:47:4: error: expected declaration specifiers before ‘;’ token
   };
    ^
In file included from /usr/include/x86_64-linux-gnu/sys/socket.h:26:0,
                 from shared.h:1,
                 from shared.c:11:
/usr/include/x86_64-linux-gnu/sys/uio.h:40:3: error: expected ‘=’, ‘,’, ‘;’, ‘asm’ or ‘__attribute__’ before ‘__wur’
   __wur;
   ^
/usr/include/x86_64-linux-gnu/sys/uio.h:51:3: error: expected ‘=’, ‘,’, ‘;’, ‘asm’ or ‘__attribute__’ before ‘__wur’
   __wur;
   ^
/usr/include/x86_64-linux-gnu/sys/uio.h:66:28: error: expected ‘=’, ‘,’, ‘;’, ‘asm’ or ‘__attribute__’ before ‘__wur’
          __off_t __offset) __wur;
                            ^
/usr/include/x86_64-linux-gnu/sys/uio.h:78:22: error: expected ‘=’, ‘,’, ‘;’, ‘asm’ or ‘__attribute__’ before ‘__wur’
    __off_t __offset) __wur;
                      ^
/usr/include/x86_64-linux-gnu/sys/uio.h:120:1: error: expected declaration specifiers before ‘__END_DECLS’
 __END_DECLS
 ^
In file included from /usr/include/x86_64-linux-gnu/bits/socket.h:146:0,
                 from /usr/include/x86_64-linux-gnu/sys/socket.h:38,
                 from shared.h:1,
                 from shared.c:11:
/usr/include/x86_64-linux-gnu/bits/sockaddr.h:28:28: error: storage class specified for parameter ‘sa_family_t’
 typedef unsigned short int sa_family_t;
                            ^
/usr/include/x86_64-linux-gnu/bits/socket.h:151:5: error: expected specifier-qualifier-list before ‘sa_family_t’
     __SOCKADDR_COMMON (sa_); /* Common data: address family and length.  */
     ^
/usr/include/x86_64-linux-gnu/bits/socket.h:164:5: error: expected specifier-qualifier-list before ‘sa_family_t’
     __SOCKADDR_COMMON (ss_); /* Address family, etc.  */
     ^
In file included from /usr/include/x86_64-linux-gnu/sys/socket.h:38:0,
                 from shared.h:1,
                 from shared.c:11:
/usr/include/x86_64-linux-gnu/bits/socket.h:227:5: error: unknown type name ‘socklen_t’
     socklen_t msg_namelen; /* Length of address data.  */
     ^
/usr/include/x86_64-linux-gnu/bits/socket.h:230:5: error: expected specifier-qualifier-list before ‘size_t’
     size_t msg_iovlen;  /* Number of elements in the vector.  */
     ^
/usr/include/x86_64-linux-gnu/bits/socket.h:244:5: error: expected specifier-qualifier-list before ‘size_t’
     size_t cmsg_len;  /* Length of data in cmsg_data plus length
     ^
/usr/include/x86_64-linux-gnu/bits/socket.h:273:35: error: expected ‘=’, ‘,’, ‘;’, ‘asm’ or ‘__attribute__’ before ‘__THROW’
           struct cmsghdr *__cmsg) __THROW;
                                   ^
In file included from shared.c:1:0:

/usr/include/x86_64-linux-gnu/asm/socket.h:1: confused by earlier errors, bailing out
The bug is not reproducible, so it is likely a hardware or OS problem.
make: *** [shared.o] Error 1
--------------------------------------------------------------------------------------------
--------------------------------------------------------------------------------------------
gcc -c shared.c
seed: 18213
cc1: error: shared.c: Bad file descriptor
make: *** [shared.o] Error 1
--------------------------------------------------------------------------------------------
--------------------------------------------------------------------------------------------
gcc -c shared.c
seed: 3430
cc1: error: shared.c: Bad file descriptor
make: *** [shared.o] Error 1
--------------------------------------------------------------------------------------------
--------------------------------------------------------------------------------------------
gcc -c shared.c
seed: 32169
shared.c:11:20: error: shared.h: Bad file descriptor
 #include "shared.h"
                    ^
shared.c: In function ‘print4bytes’:
shared.c:30:5: warning: incompatible implicit declaration of built-in function ‘printf’ [enabled by default]
     printf("%c",*temp);  //use %d instead of %c to get the ASCII????
     ^
shared.c: At top level:
shared.c:61:1: error: unknown type name ‘uint32_t’
 uint32_t convert_endian(uint32_t t) {
 ^
shared.c:61:25: error: unknown type name ‘uint32_t’
 uint32_t convert_endian(uint32_t t) {
                         ^
shared.c:76:1: error: unknown type name ‘uint32_t’
 uint32_t get_seq_number(void *packet) {
 ^
shared.c: In function ‘get_seq_number’:
shared.c:81:34: error: ‘uint32_t’ undeclared (first use in this function)
   if (!check_endian()) return *((uint32_t *)echo_seq_number_ptr);
                                  ^
shared.c:81:34: note: each undeclared identifier is reported only once for each function it appears in
shared.c:81:44: error: expected expression before ‘)’ token
   if (!check_endian()) return *((uint32_t *)echo_seq_number_ptr);
                                            ^
shared.c:82:37: error: expected expression before ‘)’ token
   return convert_endian(*((uint32_t*)echo_seq_number_ptr));
                                     ^
make: *** [shared.o] Error 1
--------------------------------------------------------------------------------------------
--------------------------------------------------------------------------------------------
gcc -c shared.c
seed: 18587
cc1: error: shared.c: Bad file descriptor
make: *** [shared.o] Error 1
--------------------------------------------------------------------------------------------
--------------------------------------------------------------------------------------------
gcc -c shared.c
seed: 23811
cc1: error: shared.c: Bad file descriptor
make: *** [shared.o] Error 1
--------------------------------------------------------------------------------------------
--------------------------------------------------------------------------------------------
gcc -c shared.c
seed: 17267
cc1: error: shared.c: Bad file descriptor
make: *** [shared.o] Error 1
--------------------------------------------------------------------------------------------
--------------------------------------------------------------------------------------------
gcc -c shared.c
seed: 14829
shared.c:11:20: error: shared.h: Bad file descriptor
 #include "shared.h"
                    ^
shared.c: In function ‘print4bytes’:
shared.c:30:5: warning: incompatible implicit declaration of built-in function ‘printf’ [enabled by default]
     printf("%c",*temp);  //use %d instead of %c to get the ASCII????
     ^
shared.c: At top level:
shared.c:61:1: error: unknown type name ‘uint32_t’
 uint32_t convert_endian(uint32_t t) {
 ^
shared.c:61:25: error: unknown type name ‘uint32_t’
 uint32_t convert_endian(uint32_t t) {
                         ^
shared.c:76:1: error: unknown type name ‘uint32_t’
 uint32_t get_seq_number(void *packet) {
 ^
shared.c: In function ‘get_seq_number’:
shared.c:81:34: error: ‘uint32_t’ undeclared (first use in this function)
   if (!check_endian()) return *((uint32_t *)echo_seq_number_ptr);
                                  ^
shared.c:81:34: note: each undeclared identifier is reported only once for each function it appears in
shared.c:81:44: error: expected expression before ‘)’ token
   if (!check_endian()) return *((uint32_t *)echo_seq_number_ptr);
                                            ^
shared.c:82:37: error: expected expression before ‘)’ token
   return convert_endian(*((uint32_t*)echo_seq_number_ptr));
                                     ^
make: *** [shared.o] Error 1
--------------------------------------------------------------------------------------------
--------------------------------------------------------------------------------------------
gcc -c shared.c
seed: 20481
cc1: error: /usr/include/stdc-predef.h: Bad file descriptor
In file included from shared.c:11:0:
shared.h:1:24: error: /usr/include/x86_64-linux-gnu/sys/socket.h: Bad file descriptor
 #include <sys/socket.h>
                        ^
shared.h:2:24: error: /usr/include/netinet/in.h: Bad file descriptor
 #include <netinet/in.h>
                        ^
In file included from /usr/include/netinet/udp.h:50:0,
                 from shared.h:3,
                 from shared.c:11:
/usr/include/features.h:374:25: error: /usr/include/x86_64-linux-gnu/sys/cdefs.h: Bad file descriptor
 #  include <sys/cdefs.h>
                         ^
/usr/include/features.h:398:23: error: /usr/include/x86_64-linux-gnu/gnu/stubs.h: Bad file descriptor
 #include <gnu/stubs.h>
                       ^
In file included from /usr/include/netinet/udp.h:51:0,
                 from shared.h:3,
                 from shared.c:11:
/usr/include/x86_64-linux-gnu/sys/types.h:29:24: error: /usr/include/x86_64-linux-gnu/bits/types.h: Bad file descriptor
 #include <bits/types.h>
                        ^
/usr/include/x86_64-linux-gnu/sys/types.h:33:1: error: expected ‘=’, ‘,’, ‘;’, ‘asm’ or ‘__attribute__’ before ‘typedef’
 typedef __u_char u_char;
 ^
/usr/include/x86_64-linux-gnu/sys/types.h:33:1: error: unknown type name ‘__u_char’
/usr/include/x86_64-linux-gnu/sys/types.h:34:1: error: unknown type name ‘__u_short’
 typedef __u_short u_short;
 ^
/usr/include/x86_64-linux-gnu/sys/types.h:35:1: error: unknown type name ‘__u_int’
 typedef __u_int u_int;
 ^
/usr/include/x86_64-linux-gnu/sys/types.h:36:1: error: unknown type name ‘__u_long’
 typedef __u_long u_long;
 ^
/usr/include/x86_64-linux-gnu/sys/types.h:37:1: error: unknown type name ‘__quad_t’
 typedef __quad_t quad_t;
 ^
/usr/include/x86_64-linux-gnu/sys/types.h:38:1: error: unknown type name ‘__u_quad_t’
 typedef __u_quad_t u_quad_t;
 ^
/usr/include/x86_64-linux-gnu/sys/types.h:39:1: error: unknown type name ‘__fsid_t’
 typedef __fsid_t fsid_t;
 ^
/usr/include/x86_64-linux-gnu/sys/types.h:44:1: error: unknown type name ‘__loff_t’
 typedef __loff_t loff_t;
 ^
/usr/include/x86_64-linux-gnu/sys/types.h:48:1: error: unknown type name ‘__ino_t’
 typedef __ino_t ino_t;
 ^
/usr/include/x86_64-linux-gnu/sys/types.h:60:1: error: unknown type name ‘__dev_t’
 typedef __dev_t dev_t;
 ^
/usr/include/x86_64-linux-gnu/sys/types.h:65:1: error: unknown type name ‘__gid_t’
 typedef __gid_t gid_t;
 ^
/usr/include/x86_64-linux-gnu/sys/types.h:70:1: error: unknown type name ‘__mode_t’
 typedef __mode_t mode_t;
 ^
/usr/include/x86_64-linux-gnu/sys/types.h:75:1: error: unknown type name ‘__nlink_t’
 typedef __nlink_t nlink_t;
 ^
/usr/include/x86_64-linux-gnu/sys/types.h:80:1: error: unknown type name ‘__uid_t’
 typedef __uid_t uid_t;
 ^
/usr/include/x86_64-linux-gnu/sys/types.h:86:1: error: unknown type name ‘__off_t’
 typedef __off_t off_t;
 ^
/usr/include/x86_64-linux-gnu/sys/types.h:98:1: error: unknown type name ‘__pid_t’
 typedef __pid_t pid_t;
 ^
/usr/include/x86_64-linux-gnu/sys/types.h:104:1: error: unknown type name ‘__id_t’
 typedef __id_t id_t;
 ^
/usr/include/x86_64-linux-gnu/sys/types.h:109:1: error: unknown type name ‘__ssize_t’
 typedef __ssize_t ssize_t;
 ^
/usr/include/x86_64-linux-gnu/sys/types.h:115:1: error: unknown type name ‘__daddr_t’
 typedef __daddr_t daddr_t;
 ^
/usr/include/x86_64-linux-gnu/sys/types.h:116:1: error: unknown type name ‘__caddr_t’
 typedef __caddr_t caddr_t;
 ^
/usr/include/x86_64-linux-gnu/sys/types.h:122:1: error: unknown type name ‘__key_t’
 typedef __key_t key_t;
 ^
In file included from /usr/include/x86_64-linux-gnu/sys/types.h:132:0,
                 from /usr/include/netinet/udp.h:51,
                 from shared.h:3,
                 from shared.c:11:
/usr/include/time.h:59:1: error: expected ‘=’, ‘,’, ‘;’, ‘asm’ or ‘__attribute__’ before ‘typedef’
 typedef __clock_t clock_t;
 ^
/usr/include/time.h:59:1: error: unknown type name ‘__clock_t’
/usr/include/time.h:60:1: error: unknown type name ‘__END_NAMESPACE_STD’
 __END_NAMESPACE_STD
 ^
/usr/include/time.h: In function ‘__USING_NAMESPACE_STD’:
/usr/include/time.h:73:1: error: expected declaration specifiers before ‘__BEGIN_NAMESPACE_STD’
 __BEGIN_NAMESPACE_STD
 ^
/usr/include/time.h:76:1: error: unknown type name ‘__END_NAMESPACE_STD’
 __END_NAMESPACE_STD
 ^
/usr/include/time.h:91:1: error: expected ‘=’, ‘,’, ‘;’, ‘asm’ or ‘__attribute__’ before ‘typedef’
 typedef __clockid_t clockid_t;
 ^
/usr/include/time.h:103:1: error: unknown type name ‘__timer_t’
 typedef __timer_t timer_t;
 ^
/usr/include/time.h:103:19: error: storage class specified for parameter ‘timer_t’
 typedef __timer_t timer_t;
                   ^
In file included from /usr/include/x86_64-linux-gnu/sys/types.h:146:0,
                 from /usr/include/netinet/udp.h:51,
                 from shared.h:3,
                 from shared.c:11:
/usr/lib/gcc/x86_64-linux-gnu/4.8/include/stddef.h:212:23: error: storage class specified for parameter ‘size_t’
 typedef __SIZE_TYPE__ size_t;
                       ^
In file included from /usr/include/netinet/udp.h:51:0,
                 from shared.h:3,
                 from shared.c:11:
/usr/include/x86_64-linux-gnu/sys/types.h:150:27: error: storage class specified for parameter ‘ulong’
 typedef unsigned long int ulong;
                           ^
/usr/include/x86_64-linux-gnu/sys/types.h:151:28: error: storage class specified for parameter ‘ushort’
 typedef unsigned short int ushort;
                            ^
/usr/include/x86_64-linux-gnu/sys/types.h:152:22: error: storage class specified for parameter ‘uint’
 typedef unsigned int uint;
                      ^
/usr/include/x86_64-linux-gnu/sys/types.h:194:1: error: storage class specified for parameter ‘int8_t’
 __intN_t (8, __QI__);
 ^
/usr/include/x86_64-linux-gnu/sys/types.h:195:1: error: storage class specified for parameter ‘int16_t’
 __intN_t (16, __HI__);
 ^
/usr/include/x86_64-linux-gnu/sys/types.h:196:1: error: storage class specified for parameter ‘int32_t’
 __intN_t (32, __SI__);
 ^
/usr/include/x86_64-linux-gnu/sys/types.h:197:1: error: storage class specified for parameter ‘int64_t’
 __intN_t (64, __DI__);
 ^
/usr/include/x86_64-linux-gnu/sys/types.h:200:1: error: storage class specified for parameter ‘u_int8_t’
 __u_intN_t (8, __QI__);
 ^
/usr/include/x86_64-linux-gnu/sys/types.h:201:1: error: storage class specified for parameter ‘u_int16_t’
 __u_intN_t (16, __HI__);
 ^
/usr/include/x86_64-linux-gnu/sys/types.h:202:1: error: storage class specified for parameter ‘u_int32_t’
 __u_intN_t (32, __SI__);
 ^
/usr/include/x86_64-linux-gnu/sys/types.h:203:1: error: storage class specified for parameter ‘u_int64_t’
 __u_intN_t (64, __DI__);
 ^
/usr/include/x86_64-linux-gnu/sys/types.h:205:13: error: storage class specified for parameter ‘register_t’
 typedef int register_t __attribute__ ((__mode__ (__word__)));
             ^
In file included from /usr/include/endian.h:60:0,
                 from /usr/include/x86_64-linux-gnu/sys/types.h:216,
                 from /usr/include/netinet/udp.h:51,
                 from shared.h:3,
                 from shared.c:11:
/usr/include/x86_64-linux-gnu/bits/byteswap.h:46:1: error: expected ‘=’, ‘,’, ‘;’, ‘asm’ or ‘__attribute__’ before ‘{’ token
 {
 ^
/usr/include/x86_64-linux-gnu/bits/byteswap.h:109:1: error: unknown type name ‘__uint64_t’
 __bswap_64 (__uint64_t __bsx)
 ^
/usr/include/x86_64-linux-gnu/bits/byteswap.h:109:13: error: unknown type name ‘__uint64_t’
 __bswap_64 (__uint64_t __bsx)
             ^
In file included from /usr/include/x86_64-linux-gnu/sys/types.h:219:0,
                 from /usr/include/netinet/udp.h:51,
                 from shared.h:3,
                 from shared.c:11:
/usr/include/x86_64-linux-gnu/sys/select.h:30:25: error: /usr/include/x86_64-linux-gnu/bits/select.h: Bad file descriptor
 #include <bits/select.h>
                         ^
/usr/include/x86_64-linux-gnu/sys/select.h:33:25: error: /usr/include/x86_64-linux-gnu/bits/sigset.h: Bad file descriptor
 #include <bits/sigset.h>
                         ^
/usr/include/x86_64-linux-gnu/sys/select.h:37:1: error: unknown type name ‘__sigset_t’
 typedef __sigset_t sigset_t;
 ^
/usr/include/x86_64-linux-gnu/sys/select.h:37:20: error: storage class specified for parameter ‘sigset_t’
 typedef __sigset_t sigset_t;
                    ^
/usr/include/x86_64-linux-gnu/sys/select.h:43:18: error: /usr/include/time.h: Bad file descriptor
 #include <time.h>
                  ^
In file included from /usr/include/x86_64-linux-gnu/sys/select.h:45:0,
                 from /usr/include/x86_64-linux-gnu/sys/types.h:219,
                 from /usr/include/netinet/udp.h:51,
                 from shared.h:3,
                 from shared.c:11:
/usr/include/x86_64-linux-gnu/bits/time.h:32:5: error: unknown type name ‘__time_t’
     __time_t tv_sec;  /* Seconds.  */
     ^
/usr/include/x86_64-linux-gnu/bits/time.h:33:5: error: unknown type name ‘__suseconds_t’
     __suseconds_t tv_usec; /* Microseconds.  */
     ^
In file included from /usr/include/x86_64-linux-gnu/sys/types.h:219:0,
                 from /usr/include/netinet/udp.h:51,
                 from shared.h:3,
                 from shared.c:11:
/usr/include/x86_64-linux-gnu/sys/select.h:48:1: error: unknown type name ‘__suseconds_t’
 typedef __suseconds_t suseconds_t;
 ^
/usr/include/x86_64-linux-gnu/sys/select.h:48:23: error: storage class specified for parameter ‘suseconds_t’
 typedef __suseconds_t suseconds_t;
                       ^
/usr/include/x86_64-linux-gnu/sys/select.h:54:18: error: storage class specified for parameter ‘__fd_mask’
 typedef long int __fd_mask;
                  ^
/usr/include/x86_64-linux-gnu/sys/select.h:72:5: error: expected specifier-qualifier-list before ‘__fd_mask’
     __fd_mask __fds_bits[__FD_SETSIZE / __NFDBITS];
     ^
/usr/include/x86_64-linux-gnu/sys/select.h:75:5: error: storage class specified for parameter ‘fd_set’
   } fd_set;
     ^
/usr/include/x86_64-linux-gnu/sys/select.h:82:19: error: expected ‘=’, ‘,’, ‘;’, ‘asm’ or ‘__attribute__’ before ‘fd_mask’
 typedef __fd_mask fd_mask;
                   ^
/usr/include/x86_64-linux-gnu/sys/select.h:96:1: error: expected declaration specifiers before ‘__BEGIN_DECLS’
 __BEGIN_DECLS
 ^
/usr/include/x86_64-linux-gnu/sys/select.h:118:33: error: expected declaration specifiers or ‘...’ before ‘fd_set’
 extern int pselect (int __nfds, fd_set *__restrict __readfds,
                                 ^
/usr/include/x86_64-linux-gnu/sys/select.h:119:7: error: expected declaration specifiers or ‘...’ before ‘fd_set’
       fd_set *__restrict __writefds,
       ^
/usr/include/x86_64-linux-gnu/sys/select.h:120:7: error: expected declaration specifiers or ‘...’ before ‘fd_set’
       fd_set *__restrict __exceptfds,
       ^
/usr/include/x86_64-linux-gnu/sys/select.h:122:7: error: unknown type name ‘__sigset_t’
       const __sigset_t *__restrict __sigmask);
       ^
/usr/include/x86_64-linux-gnu/sys/select.h:131:1: error: unknown type name ‘__END_DECLS’
 __END_DECLS
 ^
In file included from /usr/include/x86_64-linux-gnu/sys/types.h:222:0,
                 from /usr/include/netinet/udp.h:51,
                 from shared.h:3,
                 from shared.c:11:
/usr/include/x86_64-linux-gnu/sys/sysmacros.h:26:1: error: expected ‘=’, ‘,’, ‘;’, ‘asm’ or ‘__attribute__’ before ‘__extension__’
 __extension__
 ^
/usr/include/x86_64-linux-gnu/sys/sysmacros.h:29:1: error: expected declaration specifiers before ‘__extension__’
 __extension__
 ^
/usr/include/x86_64-linux-gnu/sys/sysmacros.h:32:1: error: expected declaration specifiers before ‘__extension__’
 __extension__
 ^
/usr/include/x86_64-linux-gnu/sys/sysmacros.h:58:1: error: expected declaration specifiers before ‘__END_DECLS’
 __END_DECLS
 ^
In file included from /usr/include/netinet/udp.h:51:0,
                 from shared.h:3,
                 from shared.c:11:
/usr/include/x86_64-linux-gnu/sys/types.h:235:1: error: unknown type name ‘__blkcnt_t’
 typedef __blkcnt_t blkcnt_t;  /* Type to count number of disk blocks.  */
 ^
/usr/include/x86_64-linux-gnu/sys/types.h:235:20: error: storage class specified for parameter ‘blkcnt_t’
 typedef __blkcnt_t blkcnt_t;  /* Type to count number of disk blocks.  */
                    ^
/usr/include/x86_64-linux-gnu/sys/types.h:239:1: error: unknown type name ‘__fsblkcnt_t’
 typedef __fsblkcnt_t fsblkcnt_t; /* Type to count file system blocks.  */
 ^
/usr/include/x86_64-linux-gnu/sys/types.h:239:22: error: storage class specified for parameter ‘fsblkcnt_t’
 typedef __fsblkcnt_t fsblkcnt_t; /* Type to count file system blocks.  */
                      ^
/usr/include/x86_64-linux-gnu/sys/types.h:243:1: error: unknown type name ‘__fsfilcnt_t’
 typedef __fsfilcnt_t fsfilcnt_t; /* Type to count file system inodes.  */
 ^
/usr/include/x86_64-linux-gnu/sys/types.h:243:22: error: storage class specified for parameter ‘fsfilcnt_t’
 typedef __fsfilcnt_t fsfilcnt_t; /* Type to count file system inodes.  */
                      ^
/usr/include/x86_64-linux-gnu/sys/types.h:270:32: error: /usr/include/x86_64-linux-gnu/bits/pthreadtypes.h: Bad file descriptor
 # include <bits/pthreadtypes.h>
                                ^
/usr/include/x86_64-linux-gnu/sys/types.h:273:1: error: expected declaration specifiers before ‘__END_DECLS’
 __END_DECLS
 ^
In file included from shared.h:3:0,
                 from shared.c:11:
/usr/include/netinet/udp.h:75:2: error: expected declaration specifiers before ‘;’ token
 };
  ^
In file included from shared.h:4:0,
                 from shared.c:11:
/usr/include/stdio.h:33:21: error: /usr/lib/gcc/x86_64-linux-gnu/4.8/include/stddef.h: Bad file descriptor
 # include <stddef.h>
                     ^
/usr/include/stdio.h:29:1: error: expected declaration specifiers before ‘__BEGIN_DECLS’
 __BEGIN_DECLS
 ^
/usr/include/stdio.h:46:1: error: expected declaration specifiers before ‘__BEGIN_NAMESPACE_STD’
 __BEGIN_NAMESPACE_STD
 ^
/usr/include/stdio.h:49:1: error: unknown type name ‘__END_NAMESPACE_STD’
 __END_NAMESPACE_STD
 ^
/usr/include/stdio.h:64:1: error: expected ‘=’, ‘,’, ‘;’, ‘asm’ or ‘__attribute__’ before ‘typedef’
 typedef struct _IO_FILE __FILE;
 ^
In file included from /usr/include/stdio.h:74:0,
                 from shared.h:4,
                 from shared.c:11:
/usr/include/libio.h:31:23: error: /usr/include/_G_config.h: Bad file descriptor
 #include <_G_config.h>
                       ^
In file included from /usr/include/libio.h:49:0,
                 from /usr/include/stdio.h:74,
                 from shared.h:4,
                 from shared.c:11:
/usr/lib/gcc/x86_64-linux-gnu/4.8/include/stdarg.h:40:27: error: storage class specified for parameter ‘__gnuc_va_list’
 typedef __builtin_va_list __gnuc_va_list;
                           ^
In file included from /usr/include/stdio.h:74:0,
                 from shared.h:4,
                 from shared.c:11:
/usr/include/libio.h:154:14: error: storage class specified for parameter ‘_IO_lock_t’
 typedef void _IO_lock_t;
              ^
/usr/include/libio.h:274:3: error: unknown type name ‘__off_t’
   _IO_off_t _old_offset; /* This used to be _offset but it's too small.  */
   ^
/usr/include/libio.h:284:3: error: expected specifier-qualifier-list before ‘_IO_lock_t’
   _IO_lock_t *_lock;
   ^
/usr/include/libio.h:315:25: error: storage class specified for parameter ‘_IO_FILE’
 typedef struct _IO_FILE _IO_FILE;
                         ^
/usr/include/libio.h:320:29: error: storage class specified for parameter ‘_IO_2_1_stdin_’
 extern struct _IO_FILE_plus _IO_2_1_stdin_;
                             ^
/usr/include/libio.h:321:29: error: storage class specified for parameter ‘_IO_2_1_stdout_’
 extern struct _IO_FILE_plus _IO_2_1_stdout_;
                             ^
/usr/include/libio.h:322:29: error: storage class specified for parameter ‘_IO_2_1_stderr_’
 extern struct _IO_FILE_plus _IO_2_1_stderr_;
                             ^
/usr/include/libio.h:338:1: error: unknown type name ‘__ssize_t’
 typedef __ssize_t __io_read_fn (void *__cookie, char *__buf, size_t __nbytes);
 ^
/usr/include/libio.h:338:62: error: expected declaration specifiers or ‘...’ before ‘size_t’
 typedef __ssize_t __io_read_fn (void *__cookie, char *__buf, size_t __nbytes);
                                                              ^
/usr/include/libio.h:346:1: error: unknown type name ‘__ssize_t’
 typedef __ssize_t __io_write_fn (void *__cookie, const char *__buf,
 ^
/usr/include/libio.h:347:6: error: expected declaration specifiers or ‘...’ before ‘size_t’
      size_t __n);
      ^
In file included from /usr/include/stdio.h:74:0,
                 from shared.h:4,
                 from shared.c:11:
/usr/include/libio.h:355:43: error: unknown type name ‘__off64_t’
 typedef int __io_seek_fn (void *__cookie, _IO_off64_t *__pos, int __w);
                                           ^
In file included from /usr/include/stdio.h:74:0,
                 from shared.h:4,
                 from shared.c:11:
/usr/include/libio.h:358:13: error: storage class specified for parameter ‘__io_close_fn’
 typedef int __io_close_fn (void *__cookie);
             ^
/usr/include/libio.h:390:25: error: expected declaration specifiers or ‘...’ before ‘_IO_FILE’
 extern int __underflow (_IO_FILE *);
                         ^
/usr/include/libio.h:391:21: error: expected declaration specifiers or ‘...’ before ‘_IO_FILE’
 extern int __uflow (_IO_FILE *);
                     ^
/usr/include/libio.h:392:24: error: expected declaration specifiers or ‘...’ before ‘_IO_FILE’
 extern int __overflow (_IO_FILE *, int);
                        ^
/usr/include/libio.h:434:22: error: expected declaration specifiers or ‘...’ before ‘_IO_FILE’
 extern int _IO_getc (_IO_FILE *__fp);
                      ^
/usr/include/libio.h:435:31: error: expected declaration specifiers or ‘...’ before ‘_IO_FILE’
 extern int _IO_putc (int __c, _IO_FILE *__fp);
                               ^
/usr/include/libio.h:436:22: error: expected declaration specifiers or ‘...’ before ‘_IO_FILE’
 extern int _IO_feof (_IO_FILE *__fp) __THROW;
                      ^
/usr/include/libio.h:437:24: error: expected declaration specifiers or ‘...’ before ‘_IO_FILE’
 extern int _IO_ferror (_IO_FILE *__fp) __THROW;
                        ^
/usr/include/libio.h:439:30: error: expected declaration specifiers or ‘...’ before ‘_IO_FILE’
 extern int _IO_peekc_locked (_IO_FILE *__fp);
                              ^
/usr/include/libio.h:445:28: error: expected declaration specifiers or ‘...’ before ‘_IO_FILE’
 extern void _IO_flockfile (_IO_FILE *) __THROW;
                            ^
/usr/include/libio.h:446:30: error: expected declaration specifiers or ‘...’ before ‘_IO_FILE’
 extern void _IO_funlockfile (_IO_FILE *) __THROW;
                              ^
/usr/include/libio.h:447:30: error: expected declaration specifiers or ‘...’ before ‘_IO_FILE’
 extern int _IO_ftrylockfile (_IO_FILE *) __THROW;
                              ^
/usr/include/libio.h:464:25: error: expected declaration specifiers or ‘...’ before ‘_IO_FILE’
 extern int _IO_vfscanf (_IO_FILE * __restrict, const char * __restrict,
                         ^
/usr/include/libio.h:465:4: error: expected declaration specifiers or ‘...’ before ‘__gnuc_va_list’
    _IO_va_list, int *__restrict);
    ^
/usr/include/libio.h:466:26: error: expected declaration specifiers or ‘...’ before ‘_IO_FILE’
 extern int _IO_vfprintf (_IO_FILE *__restrict, const char *__restrict,
                          ^
/usr/include/libio.h:467:5: error: expected declaration specifiers or ‘...’ before ‘__gnuc_va_list’
     _IO_va_list);
     ^
/usr/include/libio.h:468:1: error: unknown type name ‘__ssize_t’
 extern _IO_ssize_t _IO_padn (_IO_FILE *, int, _IO_ssize_t);
 ^
/usr/include/libio.h:468:30: error: expected declaration specifiers or ‘...’ before ‘_IO_FILE’
 extern _IO_ssize_t _IO_padn (_IO_FILE *, int, _IO_ssize_t);
                              ^
In file included from /usr/include/stdio.h:74:0,
                 from shared.h:4,
                 from shared.c:11:
/usr/include/libio.h:468:47: error: unknown type name ‘__ssize_t’
 extern _IO_ssize_t _IO_padn (_IO_FILE *, int, _IO_ssize_t);
                                               ^
In file included from /usr/include/stdio.h:74:0,
                 from shared.h:4,
                 from shared.c:11:
/usr/include/libio.h:469:19: error: expected ‘=’, ‘,’, ‘;’, ‘asm’ or ‘__attribute__’ before ‘_IO_sgetn’
 extern _IO_size_t _IO_sgetn (_IO_FILE *, void *, _IO_size_t);
                   ^
/usr/include/libio.h:471:1: error: unknown type name ‘__off64_t’
 extern _IO_off64_t _IO_seekoff (_IO_FILE *, _IO_off64_t, int, int);
 ^
/usr/include/libio.h:471:33: error: expected declaration specifiers or ‘...’ before ‘_IO_FILE’
 extern _IO_off64_t _IO_seekoff (_IO_FILE *, _IO_off64_t, int, int);
                                 ^
In file included from /usr/include/stdio.h:74:0,
                 from shared.h:4,
                 from shared.c:11:
/usr/include/libio.h:471:45: error: unknown type name ‘__off64_t’
 extern _IO_off64_t _IO_seekoff (_IO_FILE *, _IO_off64_t, int, int);
                                             ^
In file included from /usr/include/stdio.h:74:0,
                 from shared.h:4,
                 from shared.c:11:
/usr/include/libio.h:472:1: error: unknown type name ‘__off64_t’
 extern _IO_off64_t _IO_seekpos (_IO_FILE *, _IO_off64_t, int);
 ^
/usr/include/libio.h:472:33: error: expected declaration specifiers or ‘...’ before ‘_IO_FILE’
 extern _IO_off64_t _IO_seekpos (_IO_FILE *, _IO_off64_t, int);
                                 ^
In file included from /usr/include/stdio.h:74:0,
                 from shared.h:4,
                 from shared.c:11:
/usr/include/libio.h:472:45: error: unknown type name ‘__off64_t’
 extern _IO_off64_t _IO_seekpos (_IO_FILE *, _IO_off64_t, int);
                                             ^
In file included from /usr/include/stdio.h:74:0,
                 from shared.h:4,
                 from shared.c:11:
/usr/include/libio.h:474:35: error: expected declaration specifiers or ‘...’ before ‘_IO_FILE’
 extern void _IO_free_backup_area (_IO_FILE *) __THROW;
                                   ^
In file included from shared.h:4:0,
                 from shared.c:11:
/usr/include/stdio.h:79:1: error: unknown type name ‘_G_va_list’
 typedef _G_va_list va_list;
 ^
/usr/include/stdio.h:79:20: error: storage class specified for parameter ‘va_list’
 typedef _G_va_list va_list;
                    ^
/usr/include/stdio.h:108:1: error: expected declaration specifiers before ‘__BEGIN_NAMESPACE_STD’
 __BEGIN_NAMESPACE_STD
 ^
/usr/include/stdio.h:114:1: error: expected declaration specifiers before ‘__END_NAMESPACE_STD’
 __END_NAMESPACE_STD
 ^
In file included from shared.h:4:0,
                 from shared.c:11:
/usr/include/stdio.h:169:25: error: storage class specified for parameter ‘stdout’
 extern struct _IO_FILE *stdout;  /* Standard output stream.  */
                         ^
/usr/include/stdio.h:170:25: error: storage class specified for parameter ‘stderr’
 extern struct _IO_FILE *stderr;  /* Standard error output stream.  */
                         ^
/usr/include/stdio.h:176:1: error: expected declaration specifiers before ‘__BEGIN_NAMESPACE_STD’
 __BEGIN_NAMESPACE_STD
 ^
/usr/include/stdio.h:180:58: error: expected ‘=’, ‘,’, ‘;’, ‘asm’ or ‘__attribute__’ before ‘__THROW’
 extern int rename (const char *__old, const char *__new) __THROW;
                                                          ^
/usr/include/stdio.h:181:1: error: expected declaration specifiers before ‘__END_NAMESPACE_STD’
 __END_NAMESPACE_STD
 ^
/usr/include/stdio.h:189:1: error: expected declaration specifiers before ‘__BEGIN_NAMESPACE_STD’
 __BEGIN_NAMESPACE_STD
 ^
/usr/include/stdio.h:209:33: error: expected ‘=’, ‘,’, ‘;’, ‘asm’ or ‘__attribute__’ before ‘__THROW’
 extern char *tmpnam (char *__s) __THROW __wur;
                                 ^
/usr/include/stdio.h:210:1: error: expected declaration specifiers before ‘__END_NAMESPACE_STD’
 __END_NAMESPACE_STD
 ^
/usr/include/stdio.h:228:6: error: expected ‘=’, ‘,’, ‘;’, ‘asm’ or ‘__attribute__’ before ‘__THROW’
      __THROW __attribute_malloc__ __wur;
      ^
/usr/include/stdio.h:232:1: error: expected declaration specifiers before ‘__BEGIN_NAMESPACE_STD’
 __BEGIN_NAMESPACE_STD
 ^
/usr/include/stdio.h:242:20: error: unknown type name ‘FILE’
 extern int fflush (FILE *__stream);
                    ^
/usr/include/stdio.h:243:1: error: expected declaration specifiers before ‘__END_NAMESPACE_STD’
 __END_NAMESPACE_STD
 ^
/usr/include/stdio.h:266:1: error: expected declaration specifiers before ‘__BEGIN_NAMESPACE_STD’
 __BEGIN_NAMESPACE_STD
 ^
/usr/include/stdio.h:278:1: error: unknown type name ‘FILE’
 extern FILE *freopen (const char *__restrict __filename,
 ^
/usr/include/stdio.h:280:9: error: unknown type name ‘FILE’
         FILE *__restrict __stream) __wur;
         ^
/usr/include/stdio.h:295:1: error: expected declaration specifiers before ‘__END_NAMESPACE_STD’
 __END_NAMESPACE_STD
 ^
/usr/include/stdio.h:319:1: error: unknown type name ‘FILE’
 extern FILE *fmemopen (void *__s, size_t __len, const char *__modes)
 ^
/usr/include/stdio.h:319:35: error: expected declaration specifiers or ‘...’ before ‘size_t’
 extern FILE *fmemopen (void *__s, size_t __len, const char *__modes)
                                   ^
/usr/include/stdio.h:325:1: error: unknown type name ‘FILE’
 extern FILE *open_memstream (char **__bufloc, size_t *__sizeloc) __THROW __wur;
 ^
/usr/include/stdio.h:325:47: error: expected declaration specifiers or ‘...’ before ‘size_t’
 extern FILE *open_memstream (char **__bufloc, size_t *__sizeloc) __THROW __wur;
                                               ^
/usr/include/stdio.h:329:1: error: expected declaration specifiers before ‘__BEGIN_NAMESPACE_STD’
 __BEGIN_NAMESPACE_STD
 ^
/usr/include/stdio.h:336:21: error: unknown type name ‘FILE’
 extern int setvbuf (FILE *__restrict __stream, char *__restrict __buf,
                     ^
/usr/include/stdio.h:337:20: error: expected declaration specifiers or ‘...’ before ‘size_t’
       int __modes, size_t __n) __THROW;
                    ^
/usr/include/stdio.h:338:1: error: expected declaration specifiers before ‘__END_NAMESPACE_STD’
 __END_NAMESPACE_STD
 ^
/usr/include/stdio.h:347:25: error: unknown type name ‘FILE’
 extern void setlinebuf (FILE *__stream) __THROW;
                         ^
/usr/include/stdio.h:351:1: error: expected declaration specifiers before ‘__BEGIN_NAMESPACE_STD’
 __BEGIN_NAMESPACE_STD
 ^
/usr/include/stdio.h:362:12: error: storage class specified for parameter ‘printf’
 extern int printf (const char *__restrict __format, ...);
            ^
/usr/include/stdio.h:365:45: error: expected ‘=’, ‘,’, ‘;’, ‘asm’ or ‘__attribute__’ before ‘__THROWNL’
       const char *__restrict __format, ...) __THROWNL;
                                             ^
/usr/include/stdio.h:371:22: error: unknown type name ‘FILE’
 extern int vfprintf (FILE *__restrict __s, const char *__restrict __format,
                      ^
/usr/include/stdio.h:372:8: error: unknown type name ‘_G_va_list’
        _G_va_list __arg);
        ^
/usr/include/stdio.h:377:54: error: unknown type name ‘_G_va_list’
 extern int vprintf (const char *__restrict __format, _G_va_list __arg);
                                                      ^
/usr/include/stdio.h:380:8: error: unknown type name ‘_G_va_list’
        _G_va_list __arg) __THROWNL;
        ^
/usr/include/stdio.h:381:1: error: unknown type name ‘__END_NAMESPACE_STD’
 __END_NAMESPACE_STD
 ^
/usr/include/stdio.h:386:1: error: expected ‘=’, ‘,’, ‘;’, ‘asm’ or ‘__attribute__’ before ‘extern’
 extern int snprintf (char *__restrict __s, size_t __maxlen,
 ^
/usr/include/stdio.h:390:45: error: expected declaration specifiers or ‘...’ before ‘size_t’
 extern int vsnprintf (char *__restrict __s, size_t __maxlen,
                                             ^
/usr/include/stdio.h:391:42: error: unknown type name ‘_G_va_list’
         const char *__restrict __format, _G_va_list __arg)
                                          ^
/usr/include/stdio.h:393:1: error: expected declaration specifiers before ‘__END_NAMESPACE_C99’
 __END_NAMESPACE_C99
 ^
/usr/include/stdio.h:415:12: error: storage class specified for parameter ‘dprintf’
 extern int dprintf (int __fd, const char *__restrict __fmt, ...)
            ^
/usr/include/stdio.h:420:1: error: expected declaration specifiers before ‘__BEGIN_NAMESPACE_STD’
 __BEGIN_NAMESPACE_STD
 ^
/usr/include/stdio.h:431:57: error: expected ‘=’, ‘,’, ‘;’, ‘asm’ or ‘__attribute__’ before ‘__wur’
 extern int scanf (const char *__restrict __format, ...) __wur;
                                                         ^
/usr/include/stdio.h:434:44: error: expected ‘=’, ‘,’, ‘;’, ‘asm’ or ‘__attribute__’ before ‘__THROW’
      const char *__restrict __format, ...) __THROW;
                                            ^
/usr/include/stdio.h:452:29: error: unknown type name ‘FILE’
 extern int __isoc99_fscanf (FILE *__restrict __stream,
                             ^
/usr/include/stdio.h:454:66: error: expected ‘=’, ‘,’, ‘;’, ‘asm’ or ‘__attribute__’ before ‘__wur’
 extern int __isoc99_scanf (const char *__restrict __format, ...) __wur;
                                                                  ^
/usr/include/stdio.h:456:46: error: expected ‘=’, ‘,’, ‘;’, ‘asm’ or ‘__attribute__’ before ‘__THROW’
        const char *__restrict __format, ...) __THROW;
                                              ^
/usr/include/stdio.h:463:1: error: unknown type name ‘__END_NAMESPACE_STD’
 __END_NAMESPACE_STD
 ^
/usr/include/stdio.h:471:1: error: expected ‘=’, ‘,’, ‘;’, ‘asm’ or ‘__attribute__’ before ‘extern’
 extern int vfscanf (FILE *__restrict __s, const char *__restrict __format,
 ^
/usr/include/stdio.h:479:53: error: unknown type name ‘_G_va_list’
 extern int vscanf (const char *__restrict __format, _G_va_list __arg)
                                                     ^
/usr/include/stdio.h:484:40: error: unknown type name ‘_G_va_list’
       const char *__restrict __format, _G_va_list __arg)
                                        ^
/usr/include/stdio.h:508:30: error: unknown type name ‘FILE’
 extern int __isoc99_vfscanf (FILE *__restrict __s,
                              ^
/usr/include/stdio.h:510:9: error: unknown type name ‘_G_va_list’
         _G_va_list __arg) __wur;
         ^
/usr/include/stdio.h:512:8: error: unknown type name ‘_G_va_list’
        _G_va_list __arg) __wur;
        ^
/usr/include/stdio.h:515:9: error: unknown type name ‘_G_va_list’
         _G_va_list __arg) __THROW;
         ^
/usr/include/stdio.h:522:1: error: unknown type name ‘__END_NAMESPACE_C99’
 __END_NAMESPACE_C99
 ^
/usr/include/stdio.h:531:1: error: expected ‘=’, ‘,’, ‘;’, ‘asm’ or ‘__attribute__’ before ‘extern’
 extern int fgetc (FILE *__stream);
 ^
/usr/include/stdio.h:532:18: error: unknown type name ‘FILE’
 extern int getc (FILE *__stream);
                  ^
/usr/include/stdio.h:538:12: error: storage class specified for parameter ‘getchar’
 extern int getchar (void);
            ^
/usr/include/stdio.h:539:1: error: expected declaration specifiers before ‘__END_NAMESPACE_STD’
 __END_NAMESPACE_STD
 ^
/usr/include/stdio.h:551:12: error: storage class specified for parameter ‘getchar_unlocked’
 extern int getchar_unlocked (void);
            ^
/usr/include/stdio.h:561:28: error: unknown type name ‘FILE’
 extern int fgetc_unlocked (FILE *__stream);
                            ^
/usr/include/stdio.h:565:1: error: expected declaration specifiers before ‘__BEGIN_NAMESPACE_STD’
 __BEGIN_NAMESPACE_STD
 ^
/usr/include/stdio.h:574:27: error: unknown type name ‘FILE’
 extern int putc (int __c, FILE *__stream);
                           ^
/usr/include/stdio.h:580:12: error: storage class specified for parameter ‘putchar’
 extern int putchar (int __c);
            ^
/usr/include/stdio.h:581:1: error: expected declaration specifiers before ‘__END_NAMESPACE_STD’
 __END_NAMESPACE_STD
 ^
/usr/include/stdio.h:602:36: error: unknown type name ‘FILE’
 extern int putc_unlocked (int __c, FILE *__stream);
                                    ^
/usr/include/stdio.h:603:12: error: storage class specified for parameter ‘putchar_unlocked’
 extern int putchar_unlocked (int __c);
            ^
/usr/include/stdio.h:610:18: error: unknown type name ‘FILE’
 extern int getw (FILE *__stream);
                  ^
/usr/include/stdio.h:613:27: error: unknown type name ‘FILE’
 extern int putw (int __w, FILE *__stream);
                           ^
/usr/include/stdio.h:617:1: error: expected declaration specifiers before ‘__BEGIN_NAMESPACE_STD’
 __BEGIN_NAMESPACE_STD
 ^
/usr/include/stdio.h:638:31: error: expected ‘=’, ‘,’, ‘;’, ‘asm’ or ‘__attribute__’ before ‘__wur’
 extern char *gets (char *__s) __wur __attribute_deprecated__;
                               ^
/usr/include/stdio.h:640:1: error: expected declaration specifiers before ‘__END_NAMESPACE_STD’
 __END_NAMESPACE_STD
 ^
/usr/include/stdio.h:668:1: error: unknown type name ‘__ssize_t’
 extern _IO_ssize_t getdelim (char **__restrict __lineptr,
 ^
/usr/include/stdio.h:669:9: error: expected declaration specifiers or ‘...’ before ‘size_t’
         size_t *__restrict __n, int __delimiter,
         ^
/usr/include/stdio.h:670:9: error: unknown type name ‘FILE’
         FILE *__restrict __stream) __wur;
         ^
/usr/include/stdio.h:678:1: error: unknown type name ‘__ssize_t’
 extern _IO_ssize_t getline (char **__restrict __lineptr,
 ^
/usr/include/stdio.h:679:8: error: expected declaration specifiers or ‘...’ before ‘size_t’
        size_t *__restrict __n,
        ^
/usr/include/stdio.h:680:8: error: unknown type name ‘FILE’
        FILE *__restrict __stream) __wur;
        ^
/usr/include/stdio.h:684:1: error: expected declaration specifiers before ‘__BEGIN_NAMESPACE_STD’
 __BEGIN_NAMESPACE_STD
 ^
/usr/include/stdio.h:695:12: error: storage class specified for parameter ‘puts’
 extern int puts (const char *__s);
            ^
/usr/include/stdio.h:702:29: error: unknown type name ‘FILE’
 extern int ungetc (int __c, FILE *__stream);
                             ^
/usr/include/stdio.h:709:15: error: expected ‘=’, ‘,’, ‘;’, ‘asm’ or ‘__attribute__’ before ‘fread’
 extern size_t fread (void *__restrict __ptr, size_t __size,
               ^
/usr/include/stdio.h:715:15: error: expected ‘=’, ‘,’, ‘;’, ‘asm’ or ‘__attribute__’ before ‘fwrite’
 extern size_t fwrite (const void *__restrict __ptr, size_t __size,
               ^
/usr/include/stdio.h:717:1: error: expected declaration specifiers before ‘__END_NAMESPACE_STD’
 __END_NAMESPACE_STD
 ^
/usr/include/stdio.h:739:15: error: expected ‘=’, ‘,’, ‘;’, ‘asm’ or ‘__attribute__’ before ‘fwrite_unlocked’
 extern size_t fwrite_unlocked (const void *__restrict __ptr, size_t __size,
               ^
/usr/include/stdio.h:744:1: error: expected declaration specifiers before ‘__BEGIN_NAMESPACE_STD’
 __BEGIN_NAMESPACE_STD
 ^
/usr/include/stdio.h:754:24: error: unknown type name ‘FILE’
 extern long int ftell (FILE *__stream) __wur;
                        ^
/usr/include/stdio.h:759:21: error: unknown type name ‘FILE’
 extern void rewind (FILE *__stream);
                     ^
/usr/include/stdio.h:760:1: error: expected declaration specifiers before ‘__END_NAMESPACE_STD’
 __END_NAMESPACE_STD
 ^
/usr/include/stdio.h:778:1: error: unknown type name ‘__off_t’
 extern __off_t ftello (FILE *__stream) __wur;
 ^
/usr/include/stdio.h:778:24: error: unknown type name ‘FILE’
 extern __off_t ftello (FILE *__stream) __wur;
                        ^
/usr/include/stdio.h:792:1: error: expected declaration specifiers before ‘__BEGIN_NAMESPACE_STD’
 __BEGIN_NAMESPACE_STD
 ^
/usr/include/stdio.h:803:21: error: unknown type name ‘FILE’
 extern int fsetpos (FILE *__stream, const fpos_t *__pos);
                     ^
/usr/include/stdio.h:803:21: error: unknown type name ‘fpos_t’
/usr/include/stdio.h:815:1: error: unknown type name ‘__END_NAMESPACE_STD’
 __END_NAMESPACE_STD
 ^
/usr/include/stdio.h:826:1: error: expected ‘=’, ‘,’, ‘;’, ‘asm’ or ‘__attribute__’ before ‘extern’
 extern void clearerr (FILE *__stream) __THROW;
 ^
/usr/include/stdio.h:828:18: error: unknown type name ‘FILE’
 extern int feof (FILE *__stream) __THROW __wur;
                  ^
/usr/include/stdio.h:830:20: error: unknown type name ‘FILE’
 extern int ferror (FILE *__stream) __THROW __wur;
                    ^
/usr/include/stdio.h:831:1: error: expected declaration specifiers before ‘__END_NAMESPACE_STD’
 __END_NAMESPACE_STD
 ^
/usr/include/stdio.h:836:27: error: unknown type name ‘FILE’
 extern int feof_unlocked (FILE *__stream) __THROW __wur;
                           ^
/usr/include/stdio.h:837:29: error: unknown type name ‘FILE’
 extern int ferror_unlocked (FILE *__stream) __THROW __wur;
                             ^
/usr/include/stdio.h:841:1: error: expected declaration specifiers before ‘__BEGIN_NAMESPACE_STD’
 __BEGIN_NAMESPACE_STD
 ^
/usr/include/stdio.h:847:1: error: expected declaration specifiers before ‘__END_NAMESPACE_STD’
 __END_NAMESPACE_STD
 ^
In file included from /usr/include/stdio.h:853:0,
                 from shared.h:4,
                 from shared.c:11:
/usr/include/x86_64-linux-gnu/bits/sys_errlist.h:27:26: error: storage class specified for parameter ‘sys_errlist’
 extern const char *const sys_errlist[];
                          ^
In file included from shared.h:4:0,
                 from shared.c:11:
/usr/include/stdio.h:858:20: error: unknown type name ‘FILE’
 extern int fileno (FILE *__stream) __THROW __wur;
                    ^
/usr/include/stdio.h:863:29: error: unknown type name ‘FILE’
 extern int fileno_unlocked (FILE *__stream) __THROW __wur;
                             ^
/usr/include/stdio.h:873:1: error: unknown type name ‘FILE’
 extern FILE *popen (const char *__command, const char *__modes) __wur;
 ^
/usr/include/stdio.h:873:65: error: expected ‘=’, ‘,’, ‘;’, ‘asm’ or ‘__attribute__’ before ‘__wur’
 extern FILE *popen (const char *__command, const char *__modes) __wur;
                                                                 ^
/usr/include/stdio.h:879:20: error: unknown type name ‘FILE’
 extern int pclose (FILE *__stream);
                    ^
/usr/include/stdio.h:885:34: error: expected ‘=’, ‘,’, ‘;’, ‘asm’ or ‘__attribute__’ before ‘__THROW’
 extern char *ctermid (char *__s) __THROW;
                                  ^
/usr/include/stdio.h:913:24: error: unknown type name ‘FILE’
 extern void flockfile (FILE *__stream) __THROW;
                        ^
/usr/include/stdio.h:917:26: error: unknown type name ‘FILE’
 extern int ftrylockfile (FILE *__stream) __THROW __wur;
                          ^
/usr/include/stdio.h:920:26: error: unknown type name ‘FILE’
 extern void funlockfile (FILE *__stream) __THROW;
                          ^
/usr/include/stdio.h:943:1: error: unknown type name ‘__END_DECLS’
 __END_DECLS
 ^
In file included from shared.h:6:0,
                 from shared.c:11:
/usr/include/unistd.h:206:32: error: /usr/include/x86_64-linux-gnu/bits/environments.h: Bad file descriptor
 # include <bits/environments.h>
                                ^
/usr/include/unistd.h:255:1: error: expected ‘=’, ‘,’, ‘;’, ‘asm’ or ‘__attribute__’ before ‘typedef’
 typedef __useconds_t useconds_t;
 ^
/usr/include/unistd.h:267:1: error: unknown type name ‘__intptr_t’
 typedef __intptr_t intptr_t;
 ^
/usr/include/unistd.h:267:20: error: storage class specified for parameter ‘intptr_t’
 typedef __intptr_t intptr_t;
                    ^
/usr/include/unistd.h:274:1: error: unknown type name ‘__socklen_t’
 typedef __socklen_t socklen_t;
 ^
/usr/include/unistd.h:274:21: error: storage class specified for parameter ‘socklen_t’
 typedef __socklen_t socklen_t;
                     ^
/usr/include/unistd.h:287:52: error: expected ‘=’, ‘,’, ‘;’, ‘asm’ or ‘__attribute__’ before ‘__THROW’
 extern int access (const char *__name, int __type) __THROW __nonnull ((1));
                                                    ^
/usr/include/unistd.h:305:6: error: expected ‘=’, ‘,’, ‘;’, ‘asm’ or ‘__attribute__’ before ‘__THROW’
      __THROW __nonnull ((2)) __wur;
      ^
/usr/include/unistd.h:334:1: error: unknown type name ‘__off_t’
 extern __off_t lseek (int __fd, __off_t __offset, int __whence) __THROW;
 ^
/usr/include/unistd.h:334:33: error: unknown type name ‘__off_t’
 extern __off_t lseek (int __fd, __off_t __offset, int __whence) __THROW;
                                 ^
/usr/include/unistd.h:353:12: error: storage class specified for parameter ‘close’
 extern int close (int __fd);
            ^
/usr/include/unistd.h:360:45: error: expected declaration specifiers or ‘...’ before ‘size_t’
 extern ssize_t read (int __fd, void *__buf, size_t __nbytes) __wur;
                                             ^
/usr/include/unistd.h:366:52: error: expected declaration specifiers or ‘...’ before ‘size_t’
 extern ssize_t write (int __fd, const void *__buf, size_t __n) __wur;
                                                    ^
/usr/include/unistd.h:376:46: error: expected declaration specifiers or ‘...’ before ‘size_t’
 extern ssize_t pread (int __fd, void *__buf, size_t __nbytes,
                                              ^
/usr/include/unistd.h:377:9: error: unknown type name ‘__off_t’
         __off_t __offset) __wur;
         ^
/usr/include/unistd.h:384:53: error: expected declaration specifiers or ‘...’ before ‘size_t’
 extern ssize_t pwrite (int __fd, const void *__buf, size_t __n,
                                                     ^
/usr/include/unistd.h:385:10: error: unknown type name ‘__off_t’
          __off_t __offset) __wur;
          ^
/usr/include/unistd.h:417:36: error: expected ‘=’, ‘,’, ‘;’, ‘asm’ or ‘__attribute__’ before ‘__THROW’
 extern int pipe (int __pipedes[2]) __THROW __wur;
                                    ^
/usr/include/unistd.h:432:52: error: expected ‘=’, ‘,’, ‘;’, ‘asm’ or ‘__attribute__’ before ‘__THROW’
 extern unsigned int alarm (unsigned int __seconds) __THROW;
                                                    ^
/usr/include/unistd.h:444:21: error: storage class specified for parameter ‘sleep’
 extern unsigned int sleep (unsigned int __seconds);
                     ^
/usr/include/unistd.h:452:1: error: unknown type name ‘__useconds_t’
 extern __useconds_t ualarm (__useconds_t __value, __useconds_t __interval)
 ^
/usr/include/unistd.h:452:29: error: unknown type name ‘__useconds_t’
 extern __useconds_t ualarm (__useconds_t __value, __useconds_t __interval)
                             ^
/usr/include/unistd.h:452:51: error: unknown type name ‘__useconds_t’
 extern __useconds_t ualarm (__useconds_t __value, __useconds_t __interval)
                                                   ^
/usr/include/unistd.h:460:20: error: unknown type name ‘__useconds_t’
 extern int usleep (__useconds_t __useconds);
                    ^
/usr/include/unistd.h:469:12: error: storage class specified for parameter ‘pause’
 extern int pause (void);
            ^
/usr/include/unistd.h:473:39: error: unknown type name ‘__uid_t’
 extern int chown (const char *__file, __uid_t __owner, __gid_t __group)
                                       ^
/usr/include/unistd.h:473:56: error: unknown type name ‘__gid_t’
 extern int chown (const char *__file, __uid_t __owner, __gid_t __group)
                                                        ^
/usr/include/unistd.h:478:30: error: unknown type name ‘__uid_t’
 extern int fchown (int __fd, __uid_t __owner, __gid_t __group) __THROW __wur;
                              ^
/usr/include/unistd.h:478:47: error: unknown type name ‘__gid_t’
 extern int fchown (int __fd, __uid_t __owner, __gid_t __group) __THROW __wur;
                                               ^
/usr/include/unistd.h:483:40: error: unknown type name ‘__uid_t’
 extern int lchown (const char *__file, __uid_t __owner, __gid_t __group)
                                        ^
/usr/include/unistd.h:483:57: error: unknown type name ‘__gid_t’
 extern int lchown (const char *__file, __uid_t __owner, __gid_t __group)
                                                         ^
/usr/include/unistd.h:491:52: error: unknown type name ‘__uid_t’
 extern int fchownat (int __fd, const char *__file, __uid_t __owner,
                                                    ^
/usr/include/unistd.h:492:8: error: unknown type name ‘__gid_t’
        __gid_t __group, int __flag)
        ^
/usr/include/unistd.h:497:39: error: expected ‘=’, ‘,’, ‘;’, ‘asm’ or ‘__attribute__’ before ‘__THROW’
 extern int chdir (const char *__path) __THROW __nonnull ((1)) __wur;
                                       ^
/usr/include/unistd.h:501:30: error: expected ‘=’, ‘,’, ‘;’, ‘asm’ or ‘__attribute__’ before ‘__THROW’
 extern int fchdir (int __fd) __THROW __wur;
                              ^
/usr/include/unistd.h:511:35: error: expected declaration specifiers or ‘...’ before ‘size_t’
 extern char *getcwd (char *__buf, size_t __size) __THROW __wur;
                                   ^
/usr/include/unistd.h:526:6: error: expected ‘=’, ‘,’, ‘;’, ‘asm’ or ‘__attribute__’ before ‘__THROW’
      __THROW __nonnull ((1)) __attribute_deprecated__ __wur;
      ^
/usr/include/unistd.h:531:27: error: expected ‘=’, ‘,’, ‘;’, ‘asm’ or ‘__attribute__’ before ‘__THROW’
 extern int dup (int __fd) __THROW __wur;
                           ^
/usr/include/unistd.h:534:39: error: expected ‘=’, ‘,’, ‘;’, ‘asm’ or ‘__attribute__’ before ‘__THROW’
 extern int dup2 (int __fd, int __fd2) __THROW;
                                       ^
/usr/include/unistd.h:543:15: error: storage class specified for parameter ‘__environ’
 extern char **__environ;
               ^
/usr/include/unistd.h:552:28: error: expected ‘=’, ‘,’, ‘;’, ‘asm’ or ‘__attribute__’ before ‘__THROW’
      char *const __envp[]) __THROW __nonnull ((1, 2));
                            ^
/usr/include/unistd.h:558:6: error: expected ‘=’, ‘,’, ‘;’, ‘asm’ or ‘__attribute__’ before ‘__THROW’
      __THROW __nonnull ((2));
      ^
/usr/include/unistd.h:564:6: error: expected ‘=’, ‘,’, ‘;’, ‘asm’ or ‘__attribute__’ before ‘__THROW’
      __THROW __nonnull ((1, 2));
      ^
/usr/include/unistd.h:569:6: error: expected ‘=’, ‘,’, ‘;’, ‘asm’ or ‘__attribute__’ before ‘__THROW’
      __THROW __nonnull ((1, 2));
      ^
/usr/include/unistd.h:574:6: error: expected ‘=’, ‘,’, ‘;’, ‘asm’ or ‘__attribute__’ before ‘__THROW’
      __THROW __nonnull ((1, 2));
      ^
/usr/include/unistd.h:579:6: error: expected ‘=’, ‘,’, ‘;’, ‘asm’ or ‘__attribute__’ before ‘__THROW’
      __THROW __nonnull ((1, 2));
      ^
/usr/include/unistd.h:585:6: error: expected ‘=’, ‘,’, ‘;’, ‘asm’ or ‘__attribute__’ before ‘__THROW’
      __THROW __nonnull ((1, 2));
      ^
/usr/include/unistd.h:598:29: error: expected ‘=’, ‘,’, ‘;’, ‘asm’ or ‘__attribute__’ before ‘__THROW’
 extern int nice (int __inc) __THROW __wur;
                             ^
/usr/include/unistd.h:603:13: error: storage class specified for parameter ‘_exit’
 extern void _exit (int __status) __attribute__ ((__noreturn__));
             ^
In file included from shared.h:6:0,
                 from shared.c:11:
/usr/include/unistd.h:613:6: error: expected ‘=’, ‘,’, ‘;’, ‘asm’ or ‘__attribute__’ before ‘__THROW’
      __THROW __nonnull ((1));
      ^
/usr/include/unistd.h:616:50: error: expected ‘=’, ‘,’, ‘;’, ‘asm’ or ‘__attribute__’ before ‘__THROW’
 extern long int fpathconf (int __fd, int __name) __THROW;
                                                  ^
/usr/include/unistd.h:619:38: error: expected ‘=’, ‘,’, ‘;’, ‘asm’ or ‘__attribute__’ before ‘__THROW’
 extern long int sysconf (int __name) __THROW;
                                      ^
/usr/include/unistd.h:623:15: error: expected ‘=’, ‘,’, ‘;’, ‘asm’ or ‘__attribute__’ before ‘confstr’
 extern size_t confstr (int __name, char *__buf, size_t __len) __THROW;
               ^
/usr/include/unistd.h:628:1: error: unknown type name ‘__pid_t’
 extern __pid_t getpid (void) __THROW;
 ^
/usr/include/unistd.h:628:30: error: expected ‘=’, ‘,’, ‘;’, ‘asm’ or ‘__attribute__’ before ‘__THROW’
 extern __pid_t getpid (void) __THROW;
                              ^
/usr/include/unistd.h:631:1: error: unknown type name ‘__pid_t’
 extern __pid_t getppid (void) __THROW;
 ^
/usr/include/unistd.h:631:31: error: expected ‘=’, ‘,’, ‘;’, ‘asm’ or ‘__attribute__’ before ‘__THROW’
 extern __pid_t getppid (void) __THROW;
                               ^
/usr/include/unistd.h:634:1: error: unknown type name ‘__pid_t’
 extern __pid_t getpgrp (void) __THROW;
 ^
/usr/include/unistd.h:634:31: error: expected ‘=’, ‘,’, ‘;’, ‘asm’ or ‘__attribute__’ before ‘__THROW’
 extern __pid_t getpgrp (void) __THROW;
                               ^
/usr/include/unistd.h:637:1: error: unknown type name ‘__pid_t’
 extern __pid_t __getpgid (__pid_t __pid) __THROW;
 ^
/usr/include/unistd.h:637:27: error: unknown type name ‘__pid_t’
 extern __pid_t __getpgid (__pid_t __pid) __THROW;
                           ^
/usr/include/unistd.h:639:1: error: unknown type name ‘__pid_t’
 extern __pid_t getpgid (__pid_t __pid) __THROW;
 ^
/usr/include/unistd.h:639:25: error: unknown type name ‘__pid_t’
 extern __pid_t getpgid (__pid_t __pid) __THROW;
                         ^
/usr/include/unistd.h:646:21: error: unknown type name ‘__pid_t’
 extern int setpgid (__pid_t __pid, __pid_t __pgid) __THROW;
                     ^
/usr/include/unistd.h:646:36: error: unknown type name ‘__pid_t’
 extern int setpgid (__pid_t __pid, __pid_t __pgid) __THROW;
                                    ^
/usr/include/unistd.h:660:27: error: expected ‘=’, ‘,’, ‘;’, ‘asm’ or ‘__attribute__’ before ‘__THROW’
 extern int setpgrp (void) __THROW;
                           ^
/usr/include/unistd.h:667:1: error: unknown type name ‘__pid_t’
 extern __pid_t setsid (void) __THROW;
 ^
/usr/include/unistd.h:667:30: error: expected ‘=’, ‘,’, ‘;’, ‘asm’ or ‘__attribute__’ before ‘__THROW’
 extern __pid_t setsid (void) __THROW;
                              ^
/usr/include/unistd.h:671:1: error: unknown type name ‘__pid_t’
 extern __pid_t getsid (__pid_t __pid) __THROW;
 ^
/usr/include/unistd.h:671:24: error: unknown type name ‘__pid_t’
 extern __pid_t getsid (__pid_t __pid) __THROW;
                        ^
/usr/include/unistd.h:675:1: error: unknown type name ‘__uid_t’
 extern __uid_t getuid (void) __THROW;
 ^
/usr/include/unistd.h:675:30: error: expected ‘=’, ‘,’, ‘;’, ‘asm’ or ‘__attribute__’ before ‘__THROW’
 extern __uid_t getuid (void) __THROW;
                              ^
/usr/include/unistd.h:678:1: error: unknown type name ‘__uid_t’
 extern __uid_t geteuid (void) __THROW;
 ^
/usr/include/unistd.h:678:31: error: expected ‘=’, ‘,’, ‘;’, ‘asm’ or ‘__attribute__’ before ‘__THROW’
 extern __uid_t geteuid (void) __THROW;
                               ^
/usr/include/unistd.h:681:1: error: unknown type name ‘__gid_t’
 extern __gid_t getgid (void) __THROW;
 ^
/usr/include/unistd.h:681:30: error: expected ‘=’, ‘,’, ‘;’, ‘asm’ or ‘__attribute__’ before ‘__THROW’
 extern __gid_t getgid (void) __THROW;
                              ^
/usr/include/unistd.h:684:1: error: unknown type name ‘__gid_t’
 extern __gid_t getegid (void) __THROW;
 ^
/usr/include/unistd.h:684:31: error: expected ‘=’, ‘,’, ‘;’, ‘asm’ or ‘__attribute__’ before ‘__THROW’
 extern __gid_t getegid (void) __THROW;
                               ^
/usr/include/unistd.h:689:35: error: unknown type name ‘__gid_t’
 extern int getgroups (int __size, __gid_t __list[]) __THROW __wur;
                                   ^
/usr/include/unistd.h:700:20: error: unknown type name ‘__uid_t’
 extern int setuid (__uid_t __uid) __THROW __wur;
                    ^
/usr/include/unistd.h:705:22: error: unknown type name ‘__uid_t’
 extern int setreuid (__uid_t __ruid, __uid_t __euid) __THROW __wur;
                      ^
/usr/include/unistd.h:705:38: error: unknown type name ‘__uid_t’
 extern int setreuid (__uid_t __ruid, __uid_t __euid) __THROW __wur;
                                      ^
/usr/include/unistd.h:710:21: error: unknown type name ‘__uid_t’
 extern int seteuid (__uid_t __uid) __THROW __wur;
                     ^
/usr/include/unistd.h:717:20: error: unknown type name ‘__gid_t’
 extern int setgid (__gid_t __gid) __THROW __wur;
                    ^
/usr/include/unistd.h:722:22: error: unknown type name ‘__gid_t’
 extern int setregid (__gid_t __rgid, __gid_t __egid) __THROW __wur;
                      ^
/usr/include/unistd.h:722:38: error: unknown type name ‘__gid_t’
 extern int setregid (__gid_t __rgid, __gid_t __egid) __THROW __wur;
                                      ^
/usr/include/unistd.h:727:21: error: unknown type name ‘__gid_t’
 extern int setegid (__gid_t __gid) __THROW __wur;
                     ^
/usr/include/unistd.h:756:1: error: unknown type name ‘__pid_t’
 extern __pid_t fork (void) __THROWNL;
 ^
/usr/include/unistd.h:756:28: error: expected ‘=’, ‘,’, ‘;’, ‘asm’ or ‘__attribute__’ before ‘__THROWNL’
 extern __pid_t fork (void) __THROWNL;
                            ^
/usr/include/unistd.h:764:1: error: unknown type name ‘__pid_t’
 extern __pid_t vfork (void) __THROW;
 ^
/usr/include/unistd.h:764:29: error: expected ‘=’, ‘,’, ‘;’, ‘asm’ or ‘__attribute__’ before ‘__THROW’
 extern __pid_t vfork (void) __THROW;
                             ^
/usr/include/unistd.h:770:33: error: expected ‘=’, ‘,’, ‘;’, ‘asm’ or ‘__attribute__’ before ‘__THROW’
 extern char *ttyname (int __fd) __THROW;
                                 ^
/usr/include/unistd.h:774:46: error: expected declaration specifiers or ‘...’ before ‘size_t’
 extern int ttyname_r (int __fd, char *__buf, size_t __buflen)
                                              ^
/usr/include/unistd.h:779:30: error: expected ‘=’, ‘,’, ‘;’, ‘asm’ or ‘__attribute__’ before ‘__THROW’
 extern int isatty (int __fd) __THROW;
                              ^
/usr/include/unistd.h:785:27: error: expected ‘=’, ‘,’, ‘;’, ‘asm’ or ‘__attribute__’ before ‘__THROW’
 extern int ttyslot (void) __THROW;
                           ^
/usr/include/unistd.h:791:6: error: expected ‘=’, ‘,’, ‘;’, ‘asm’ or ‘__attribute__’ before ‘__THROW’
      __THROW __nonnull ((1, 2)) __wur;
      ^
/usr/include/unistd.h:798:6: error: expected ‘=’, ‘,’, ‘;’, ‘asm’ or ‘__attribute__’ before ‘__THROW’
      __THROW __nonnull ((2, 4)) __wur;
      ^
/usr/include/unistd.h:804:6: error: expected ‘=’, ‘,’, ‘;’, ‘asm’ or ‘__attribute__’ before ‘__THROW’
      __THROW __nonnull ((1, 2)) __wur;
      ^
/usr/include/unistd.h:810:29: error: expected declaration specifiers or ‘...’ before ‘size_t’
     char *__restrict __buf, size_t __len)
                             ^
/usr/include/unistd.h:817:27: error: expected ‘=’, ‘,’, ‘;’, ‘asm’ or ‘__attribute__’ before ‘__THROW’
         const char *__to) __THROW __nonnull ((1, 3)) __wur;
                           ^
/usr/include/unistd.h:821:31: error: expected declaration specifiers or ‘...’ before ‘size_t’
       char *__restrict __buf, size_t __len)
                               ^
/usr/include/unistd.h:826:40: error: expected ‘=’, ‘,’, ‘;’, ‘asm’ or ‘__attribute__’ before ‘__THROW’
 extern int unlink (const char *__name) __THROW __nonnull ((1));
                                        ^
/usr/include/unistd.h:831:6: error: expected ‘=’, ‘,’, ‘;’, ‘asm’ or ‘__attribute__’ before ‘__THROW’
      __THROW __nonnull ((2));
      ^
/usr/include/unistd.h:835:39: error: expected ‘=’, ‘,’, ‘;’, ‘asm’ or ‘__attribute__’ before ‘__THROW’
 extern int rmdir (const char *__path) __THROW __nonnull ((1));
                                       ^
/usr/include/unistd.h:839:1: error: unknown type name ‘__pid_t’
 extern __pid_t tcgetpgrp (int __fd) __THROW;
 ^
/usr/include/unistd.h:839:37: error: expected ‘=’, ‘,’, ‘;’, ‘asm’ or ‘__attribute__’ before ‘__THROW’
 extern __pid_t tcgetpgrp (int __fd) __THROW;
                                     ^
/usr/include/unistd.h:842:33: error: unknown type name ‘__pid_t’
 extern int tcsetpgrp (int __fd, __pid_t __pgrp_id) __THROW;
                                 ^
/usr/include/unistd.h:849:14: error: storage class specified for parameter ‘getlogin’
 extern char *getlogin (void);
              ^
/usr/include/unistd.h:857:38: error: expected declaration specifiers or ‘...’ before ‘size_t’
 extern int getlogin_r (char *__name, size_t __name_len) __nonnull ((1));
                                      ^
/usr/include/unistd.h:862:42: error: expected ‘=’, ‘,’, ‘;’, ‘asm’ or ‘__attribute__’ before ‘__THROW’
 extern int setlogin (const char *__name) __THROW __nonnull ((1));
                                          ^
/usr/include/unistd.h:871:21: error: /usr/include/getopt.h: Bad file descriptor
 # include <getopt.h>
                     ^
/usr/include/unistd.h:879:39: error: expected declaration specifiers or ‘...’ before ‘size_t’
 extern int gethostname (char *__name, size_t __len) __THROW __nonnull ((1));
                                       ^
/usr/include/unistd.h:886:45: error: expected declaration specifiers or ‘...’ before ‘size_t’
 extern int sethostname (const char *__name, size_t __len)
                                             ^
/usr/include/unistd.h:891:38: error: expected ‘=’, ‘,’, ‘;’, ‘asm’ or ‘__attribute__’ before ‘__THROW’
 extern int sethostid (long int __id) __THROW __wur;
                                      ^
/usr/include/unistd.h:897:41: error: expected declaration specifiers or ‘...’ before ‘size_t’
 extern int getdomainname (char *__name, size_t __len)
                                         ^
/usr/include/unistd.h:899:47: error: expected declaration specifiers or ‘...’ before ‘size_t’
 extern int setdomainname (const char *__name, size_t __len)
                                               ^
/usr/include/unistd.h:906:27: error: expected ‘=’, ‘,’, ‘;’, ‘asm’ or ‘__attribute__’ before ‘__THROW’
 extern int vhangup (void) __THROW;
                           ^
/usr/include/unistd.h:909:40: error: expected ‘=’, ‘,’, ‘;’, ‘asm’ or ‘__attribute__’ before ‘__THROW’
 extern int revoke (const char *__file) __THROW __nonnull ((1)) __wur;
                                        ^
/usr/include/unistd.h:917:57: error: expected declaration specifiers or ‘...’ before ‘size_t’
 extern int profil (unsigned short int *__sample_buffer, size_t __size,
                                                         ^
/usr/include/unistd.h:918:6: error: expected declaration specifiers or ‘...’ before ‘size_t’
      size_t __offset, unsigned int __scale)
      ^
/usr/include/unistd.h:925:38: error: expected ‘=’, ‘,’, ‘;’, ‘asm’ or ‘__attribute__’ before ‘__THROW’
 extern int acct (const char *__name) __THROW;
                                      ^
/usr/include/unistd.h:929:34: error: expected ‘=’, ‘,’, ‘;’, ‘asm’ or ‘__attribute__’ before ‘__THROW’
 extern char *getusershell (void) __THROW;
                                  ^
/usr/include/unistd.h:930:33: error: expected ‘=’, ‘,’, ‘;’, ‘asm’ or ‘__attribute__’ before ‘__THROW’
 extern void endusershell (void) __THROW; /* Discard cached info.  */
                                 ^
/usr/include/unistd.h:931:33: error: expected ‘=’, ‘,’, ‘;’, ‘asm’ or ‘__attribute__’ before ‘__THROW’
 extern void setusershell (void) __THROW; /* Rewind and re-read the file.  */
                                 ^
/usr/include/unistd.h:937:50: error: expected ‘=’, ‘,’, ‘;’, ‘asm’ or ‘__attribute__’ before ‘__THROW’
 extern int daemon (int __nochdir, int __noclose) __THROW __wur;
                                                  ^
/usr/include/unistd.h:944:40: error: expected ‘=’, ‘,’, ‘;’, ‘asm’ or ‘__attribute__’ before ‘__THROW’
 extern int chroot (const char *__path) __THROW __nonnull ((1)) __wur;
                                        ^
/usr/include/unistd.h:948:45: error: expected ‘=’, ‘,’, ‘;’, ‘asm’ or ‘__attribute__’ before ‘__nonnull’
 extern char *getpass (const char *__prompt) __nonnull ((1));
                                             ^
/usr/include/unistd.h:956:12: error: storage class specified for parameter ‘fsync’
 extern int fsync (int __fd);
            ^
/usr/include/unistd.h:969:17: error: storage class specified for parameter ‘gethostid’
 extern long int gethostid (void);
                 ^
/usr/include/unistd.h:972:25: error: expected ‘=’, ‘,’, ‘;’, ‘asm’ or ‘__attribute__’ before ‘__THROW’
 extern void sync (void) __THROW;
                         ^
/usr/include/unistd.h:978:32: error: expected ‘=’, ‘,’, ‘;’, ‘asm’ or ‘__attribute__’ before ‘__THROW’
 extern int getpagesize (void)  __THROW __attribute__ ((__const__));
                                ^
/usr/include/unistd.h:983:33: error: expected ‘=’, ‘,’, ‘;’, ‘asm’ or ‘__attribute__’ before ‘__THROW’
 extern int getdtablesize (void) __THROW;
                                 ^
/usr/include/unistd.h:993:42: error: unknown type name ‘__off_t’
 extern int truncate (const char *__file, __off_t __length)
                                          ^
/usr/include/unistd.h:1016:33: error: unknown type name ‘__off_t’
 extern int ftruncate (int __fd, __off_t __length) __THROW __wur;
                                 ^
/usr/include/unistd.h:1037:31: error: expected ‘=’, ‘,’, ‘;’, ‘asm’ or ‘__attribute__’ before ‘__THROW’
 extern int brk (void *__addr) __THROW __wur;
                               ^
/usr/include/unistd.h:1043:20: error: expected declaration specifiers or ‘...’ before ‘intptr_t’
 extern void *sbrk (intptr_t __delta) __THROW;
                    ^
/usr/include/unistd.h:1058:49: error: expected ‘=’, ‘,’, ‘;’, ‘asm’ or ‘__attribute__’ before ‘__THROW’
 extern long int syscall (long int __sysno, ...) __THROW;
                                                 ^
/usr/include/unistd.h:1081:40: error: unknown type name ‘__off_t’
 extern int lockf (int __fd, int __cmd, __off_t __len) __wur;
                                        ^
/usr/include/unistd.h:1112:12: error: storage class specified for parameter ‘fdatasync’
 extern int fdatasync (int __fildes);
            ^
In file included from shared.c:11:0:
shared.h:7:20: error: /usr/include/stdlib.h: Bad file descriptor
 #include <stdlib.h>
                    ^
shared.h:8:19: error: /usr/include/netdb.h: Bad file descriptor
 #include <netdb.h>
                   ^
shared.h:9:20: error: /usr/include/string.h: Bad file descriptor
 #include <string.h>
                    ^
In file included from shared.h:10:0,
                 from shared.c:11:
/usr/include/x86_64-linux-gnu/sys/un.h:24:27: error: /usr/include/x86_64-linux-gnu/bits/sockaddr.h: Bad file descriptor
 #include <bits/sockaddr.h>
                           ^
In file included from shared.h:6:0,
                 from shared.c:11:
/usr/include/unistd.h:1151:1: error: unknown type name ‘__END_DECLS’
 __END_DECLS
 ^
In file included from shared.h:10:0,
                 from shared.c:11:
/usr/include/x86_64-linux-gnu/sys/un.h:29:1: error: expected ‘=’, ‘,’, ‘;’, ‘asm’ or ‘__attribute__’ before ‘struct’
 struct sockaddr_un
 ^
/usr/include/x86_64-linux-gnu/sys/un.h:33:4: error: expected declaration specifiers before ‘;’ token
   };
    ^
In file included from shared.c:11:0:
shared.h:13:23: error: /usr/include/arpa/inet.h: Bad file descriptor
 #include <arpa/inet.h>
                       ^
In file included from shared.h:14:0,
                 from shared.c:11:
/usr/lib/gcc/x86_64-linux-gnu/4.8/include/stdint.h:9:26: error: /usr/include/stdint.h: Bad file descriptor
 # include_next <stdint.h>
                          ^
In file included from shared.h:10:0,
                 from shared.c:11:
/usr/include/x86_64-linux-gnu/sys/un.h:44:1: error: unknown type name ‘__END_DECLS’
 __END_DECLS
 ^
In file included from shared.h:15:0,
                 from shared.c:11:
/usr/include/x86_64-linux-gnu/sys/time.h:55:1: error: expected ‘=’, ‘,’, ‘;’, ‘asm’ or ‘__attribute__’ before ‘struct’
 struct timezone
 ^
/usr/include/x86_64-linux-gnu/sys/time.h:59:4: error: expected declaration specifiers before ‘;’ token
   };
    ^
/usr/include/x86_64-linux-gnu/sys/time.h:61:37: error: storage class specified for parameter ‘__timezone_ptr_t’
 typedef struct timezone *__restrict __timezone_ptr_t;
                                     ^
/usr/include/x86_64-linux-gnu/sys/time.h:72:5: error: expected declaration specifiers or ‘...’ before ‘__timezone_ptr_t’
     __timezone_ptr_t __tz) __THROW __nonnull ((1));
     ^
/usr/include/x86_64-linux-gnu/sys/time.h:79:6: error: expected ‘=’, ‘,’, ‘;’, ‘asm’ or ‘__attribute__’ before ‘__THROW’
      __THROW;
      ^
/usr/include/x86_64-linux-gnu/sys/time.h:86:35: error: expected ‘=’, ‘,’, ‘;’, ‘asm’ or ‘__attribute__’ before ‘__THROW’
       struct timeval *__olddelta) __THROW;
                                   ^
/usr/include/x86_64-linux-gnu/sys/time.h:120:13: error: storage class specified for parameter ‘__itimer_which_t’
 typedef int __itimer_which_t;
             ^
/usr/include/x86_64-linux-gnu/sys/time.h:125:23: error: expected declaration specifiers or ‘...’ before ‘__itimer_which_t’
 extern int getitimer (__itimer_which_t __which,
                       ^
/usr/include/x86_64-linux-gnu/sys/time.h:131:23: error: expected declaration specifiers or ‘...’ before ‘__itimer_which_t’
 extern int setitimer (__itimer_which_t __which,
                       ^
/usr/include/x86_64-linux-gnu/sys/time.h:139:6: error: expected ‘=’, ‘,’, ‘;’, ‘asm’ or ‘__attribute__’ before ‘__THROW’
      __THROW __nonnull ((1));
      ^
/usr/include/x86_64-linux-gnu/sys/time.h:144:6: error: expected ‘=’, ‘,’, ‘;’, ‘asm’ or ‘__attribute__’ before ‘__THROW’
      __THROW __nonnull ((1));
      ^
/usr/include/x86_64-linux-gnu/sys/time.h:147:62: error: expected ‘=’, ‘,’, ‘;’, ‘asm’ or ‘__attribute__’ before ‘__THROW’
 extern int futimes (int __fd, const struct timeval __tvp[2]) __THROW;
                                                              ^
/usr/include/x86_64-linux-gnu/sys/time.h:189:1: error: expected declaration specifiers before ‘__END_DECLS’
 __END_DECLS
 ^
In file included from shared.c:11:0:
shared.h:28:1: error: unknown type name ‘uint32_t’
 uint32_t get_seq_number(void *packet);
 ^
shared.h:32:1: error: unknown type name ‘uint32_t’
 uint32_t convert_endian(uint32_t t);
 ^
shared.h:32:25: error: unknown type name ‘uint32_t’
 uint32_t convert_endian(uint32_t t);
                         ^
shared.c:13:1: error: parameter ‘MAX_SEC’ is initialized
 const double MAX_SEC = 5.0;
 ^
shared.c:14:1: error: parameter ‘HEADER_BYTES’ is initialized
 const int HEADER_BYTES = 9;
 ^
shared.c:21:48: error: expected ‘=’, ‘,’, ‘;’, ‘asm’ or ‘__attribute__’ before ‘{’ token
 void print4bytes(char *str, int payload_length){
                                                ^
shared.c:39:44: error: expected ‘=’, ‘,’, ‘;’, ‘asm’ or ‘__attribute__’ before ‘{’ token
 void set_pkt_type(char *ptr,char pkt_type) {
                                            ^
shared.c:47:33: error: expected ‘=’, ‘,’, ‘;’, ‘asm’ or ‘__attribute__’ before ‘{’ token
 int is_echo_valid(int echo_val) {
                                 ^
shared.c:54:33: error: expected ‘=’, ‘,’, ‘;’, ‘asm’ or ‘__attribute__’ before ‘{’ token
 int is_port_valid(int port_num) {
                                 ^
shared.c:61:1: error: unknown type name ‘uint32_t’
 uint32_t convert_endian(uint32_t t) {
 ^
shared.c:61:25: error: unknown type name ‘uint32_t’
 uint32_t convert_endian(uint32_t t) {
                         ^
shared.c:76:1: error: unknown type name ‘uint32_t’
 uint32_t get_seq_number(void *packet) {
 ^
shared.c:76:39: error: expected ‘=’, ‘,’, ‘;’, ‘asm’ or ‘__attribute__’ before ‘{’ token
 uint32_t get_seq_number(void *packet) {
                                       ^
shared.c:86:20: error: expected ‘=’, ‘,’, ‘;’, ‘asm’ or ‘__attribute__’ before ‘{’ token
 int check_endian() {
                    ^
shared.c:14:11: error: declaration for parameter ‘HEADER_BYTES’ but no such parameter
 const int HEADER_BYTES = 9;
           ^
shared.c:13:14: error: declaration for parameter ‘MAX_SEC’ but no such parameter
 const double MAX_SEC = 5.0;
              ^
In file included from shared.c:11:0:
shared.h:30:5: error: declaration for parameter ‘check_endian’ but no such parameter
 int check_endian();
     ^
shared.h:28:10: error: declaration for parameter ‘get_seq_number’ but no such parameter
 uint32_t get_seq_number(void *packet);
          ^
shared.h:26:5: error: declaration for parameter ‘is_port_valid’ but no such parameter
 int is_port_valid(int port_num);
     ^
shared.h:24:5: error: declaration for parameter ‘is_echo_valid’ but no such parameter
 int is_echo_valid(int echo_val);
     ^
shared.h:22:6: error: declaration for parameter ‘set_pkt_type’ but no such parameter
 void set_pkt_type(char *ptr,char pkt_type);
      ^
In file included from shared.h:15:0,
                 from shared.c:11:
/usr/include/x86_64-linux-gnu/sys/time.h:120:13: error: declaration for parameter ‘__itimer_which_t’ but no such parameter
 typedef int __itimer_which_t;
             ^
/usr/include/x86_64-linux-gnu/sys/time.h:61:37: error: declaration for parameter ‘__timezone_ptr_t’ but no such parameter
 typedef struct timezone *__restrict __timezone_ptr_t;
                                     ^
In file included from shared.h:6:0,
                 from shared.c:11:
/usr/include/unistd.h:1112:12: error: declaration for parameter ‘fdatasync’ but no such parameter
 extern int fdatasync (int __fildes);
            ^
/usr/include/unistd.h:969:17: error: declaration for parameter ‘gethostid’ but no such parameter
 extern long int gethostid (void);
                 ^
/usr/include/unistd.h:956:12: error: declaration for parameter ‘fsync’ but no such parameter
 extern int fsync (int __fd);
            ^
/usr/include/unistd.h:849:14: error: declaration for parameter ‘getlogin’ but no such parameter
 extern char *getlogin (void);
              ^
In file included from shared.h:6:0,
                 from shared.c:11:
/usr/include/unistd.h:603:13: error: declaration for parameter ‘_exit’ but no such parameter
 extern void _exit (int __status) __attribute__ ((__noreturn__));
             ^
/usr/include/unistd.h:543:15: error: declaration for parameter ‘__environ’ but no such parameter
 extern char **__environ;
               ^
/usr/include/unistd.h:469:12: error: declaration for parameter ‘pause’ but no such parameter
 extern int pause (void);
            ^
/usr/include/unistd.h:444:21: error: declaration for parameter ‘sleep’ but no such parameter
 extern unsigned int sleep (unsigned int __seconds);
                     ^
/usr/include/unistd.h:353:12: error: declaration for parameter ‘close’ but no such parameter
 extern int close (int __fd);
            ^
/usr/include/unistd.h:274:21: error: declaration for parameter ‘socklen_t’ but no such parameter
 typedef __socklen_t socklen_t;
                     ^
/usr/include/unistd.h:267:20: error: declaration for parameter ‘intptr_t’ but no such parameter
 typedef __intptr_t intptr_t;
                    ^
In file included from /usr/include/stdio.h:853:0,
                 from shared.h:4,
                 from shared.c:11:
/usr/include/x86_64-linux-gnu/bits/sys_errlist.h:27:26: error: declaration for parameter ‘sys_errlist’ but no such parameter
 extern const char *const sys_errlist[];
                          ^
In file included from shared.h:4:0,
                 from shared.c:11:
/usr/include/stdio.h:695:12: error: declaration for parameter ‘puts’ but no such parameter
 extern int puts (const char *__s);
            ^
/usr/include/stdio.h:603:12: error: declaration for parameter ‘putchar_unlocked’ but no such parameter
 extern int putchar_unlocked (int __c);
            ^
/usr/include/stdio.h:580:12: error: declaration for parameter ‘putchar’ but no such parameter
 extern int putchar (int __c);
            ^
/usr/include/stdio.h:551:12: error: declaration for parameter ‘getchar_unlocked’ but no such parameter
 extern int getchar_unlocked (void);
            ^
/usr/include/stdio.h:538:12: error: declaration for parameter ‘getchar’ but no such parameter
 extern int getchar (void);
            ^
/usr/include/stdio.h:415:12: error: declaration for parameter ‘dprintf’ but no such parameter
 extern int dprintf (int __fd, const char *__restrict __fmt, ...)
            ^
/usr/include/stdio.h:362:12: error: declaration for parameter ‘printf’ but no such parameter
 extern int printf (const char *__restrict __format, ...);
            ^
/usr/include/stdio.h:170:25: error: declaration for parameter ‘stderr’ but no such parameter
 extern struct _IO_FILE *stderr;  /* Standard error output stream.  */
                         ^
/usr/include/stdio.h:169:25: error: declaration for parameter ‘stdout’ but no such parameter
 extern struct _IO_FILE *stdout;  /* Standard output stream.  */
                         ^
In file included from shared.h:4:0,
                 from shared.c:11:
/usr/include/stdio.h:79:20: error: declaration for parameter ‘va_list’ but no such parameter
 typedef _G_va_list va_list;
                    ^
In file included from /usr/include/stdio.h:74:0,
                 from shared.h:4,
                 from shared.c:11:
/usr/include/libio.h:358:13: error: declaration for parameter ‘__io_close_fn’ but no such parameter
 typedef int __io_close_fn (void *__cookie);
             ^
/usr/include/libio.h:322:29: error: parameter ‘_IO_2_1_stderr_’ has incomplete type
 extern struct _IO_FILE_plus _IO_2_1_stderr_;
                             ^
/usr/include/libio.h:322:29: error: declaration for parameter ‘_IO_2_1_stderr_’ but no such parameter
/usr/include/libio.h:321:29: error: parameter ‘_IO_2_1_stdout_’ has incomplete type
 extern struct _IO_FILE_plus _IO_2_1_stdout_;
                             ^
/usr/include/libio.h:321:29: error: declaration for parameter ‘_IO_2_1_stdout_’ but no such parameter
/usr/include/libio.h:320:29: error: parameter ‘_IO_2_1_stdin_’ has incomplete type
 extern struct _IO_FILE_plus _IO_2_1_stdin_;
                             ^
/usr/include/libio.h:320:29: error: declaration for parameter ‘_IO_2_1_stdin_’ but no such parameter
/usr/include/libio.h:315:25: error: declaration for parameter ‘_IO_FILE’ but no such parameter
 typedef struct _IO_FILE _IO_FILE;
                         ^
/usr/include/libio.h:154:14: error: parameter ‘_IO_lock_t’ has incomplete type
 typedef void _IO_lock_t;
              ^
/usr/include/libio.h:154:14: error: declaration for parameter ‘_IO_lock_t’ but no such parameter
In file included from /usr/include/libio.h:49:0,
                 from /usr/include/stdio.h:74,
                 from shared.h:4,
                 from shared.c:11:
/usr/lib/gcc/x86_64-linux-gnu/4.8/include/stdarg.h:40:27: error: declaration for parameter ‘__gnuc_va_list’ but no such parameter
 typedef __builtin_va_list __gnuc_va_list;
                           ^
In file included from /usr/include/netinet/udp.h:51:0,
                 from shared.h:3,
                 from shared.c:11:
/usr/include/x86_64-linux-gnu/sys/types.h:243:22: error: declaration for parameter ‘fsfilcnt_t’ but no such parameter
 typedef __fsfilcnt_t fsfilcnt_t; /* Type to count file system inodes.  */
                      ^
/usr/include/x86_64-linux-gnu/sys/types.h:239:22: error: declaration for parameter ‘fsblkcnt_t’ but no such parameter
 typedef __fsblkcnt_t fsblkcnt_t; /* Type to count file system blocks.  */
                      ^
/usr/include/x86_64-linux-gnu/sys/types.h:235:20: error: declaration for parameter ‘blkcnt_t’ but no such parameter
 typedef __blkcnt_t blkcnt_t;  /* Type to count number of disk blocks.  */
                    ^
In file included from /usr/include/x86_64-linux-gnu/sys/types.h:219:0,
                 from /usr/include/netinet/udp.h:51,
                 from shared.h:3,
                 from shared.c:11:
/usr/include/x86_64-linux-gnu/sys/select.h:75:5: error: declaration for parameter ‘fd_set’ but no such parameter
   } fd_set;
     ^
/usr/include/x86_64-linux-gnu/sys/select.h:54:18: error: declaration for parameter ‘__fd_mask’ but no such parameter
 typedef long int __fd_mask;
                  ^
/usr/include/x86_64-linux-gnu/sys/select.h:48:23: error: declaration for parameter ‘suseconds_t’ but no such parameter
 typedef __suseconds_t suseconds_t;
                       ^
In file included from /usr/include/x86_64-linux-gnu/sys/types.h:219:0,
                 from /usr/include/netinet/udp.h:51,
                 from shared.h:3,
                 from shared.c:11:
/usr/include/x86_64-linux-gnu/sys/select.h:37:20: error: declaration for parameter ‘sigset_t’ but no such parameter
 typedef __sigset_t sigset_t;
                    ^
In file included from /usr/include/netinet/udp.h:51:0,
                 from shared.h:3,
                 from shared.c:11:
/usr/include/x86_64-linux-gnu/sys/types.h:205:13: error: declaration for parameter ‘register_t’ but no such parameter
 typedef int register_t __attribute__ ((__mode__ (__word__)));
             ^
/usr/include/x86_64-linux-gnu/sys/types.h:203:1: error: declaration for parameter ‘u_int64_t’ but no such parameter
 __u_intN_t (64, __DI__);
 ^
/usr/include/x86_64-linux-gnu/sys/types.h:202:1: error: declaration for parameter ‘u_int32_t’ but no such parameter
 __u_intN_t (32, __SI__);
 ^
/usr/include/x86_64-linux-gnu/sys/types.h:201:1: error: declaration for parameter ‘u_int16_t’ but no such parameter
 __u_intN_t (16, __HI__);
 ^
/usr/include/x86_64-linux-gnu/sys/types.h:200:1: error: declaration for parameter ‘u_int8_t’ but no such parameter
 __u_intN_t (8, __QI__);
 ^
/usr/include/x86_64-linux-gnu/sys/types.h:197:1: error: declaration for parameter ‘int64_t’ but no such parameter
 __intN_t (64, __DI__);
 ^
/usr/include/x86_64-linux-gnu/sys/types.h:196:1: error: declaration for parameter ‘int32_t’ but no such parameter
 __intN_t (32, __SI__);
 ^
/usr/include/x86_64-linux-gnu/sys/types.h:195:1: error: declaration for parameter ‘int16_t’ but no such parameter
 __intN_t (16, __HI__);
 ^
/usr/include/x86_64-linux-gnu/sys/types.h:194:1: error: declaration for parameter ‘int8_t’ but no such parameter
 __intN_t (8, __QI__);
 ^
/usr/include/x86_64-linux-gnu/sys/types.h:152:22: error: declaration for parameter ‘uint’ but no such parameter
 typedef unsigned int uint;
                      ^
/usr/include/x86_64-linux-gnu/sys/types.h:151:28: error: declaration for parameter ‘ushort’ but no such parameter
 typedef unsigned short int ushort;
                            ^
/usr/include/x86_64-linux-gnu/sys/types.h:150:27: error: declaration for parameter ‘ulong’ but no such parameter
 typedef unsigned long int ulong;
                           ^
In file included from /usr/include/x86_64-linux-gnu/sys/types.h:146:0,
                 from /usr/include/netinet/udp.h:51,
                 from shared.h:3,
                 from shared.c:11:
/usr/lib/gcc/x86_64-linux-gnu/4.8/include/stddef.h:212:23: error: declaration for parameter ‘size_t’ but no such parameter
 typedef __SIZE_TYPE__ size_t;
                       ^
In file included from /usr/include/x86_64-linux-gnu/sys/types.h:132:0,
                 from /usr/include/netinet/udp.h:51,
                 from shared.h:3,
                 from shared.c:11:
/usr/include/time.h:103:19: error: declaration for parameter ‘timer_t’ but no such parameter
 typedef __timer_t timer_t;
                   ^
shared.c:89:1: error: expected ‘{’ at end of input
 }
 ^
make: *** [shared.o] Error 1
--------------------------------------------------------------------------------------------
--------------------------------------------------------------------------------------------
gcc -c shared.c
seed: 10265
cc1: error: shared.c: Bad file descriptor
make: *** [shared.o] Error 1
--------------------------------------------------------------------------------------------
--------------------------------------------------------------------------------------------
gcc -c shared.c
seed: 20120
cc1: error: /usr/include/stdc-predef.h: Bad file descriptor
shared.c:11:20: error: shared.h: Bad file descriptor
 #include "shared.h"
                    ^
shared.c: In function ‘print4bytes’:
shared.c:30:5: warning: incompatible implicit declaration of built-in function ‘printf’ [enabled by default]
     printf("%c",*temp);  //use %d instead of %c to get the ASCII????
     ^
shared.c: At top level:
shared.c:61:1: error: unknown type name ‘uint32_t’
 uint32_t convert_endian(uint32_t t) {
 ^
shared.c:61:25: error: unknown type name ‘uint32_t’
 uint32_t convert_endian(uint32_t t) {
                         ^
shared.c:76:1: error: unknown type name ‘uint32_t’
 uint32_t get_seq_number(void *packet) {
 ^
shared.c: In function ‘get_seq_number’:
shared.c:81:34: error: ‘uint32_t’ undeclared (first use in this function)
   if (!check_endian()) return *((uint32_t *)echo_seq_number_ptr);
                                  ^
shared.c:81:34: note: each undeclared identifier is reported only once for each function it appears in
shared.c:81:44: error: expected expression before ‘)’ token
   if (!check_endian()) return *((uint32_t *)echo_seq_number_ptr);
                                            ^
shared.c:82:37: error: expected expression before ‘)’ token
   return convert_endian(*((uint32_t*)echo_seq_number_ptr));
                                     ^
make: *** [shared.o] Error 1
--------------------------------------------------------------------------------------------
--------------------------------------------------------------------------------------------
gcc -c shared.c
seed: 32079
cc1: error: shared.c: Bad file descriptor
make: *** [shared.o] Error 1
--------------------------------------------------------------------------------------------
--------------------------------------------------------------------------------------------
gcc -c shared.c
seed: 28651
cc1: error: shared.c: Bad file descriptor
make: *** [shared.o] Error 1
--------------------------------------------------------------------------------------------
--------------------------------------------------------------------------------------------
gcc -c shared.c
seed: 24058
cc1: error: shared.c: Bad file descriptor
make: *** [shared.o] Error 1
--------------------------------------------------------------------------------------------
--------------------------------------------------------------------------------------------
gcc -c shared.c
seed: 27706
cc1: error: shared.c: Bad file descriptor
make: *** [shared.o] Error 1
--------------------------------------------------------------------------------------------
--------------------------------------------------------------------------------------------
gcc -c shared.c
seed: 29861
shared.c:11:20: error: shared.h: Bad file descriptor
 #include "shared.h"
                    ^
shared.c: In function ‘print4bytes’:
shared.c:30:5: warning: incompatible implicit declaration of built-in function ‘printf’ [enabled by default]
     printf("%c",*temp);  //use %d instead of %c to get the ASCII????
     ^
shared.c: At top level:
shared.c:61:1: error: unknown type name ‘uint32_t’
 uint32_t convert_endian(uint32_t t) {
 ^
shared.c:61:25: error: unknown type name ‘uint32_t’
 uint32_t convert_endian(uint32_t t) {
                         ^
shared.c:76:1: error: unknown type name ‘uint32_t’
 uint32_t get_seq_number(void *packet) {
 ^
shared.c: In function ‘get_seq_number’:
shared.c:81:34: error: ‘uint32_t’ undeclared (first use in this function)
   if (!check_endian()) return *((uint32_t *)echo_seq_number_ptr);
                                  ^
shared.c:81:34: note: each undeclared identifier is reported only once for each function it appears in
shared.c:81:44: error: expected expression before ‘)’ token
   if (!check_endian()) return *((uint32_t *)echo_seq_number_ptr);
                                            ^
shared.c:82:37: error: expected expression before ‘)’ token
   return convert_endian(*((uint32_t*)echo_seq_number_ptr));
                                     ^
make: *** [shared.o] Error 1
--------------------------------------------------------------------------------------------
--------------------------------------------------------------------------------------------
gcc -c shared.c
seed: 21494
cc1: error: /usr/include/stdc-predef.h: Bad file descriptor
shared.c:11:20: error: shared.h: Bad file descriptor
 #include "shared.h"
                    ^
shared.c: In function ‘print4bytes’:
shared.c:30:5: warning: incompatible implicit declaration of built-in function ‘printf’ [enabled by default]
     printf("%c",*temp);  //use %d instead of %c to get the ASCII????
     ^
shared.c: At top level:
shared.c:61:1: error: unknown type name ‘uint32_t’
 uint32_t convert_endian(uint32_t t) {
 ^
shared.c:61:25: error: unknown type name ‘uint32_t’
 uint32_t convert_endian(uint32_t t) {
                         ^
shared.c:76:1: error: unknown type name ‘uint32_t’
 uint32_t get_seq_number(void *packet) {
 ^
shared.c: In function ‘get_seq_number’:
shared.c:81:34: error: ‘uint32_t’ undeclared (first use in this function)
   if (!check_endian()) return *((uint32_t *)echo_seq_number_ptr);
                                  ^
shared.c:81:34: note: each undeclared identifier is reported only once for each function it appears in
shared.c:81:44: error: expected expression before ‘)’ token
   if (!check_endian()) return *((uint32_t *)echo_seq_number_ptr);
                                            ^
shared.c:82:37: error: expected expression before ‘)’ token
   return convert_endian(*((uint32_t*)echo_seq_number_ptr));
                                     ^
make: *** [shared.o] Error 1
--------------------------------------------------------------------------------------------
--------------------------------------------------------------------------------------------
gcc -c shared.c
seed: 714
shared.c:11:20: error: shared.h: Bad file descriptor
 #include "shared.h"
                    ^
shared.c: In function ‘print4bytes’:
shared.c:30:5: warning: incompatible implicit declaration of built-in function ‘printf’ [enabled by default]
     printf("%c",*temp);  //use %d instead of %c to get the ASCII????
     ^
shared.c: At top level:
shared.c:61:1: error: unknown type name ‘uint32_t’
 uint32_t convert_endian(uint32_t t) {
 ^
shared.c:61:25: error: unknown type name ‘uint32_t’
 uint32_t convert_endian(uint32_t t) {
                         ^
shared.c:76:1: error: unknown type name ‘uint32_t’
 uint32_t get_seq_number(void *packet) {
 ^
shared.c: In function ‘get_seq_number’:
shared.c:81:34: error: ‘uint32_t’ undeclared (first use in this function)
   if (!check_endian()) return *((uint32_t *)echo_seq_number_ptr);
                                  ^
shared.c:81:34: note: each undeclared identifier is reported only once for each function it appears in
shared.c:81:44: error: expected expression before ‘)’ token
   if (!check_endian()) return *((uint32_t *)echo_seq_number_ptr);
                                            ^
shared.c:82:37: error: expected expression before ‘)’ token
   return convert_endian(*((uint32_t*)echo_seq_number_ptr));
                                     ^
make: *** [shared.o] Error 1
--------------------------------------------------------------------------------------------
--------------------------------------------------------------------------------------------
gcc -c shared.c
seed: 21438
In file included from /usr/include/x86_64-linux-gnu/sys/socket.h:22:0,
                 from shared.h:1,
                 from shared.c:11:
/usr/include/features.h:374:25: error: /usr/include/x86_64-linux-gnu/sys/cdefs.h: Bad file descriptor
 #  include <sys/cdefs.h>
                         ^
In file included from shared.h:1:0,
                 from shared.c:11:
/usr/include/x86_64-linux-gnu/sys/socket.h:26:21: error: /usr/include/x86_64-linux-gnu/sys/uio.h: Bad file descriptor
 #include <sys/uio.h>
                     ^
In file included from /usr/include/x86_64-linux-gnu/sys/socket.h:28:0,
                 from shared.h:1,
                 from shared.c:11:
/usr/lib/gcc/x86_64-linux-gnu/4.8/include/stddef.h:212:1: error: expected ‘=’, ‘,’, ‘;’, ‘asm’ or ‘__attribute__’ before ‘typedef’
 typedef __SIZE_TYPE__ size_t;
 ^
In file included from /usr/include/x86_64-linux-gnu/sys/socket.h:38:0,
                 from shared.h:1,
                 from shared.c:11:
/usr/include/x86_64-linux-gnu/bits/socket.h:27:20: error: /usr/lib/gcc/x86_64-linux-gnu/4.8/include/stddef.h: Bad file descriptor
 #include <stddef.h>
                    ^
/usr/include/x86_64-linux-gnu/bits/socket.h:29:23: error: /usr/include/x86_64-linux-gnu/sys/types.h: Bad file descriptor
 #include <sys/types.h>
                       ^
/usr/include/x86_64-linux-gnu/bits/socket.h:33:1: error: unknown type name ‘__socklen_t’
 typedef __socklen_t socklen_t;
 ^
In file included from /usr/include/x86_64-linux-gnu/sys/socket.h:38:0,
                 from shared.h:1,
                 from shared.c:11:
/usr/include/x86_64-linux-gnu/bits/socket.h:230:5: error: unknown type name ‘size_t’
     size_t msg_iovlen;  /* Number of elements in the vector.  */
     ^
/usr/include/x86_64-linux-gnu/bits/socket.h:233:5: error: unknown type name ‘size_t’
     size_t msg_controllen; /* Ancillary data buffer length.
     ^
/usr/include/x86_64-linux-gnu/bits/socket.h:244:5: error: unknown type name ‘size_t’
     size_t cmsg_len;  /* Length of data in cmsg_data plus length
     ^
/usr/include/x86_64-linux-gnu/bits/socket.h:252:45: error: expected ‘:’, ‘,’, ‘;’, ‘}’ or ‘__attribute__’ before ‘__flexarr’
     __extension__ unsigned char __cmsg_data __flexarr; /* Ancillary data.  */
                                             ^
/usr/include/x86_64-linux-gnu/bits/socket.h: In function ‘__cmsg_nxthdr’:
/usr/include/x86_64-linux-gnu/bits/socket.h:273:35: error: expected declaration specifiers before ‘__THROW’
           struct cmsghdr *__cmsg) __THROW;
                                   ^
/usr/include/x86_64-linux-gnu/bits/socket.h:345:24: error: /usr/include/x86_64-linux-gnu/asm/socket.h: Bad file descriptor
 #include <asm/socket.h>
                        ^
In file included from shared.h:1:0,
                 from shared.c:11:
/usr/include/x86_64-linux-gnu/sys/socket.h:113:62: error: expected ‘=’, ‘,’, ‘;’, ‘asm’ or ‘__attribute__’ before ‘__THROW’
 extern int socket (int __domain, int __type, int __protocol) __THROW;
                                                              ^
/usr/include/x86_64-linux-gnu/sys/socket.h:120:24: error: expected ‘=’, ‘,’, ‘;’, ‘asm’ or ‘__attribute__’ before ‘__THROW’
          int __fds[2]) __THROW;
                        ^
/usr/include/x86_64-linux-gnu/sys/socket.h:124:6: error: expected ‘=’, ‘,’, ‘;’, ‘asm’ or ‘__attribute__’ before ‘__THROW’
      __THROW;
      ^
/usr/include/x86_64-linux-gnu/sys/socket.h:128:33: error: expected ‘=’, ‘,’, ‘;’, ‘asm’ or ‘__attribute__’ before ‘__THROW’
    socklen_t *__restrict __len) __THROW;
                                 ^
/usr/include/x86_64-linux-gnu/sys/socket.h:137:12: error: storage class specified for parameter ‘connect’
 extern int connect (int __fd, __CONST_SOCKADDR_ARG __addr, socklen_t __len);
            ^
/usr/include/x86_64-linux-gnu/sys/socket.h:142:33: error: expected ‘=’, ‘,’, ‘;’, ‘asm’ or ‘__attribute__’ before ‘__THROW’
    socklen_t *__restrict __len) __THROW;
                                 ^
/usr/include/x86_64-linux-gnu/sys/socket.h:149:1: error: unknown type name ‘ssize_t’
 extern ssize_t send (int __fd, const void *__buf, size_t __n, int __flags);
 ^
/usr/include/x86_64-linux-gnu/sys/socket.h:149:51: error: unknown type name ‘size_t’
 extern ssize_t send (int __fd, const void *__buf, size_t __n, int __flags);
                                                   ^
/usr/include/x86_64-linux-gnu/sys/socket.h:156:1: error: unknown type name ‘ssize_t’
 extern ssize_t recv (int __fd, void *__buf, size_t __n, int __flags);
 ^
/usr/include/x86_64-linux-gnu/sys/socket.h:156:45: error: unknown type name ‘size_t’
 extern ssize_t recv (int __fd, void *__buf, size_t __n, int __flags);
                                             ^
/usr/include/x86_64-linux-gnu/sys/socket.h:163:1: error: unknown type name ‘ssize_t’
 extern ssize_t sendto (int __fd, const void *__buf, size_t __n,
 ^
/usr/include/x86_64-linux-gnu/sys/socket.h:163:53: error: unknown type name ‘size_t’
 extern ssize_t sendto (int __fd, const void *__buf, size_t __n,
                                                     ^
/usr/include/x86_64-linux-gnu/sys/socket.h:174:1: error: unknown type name ‘ssize_t’
 extern ssize_t recvfrom (int __fd, void *__restrict __buf, size_t __n,
 ^
/usr/include/x86_64-linux-gnu/sys/socket.h:174:60: error: unknown type name ‘size_t’
 extern ssize_t recvfrom (int __fd, void *__restrict __buf, size_t __n,
                                                            ^
/usr/include/x86_64-linux-gnu/sys/socket.h:184:1: error: unknown type name ‘ssize_t’
 extern ssize_t sendmsg (int __fd, const struct msghdr *__message,
 ^
/usr/include/x86_64-linux-gnu/sys/socket.h:184:16: error: storage class specified for parameter ‘sendmsg’
 extern ssize_t sendmsg (int __fd, const struct msghdr *__message,
                ^
/usr/include/x86_64-linux-gnu/sys/socket.h:202:1: error: unknown type name ‘ssize_t’
 extern ssize_t recvmsg (int __fd, struct msghdr *__message, int __flags);
 ^
/usr/include/x86_64-linux-gnu/sys/socket.h:202:16: error: storage class specified for parameter ‘recvmsg’
 extern ssize_t recvmsg (int __fd, struct msghdr *__message, int __flags);
                ^
/usr/include/x86_64-linux-gnu/sys/socket.h:221:42: error: expected ‘=’, ‘,’, ‘;’, ‘asm’ or ‘__attribute__’ before ‘__THROW’
          socklen_t *__restrict __optlen) __THROW;
                                          ^
/usr/include/x86_64-linux-gnu/sys/socket.h:227:52: error: expected ‘=’, ‘,’, ‘;’, ‘asm’ or ‘__attribute__’ before ‘__THROW’
          const void *__optval, socklen_t __optlen) __THROW;
                                                    ^
/usr/include/x86_64-linux-gnu/sys/socket.h:233:39: error: expected ‘=’, ‘,’, ‘;’, ‘asm’ or ‘__attribute__’ before ‘__THROW’
 extern int listen (int __fd, int __n) __THROW;
                                       ^
/usr/include/x86_64-linux-gnu/sys/socket.h:243:12: error: storage class specified for parameter ‘accept’
 extern int accept (int __fd, __SOCKADDR_ARG __addr,
            ^
/usr/include/x86_64-linux-gnu/sys/socket.h:261:43: error: expected ‘=’, ‘,’, ‘;’, ‘asm’ or ‘__attribute__’ before ‘__THROW’
 extern int shutdown (int __fd, int __how) __THROW;
                                           ^
/usr/include/x86_64-linux-gnu/sys/socket.h:266:34: error: expected ‘=’, ‘,’, ‘;’, ‘asm’ or ‘__attribute__’ before ‘__THROW’
 extern int sockatmark (int __fd) __THROW;
                                  ^
/usr/include/x86_64-linux-gnu/sys/socket.h:274:46: error: expected ‘=’, ‘,’, ‘;’, ‘asm’ or ‘__attribute__’ before ‘__THROW’
 extern int isfdtype (int __fd, int __fdtype) __THROW;
                                              ^
In file included from shared.c:11:0:
shared.h:2:24: error: /usr/include/netinet/in.h: Bad file descriptor
 #include <netinet/in.h>
                        ^
In file included from shared.h:1:0,
                 from shared.c:11:
/usr/include/x86_64-linux-gnu/sys/socket.h:283:1: error: expected declaration specifiers before ‘__END_DECLS’
 __END_DECLS
 ^
In file included from shared.h:3:0,
                 from shared.c:11:
/usr/include/netinet/udp.h:75:2: error: expected declaration specifiers before ‘;’ token
 };
  ^
In file included from shared.c:11:0:
shared.h:4:19: error: /usr/include/stdio.h: Bad file descriptor
 #include <stdio.h>
                   ^
In file included from shared.h:6:0,
                 from shared.c:11:
/usr/include/unistd.h:206:32: error: /usr/include/x86_64-linux-gnu/bits/environments.h: Bad file descriptor
 # include <bits/environments.h>
                                ^
In file included from /usr/include/unistd.h:217:0,
                 from shared.h:6,
                 from shared.c:11:
/usr/include/x86_64-linux-gnu/bits/types.h:27:27: error: /usr/include/x86_64-linux-gnu/bits/wordsize.h: Bad file descriptor
 #include <bits/wordsize.h>
                           ^
In file included from shared.h:6:0,
                 from shared.c:11:
/usr/include/unistd.h:27:1: error: expected declaration specifiers before ‘__BEGIN_DECLS’
 __BEGIN_DECLS
 ^
In file included from /usr/include/unistd.h:217:0,
                 from shared.h:6,
                 from shared.c:11:
/usr/include/x86_64-linux-gnu/bits/types.h:31:28: error: storage class specified for parameter ‘__u_short’
 typedef unsigned short int __u_short;
                            ^
/usr/include/x86_64-linux-gnu/bits/types.h:32:22: error: storage class specified for parameter ‘__u_int’
 typedef unsigned int __u_int;
                      ^
/usr/include/x86_64-linux-gnu/bits/types.h:33:27: error: storage class specified for parameter ‘__u_long’
 typedef unsigned long int __u_long;
                           ^
/usr/include/x86_64-linux-gnu/bits/types.h:36:21: error: storage class specified for parameter ‘__int8_t’
 typedef signed char __int8_t;
                     ^
/usr/include/x86_64-linux-gnu/bits/types.h:37:23: error: storage class specified for parameter ‘__uint8_t’
 typedef unsigned char __uint8_t;
                       ^
/usr/include/x86_64-linux-gnu/bits/types.h:38:26: error: storage class specified for parameter ‘__int16_t’
 typedef signed short int __int16_t;
                          ^
/usr/include/x86_64-linux-gnu/bits/types.h:39:28: error: storage class specified for parameter ‘__uint16_t’
 typedef unsigned short int __uint16_t;
                            ^
/usr/include/x86_64-linux-gnu/bits/types.h:40:20: error: storage class specified for parameter ‘__int32_t’
 typedef signed int __int32_t;
                    ^
/usr/include/x86_64-linux-gnu/bits/types.h:41:22: error: storage class specified for parameter ‘__uint32_t’
 typedef unsigned int __uint32_t;
                      ^
/usr/include/x86_64-linux-gnu/bits/types.h:46:1: error: expected declaration specifiers before ‘__extension__’
 __extension__ typedef signed long long int __int64_t;
 ^
/usr/include/x86_64-linux-gnu/bits/types.h:47:1: error: expected declaration specifiers before ‘__extension__’
 __extension__ typedef unsigned long long int __uint64_t;
 ^
/usr/include/x86_64-linux-gnu/bits/types.h:55:1: error: expected declaration specifiers before ‘__extension__’
 __extension__ typedef long long int __quad_t;
 ^
/usr/include/x86_64-linux-gnu/bits/types.h:56:1: error: expected declaration specifiers before ‘__extension__’
 __extension__ typedef unsigned long long int __u_quad_t;
 ^
/usr/include/x86_64-linux-gnu/bits/types.h:119:3: error: #error 
 # error
   ^
In file included from /usr/include/unistd.h:217:0,
                 from shared.h:6,
                 from shared.c:11:
/usr/include/x86_64-linux-gnu/bits/types.h:124:1: error: unknown type name ‘__STD_TYPE’
 __STD_TYPE __DEV_T_TYPE __dev_t; /* Type of device numbers.  */
 ^
/usr/include/x86_64-linux-gnu/bits/types.h:124:25: error: expected ‘=’, ‘,’, ‘;’, ‘asm’ or ‘__attribute__’ before ‘__dev_t’
 __STD_TYPE __DEV_T_TYPE __dev_t; /* Type of device numbers.  */
                         ^
/usr/include/x86_64-linux-gnu/bits/types.h:125:1: error: expected declaration specifiers before ‘__STD_TYPE’
 __STD_TYPE __UID_T_TYPE __uid_t; /* Type of user identifications.  */
 ^
/usr/include/x86_64-linux-gnu/bits/types.h:126:1: error: expected declaration specifiers before ‘__STD_TYPE’
 __STD_TYPE __GID_T_TYPE __gid_t; /* Type of group identifications.  */
 ^
/usr/include/x86_64-linux-gnu/bits/types.h:127:1: error: expected declaration specifiers before ‘__STD_TYPE’
 __STD_TYPE __INO_T_TYPE __ino_t; /* Type of file serial numbers.  */
 ^
/usr/include/x86_64-linux-gnu/bits/types.h:128:1: error: unknown type name ‘__STD_TYPE’
 __STD_TYPE __INO64_T_TYPE __ino64_t; /* Type of file serial numbers (LFS).*/
 ^
/usr/include/x86_64-linux-gnu/bits/types.h:128:27: error: expected ‘=’, ‘,’, ‘;’, ‘asm’ or ‘__attribute__’ before ‘__ino64_t’
 __STD_TYPE __INO64_T_TYPE __ino64_t; /* Type of file serial numbers (LFS).*/
                           ^
/usr/include/x86_64-linux-gnu/bits/types.h:129:1: error: expected declaration specifiers before ‘__STD_TYPE’
 __STD_TYPE __MODE_T_TYPE __mode_t; /* Type of file attribute bitmasks.  */
 ^
/usr/include/x86_64-linux-gnu/bits/types.h:130:1: error: expected declaration specifiers before ‘__STD_TYPE’
 __STD_TYPE __NLINK_T_TYPE __nlink_t; /* Type of file link counts.  */
 ^
/usr/include/x86_64-linux-gnu/bits/types.h:131:1: error: expected declaration specifiers before ‘__STD_TYPE’
 __STD_TYPE __OFF_T_TYPE __off_t; /* Type of file sizes and offsets.  */
 ^
/usr/include/x86_64-linux-gnu/bits/types.h:132:1: error: unknown type name ‘__STD_TYPE’
 __STD_TYPE __OFF64_T_TYPE __off64_t; /* Type of file sizes and offsets (LFS).  */
 ^
/usr/include/x86_64-linux-gnu/bits/types.h:132:27: error: expected ‘=’, ‘,’, ‘;’, ‘asm’ or ‘__attribute__’ before ‘__off64_t’
 __STD_TYPE __OFF64_T_TYPE __off64_t; /* Type of file sizes and offsets (LFS).  */
                           ^
/usr/include/x86_64-linux-gnu/bits/types.h:133:1: error: expected declaration specifiers before ‘__STD_TYPE’
 __STD_TYPE __PID_T_TYPE __pid_t; /* Type of process identifications.  */
 ^
/usr/include/x86_64-linux-gnu/bits/types.h:134:1: error: expected declaration specifiers before ‘__STD_TYPE’
 __STD_TYPE __FSID_T_TYPE __fsid_t; /* Type of file system IDs.  */
 ^
/usr/include/x86_64-linux-gnu/bits/types.h:134:26: error: expected declaration specifiers before ‘__fsid_t’
 __STD_TYPE __FSID_T_TYPE __fsid_t; /* Type of file system IDs.  */
                          ^
/usr/include/x86_64-linux-gnu/bits/types.h:135:1: error: expected declaration specifiers before ‘__STD_TYPE’
 __STD_TYPE __CLOCK_T_TYPE __clock_t; /* Type of CPU usage counts.  */
 ^
/usr/include/x86_64-linux-gnu/bits/types.h:136:1: error: expected declaration specifiers before ‘__STD_TYPE’
 __STD_TYPE __RLIM_T_TYPE __rlim_t; /* Type for resource measurement.  */
 ^
/usr/include/x86_64-linux-gnu/bits/types.h:137:1: error: unknown type name ‘__STD_TYPE’
 __STD_TYPE __RLIM64_T_TYPE __rlim64_t; /* Type for resource measurement (LFS).  */
 ^
/usr/include/x86_64-linux-gnu/bits/types.h:137:28: error: expected ‘=’, ‘,’, ‘;’, ‘asm’ or ‘__attribute__’ before ‘__rlim64_t’
 __STD_TYPE __RLIM64_T_TYPE __rlim64_t; /* Type for resource measurement (LFS).  */
                            ^
/usr/include/x86_64-linux-gnu/bits/types.h:138:1: error: expected declaration specifiers before ‘__STD_TYPE’
 __STD_TYPE __ID_T_TYPE __id_t;  /* General type for IDs.  */
 ^
/usr/include/x86_64-linux-gnu/bits/types.h:139:1: error: expected declaration specifiers before ‘__STD_TYPE’
 __STD_TYPE __TIME_T_TYPE __time_t; /* Seconds since the Epoch.  */
 ^
/usr/include/x86_64-linux-gnu/bits/types.h:140:1: error: expected declaration specifiers before ‘__STD_TYPE’
 __STD_TYPE __USECONDS_T_TYPE __useconds_t; /* Count of microseconds.  */
 ^
/usr/include/x86_64-linux-gnu/bits/types.h:141:1: error: expected declaration specifiers before ‘__STD_TYPE’
 __STD_TYPE __SUSECONDS_T_TYPE __suseconds_t; /* Signed count of microseconds.  */
 ^
/usr/include/x86_64-linux-gnu/bits/types.h:143:1: error: expected declaration specifiers before ‘__STD_TYPE’
 __STD_TYPE __DADDR_T_TYPE __daddr_t; /* The type of a disk address.  */
 ^
/usr/include/x86_64-linux-gnu/bits/types.h:144:1: error: expected declaration specifiers before ‘__STD_TYPE’
 __STD_TYPE __KEY_T_TYPE __key_t; /* Type of an IPC key.  */
 ^
/usr/include/x86_64-linux-gnu/bits/types.h:147:1: error: expected declaration specifiers before ‘__STD_TYPE’
 __STD_TYPE __CLOCKID_T_TYPE __clockid_t;
 ^
/usr/include/x86_64-linux-gnu/bits/types.h:150:1: error: expected declaration specifiers before ‘__STD_TYPE’
 __STD_TYPE __TIMER_T_TYPE __timer_t;
 ^
/usr/include/x86_64-linux-gnu/bits/types.h:153:1: error: expected declaration specifiers before ‘__STD_TYPE’
 __STD_TYPE __BLKSIZE_T_TYPE __blksize_t;
 ^
/usr/include/x86_64-linux-gnu/bits/types.h:158:1: error: expected declaration specifiers before ‘__STD_TYPE’
 __STD_TYPE __BLKCNT_T_TYPE __blkcnt_t;
 ^
/usr/include/x86_64-linux-gnu/bits/types.h:159:1: error: unknown type name ‘__STD_TYPE’
 __STD_TYPE __BLKCNT64_T_TYPE __blkcnt64_t;
 ^
/usr/include/x86_64-linux-gnu/bits/types.h:159:30: error: expected ‘=’, ‘,’, ‘;’, ‘asm’ or ‘__attribute__’ before ‘__blkcnt64_t’
 __STD_TYPE __BLKCNT64_T_TYPE __blkcnt64_t;
                              ^
/usr/include/x86_64-linux-gnu/bits/types.h:162:1: error: expected declaration specifiers before ‘__STD_TYPE’
 __STD_TYPE __FSBLKCNT_T_TYPE __fsblkcnt_t;
 ^
/usr/include/x86_64-linux-gnu/bits/types.h:163:1: error: unknown type name ‘__STD_TYPE’
 __STD_TYPE __FSBLKCNT64_T_TYPE __fsblkcnt64_t;
 ^
/usr/include/x86_64-linux-gnu/bits/types.h:163:32: error: expected ‘=’, ‘,’, ‘;’, ‘asm’ or ‘__attribute__’ before ‘__fsblkcnt64_t’
 __STD_TYPE __FSBLKCNT64_T_TYPE __fsblkcnt64_t;
                                ^
/usr/include/x86_64-linux-gnu/bits/types.h:166:1: error: expected declaration specifiers before ‘__STD_TYPE’
 __STD_TYPE __FSFILCNT_T_TYPE __fsfilcnt_t;
 ^
/usr/include/x86_64-linux-gnu/bits/types.h:167:1: error: unknown type name ‘__STD_TYPE’
 __STD_TYPE __FSFILCNT64_T_TYPE __fsfilcnt64_t;
 ^
/usr/include/x86_64-linux-gnu/bits/types.h:167:32: error: expected ‘=’, ‘,’, ‘;’, ‘asm’ or ‘__attribute__’ before ‘__fsfilcnt64_t’
 __STD_TYPE __FSFILCNT64_T_TYPE __fsfilcnt64_t;
                                ^
/usr/include/x86_64-linux-gnu/bits/types.h:170:1: error: expected declaration specifiers before ‘__STD_TYPE’
 __STD_TYPE __FSWORD_T_TYPE __fsword_t;
 ^
/usr/include/x86_64-linux-gnu/bits/types.h:172:1: error: unknown type name ‘__STD_TYPE’
 __STD_TYPE __SSIZE_T_TYPE __ssize_t; /* Type of a byte count, or error.  */
 ^
/usr/include/x86_64-linux-gnu/bits/types.h:172:27: error: expected ‘=’, ‘,’, ‘;’, ‘asm’ or ‘__attribute__’ before ‘__ssize_t’
 __STD_TYPE __SSIZE_T_TYPE __ssize_t; /* Type of a byte count, or error.  */
                           ^
/usr/include/x86_64-linux-gnu/bits/types.h:175:1: error: expected declaration specifiers before ‘__STD_TYPE’
 __STD_TYPE __SYSCALL_SLONG_TYPE __syscall_slong_t;
 ^
/usr/include/x86_64-linux-gnu/bits/types.h:177:1: error: expected declaration specifiers before ‘__STD_TYPE’
 __STD_TYPE __SYSCALL_ULONG_TYPE __syscall_ulong_t;
 ^
/usr/include/x86_64-linux-gnu/bits/types.h:181:1: error: unknown type name ‘__off64_t’
 typedef __off64_t __loff_t; /* Type of file sizes and offsets (LFS).  */
 ^
/usr/include/x86_64-linux-gnu/bits/types.h:181:19: error: storage class specified for parameter ‘__loff_t’
 typedef __off64_t __loff_t; /* Type of file sizes and offsets (LFS).  */
                   ^
/usr/include/x86_64-linux-gnu/bits/types.h:182:1: error: unknown type name ‘__quad_t’
 typedef __quad_t *__qaddr_t;
 ^
/usr/include/x86_64-linux-gnu/bits/types.h:182:19: error: storage class specified for parameter ‘__qaddr_t’
 typedef __quad_t *__qaddr_t;
                   ^
/usr/include/x86_64-linux-gnu/bits/types.h:183:15: error: storage class specified for parameter ‘__caddr_t’
 typedef char *__caddr_t;
               ^
/usr/include/x86_64-linux-gnu/bits/types.h:186:1: error: unknown type name ‘__STD_TYPE’
 __STD_TYPE __SWORD_TYPE __intptr_t;
 ^
/usr/include/x86_64-linux-gnu/bits/types.h:186:25: error: expected ‘=’, ‘,’, ‘;’, ‘asm’ or ‘__attribute__’ before ‘__intptr_t’
 __STD_TYPE __SWORD_TYPE __intptr_t;
                         ^
/usr/include/x86_64-linux-gnu/bits/types.h:189:1: error: expected declaration specifiers before ‘__STD_TYPE’
 __STD_TYPE __U32_TYPE __socklen_t;
 ^
In file included from shared.h:6:0,
                 from shared.c:11:
/usr/include/unistd.h:220:1: error: unknown type name ‘__ssize_t’
 typedef __ssize_t ssize_t;
 ^
/usr/include/unistd.h:220:19: error: storage class specified for parameter ‘ssize_t’
 typedef __ssize_t ssize_t;
                   ^
/usr/include/unistd.h:232:1: error: unknown type name ‘__gid_t’
 typedef __gid_t gid_t;
 ^
/usr/include/unistd.h:232:17: error: storage class specified for parameter ‘gid_t’
 typedef __gid_t gid_t;
                 ^
/usr/include/unistd.h:237:1: error: unknown type name ‘__uid_t’
 typedef __uid_t uid_t;
 ^
/usr/include/unistd.h:237:17: error: storage class specified for parameter ‘uid_t’
 typedef __uid_t uid_t;
                 ^
/usr/include/unistd.h:243:1: error: unknown type name ‘__off_t’
 typedef __off_t off_t;
 ^
/usr/include/unistd.h:243:17: error: storage class specified for parameter ‘off_t’
 typedef __off_t off_t;
                 ^
/usr/include/unistd.h:255:1: error: unknown type name ‘__useconds_t’
 typedef __useconds_t useconds_t;
 ^
/usr/include/unistd.h:255:22: error: storage class specified for parameter ‘useconds_t’
 typedef __useconds_t useconds_t;
                      ^
/usr/include/unistd.h:260:1: error: unknown type name ‘__pid_t’
 typedef __pid_t pid_t;
 ^
/usr/include/unistd.h:260:17: error: storage class specified for parameter ‘pid_t’
 typedef __pid_t pid_t;
                 ^
/usr/include/unistd.h:267:1: error: unknown type name ‘__intptr_t’
 typedef __intptr_t intptr_t;
 ^
/usr/include/unistd.h:267:20: error: storage class specified for parameter ‘intptr_t’
 typedef __intptr_t intptr_t;
                    ^
/usr/include/unistd.h:287:52: error: expected ‘=’, ‘,’, ‘;’, ‘asm’ or ‘__attribute__’ before ‘__THROW’
 extern int access (const char *__name, int __type) __THROW __nonnull ((1));
                                                    ^
/usr/include/unistd.h:305:6: error: expected ‘=’, ‘,’, ‘;’, ‘asm’ or ‘__attribute__’ before ‘__THROW’
      __THROW __nonnull ((2)) __wur;
      ^
/usr/include/unistd.h:334:1: error: unknown type name ‘__off_t’
 extern __off_t lseek (int __fd, __off_t __offset, int __whence) __THROW;
 ^
/usr/include/unistd.h:334:33: error: unknown type name ‘__off_t’
 extern __off_t lseek (int __fd, __off_t __offset, int __whence) __THROW;
                                 ^
/usr/include/unistd.h:353:12: error: storage class specified for parameter ‘close’
 extern int close (int __fd);
            ^
/usr/include/unistd.h:360:16: error: expected ‘=’, ‘,’, ‘;’, ‘asm’ or ‘__attribute__’ before ‘read’
 extern ssize_t read (int __fd, void *__buf, size_t __nbytes) __wur;
                ^
/usr/include/unistd.h:366:16: error: expected ‘=’, ‘,’, ‘;’, ‘asm’ or ‘__attribute__’ before ‘write’
 extern ssize_t write (int __fd, const void *__buf, size_t __n) __wur;
                ^
/usr/include/unistd.h:376:16: error: expected ‘=’, ‘,’, ‘;’, ‘asm’ or ‘__attribute__’ before ‘pread’
 extern ssize_t pread (int __fd, void *__buf, size_t __nbytes,
                ^
/usr/include/unistd.h:384:16: error: expected ‘=’, ‘,’, ‘;’, ‘asm’ or ‘__attribute__’ before ‘pwrite’
 extern ssize_t pwrite (int __fd, const void *__buf, size_t __n,
                ^
/usr/include/unistd.h:417:36: error: expected ‘=’, ‘,’, ‘;’, ‘asm’ or ‘__attribute__’ before ‘__THROW’
 extern int pipe (int __pipedes[2]) __THROW __wur;
                                    ^
/usr/include/unistd.h:432:52: error: expected ‘=’, ‘,’, ‘;’, ‘asm’ or ‘__attribute__’ before ‘__THROW’
 extern unsigned int alarm (unsigned int __seconds) __THROW;
                                                    ^
/usr/include/unistd.h:444:21: error: storage class specified for parameter ‘sleep’
 extern unsigned int sleep (unsigned int __seconds);
                     ^
/usr/include/unistd.h:452:1: error: unknown type name ‘__useconds_t’
 extern __useconds_t ualarm (__useconds_t __value, __useconds_t __interval)
 ^
/usr/include/unistd.h:452:29: error: unknown type name ‘__useconds_t’
 extern __useconds_t ualarm (__useconds_t __value, __useconds_t __interval)
                             ^
/usr/include/unistd.h:452:51: error: unknown type name ‘__useconds_t’
 extern __useconds_t ualarm (__useconds_t __value, __useconds_t __interval)
                                                   ^
/usr/include/unistd.h:460:20: error: unknown type name ‘__useconds_t’
 extern int usleep (__useconds_t __useconds);
                    ^
/usr/include/unistd.h:469:12: error: storage class specified for parameter ‘pause’
 extern int pause (void);
            ^
/usr/include/unistd.h:473:39: error: unknown type name ‘__uid_t’
 extern int chown (const char *__file, __uid_t __owner, __gid_t __group)
                                       ^
/usr/include/unistd.h:473:56: error: unknown type name ‘__gid_t’
 extern int chown (const char *__file, __uid_t __owner, __gid_t __group)
                                                        ^
/usr/include/unistd.h:478:30: error: unknown type name ‘__uid_t’
 extern int fchown (int __fd, __uid_t __owner, __gid_t __group) __THROW __wur;
                              ^
/usr/include/unistd.h:478:47: error: unknown type name ‘__gid_t’
 extern int fchown (int __fd, __uid_t __owner, __gid_t __group) __THROW __wur;
                                               ^
/usr/include/unistd.h:483:40: error: unknown type name ‘__uid_t’
 extern int lchown (const char *__file, __uid_t __owner, __gid_t __group)
                                        ^
/usr/include/unistd.h:483:57: error: unknown type name ‘__gid_t’
 extern int lchown (const char *__file, __uid_t __owner, __gid_t __group)
                                                         ^
/usr/include/unistd.h:491:52: error: unknown type name ‘__uid_t’
 extern int fchownat (int __fd, const char *__file, __uid_t __owner,
                                                    ^
/usr/include/unistd.h:492:8: error: unknown type name ‘__gid_t’
        __gid_t __group, int __flag)
        ^
/usr/include/unistd.h:497:39: error: expected ‘=’, ‘,’, ‘;’, ‘asm’ or ‘__attribute__’ before ‘__THROW’
 extern int chdir (const char *__path) __THROW __nonnull ((1)) __wur;
                                       ^
/usr/include/unistd.h:501:30: error: expected ‘=’, ‘,’, ‘;’, ‘asm’ or ‘__attribute__’ before ‘__THROW’
 extern int fchdir (int __fd) __THROW __wur;
                              ^
/usr/include/unistd.h:511:35: error: unknown type name ‘size_t’
 extern char *getcwd (char *__buf, size_t __size) __THROW __wur;
                                   ^
/usr/include/unistd.h:526:6: error: expected ‘=’, ‘,’, ‘;’, ‘asm’ or ‘__attribute__’ before ‘__THROW’
      __THROW __nonnull ((1)) __attribute_deprecated__ __wur;
      ^
/usr/include/unistd.h:531:27: error: expected ‘=’, ‘,’, ‘;’, ‘asm’ or ‘__attribute__’ before ‘__THROW’
 extern int dup (int __fd) __THROW __wur;
                           ^
/usr/include/unistd.h:534:39: error: expected ‘=’, ‘,’, ‘;’, ‘asm’ or ‘__attribute__’ before ‘__THROW’
 extern int dup2 (int __fd, int __fd2) __THROW;
                                       ^
/usr/include/unistd.h:543:15: error: storage class specified for parameter ‘__environ’
 extern char **__environ;
               ^
/usr/include/unistd.h:552:28: error: expected ‘=’, ‘,’, ‘;’, ‘asm’ or ‘__attribute__’ before ‘__THROW’
      char *const __envp[]) __THROW __nonnull ((1, 2));
                            ^
/usr/include/unistd.h:558:6: error: expected ‘=’, ‘,’, ‘;’, ‘asm’ or ‘__attribute__’ before ‘__THROW’
      __THROW __nonnull ((2));
      ^
/usr/include/unistd.h:564:6: error: expected ‘=’, ‘,’, ‘;’, ‘asm’ or ‘__attribute__’ before ‘__THROW’
      __THROW __nonnull ((1, 2));
      ^
/usr/include/unistd.h:569:6: error: expected ‘=’, ‘,’, ‘;’, ‘asm’ or ‘__attribute__’ before ‘__THROW’
      __THROW __nonnull ((1, 2));
      ^
/usr/include/unistd.h:574:6: error: expected ‘=’, ‘,’, ‘;’, ‘asm’ or ‘__attribute__’ before ‘__THROW’
      __THROW __nonnull ((1, 2));
      ^
/usr/include/unistd.h:579:6: error: expected ‘=’, ‘,’, ‘;’, ‘asm’ or ‘__attribute__’ before ‘__THROW’
      __THROW __nonnull ((1, 2));
      ^
/usr/include/unistd.h:585:6: error: expected ‘=’, ‘,’, ‘;’, ‘asm’ or ‘__attribute__’ before ‘__THROW’
      __THROW __nonnull ((1, 2));
      ^
/usr/include/unistd.h:598:29: error: expected ‘=’, ‘,’, ‘;’, ‘asm’ or ‘__attribute__’ before ‘__THROW’
 extern int nice (int __inc) __THROW __wur;
                             ^
/usr/include/unistd.h:603:13: error: storage class specified for parameter ‘_exit’
 extern void _exit (int __status) __attribute__ ((__noreturn__));
             ^
In file included from shared.h:6:0,
                 from shared.c:11:
/usr/include/unistd.h:613:6: error: expected ‘=’, ‘,’, ‘;’, ‘asm’ or ‘__attribute__’ before ‘__THROW’
      __THROW __nonnull ((1));
      ^
/usr/include/unistd.h:616:50: error: expected ‘=’, ‘,’, ‘;’, ‘asm’ or ‘__attribute__’ before ‘__THROW’
 extern long int fpathconf (int __fd, int __name) __THROW;
                                                  ^
/usr/include/unistd.h:619:38: error: expected ‘=’, ‘,’, ‘;’, ‘asm’ or ‘__attribute__’ before ‘__THROW’
 extern long int sysconf (int __name) __THROW;
                                      ^
/usr/include/unistd.h:623:1: error: unknown type name ‘size_t’
 extern size_t confstr (int __name, char *__buf, size_t __len) __THROW;
 ^
/usr/include/unistd.h:623:49: error: unknown type name ‘size_t’
 extern size_t confstr (int __name, char *__buf, size_t __len) __THROW;
                                                 ^
/usr/include/unistd.h:628:1: error: unknown type name ‘__pid_t’
 extern __pid_t getpid (void) __THROW;
 ^
/usr/include/unistd.h:628:30: error: expected ‘=’, ‘,’, ‘;’, ‘asm’ or ‘__attribute__’ before ‘__THROW’
 extern __pid_t getpid (void) __THROW;
                              ^
/usr/include/unistd.h:631:1: error: unknown type name ‘__pid_t’
 extern __pid_t getppid (void) __THROW;
 ^
/usr/include/unistd.h:631:31: error: expected ‘=’, ‘,’, ‘;’, ‘asm’ or ‘__attribute__’ before ‘__THROW’
 extern __pid_t getppid (void) __THROW;
                               ^
/usr/include/unistd.h:634:1: error: unknown type name ‘__pid_t’
 extern __pid_t getpgrp (void) __THROW;
 ^
/usr/include/unistd.h:634:31: error: expected ‘=’, ‘,’, ‘;’, ‘asm’ or ‘__attribute__’ before ‘__THROW’
 extern __pid_t getpgrp (void) __THROW;
                               ^
/usr/include/unistd.h:637:1: error: unknown type name ‘__pid_t’
 extern __pid_t __getpgid (__pid_t __pid) __THROW;
 ^
/usr/include/unistd.h:637:27: error: unknown type name ‘__pid_t’
 extern __pid_t __getpgid (__pid_t __pid) __THROW;
                           ^
/usr/include/unistd.h:639:1: error: unknown type name ‘__pid_t’
 extern __pid_t getpgid (__pid_t __pid) __THROW;
 ^
/usr/include/unistd.h:639:25: error: unknown type name ‘__pid_t’
 extern __pid_t getpgid (__pid_t __pid) __THROW;
                         ^
/usr/include/unistd.h:646:21: error: unknown type name ‘__pid_t’
 extern int setpgid (__pid_t __pid, __pid_t __pgid) __THROW;
                     ^
/usr/include/unistd.h:646:36: error: unknown type name ‘__pid_t’
 extern int setpgid (__pid_t __pid, __pid_t __pgid) __THROW;
                                    ^
/usr/include/unistd.h:660:27: error: expected ‘=’, ‘,’, ‘;’, ‘asm’ or ‘__attribute__’ before ‘__THROW’
 extern int setpgrp (void) __THROW;
                           ^
/usr/include/unistd.h:667:1: error: unknown type name ‘__pid_t’
 extern __pid_t setsid (void) __THROW;
 ^
/usr/include/unistd.h:667:30: error: expected ‘=’, ‘,’, ‘;’, ‘asm’ or ‘__attribute__’ before ‘__THROW’
 extern __pid_t setsid (void) __THROW;
                              ^
/usr/include/unistd.h:671:1: error: unknown type name ‘__pid_t’
 extern __pid_t getsid (__pid_t __pid) __THROW;
 ^
/usr/include/unistd.h:671:24: error: unknown type name ‘__pid_t’
 extern __pid_t getsid (__pid_t __pid) __THROW;
                        ^
/usr/include/unistd.h:675:1: error: unknown type name ‘__uid_t’
 extern __uid_t getuid (void) __THROW;
 ^
/usr/include/unistd.h:675:30: error: expected ‘=’, ‘,’, ‘;’, ‘asm’ or ‘__attribute__’ before ‘__THROW’
 extern __uid_t getuid (void) __THROW;
                              ^
/usr/include/unistd.h:678:1: error: unknown type name ‘__uid_t’
 extern __uid_t geteuid (void) __THROW;
 ^
/usr/include/unistd.h:678:31: error: expected ‘=’, ‘,’, ‘;’, ‘asm’ or ‘__attribute__’ before ‘__THROW’
 extern __uid_t geteuid (void) __THROW;
                               ^
/usr/include/unistd.h:681:1: error: unknown type name ‘__gid_t’
 extern __gid_t getgid (void) __THROW;
 ^
/usr/include/unistd.h:681:30: error: expected ‘=’, ‘,’, ‘;’, ‘asm’ or ‘__attribute__’ before ‘__THROW’
 extern __gid_t getgid (void) __THROW;
                              ^
/usr/include/unistd.h:684:1: error: unknown type name ‘__gid_t’
 extern __gid_t getegid (void) __THROW;
 ^
/usr/include/unistd.h:684:31: error: expected ‘=’, ‘,’, ‘;’, ‘asm’ or ‘__attribute__’ before ‘__THROW’
 extern __gid_t getegid (void) __THROW;
                               ^
/usr/include/unistd.h:689:35: error: unknown type name ‘__gid_t’
 extern int getgroups (int __size, __gid_t __list[]) __THROW __wur;
                                   ^
/usr/include/unistd.h:700:20: error: unknown type name ‘__uid_t’
 extern int setuid (__uid_t __uid) __THROW __wur;
                    ^
/usr/include/unistd.h:705:22: error: unknown type name ‘__uid_t’
 extern int setreuid (__uid_t __ruid, __uid_t __euid) __THROW __wur;
                      ^
/usr/include/unistd.h:705:38: error: unknown type name ‘__uid_t’
 extern int setreuid (__uid_t __ruid, __uid_t __euid) __THROW __wur;
                                      ^
/usr/include/unistd.h:710:21: error: unknown type name ‘__uid_t’
 extern int seteuid (__uid_t __uid) __THROW __wur;
                     ^
/usr/include/unistd.h:717:20: error: unknown type name ‘__gid_t’
 extern int setgid (__gid_t __gid) __THROW __wur;
                    ^
/usr/include/unistd.h:722:22: error: unknown type name ‘__gid_t’
 extern int setregid (__gid_t __rgid, __gid_t __egid) __THROW __wur;
                      ^
/usr/include/unistd.h:722:38: error: unknown type name ‘__gid_t’
 extern int setregid (__gid_t __rgid, __gid_t __egid) __THROW __wur;
                                      ^
/usr/include/unistd.h:727:21: error: unknown type name ‘__gid_t’
 extern int setegid (__gid_t __gid) __THROW __wur;
                     ^
/usr/include/unistd.h:756:1: error: unknown type name ‘__pid_t’
 extern __pid_t fork (void) __THROWNL;
 ^
/usr/include/unistd.h:756:28: error: expected ‘=’, ‘,’, ‘;’, ‘asm’ or ‘__attribute__’ before ‘__THROWNL’
 extern __pid_t fork (void) __THROWNL;
                            ^
/usr/include/unistd.h:764:1: error: unknown type name ‘__pid_t’
 extern __pid_t vfork (void) __THROW;
 ^
/usr/include/unistd.h:764:29: error: expected ‘=’, ‘,’, ‘;’, ‘asm’ or ‘__attribute__’ before ‘__THROW’
 extern __pid_t vfork (void) __THROW;
                             ^
/usr/include/unistd.h:770:33: error: expected ‘=’, ‘,’, ‘;’, ‘asm’ or ‘__attribute__’ before ‘__THROW’
 extern char *ttyname (int __fd) __THROW;
                                 ^
/usr/include/unistd.h:774:46: error: unknown type name ‘size_t’
 extern int ttyname_r (int __fd, char *__buf, size_t __buflen)
                                              ^
/usr/include/unistd.h:779:30: error: expected ‘=’, ‘,’, ‘;’, ‘asm’ or ‘__attribute__’ before ‘__THROW’
 extern int isatty (int __fd) __THROW;
                              ^
/usr/include/unistd.h:785:27: error: expected ‘=’, ‘,’, ‘;’, ‘asm’ or ‘__attribute__’ before ‘__THROW’
 extern int ttyslot (void) __THROW;
                           ^
/usr/include/unistd.h:791:6: error: expected ‘=’, ‘,’, ‘;’, ‘asm’ or ‘__attribute__’ before ‘__THROW’
      __THROW __nonnull ((1, 2)) __wur;
      ^
/usr/include/unistd.h:798:6: error: expected ‘=’, ‘,’, ‘;’, ‘asm’ or ‘__attribute__’ before ‘__THROW’
      __THROW __nonnull ((2, 4)) __wur;
      ^
/usr/include/unistd.h:804:6: error: expected ‘=’, ‘,’, ‘;’, ‘asm’ or ‘__attribute__’ before ‘__THROW’
      __THROW __nonnull ((1, 2)) __wur;
      ^
/usr/include/unistd.h:809:16: error: expected ‘=’, ‘,’, ‘;’, ‘asm’ or ‘__attribute__’ before ‘readlink’
 extern ssize_t readlink (const char *__restrict __path,
                ^
/usr/include/unistd.h:817:27: error: expected ‘=’, ‘,’, ‘;’, ‘asm’ or ‘__attribute__’ before ‘__THROW’
         const char *__to) __THROW __nonnull ((1, 3)) __wur;
                           ^
/usr/include/unistd.h:820:16: error: expected ‘=’, ‘,’, ‘;’, ‘asm’ or ‘__attribute__’ before ‘readlinkat’
 extern ssize_t readlinkat (int __fd, const char *__restrict __path,
                ^
/usr/include/unistd.h:826:40: error: expected ‘=’, ‘,’, ‘;’, ‘asm’ or ‘__attribute__’ before ‘__THROW’
 extern int unlink (const char *__name) __THROW __nonnull ((1));
                                        ^
/usr/include/unistd.h:831:6: error: expected ‘=’, ‘,’, ‘;’, ‘asm’ or ‘__attribute__’ before ‘__THROW’
      __THROW __nonnull ((2));
      ^
/usr/include/unistd.h:835:39: error: expected ‘=’, ‘,’, ‘;’, ‘asm’ or ‘__attribute__’ before ‘__THROW’
 extern int rmdir (const char *__path) __THROW __nonnull ((1));
                                       ^
/usr/include/unistd.h:839:1: error: unknown type name ‘__pid_t’
 extern __pid_t tcgetpgrp (int __fd) __THROW;
 ^
/usr/include/unistd.h:839:37: error: expected ‘=’, ‘,’, ‘;’, ‘asm’ or ‘__attribute__’ before ‘__THROW’
 extern __pid_t tcgetpgrp (int __fd) __THROW;
                                     ^
/usr/include/unistd.h:842:33: error: unknown type name ‘__pid_t’
 extern int tcsetpgrp (int __fd, __pid_t __pgrp_id) __THROW;
                                 ^
/usr/include/unistd.h:849:14: error: storage class specified for parameter ‘getlogin’
 extern char *getlogin (void);
              ^
/usr/include/unistd.h:857:38: error: unknown type name ‘size_t’
 extern int getlogin_r (char *__name, size_t __name_len) __nonnull ((1));
                                      ^
/usr/include/unistd.h:862:42: error: expected ‘=’, ‘,’, ‘;’, ‘asm’ or ‘__attribute__’ before ‘__THROW’
 extern int setlogin (const char *__name) __THROW __nonnull ((1));
                                          ^
In file included from /usr/include/unistd.h:871:0,
                 from shared.h:6,
                 from shared.c:11:
/usr/include/getopt.h:57:14: error: storage class specified for parameter ‘optarg’
 extern char *optarg;
              ^
/usr/include/getopt.h:71:12: error: storage class specified for parameter ‘optind’
 extern int optind;
            ^
/usr/include/getopt.h:76:12: error: storage class specified for parameter ‘opterr’
 extern int opterr;
            ^
/usr/include/getopt.h:80:12: error: storage class specified for parameter ‘optopt’
 extern int optopt;
            ^
/usr/include/getopt.h:150:12: error: storage class specified for parameter ‘getopt’
 extern int getopt (int ___argc, char *const *___argv, const char *__shortopts)
            ^
In file included from shared.h:6:0,
                 from shared.c:11:
/usr/include/unistd.h:879:39: error: unknown type name ‘size_t’
 extern int gethostname (char *__name, size_t __len) __THROW __nonnull ((1));
                                       ^
/usr/include/unistd.h:886:45: error: unknown type name ‘size_t’
 extern int sethostname (const char *__name, size_t __len)
                                             ^
/usr/include/unistd.h:891:46: error: expected ‘=’, ‘,’, ‘;’, ‘asm’ or ‘__attribute__’ before ‘__wur’
 extern int sethostid (long int __id) __THROW __wur;
                                              ^
/usr/include/unistd.h:897:41: error: unknown type name ‘size_t’
 extern int getdomainname (char *__name, size_t __len)
                                         ^
/usr/include/unistd.h:899:47: error: unknown type name ‘size_t’
 extern int setdomainname (const char *__name, size_t __len)
                                               ^
/usr/include/unistd.h:906:12: error: storage class specified for parameter ‘vhangup’
 extern int vhangup (void) __THROW;
            ^
/usr/include/unistd.h:909:48: error: expected ‘=’, ‘,’, ‘;’, ‘asm’ or ‘__attribute__’ before ‘__nonnull’
 extern int revoke (const char *__file) __THROW __nonnull ((1)) __wur;
                                                ^
/usr/include/unistd.h:917:57: error: unknown type name ‘size_t’
 extern int profil (unsigned short int *__sample_buffer, size_t __size,
                                                         ^
/usr/include/unistd.h:918:6: error: unknown type name ‘size_t’
      size_t __offset, unsigned int __scale)
      ^
/usr/include/unistd.h:925:12: error: storage class specified for parameter ‘acct’
 extern int acct (const char *__name) __THROW;
            ^
/usr/include/unistd.h:929:14: error: storage class specified for parameter ‘getusershell’
 extern char *getusershell (void) __THROW;
              ^
/usr/include/unistd.h:930:13: error: storage class specified for parameter ‘endusershell’
 extern void endusershell (void) __THROW; /* Discard cached info.  */
             ^
/usr/include/unistd.h:931:13: error: storage class specified for parameter ‘setusershell’
 extern void setusershell (void) __THROW; /* Rewind and re-read the file.  */
             ^
/usr/include/unistd.h:937:58: error: expected ‘=’, ‘,’, ‘;’, ‘asm’ or ‘__attribute__’ before ‘__wur’
 extern int daemon (int __nochdir, int __noclose) __THROW __wur;
                                                          ^
/usr/include/unistd.h:944:48: error: expected ‘=’, ‘,’, ‘;’, ‘asm’ or ‘__attribute__’ before ‘__nonnull’
 extern int chroot (const char *__path) __THROW __nonnull ((1)) __wur;
                                                ^
/usr/include/unistd.h:948:45: error: expected ‘=’, ‘,’, ‘;’, ‘asm’ or ‘__attribute__’ before ‘__nonnull’
 extern char *getpass (const char *__prompt) __nonnull ((1));
                                             ^
/usr/include/unistd.h:956:12: error: storage class specified for parameter ‘fsync’
 extern int fsync (int __fd);
            ^
/usr/include/unistd.h:969:17: error: storage class specified for parameter ‘gethostid’
 extern long int gethostid (void);
                 ^
/usr/include/unistd.h:972:13: error: storage class specified for parameter ‘sync’
 extern void sync (void) __THROW;
             ^
/usr/include/unistd.h:978:12: error: storage class specified for parameter ‘getpagesize’
 extern int getpagesize (void)  __THROW __attribute__ ((__const__));
            ^
/usr/include/unistd.h:983:12: error: storage class specified for parameter ‘getdtablesize’
 extern int getdtablesize (void) __THROW;
            ^
/usr/include/unistd.h:993:42: error: unknown type name ‘__off_t’
 extern int truncate (const char *__file, __off_t __length)
                                          ^
/usr/include/unistd.h:1016:33: error: unknown type name ‘__off_t’
 extern int ftruncate (int __fd, __off_t __length) __THROW __wur;
                                 ^
/usr/include/unistd.h:1037:39: error: expected ‘=’, ‘,’, ‘;’, ‘asm’ or ‘__attribute__’ before ‘__wur’
 extern int brk (void *__addr) __THROW __wur;
                                       ^
/usr/include/unistd.h:1043:20: error: expected declaration specifiers or ‘...’ before ‘intptr_t’
 extern void *sbrk (intptr_t __delta) __THROW;
                    ^
/usr/include/unistd.h:1058:17: error: storage class specified for parameter ‘syscall’
 extern long int syscall (long int __sysno, ...) __THROW;
                 ^
/usr/include/unistd.h:1081:40: error: unknown type name ‘__off_t’
 extern int lockf (int __fd, int __cmd, __off_t __len) __wur;
                                        ^
/usr/include/unistd.h:1112:12: error: storage class specified for parameter ‘fdatasync’
 extern int fdatasync (int __fildes);
            ^
In file included from shared.c:11:0:
shared.h:7:20: error: /usr/include/stdlib.h: Bad file descriptor
 #include <stdlib.h>
                    ^
shared.h:8:19: error: /usr/include/netdb.h: Bad file descriptor
 #include <netdb.h>
                   ^
In file included from shared.h:6:0,
                 from shared.c:11:
/usr/include/unistd.h:1151:1: error: unknown type name ‘__END_DECLS’
 __END_DECLS
 ^
In file included from shared.h:9:0,
                 from shared.c:11:
/usr/include/string.h:44:1: error: expected ‘=’, ‘,’, ‘;’, ‘asm’ or ‘__attribute__’ before ‘__BEGIN_NAMESPACE_STD’
 __BEGIN_NAMESPACE_STD
 ^
/usr/include/string.h:50:56: error: unknown type name ‘size_t’
 extern void *memmove (void *__dest, const void *__src, size_t __n)
                                                        ^
/usr/include/string.h:52:1: error: expected declaration specifiers before ‘__END_NAMESPACE_STD’
 __END_NAMESPACE_STD
 ^
/usr/include/string.h:64:1: error: expected declaration specifiers before ‘__BEGIN_NAMESPACE_STD’
 __BEGIN_NAMESPACE_STD
 ^
/usr/include/string.h:69:56: error: unknown type name ‘size_t’
 extern int memcmp (const void *__s1, const void *__s2, size_t __n)
                                                        ^
/usr/include/string.h:96:48: error: unknown type name ‘size_t’
 extern void *memchr (const void *__s, int __c, size_t __n)
                                                ^
/usr/include/string.h:99:1: error: unknown type name ‘__END_NAMESPACE_STD’
 __END_NAMESPACE_STD
 ^
/usr/include/string.h:129:1: error: expected ‘=’, ‘,’, ‘;’, ‘asm’ or ‘__attribute__’ before ‘extern’
 extern char *strcpy (char *__restrict __dest, const char *__restrict __src)
 ^
/usr/include/string.h:133:39: error: unknown type name ‘size_t’
         const char *__restrict __src, size_t __n)
                                       ^
/usr/include/string.h:138:14: error: expected ‘=’, ‘,’, ‘;’, ‘asm’ or ‘__attribute__’ before ‘__nonnull’
      __THROW __nonnull ((1, 2));
              ^
/usr/include/string.h:141:9: error: unknown type name ‘size_t’
         size_t __n) __THROW __nonnull ((1, 2));
         ^
/usr/include/string.h:145:14: error: expected ‘=’, ‘,’, ‘;’, ‘asm’ or ‘__attribute__’ before ‘__attribute_pure__’
      __THROW __attribute_pure__ __nonnull ((1, 2));
              ^
/usr/include/string.h:147:57: error: unknown type name ‘size_t’
 extern int strncmp (const char *__s1, const char *__s2, size_t __n)
                                                         ^
/usr/include/string.h:152:14: error: expected ‘=’, ‘,’, ‘;’, ‘asm’ or ‘__attribute__’ before ‘__attribute_pure__’
      __THROW __attribute_pure__ __nonnull ((1, 2));
              ^
/usr/include/string.h:154:1: error: unknown type name ‘size_t’
 extern size_t strxfrm (char *__restrict __dest,
 ^
/usr/include/string.h:155:40: error: unknown type name ‘size_t’
          const char *__restrict __src, size_t __n)
                                        ^
/usr/include/string.h:163:22: error: /usr/include/xlocale.h: Bad file descriptor
 # include <xlocale.h>
                      ^
/usr/include/string.h:157:1: error: expected declaration specifiers before ‘__END_NAMESPACE_STD’
 __END_NAMESPACE_STD
 ^
/usr/include/string.h:169:1: error: unknown type name ‘size_t’
 extern size_t strxfrm_l (char *__dest, const char *__src, size_t __n,
 ^
/usr/include/string.h:169:59: error: unknown type name ‘size_t’
 extern size_t strxfrm_l (char *__dest, const char *__src, size_t __n,
                                                           ^
/usr/include/string.h:170:5: error: unknown type name ‘__locale_t’
     __locale_t __l) __THROW __nonnull ((2, 4));
     ^
/usr/include/string.h:177:14: error: expected ‘=’, ‘,’, ‘;’, ‘asm’ or ‘__attribute__’ before ‘__attribute_malloc__’
      __THROW __attribute_malloc__ __nonnull ((1));
              ^
/usr/include/string.h:184:45: error: unknown type name ‘size_t’
 extern char *strndup (const char *__string, size_t __n)
                                             ^
/usr/include/string.h:211:1: error: expected declaration specifiers before ‘__BEGIN_NAMESPACE_STD’
 __BEGIN_NAMESPACE_STD
 ^
/usr/include/string.h:264:14: error: expected ‘=’, ‘,’, ‘;’, ‘asm’ or ‘__attribute__’ before ‘__attribute_pure__’
      __THROW __attribute_pure__ __nonnull ((1));
              ^
/usr/include/string.h:266:1: error: unknown type name ‘__END_NAMESPACE_STD’
 __END_NAMESPACE_STD
 ^
/usr/include/string.h:285:1: error: expected ‘=’, ‘,’, ‘;’, ‘asm’ or ‘__attribute__’ before ‘extern’
 extern size_t strcspn (const char *__s, const char *__reject)
 ^
/usr/include/string.h:289:1: error: unknown type name ‘size_t’
 extern size_t strspn (const char *__s, const char *__accept)
 ^
/usr/include/string.h:290:14: error: expected ‘=’, ‘,’, ‘;’, ‘asm’ or ‘__attribute__’ before ‘__attribute_pure__’
      __THROW __attribute_pure__ __nonnull ((1, 2));
              ^
/usr/include/string.h:316:14: error: expected ‘=’, ‘,’, ‘;’, ‘asm’ or ‘__attribute__’ before ‘__attribute_pure__’
      __THROW __attribute_pure__ __nonnull ((1, 2));
              ^
/usr/include/string.h:343:14: error: expected ‘=’, ‘,’, ‘;’, ‘asm’ or ‘__attribute__’ before ‘__attribute_pure__’
      __THROW __attribute_pure__ __nonnull ((1, 2));
              ^
/usr/include/string.h:349:14: error: expected ‘=’, ‘,’, ‘;’, ‘asm’ or ‘__attribute__’ before ‘__nonnull’
      __THROW __nonnull ((2));
              ^
/usr/include/string.h:350:1: error: expected declaration specifiers before ‘__END_NAMESPACE_STD’
 __END_NAMESPACE_STD
 ^
/usr/include/string.h:361:14: error: expected ‘=’, ‘,’, ‘;’, ‘asm’ or ‘__attribute__’ before ‘__nonnull’
      __THROW __nonnull ((2, 3));
              ^
/usr/include/string.h:397:1: error: expected declaration specifiers before ‘__BEGIN_NAMESPACE_STD’
 __BEGIN_NAMESPACE_STD
 ^
/usr/include/string.h:401:1: error: expected declaration specifiers before ‘__END_NAMESPACE_STD’
 __END_NAMESPACE_STD
 ^
/usr/include/string.h:411:1: error: expected declaration specifiers before ‘__BEGIN_NAMESPACE_STD’
 __BEGIN_NAMESPACE_STD
 ^
/usr/include/string.h:414:1: error: expected declaration specifiers before ‘__END_NAMESPACE_STD’
 __END_NAMESPACE_STD
 ^
/usr/include/string.h:445:40: error: unknown type name ‘__locale_t’
 extern char *strerror_l (int __errnum, __locale_t __l) __THROW;
                                        ^
/usr/include/string.h:451:33: error: unknown type name ‘size_t’
 extern void __bzero (void *__s, size_t __n) __THROW __nonnull ((1));
                                 ^
/usr/include/string.h:455:53: error: unknown type name ‘size_t’
 extern void bcopy (const void *__src, void *__dest, size_t __n)
                                                     ^
/usr/include/string.h:459:31: error: unknown type name ‘size_t’
 extern void bzero (void *__s, size_t __n) __THROW __nonnull ((1));
                               ^
/usr/include/string.h:462:54: error: unknown type name ‘size_t’
 extern int bcmp (const void *__s1, const void *__s2, size_t __n)
                                                      ^
/usr/include/string.h:490:14: error: expected ‘=’, ‘,’, ‘;’, ‘asm’ or ‘__attribute__’ before ‘__attribute_pure__’
      __THROW __attribute_pure__ __nonnull ((1));
              ^
/usr/include/string.h:518:14: error: expected ‘=’, ‘,’, ‘;’, ‘asm’ or ‘__attribute__’ before ‘__attribute_pure__’
      __THROW __attribute_pure__ __nonnull ((1));
              ^
/usr/include/string.h:523:12: error: storage class specified for parameter ‘ffs’
 extern int ffs (int __i) __THROW __attribute__ ((__const__));
            ^
/usr/include/string.h:535:14: error: expected ‘=’, ‘,’, ‘;’, ‘asm’ or ‘__attribute__’ before ‘__attribute_pure__’
      __THROW __attribute_pure__ __nonnull ((1, 2));
              ^
/usr/include/string.h:538:61: error: unknown type name ‘size_t’
 extern int strncasecmp (const char *__s1, const char *__s2, size_t __n)
                                                             ^
/usr/include/string.h:559:14: error: expected ‘=’, ‘,’, ‘;’, ‘asm’ or ‘__attribute__’ before ‘__nonnull’
      __THROW __nonnull ((1, 2));
              ^
/usr/include/string.h:564:14: error: storage class specified for parameter ‘strsignal’
 extern char *strsignal (int __sig) __THROW;
              ^
/usr/include/string.h:568:14: error: expected ‘=’, ‘,’, ‘;’, ‘asm’ or ‘__attribute__’ before ‘__nonnull’
      __THROW __nonnull ((1, 2));
              ^
/usr/include/string.h:570:14: error: expected ‘=’, ‘,’, ‘;’, ‘asm’ or ‘__attribute__’ before ‘__nonnull’
      __THROW __nonnull ((1, 2));
              ^
/usr/include/string.h:575:34: error: unknown type name ‘size_t’
    const char *__restrict __src, size_t __n)
                                  ^
/usr/include/string.h:578:39: error: unknown type name ‘size_t’
         const char *__restrict __src, size_t __n)
                                       ^
In file included from shared.c:11:0:
shared.h:10:20: error: /usr/include/x86_64-linux-gnu/sys/un.h: Bad file descriptor
 #include <sys/un.h>
                    ^
shared.h:12:18: error: /usr/include/time.h: Bad file descriptor
 #include <time.h>
                  ^
In file included from shared.h:9:0,
                 from shared.c:11:
/usr/include/string.h:644:1: error: unknown type name ‘__END_DECLS’
 __END_DECLS
 ^
In file included from shared.h:13:0,
                 from shared.c:11:
/usr/include/arpa/inet.h:34:1: error: expected ‘=’, ‘,’, ‘;’, ‘asm’ or ‘__attribute__’ before ‘extern’
 extern in_addr_t inet_addr (const char *__cp) __THROW;
 ^
/usr/include/arpa/inet.h:37:1: error: unknown type name ‘in_addr_t’
 extern in_addr_t inet_lnaof (struct in_addr __in) __THROW;
 ^
/usr/include/arpa/inet.h:37:18: error: storage class specified for parameter ‘inet_lnaof’
 extern in_addr_t inet_lnaof (struct in_addr __in) __THROW;
                  ^
/usr/include/arpa/inet.h:41:38: error: unknown type name ‘in_addr_t’
 extern struct in_addr inet_makeaddr (in_addr_t __net, in_addr_t __host)
                                      ^
/usr/include/arpa/inet.h:41:55: error: unknown type name ‘in_addr_t’
 extern struct in_addr inet_makeaddr (in_addr_t __net, in_addr_t __host)
                                                       ^
/usr/include/arpa/inet.h:45:1: error: unknown type name ‘in_addr_t’
 extern in_addr_t inet_netof (struct in_addr __in) __THROW;
 ^
/usr/include/arpa/inet.h:45:18: error: storage class specified for parameter ‘inet_netof’
 extern in_addr_t inet_netof (struct in_addr __in) __THROW;
                  ^
/usr/include/arpa/inet.h:49:1: error: unknown type name ‘in_addr_t’
 extern in_addr_t inet_network (const char *__cp) __THROW;
 ^
/usr/include/arpa/inet.h:49:18: error: storage class specified for parameter ‘inet_network’
 extern in_addr_t inet_network (const char *__cp) __THROW;
                  ^
/usr/include/arpa/inet.h:53:14: error: storage class specified for parameter ‘inet_ntoa’
 extern char *inet_ntoa (struct in_addr __in) __THROW;
              ^
/usr/include/arpa/inet.h:58:12: error: storage class specified for parameter ‘inet_pton’
 extern int inet_pton (int __af, const char *__restrict __cp,
            ^
/usr/include/arpa/inet.h:64:20: error: storage class specified for parameter ‘inet_ntop’
 extern const char *inet_ntop (int __af, const void *__restrict __cp,
                    ^
/usr/include/arpa/inet.h:73:12: error: storage class specified for parameter ‘inet_aton’
 extern int inet_aton (const char *__cp, struct in_addr *__inp) __THROW;
            ^
/usr/include/arpa/inet.h:77:25: error: unknown type name ‘in_addr_t’
 extern char *inet_neta (in_addr_t __net, char *__buf, size_t __len) __THROW;
                         ^
/usr/include/arpa/inet.h:77:55: error: unknown type name ‘size_t’
 extern char *inet_neta (in_addr_t __net, char *__buf, size_t __len) __THROW;
                                                       ^
/usr/include/arpa/inet.h:83:21: error: unknown type name ‘size_t’
        char *__buf, size_t __len) __THROW;
                     ^
/usr/include/arpa/inet.h:89:19: error: unknown type name ‘size_t’
      void *__buf, size_t __len) __THROW;
                   ^
/usr/include/arpa/inet.h:94:21: error: storage class specified for parameter ‘inet_nsap_addr’
 extern unsigned int inet_nsap_addr (const char *__cp,
                     ^
/usr/include/arpa/inet.h:99:14: error: storage class specified for parameter ‘inet_nsap_ntoa’
 extern char *inet_nsap_ntoa (int __len, const unsigned char *__cp,
              ^
In file included from /usr/lib/gcc/x86_64-linux-gnu/4.8/include/stdint.h:9:0,
                 from shared.h:14,
                 from shared.c:11:
/usr/include/stdint.h:26:24: error: /usr/include/x86_64-linux-gnu/bits/wchar.h: Bad file descriptor
 #include <bits/wchar.h>
                        ^
In file included from shared.h:13:0,
                 from shared.c:11:
/usr/include/arpa/inet.h:103:1: error: expected declaration specifiers before ‘__END_DECLS’
 __END_DECLS
 ^
In file included from /usr/lib/gcc/x86_64-linux-gnu/4.8/include/stdint.h:9:0,
                 from shared.h:14,
                 from shared.c:11:
/usr/include/stdint.h:37:20: error: storage class specified for parameter ‘int16_t’
 typedef short int  int16_t;
                    ^
/usr/include/stdint.h:38:15: error: storage class specified for parameter ‘int32_t’
 typedef int   int32_t;
               ^
/usr/include/stdint.h:42:1: error: expected declaration specifiers before ‘__extension__’
 __extension__
 ^
/usr/include/stdint.h:48:24: error: storage class specified for parameter ‘uint8_t’
 typedef unsigned char  uint8_t;
                        ^
/usr/include/stdint.h:49:28: error: storage class specified for parameter ‘uint16_t’
 typedef unsigned short int uint16_t;
                            ^
/usr/include/stdint.h:51:23: error: storage class specified for parameter ‘uint32_t’
 typedef unsigned int  uint32_t;
                       ^
/usr/include/stdint.h:57:1: error: expected declaration specifiers before ‘__extension__’
 __extension__
 ^
/usr/include/stdint.h:65:22: error: storage class specified for parameter ‘int_least8_t’
 typedef signed char  int_least8_t;
                      ^
/usr/include/stdint.h:66:20: error: storage class specified for parameter ‘int_least16_t’
 typedef short int  int_least16_t;
                    ^
/usr/include/stdint.h:67:15: error: storage class specified for parameter ‘int_least32_t’
 typedef int   int_least32_t;
               ^
/usr/include/stdint.h:71:1: error: expected declaration specifiers before ‘__extension__’
 __extension__
 ^
/usr/include/stdint.h:76:24: error: storage class specified for parameter ‘uint_least8_t’
 typedef unsigned char  uint_least8_t;
                        ^
/usr/include/stdint.h:77:28: error: storage class specified for parameter ‘uint_least16_t’
 typedef unsigned short int uint_least16_t;
                            ^
/usr/include/stdint.h:78:23: error: storage class specified for parameter ‘uint_least32_t’
 typedef unsigned int  uint_least32_t;
                       ^
/usr/include/stdint.h:82:1: error: expected declaration specifiers before ‘__extension__’
 __extension__
 ^
/usr/include/stdint.h:90:22: error: storage class specified for parameter ‘int_fast8_t’
 typedef signed char  int_fast8_t;
                      ^
/usr/include/stdint.h:96:15: error: storage class specified for parameter ‘int_fast16_t’
 typedef int   int_fast16_t;
               ^
/usr/include/stdint.h:97:15: error: storage class specified for parameter ‘int_fast32_t’
 typedef int   int_fast32_t;
               ^
/usr/include/stdint.h:98:1: error: expected declaration specifiers before ‘__extension__’
 __extension__
 ^
/usr/include/stdint.h:103:24: error: storage class specified for parameter ‘uint_fast8_t’
 typedef unsigned char  uint_fast8_t;
                        ^
/usr/include/stdint.h:109:23: error: storage class specified for parameter ‘uint_fast16_t’
 typedef unsigned int  uint_fast16_t;
                       ^
/usr/include/stdint.h:110:23: error: storage class specified for parameter ‘uint_fast32_t’
 typedef unsigned int  uint_fast32_t;
                       ^
/usr/include/stdint.h:111:1: error: expected declaration specifiers before ‘__extension__’
 __extension__
 ^
/usr/include/stdint.h:128:23: error: storage class specified for parameter ‘uintptr_t’
 typedef unsigned int  uintptr_t;
                       ^
/usr/include/stdint.h:137:1: error: expected declaration specifiers before ‘__extension__’
 __extension__
 ^
/usr/include/stdint.h:139:1: error: expected declaration specifiers before ‘__extension__’
 __extension__
 ^
In file included from shared.h:15:0,
                 from shared.c:11:
/usr/include/x86_64-linux-gnu/sys/time.h:27:23: error: /usr/include/x86_64-linux-gnu/bits/time.h: Bad file descriptor
 #include <bits/time.h>
                       ^
/usr/include/x86_64-linux-gnu/sys/time.h:29:24: error: /usr/include/x86_64-linux-gnu/sys/select.h: Bad file descriptor
 #include <sys/select.h>
                        ^
/usr/include/x86_64-linux-gnu/sys/time.h:32:1: error: unknown type name ‘__suseconds_t’
 typedef __suseconds_t suseconds_t;
 ^
/usr/include/x86_64-linux-gnu/sys/time.h:32:23: error: storage class specified for parameter ‘suseconds_t’
 typedef __suseconds_t suseconds_t;
                       ^
/usr/include/x86_64-linux-gnu/sys/time.h:37:1: error: expected declaration specifiers before ‘__BEGIN_DECLS’
 __BEGIN_DECLS
 ^
/usr/include/x86_64-linux-gnu/sys/time.h:59:4: error: expected declaration specifiers before ‘;’ token
   };
    ^
/usr/include/x86_64-linux-gnu/sys/time.h:61:37: error: storage class specified for parameter ‘__timezone_ptr_t’
 typedef struct timezone *__restrict __timezone_ptr_t;
                                     ^
/usr/include/x86_64-linux-gnu/sys/time.h:72:5: error: expected declaration specifiers or ‘...’ before ‘__timezone_ptr_t’
     __timezone_ptr_t __tz) __THROW __nonnull ((1));
     ^
/usr/include/x86_64-linux-gnu/sys/time.h:77:12: error: storage class specified for parameter ‘settimeofday’
 extern int settimeofday (const struct timeval *__tv,
            ^
/usr/include/x86_64-linux-gnu/sys/time.h:85:12: error: storage class specified for parameter ‘adjtime’
 extern int adjtime (const struct timeval *__delta,
            ^
/usr/include/x86_64-linux-gnu/sys/time.h:110:20: error: field ‘it_interval’ has incomplete type
     struct timeval it_interval;
                    ^
/usr/include/x86_64-linux-gnu/sys/time.h:112:20: error: field ‘it_value’ has incomplete type
     struct timeval it_value;
                    ^
/usr/include/x86_64-linux-gnu/sys/time.h:120:13: error: storage class specified for parameter ‘__itimer_which_t’
 typedef int __itimer_which_t;
             ^
/usr/include/x86_64-linux-gnu/sys/time.h:125:23: error: expected declaration specifiers or ‘...’ before ‘__itimer_which_t’
 extern int getitimer (__itimer_which_t __which,
                       ^
/usr/include/x86_64-linux-gnu/sys/time.h:131:23: error: expected declaration specifiers or ‘...’ before ‘__itimer_which_t’
 extern int setitimer (__itimer_which_t __which,
                       ^
/usr/include/x86_64-linux-gnu/sys/time.h:138:61: error: array type has incomplete element type
 extern int utimes (const char *__file, const struct timeval __tvp[2])
                                                             ^
/usr/include/x86_64-linux-gnu/sys/time.h:139:14: error: expected ‘=’, ‘,’, ‘;’, ‘asm’ or ‘__attribute__’ before ‘__nonnull’
      __THROW __nonnull ((1));
              ^
/usr/include/x86_64-linux-gnu/sys/time.h:143:62: error: array type has incomplete element type
 extern int lutimes (const char *__file, const struct timeval __tvp[2])
                                                              ^
/usr/include/x86_64-linux-gnu/sys/time.h:144:14: error: expected ‘=’, ‘,’, ‘;’, ‘asm’ or ‘__attribute__’ before ‘__nonnull’
      __THROW __nonnull ((1));
              ^
/usr/include/x86_64-linux-gnu/sys/time.h:147:52: error: array type has incomplete element type
 extern int futimes (int __fd, const struct timeval __tvp[2]) __THROW;
                                                    ^
/usr/include/x86_64-linux-gnu/sys/time.h:147:12: error: storage class specified for parameter ‘futimes’
 extern int futimes (int __fd, const struct timeval __tvp[2]) __THROW;
            ^
/usr/include/x86_64-linux-gnu/sys/time.h:189:1: error: expected declaration specifiers before ‘__END_DECLS’
 __END_DECLS
 ^
In file included from shared.c:11:0:
shared.h:28:1: error: expected declaration specifiers before ‘uint32_t’
 uint32_t get_seq_number(void *packet);
 ^
shared.h:32:1: error: expected declaration specifiers before ‘uint32_t’
 uint32_t convert_endian(uint32_t t);
 ^
shared.c:13:1: error: parameter ‘MAX_SEC’ is initialized
 const double MAX_SEC = 5.0;
 ^
shared.c:14:1: error: parameter ‘HEADER_BYTES’ is initialized
 const int HEADER_BYTES = 9;
 ^
shared.c:21:48: error: expected ‘=’, ‘,’, ‘;’, ‘asm’ or ‘__attribute__’ before ‘{’ token
 void print4bytes(char *str, int payload_length){
                                                ^
shared.c:39:44: error: expected ‘=’, ‘,’, ‘;’, ‘asm’ or ‘__attribute__’ before ‘{’ token
 void set_pkt_type(char *ptr,char pkt_type) {
                                            ^
shared.c:47:33: error: expected ‘=’, ‘,’, ‘;’, ‘asm’ or ‘__attribute__’ before ‘{’ token
 int is_echo_valid(int echo_val) {
                                 ^
shared.c:54:33: error: expected ‘=’, ‘,’, ‘;’, ‘asm’ or ‘__attribute__’ before ‘{’ token
 int is_port_valid(int port_num) {
                                 ^
shared.c:61:1: error: expected declaration specifiers before ‘uint32_t’
 uint32_t convert_endian(uint32_t t) {
 ^
shared.c:76:1: error: expected declaration specifiers before ‘uint32_t’
 uint32_t get_seq_number(void *packet) {
 ^
shared.c:86:20: error: expected ‘=’, ‘,’, ‘;’, ‘asm’ or ‘__attribute__’ before ‘{’ token
 int check_endian() {
                    ^
In file included from /usr/include/x86_64-linux-gnu/sys/socket.h:38:0,
                 from shared.h:1,
                 from shared.c:11:
/usr/include/x86_64-linux-gnu/bits/socket.h:272:24: error: old-style parameter declarations in prototyped function definition
 extern struct cmsghdr *__cmsg_nxthdr (struct msghdr *__mhdr,
                        ^
shared.c:89:1: error: expected ‘{’ at end of input
 }
 ^
make: *** [shared.o] Error 1
--------------------------------------------------------------------------------------------
